[2023-03-16T18:59:17.050Z] Log level: Info
[2023-03-16T18:59:17.062Z] [info] Validating found git in: git
[2023-03-16T18:59:17.123Z] [info] Using git 1.8.3.1 from git
[2023-03-16T18:59:17.162Z] > git rev-parse --show-toplevel [8ms]
[2023-03-16T18:59:17.182Z] > git rev-parse --git-dir --git-common-dir [2ms]
[2023-03-16T18:59:17.196Z] [info] Open repository: /home/mmihovilovic
[2023-03-16T18:59:17.272Z] > git status -z -uall [59ms]
[2023-03-16T18:59:17.285Z] > git symbolic-ref --short HEAD [2ms]
[2023-03-16T18:59:17.308Z] > git for-each-ref --format=%(refname)%00%(upstream:short)%00%(objectname) refs/heads/main refs/remotes/main [11ms]
[2023-03-16T18:59:17.323Z] > git rev-list --left-right --count main...origin/main [4ms]
[2023-03-16T18:59:17.349Z] > git remote --verbose [4ms]
[2023-03-16T18:59:17.350Z] > git for-each-ref --sort -committerdate --format %(refname) %(objectname) %(*objectname) [15ms]
[2023-03-16T18:59:18.074Z] > git config --get commit.template [588ms]
[2023-03-16T18:59:18.118Z] > git check-ignore -v -z --stdin [6ms]
[2023-03-16T18:59:18.146Z] > git status -z -uall [52ms]
[2023-03-16T18:59:18.163Z] > git symbolic-ref --short HEAD [2ms]
[2023-03-16T18:59:18.179Z] > git for-each-ref --format=%(refname)%00%(upstream:short)%00%(objectname) refs/heads/main refs/remotes/main [3ms]
[2023-03-16T18:59:18.194Z] > git rev-list --left-right --count main...origin/main [2ms]
[2023-03-16T18:59:18.221Z] > git for-each-ref --sort -committerdate --format %(refname) %(objectname) %(*objectname) [14ms]
[2023-03-16T18:59:18.222Z] > git remote --verbose [3ms]
[2023-03-16T18:59:18.324Z] > git config --get commit.template [2ms]
[2023-03-16T18:59:19.016Z] > git check-ignore -v -z --stdin [5ms]
[2023-03-16T18:59:20.232Z] > git show --textconv :ispit/z1/zad1.pdf [17ms]
[2023-03-16T18:59:20.234Z] > git ls-files --stage -- /home/mmihovilovic/ispit/z1/zad1.pdf [4ms]
[2023-03-16T18:59:20.250Z] > git cat-file -s ad2b25e9064eb314562b1f9749a6ba4087ddb698 [2ms]
[2023-03-16T18:59:21.401Z] > git status -z -uall [52ms]
[2023-03-16T18:59:21.419Z] > git symbolic-ref --short HEAD [2ms]
[2023-03-16T18:59:21.436Z] > git for-each-ref --format=%(refname)%00%(upstream:short)%00%(objectname) refs/heads/main refs/remotes/main [2ms]
[2023-03-16T18:59:21.453Z] > git rev-list --left-right --count main...origin/main [4ms]
[2023-03-16T18:59:21.483Z] > git for-each-ref --sort -committerdate --format %(refname) %(objectname) %(*objectname) [16ms]
[2023-03-16T18:59:21.484Z] > git remote --verbose [4ms]
[2023-03-16T18:59:21.567Z] > git config --get commit.template [2ms]
[2023-03-16T18:59:26.634Z] > git status -z -uall [50ms]
[2023-03-16T18:59:26.651Z] > git symbolic-ref --short HEAD [2ms]
[2023-03-16T18:59:26.668Z] > git for-each-ref --format=%(refname)%00%(upstream:short)%00%(objectname) refs/heads/main refs/remotes/main [2ms]
[2023-03-16T18:59:26.685Z] > git rev-list --left-right --count main...origin/main [2ms]
[2023-03-16T18:59:26.716Z] > git for-each-ref --sort -committerdate --format %(refname) %(objectname) %(*objectname) [16ms]
[2023-03-16T18:59:26.717Z] > git remote --verbose [3ms]
[2023-03-16T18:59:26.800Z] > git config --get commit.template [3ms]
[2023-03-16T18:59:31.868Z] > git status -z -uall [50ms]
[2023-03-16T18:59:31.886Z] > git symbolic-ref --short HEAD [2ms]
[2023-03-16T18:59:31.904Z] > git for-each-ref --format=%(refname)%00%(upstream:short)%00%(objectname) refs/heads/main refs/remotes/main [2ms]
[2023-03-16T18:59:31.922Z] > git rev-list --left-right --count main...origin/main [2ms]
[2023-03-16T18:59:31.958Z] > git for-each-ref --sort -committerdate --format %(refname) %(objectname) %(*objectname) [20ms]
[2023-03-16T18:59:31.959Z] > git remote --verbose [2ms]
[2023-03-16T18:59:32.040Z] > git config --get commit.template [2ms]
[2023-03-16T18:59:37.107Z] > git status -z -uall [49ms]
[2023-03-16T18:59:37.126Z] > git symbolic-ref --short HEAD [2ms]
[2023-03-16T18:59:37.145Z] > git for-each-ref --format=%(refname)%00%(upstream:short)%00%(objectname) refs/heads/main refs/remotes/main [3ms]
[2023-03-16T18:59:37.164Z] > git rev-list --left-right --count main...origin/main [3ms]
[2023-03-16T18:59:37.199Z] > git for-each-ref --sort -committerdate --format %(refname) %(objectname) %(*objectname) [19ms]
[2023-03-16T18:59:37.200Z] > git remote --verbose [2ms]
[2023-03-16T18:59:37.272Z] > git config --get commit.template [2ms]
[2023-03-16T18:59:42.341Z] > git status -z -uall [49ms]
[2023-03-16T18:59:42.361Z] > git symbolic-ref --short HEAD [2ms]
[2023-03-16T18:59:42.381Z] > git for-each-ref --format=%(refname)%00%(upstream:short)%00%(objectname) refs/heads/main refs/remotes/main [2ms]
[2023-03-16T18:59:42.401Z] > git rev-list --left-right --count main...origin/main [2ms]
[2023-03-16T18:59:42.439Z] > git for-each-ref --sort -committerdate --format %(refname) %(objectname) %(*objectname) [19ms]
[2023-03-16T18:59:42.440Z] > git remote --verbose [2ms]
[2023-03-16T18:59:42.515Z] > git config --get commit.template [2ms]
[2023-03-16T18:59:47.584Z] > git status -z -uall [49ms]
[2023-03-16T18:59:47.605Z] > git symbolic-ref --short HEAD [2ms]
[2023-03-16T18:59:47.626Z] > git for-each-ref --format=%(refname)%00%(upstream:short)%00%(objectname) refs/heads/main refs/remotes/main [2ms]
[2023-03-16T18:59:47.647Z] > git rev-list --left-right --count main...origin/main [2ms]
[2023-03-16T18:59:47.685Z] > git for-each-ref --sort -committerdate --format %(refname) %(objectname) %(*objectname) [19ms]
[2023-03-16T18:59:47.686Z] > git remote --verbose [2ms]
[2023-03-16T18:59:47.757Z] > git config --get commit.template [3ms]
[2023-03-16T18:59:52.838Z] > git status -z -uall [62ms]
[2023-03-16T18:59:52.858Z] > git symbolic-ref --short HEAD [2ms]
[2023-03-16T18:59:52.878Z] > git for-each-ref --format=%(refname)%00%(upstream:short)%00%(objectname) refs/heads/main refs/remotes/main [3ms]
[2023-03-16T18:59:52.899Z] > git rev-list --left-right --count main...origin/main [4ms]
[2023-03-16T18:59:52.937Z] > git for-each-ref --sort -committerdate --format %(refname) %(objectname) %(*objectname) [19ms]
[2023-03-16T18:59:52.938Z] > git remote --verbose [3ms]
[2023-03-16T18:59:53.027Z] > git config --get commit.template [3ms]
[2023-03-16T18:59:56.087Z] > git show --textconv :ispit/z1/zad1.pdf [16ms]
[2023-03-16T18:59:56.089Z] > git ls-files --stage -- /home/mmihovilovic/ispit/z1/zad1.pdf [3ms]
[2023-03-16T18:59:56.105Z] > git cat-file -s ad2b25e9064eb314562b1f9749a6ba4087ddb698 [2ms]
[2023-03-16T18:59:58.103Z] > git status -z -uall [59ms]
[2023-03-16T18:59:58.119Z] > git symbolic-ref --short HEAD [1ms]
[2023-03-16T18:59:58.136Z] > git for-each-ref --format=%(refname)%00%(upstream:short)%00%(objectname) refs/heads/main refs/remotes/main [2ms]
[2023-03-16T18:59:58.153Z] > git rev-list --left-right --count main...origin/main [3ms]
[2023-03-16T18:59:58.182Z] > git for-each-ref --sort -committerdate --format %(refname) %(objectname) %(*objectname) [15ms]
[2023-03-16T18:59:58.183Z] > git remote --verbose [3ms]
[2023-03-16T18:59:58.272Z] > git config --get commit.template [2ms]
[2023-03-16T19:00:03.355Z] > git status -z -uall [64ms]
[2023-03-16T19:00:03.375Z] > git symbolic-ref --short HEAD [2ms]
[2023-03-16T19:00:03.409Z] > git for-each-ref --format=%(refname)%00%(upstream:short)%00%(objectname) refs/heads/main refs/remotes/main [16ms]
[2023-03-16T19:00:03.426Z] > git rev-list --left-right --count main...origin/main [3ms]
[2023-03-16T19:00:03.458Z] > git for-each-ref --sort -committerdate --format %(refname) %(objectname) %(*objectname) [18ms]
[2023-03-16T19:00:03.459Z] > git remote --verbose [3ms]
[2023-03-16T19:00:03.548Z] > git config --get commit.template [2ms]
[2023-03-16T19:00:05.608Z] > git show --textconv :ispit/z1/zad1.pdf [14ms]
[2023-03-16T19:00:05.610Z] > git ls-files --stage -- /home/mmihovilovic/ispit/z1/zad1.pdf [3ms]
[2023-03-16T19:00:05.626Z] > git cat-file -s ad2b25e9064eb314562b1f9749a6ba4087ddb698 [2ms]
[2023-03-16T19:00:09.336Z] > git status -z -uall [57ms]
[2023-03-16T19:00:09.352Z] > git symbolic-ref --short HEAD [1ms]
[2023-03-16T19:00:09.369Z] > git for-each-ref --format=%(refname)%00%(upstream:short)%00%(objectname) refs/heads/main refs/remotes/main [3ms]
[2023-03-16T19:00:09.385Z] > git rev-list --left-right --count main...origin/main [2ms]
[2023-03-16T19:00:09.416Z] > git for-each-ref --sort -committerdate --format %(refname) %(objectname) %(*objectname) [17ms]
[2023-03-16T19:00:09.417Z] > git remote --verbose [2ms]
[2023-03-16T19:00:09.501Z] > git config --get commit.template [2ms]
[2023-03-16T19:00:13.746Z] > git show --textconv :ispit/z1/Analyzer.cpp [16ms]
[2023-03-16T19:00:13.748Z] > git ls-files --stage -- /home/mmihovilovic/ispit/z1/Analyzer.cpp [3ms]
[2023-03-16T19:00:13.769Z] > git cat-file -s b18ed37aa660c73518cc1288042ad4a717a95541 [2ms]
[2023-03-16T19:00:14.575Z] > git status -z -uall [57ms]
[2023-03-16T19:00:14.592Z] > git symbolic-ref --short HEAD [2ms]
[2023-03-16T19:00:14.609Z] > git for-each-ref --format=%(refname)%00%(upstream:short)%00%(objectname) refs/heads/main refs/remotes/main [3ms]
[2023-03-16T19:00:14.626Z] > git rev-list --left-right --count main...origin/main [3ms]
[2023-03-16T19:00:14.655Z] > git for-each-ref --sort -committerdate --format %(refname) %(objectname) %(*objectname) [15ms]
[2023-03-16T19:00:14.656Z] > git remote --verbose [2ms]
[2023-03-16T19:00:14.735Z] > git config --get commit.template [2ms]
[2023-03-16T19:00:15.427Z] > git show --textconv :ispit/z1/Analyzer.h [32ms]
[2023-03-16T19:00:15.427Z] > git ls-files --stage -- /home/mmihovilovic/ispit/z1/Analyzer.h [15ms]
[2023-03-16T19:00:15.448Z] > git cat-file -s 17c6f775c7ee2fe52610a715984e5d0d00ccdbe9 [4ms]
[2023-03-16T19:00:16.397Z] > git check-ignore -v -z --stdin [3ms]
[2023-03-16T19:00:19.810Z] > git status -z -uall [57ms]
[2023-03-16T19:00:19.827Z] > git symbolic-ref --short HEAD [2ms]
[2023-03-16T19:00:19.844Z] > git for-each-ref --format=%(refname)%00%(upstream:short)%00%(objectname) refs/heads/main refs/remotes/main [2ms]
[2023-03-16T19:00:19.861Z] > git rev-list --left-right --count main...origin/main [2ms]
[2023-03-16T19:00:19.895Z] > git for-each-ref --sort -committerdate --format %(refname) %(objectname) %(*objectname) [17ms]
[2023-03-16T19:00:19.895Z] > git remote --verbose [2ms]
[2023-03-16T19:00:19.976Z] > git config --get commit.template [2ms]
[2023-03-16T19:00:25.052Z] > git status -z -uall [58ms]
[2023-03-16T19:00:25.069Z] > git symbolic-ref --short HEAD [2ms]
[2023-03-16T19:00:25.087Z] > git for-each-ref --format=%(refname)%00%(upstream:short)%00%(objectname) refs/heads/main refs/remotes/main [3ms]
[2023-03-16T19:00:25.104Z] > git rev-list --left-right --count main...origin/main [2ms]
[2023-03-16T19:00:25.135Z] > git for-each-ref --sort -committerdate --format %(refname) %(objectname) %(*objectname) [16ms]
[2023-03-16T19:00:25.135Z] > git remote --verbose [2ms]
[2023-03-16T19:00:25.213Z] > git config --get commit.template [1ms]
[2023-03-16T19:00:30.291Z] > git status -z -uall [60ms]
[2023-03-16T19:00:30.309Z] > git symbolic-ref --short HEAD [1ms]
[2023-03-16T19:00:30.328Z] > git for-each-ref --format=%(refname)%00%(upstream:short)%00%(objectname) refs/heads/main refs/remotes/main [3ms]
[2023-03-16T19:00:30.345Z] > git rev-list --left-right --count main...origin/main [2ms]
[2023-03-16T19:00:30.377Z] > git for-each-ref --sort -committerdate --format %(refname) %(objectname) %(*objectname) [17ms]
[2023-03-16T19:00:30.378Z] > git remote --verbose [2ms]
[2023-03-16T19:00:30.461Z] > git config --get commit.template [2ms]
[2023-03-16T19:00:35.534Z] > git status -z -uall [57ms]
[2023-03-16T19:00:35.551Z] > git symbolic-ref --short HEAD [2ms]
[2023-03-16T19:00:35.566Z] > git for-each-ref --format=%(refname)%00%(upstream:short)%00%(objectname) refs/heads/main refs/remotes/main [2ms]
[2023-03-16T19:00:35.583Z] > git rev-list --left-right --count main...origin/main [2ms]
[2023-03-16T19:00:35.614Z] > git for-each-ref --sort -committerdate --format %(refname) %(objectname) %(*objectname) [16ms]
[2023-03-16T19:00:35.614Z] > git remote --verbose [2ms]
[2023-03-16T19:00:35.696Z] > git config --get commit.template [2ms]
[2023-03-16T19:00:40.770Z] > git status -z -uall [57ms]
[2023-03-16T19:00:40.788Z] > git symbolic-ref --short HEAD [2ms]
[2023-03-16T19:00:40.805Z] > git for-each-ref --format=%(refname)%00%(upstream:short)%00%(objectname) refs/heads/main refs/remotes/main [3ms]
[2023-03-16T19:00:40.823Z] > git rev-list --left-right --count main...origin/main [3ms]
[2023-03-16T19:00:40.857Z] > git for-each-ref --sort -committerdate --format %(refname) %(objectname) %(*objectname) [16ms]
[2023-03-16T19:00:40.857Z] > git remote --verbose [2ms]
[2023-03-16T19:00:40.937Z] > git config --get commit.template [1ms]
[2023-03-16T19:00:46.012Z] > git status -z -uall [57ms]
[2023-03-16T19:00:46.032Z] > git symbolic-ref --short HEAD [2ms]
[2023-03-16T19:00:46.049Z] > git for-each-ref --format=%(refname)%00%(upstream:short)%00%(objectname) refs/heads/main refs/remotes/main [2ms]
[2023-03-16T19:00:46.067Z] > git rev-list --left-right --count main...origin/main [3ms]
[2023-03-16T19:00:46.102Z] > git for-each-ref --sort -committerdate --format %(refname) %(objectname) %(*objectname) [17ms]
[2023-03-16T19:00:46.103Z] > git remote --verbose [3ms]
[2023-03-16T19:00:46.182Z] > git config --get commit.template [2ms]
[2023-03-16T19:00:48.839Z] > git show --textconv :ispit/z1/Analyzer.cpp [19ms]
[2023-03-16T19:00:48.841Z] > git ls-files --stage -- /home/mmihovilovic/ispit/z1/Analyzer.cpp [3ms]
[2023-03-16T19:00:48.861Z] > git cat-file -s b18ed37aa660c73518cc1288042ad4a717a95541 [2ms]
[2023-03-16T19:00:51.257Z] > git status -z -uall [57ms]
[2023-03-16T19:00:51.274Z] > git symbolic-ref --short HEAD [2ms]
[2023-03-16T19:00:51.291Z] > git for-each-ref --format=%(refname)%00%(upstream:short)%00%(objectname) refs/heads/main refs/remotes/main [2ms]
[2023-03-16T19:00:51.309Z] > git rev-list --left-right --count main...origin/main [3ms]
[2023-03-16T19:00:51.341Z] > git for-each-ref --sort -committerdate --format %(refname) %(objectname) %(*objectname) [18ms]
[2023-03-16T19:00:51.341Z] > git remote --verbose [2ms]
[2023-03-16T19:00:51.424Z] > git config --get commit.template [2ms]
[2023-03-16T19:00:56.497Z] > git status -z -uall [57ms]
[2023-03-16T19:00:56.515Z] > git symbolic-ref --short HEAD [3ms]
[2023-03-16T19:00:56.533Z] > git for-each-ref --format=%(refname)%00%(upstream:short)%00%(objectname) refs/heads/main refs/remotes/main [3ms]
[2023-03-16T19:00:56.550Z] > git rev-list --left-right --count main...origin/main [2ms]
[2023-03-16T19:00:56.586Z] > git for-each-ref --sort -committerdate --format %(refname) %(objectname) %(*objectname) [21ms]
[2023-03-16T19:00:56.587Z] > git remote --verbose [3ms]
[2023-03-16T19:00:56.666Z] > git config --get commit.template [2ms]
[2023-03-16T19:01:01.746Z] > git status -z -uall [59ms]
[2023-03-16T19:01:01.763Z] > git symbolic-ref --short HEAD [1ms]
[2023-03-16T19:01:01.782Z] > git for-each-ref --format=%(refname)%00%(upstream:short)%00%(objectname) refs/heads/main refs/remotes/main [4ms]
[2023-03-16T19:01:01.799Z] > git rev-list --left-right --count main...origin/main [3ms]
[2023-03-16T19:01:01.833Z] > git for-each-ref --sort -committerdate --format %(refname) %(objectname) %(*objectname) [19ms]
[2023-03-16T19:01:01.834Z] > git remote --verbose [2ms]
[2023-03-16T19:01:01.916Z] > git config --get commit.template [2ms]
[2023-03-16T19:01:06.993Z] > git status -z -uall [60ms]
[2023-03-16T19:01:07.012Z] > git symbolic-ref --short HEAD [2ms]
[2023-03-16T19:01:07.030Z] > git for-each-ref --format=%(refname)%00%(upstream:short)%00%(objectname) refs/heads/main refs/remotes/main [2ms]
[2023-03-16T19:01:07.047Z] > git rev-list --left-right --count main...origin/main [2ms]
[2023-03-16T19:01:07.080Z] > git for-each-ref --sort -committerdate --format %(refname) %(objectname) %(*objectname) [18ms]
[2023-03-16T19:01:07.081Z] > git remote --verbose [3ms]
[2023-03-16T19:01:07.159Z] > git config --get commit.template [2ms]
