2023-03-16 20:56:00.864 [info] Log level: Info
2023-03-16 20:56:00.864 [info] Validating found git in: "git"
2023-03-16 20:56:00.864 [info] Using git "1.8.3.1" from "git"
2023-03-16 20:56:00.864 [info] > git rev-parse --show-toplevel [71ms]
2023-03-16 20:56:00.864 [info] > git rev-parse --git-dir --git-common-dir [6ms]
2023-03-16 20:56:00.864 [info] Open repository: /home/mmihovilovic
2023-03-16 20:56:00.864 [warning] getRemotes() - ENOENT: no such file or directory, open '/home/mmihovilovic/--git-common-dir/config'
2023-03-16 20:56:00.864 [info] > git rev-parse --show-toplevel [25ms]
2023-03-16 20:56:00.864 [info] > git config --get commit.template [14ms]
2023-03-16 20:56:00.864 [info] > git remote --verbose [27ms]
2023-03-16 20:56:00.864 [info] > git rev-parse --show-toplevel [16ms]
2023-03-16 20:56:00.864 [info] > git rev-parse --show-toplevel [11ms]
2023-03-16 20:56:00.864 [info] > git for-each-ref --format=%(refname)%00%(upstream:short)%00%(objectname) refs/heads/main refs/remotes/main [26ms]
2023-03-16 20:56:00.864 [info] > git rev-parse --show-toplevel [25ms]
2023-03-16 20:56:00.864 [info] > git rev-list --left-right --count main...origin/main [15ms]
2023-03-16 20:56:00.864 [info] > git rev-parse --show-toplevel [14ms]
2023-03-16 20:56:00.864 [info] > git rev-parse --show-toplevel [78ms]
2023-03-16 20:56:00.864 [info] > git rev-parse --show-toplevel [4ms]
2023-03-16 20:56:00.864 [info] > git rev-parse --show-toplevel [3ms]
2023-03-16 20:56:00.864 [info] > git rev-parse --show-toplevel [2ms]
2023-03-16 20:56:00.864 [info] > git rev-parse --show-toplevel [2ms]
2023-03-16 20:56:00.864 [info] > git rev-parse --show-toplevel [3ms]
2023-03-16 20:56:00.864 [info] > git rev-parse --show-toplevel [5ms]
2023-03-16 20:56:00.864 [info] > git rev-parse --show-toplevel [2ms]
2023-03-16 20:56:00.864 [info] > git rev-parse --show-toplevel [2ms]
2023-03-16 20:56:00.865 [info] > git rev-parse --show-toplevel [2ms]
2023-03-16 20:56:00.865 [info] > git rev-parse --git-dir --git-common-dir [3ms]
2023-03-16 20:56:00.865 [info] Open repository: /home/mmihovilovic/vj11
2023-03-16 20:56:00.865 [warning] getRemotes() - ENOENT: no such file or directory, open '/home/mmihovilovic/vj11/--git-common-dir/config'
2023-03-16 20:56:00.865 [info] > git rev-parse --show-toplevel [17ms]
2023-03-16 20:56:00.865 [info] > git config --get commit.template [17ms]
2023-03-16 20:56:00.865 [info] > git remote --verbose [26ms]
2023-03-16 20:56:00.865 [info] > git rev-parse --show-toplevel [4ms]
2023-03-16 20:56:00.865 [info] > git rev-parse --show-toplevel [9ms]
2023-03-16 20:56:00.865 [info] > git for-each-ref --format=%(refname)%00%(upstream:short)%00%(objectname) refs/heads/master refs/remotes/master [9ms]
2023-03-16 20:56:00.865 [info] > git rev-parse --show-toplevel [11ms]
2023-03-16 20:56:00.865 [info] > git status -z -uall [16ms]
2023-03-16 20:56:00.865 [warning] getRemotes() - ENOENT: no such file or directory, open '/home/mmihovilovic/vj11/--git-common-dir/config'
2023-03-16 20:56:00.865 [info] > git rev-parse --show-toplevel [73ms]
2023-03-16 20:56:00.866 [info] > git config --get commit.template [21ms]
2023-03-16 20:56:00.867 [info] > git remote --verbose [29ms]
2023-03-16 20:56:00.869 [info] > git rev-parse --show-toplevel [6ms]
2023-03-16 20:56:00.887 [info] > git rev-parse --show-toplevel [9ms]
2023-03-16 20:56:00.898 [info] > git for-each-ref --format=%(refname)%00%(upstream:short)%00%(objectname) refs/heads/master refs/remotes/master [13ms]
2023-03-16 20:56:00.909 [info] > git rev-parse --show-toplevel [14ms]
2023-03-16 20:56:00.919 [info] > git status -z -uall [12ms]
2023-03-16 20:56:00.926 [info] > git rev-parse --git-dir --git-common-dir [8ms]
2023-03-16 20:56:00.935 [info] Open repository: /home/mmihovilovic/vj6
2023-03-16 20:56:00.954 [warning] getRemotes() - ENOENT: no such file or directory, open '/home/mmihovilovic/vj6/--git-common-dir/config'
2023-03-16 20:56:00.962 [info] > git status -z -uall [503ms]
2023-03-16 20:56:00.988 [warning] getRemotes() - ENOENT: no such file or directory, open '/home/mmihovilovic/--git-common-dir/config'
2023-03-16 20:56:00.998 [info] > git config --get commit.template [37ms]
2023-03-16 20:56:00.998 [info] > git remote --verbose [45ms]
2023-03-16 20:56:00.999 [info] > git rev-parse --show-toplevel [54ms]
2023-03-16 20:56:01.023 [info] > git rev-parse --show-toplevel [15ms]
2023-03-16 20:56:01.036 [info] > git config --get commit.template [39ms]
2023-03-16 20:56:01.036 [info] > git remote --verbose [48ms]
2023-03-16 20:56:01.058 [info] > git check-ignore -v -z --stdin [38ms]
2023-03-16 20:56:01.061 [info] > git rev-parse --show-toplevel [26ms]
2023-03-16 20:56:01.099 [info] > git rev-parse --show-toplevel [28ms]
2023-03-16 20:56:01.106 [info] > git for-each-ref --format=%(refname)%00%(upstream:short)%00%(objectname) refs/heads/master refs/remotes/master [50ms]
2023-03-16 20:56:01.119 [info] > git for-each-ref --format=%(refname)%00%(upstream:short)%00%(objectname) refs/heads/main refs/remotes/main [22ms]
2023-03-16 20:56:01.133 [info] > git status -z -uall [17ms]
2023-03-16 20:56:01.147 [warning] getRemotes() - ENOENT: no such file or directory, open '/home/mmihovilovic/vj6/--git-common-dir/config'
2023-03-16 20:56:01.156 [info] > git rev-list --left-right --count main...origin/main [25ms]
2023-03-16 20:56:01.167 [info] > git config --get commit.template [12ms]
2023-03-16 20:56:01.167 [info] > git remote --verbose [20ms]
2023-03-16 20:56:01.182 [info] > git for-each-ref --format=%(refname)%00%(upstream:short)%00%(objectname) refs/heads/master refs/remotes/master [3ms]
2023-03-16 20:56:01.195 [info] > git status -z -uall [4ms]
2023-03-16 20:56:01.581 [info] > git check-ignore -v -z --stdin [13ms]
2023-03-16 20:56:01.583 [info] > git check-ignore -v -z --stdin [5ms]
2023-03-16 20:56:01.589 [info] > git check-ignore -v -z --stdin [31ms]
2023-03-16 20:56:01.637 [info] > git status -z -uall [472ms]
2023-03-16 20:56:19.125 [warning] getRemotes() - ENOENT: no such file or directory, open '/home/mmihovilovic/--git-common-dir/config'
2023-03-16 20:56:19.137 [info] > git remote --verbose [13ms]
2023-03-16 20:56:19.138 [info] > git config --get commit.template [2ms]
2023-03-16 20:56:19.152 [info] > git for-each-ref --format=%(refname)%00%(upstream:short)%00%(objectname) refs/heads/main refs/remotes/main [3ms]
2023-03-16 20:56:19.166 [info] > git rev-list --left-right --count main...origin/main [2ms]
2023-03-16 20:56:19.637 [info] > git status -z -uall [460ms]
2023-03-16 20:56:21.849 [info] > git check-ignore -v -z --stdin [9ms]
2023-03-16 20:56:24.632 [info] > git check-ignore -v -z --stdin [9ms]
2023-03-16 20:56:24.658 [warning] getRemotes() - ENOENT: no such file or directory, open '/home/mmihovilovic/--git-common-dir/config'
2023-03-16 20:56:24.670 [info] > git remote --verbose [12ms]
2023-03-16 20:56:24.672 [info] > git config --get commit.template [4ms]
2023-03-16 20:56:24.684 [info] > git for-each-ref --format=%(refname)%00%(upstream:short)%00%(objectname) refs/heads/main refs/remotes/main [3ms]
2023-03-16 20:56:24.698 [info] > git rev-list --left-right --count main...origin/main [3ms]
2023-03-16 20:56:25.167 [info] > git status -z -uall [459ms]
2023-03-16 20:56:27.178 [info] > git check-ignore -v -z --stdin [9ms]
2023-03-16 20:56:28.441 [info] > git check-ignore -v -z --stdin [9ms]
2023-03-16 20:56:29.604 [info] > git check-ignore -v -z --stdin [8ms]
2023-03-16 20:56:30.188 [warning] getRemotes() - ENOENT: no such file or directory, open '/home/mmihovilovic/--git-common-dir/config'
2023-03-16 20:56:30.199 [info] > git remote --verbose [11ms]
2023-03-16 20:56:30.200 [info] > git config --get commit.template [3ms]
2023-03-16 20:56:30.212 [info] > git for-each-ref --format=%(refname)%00%(upstream:short)%00%(objectname) refs/heads/main refs/remotes/main [3ms]
2023-03-16 20:56:30.224 [info] > git rev-list --left-right --count main...origin/main [3ms]
2023-03-16 20:56:30.696 [info] > git status -z -uall [463ms]
2023-03-16 20:56:30.734 [info] > git show --textconv :.bash_history [17ms]
2023-03-16 20:56:30.738 [info] > git ls-files --stage -- /home/mmihovilovic/.bash_history [6ms]
2023-03-16 20:56:30.752 [info] > git cat-file -s d21e4fe18fd8d8bf33ba64169c232689fde439ae [2ms]
2023-03-16 20:56:32.740 [info] > git check-ignore -v -z --stdin [8ms]
2023-03-16 20:56:35.716 [warning] getRemotes() - ENOENT: no such file or directory, open '/home/mmihovilovic/--git-common-dir/config'
2023-03-16 20:56:35.729 [info] > git remote --verbose [13ms]
2023-03-16 20:56:35.730 [info] > git config --get commit.template [3ms]
2023-03-16 20:56:35.742 [info] > git for-each-ref --format=%(refname)%00%(upstream:short)%00%(objectname) refs/heads/main refs/remotes/main [3ms]
2023-03-16 20:56:35.754 [info] > git rev-list --left-right --count main...origin/main [3ms]
2023-03-16 20:56:36.223 [info] > git status -z -uall [458ms]
2023-03-16 20:56:41.240 [warning] getRemotes() - ENOENT: no such file or directory, open '/home/mmihovilovic/--git-common-dir/config'
2023-03-16 20:56:41.251 [info] > git remote --verbose [12ms]
2023-03-16 20:56:41.252 [info] > git config --get commit.template [3ms]
2023-03-16 20:56:41.264 [info] > git for-each-ref --format=%(refname)%00%(upstream:short)%00%(objectname) refs/heads/main refs/remotes/main [3ms]
2023-03-16 20:56:41.276 [info] > git rev-list --left-right --count main...origin/main [2ms]
2023-03-16 20:56:41.749 [info] > git status -z -uall [462ms]
2023-03-16 20:56:46.767 [warning] getRemotes() - ENOENT: no such file or directory, open '/home/mmihovilovic/--git-common-dir/config'
2023-03-16 20:56:46.778 [info] > git remote --verbose [11ms]
2023-03-16 20:56:46.779 [info] > git config --get commit.template [3ms]
2023-03-16 20:56:46.791 [info] > git for-each-ref --format=%(refname)%00%(upstream:short)%00%(objectname) refs/heads/main refs/remotes/main [3ms]
2023-03-16 20:56:46.803 [info] > git rev-list --left-right --count main...origin/main [2ms]
2023-03-16 20:56:47.270 [info] > git status -z -uall [458ms]
2023-03-16 20:56:52.290 [warning] getRemotes() - ENOENT: no such file or directory, open '/home/mmihovilovic/--git-common-dir/config'
2023-03-16 20:56:52.301 [info] > git remote --verbose [11ms]
2023-03-16 20:56:52.302 [info] > git config --get commit.template [3ms]
2023-03-16 20:56:52.314 [info] > git for-each-ref --format=%(refname)%00%(upstream:short)%00%(objectname) refs/heads/main refs/remotes/main [2ms]
2023-03-16 20:56:52.325 [info] > git rev-list --left-right --count main...origin/main [3ms]
2023-03-16 20:56:52.791 [info] > git status -z -uall [457ms]
2023-03-16 20:56:57.809 [warning] getRemotes() - ENOENT: no such file or directory, open '/home/mmihovilovic/--git-common-dir/config'
2023-03-16 20:56:57.820 [info] > git remote --verbose [11ms]
2023-03-16 20:56:57.821 [info] > git config --get commit.template [3ms]
2023-03-16 20:56:57.834 [info] > git for-each-ref --format=%(refname)%00%(upstream:short)%00%(objectname) refs/heads/main refs/remotes/main [4ms]
2023-03-16 20:56:57.846 [info] > git rev-list --left-right --count main...origin/main [2ms]
2023-03-16 20:56:58.314 [info] > git status -z -uall [458ms]
2023-03-16 20:57:03.335 [warning] getRemotes() - ENOENT: no such file or directory, open '/home/mmihovilovic/--git-common-dir/config'
2023-03-16 20:57:03.349 [info] > git remote --verbose [15ms]
2023-03-16 20:57:03.350 [info] > git config --get commit.template [3ms]
2023-03-16 20:57:03.363 [info] > git for-each-ref --format=%(refname)%00%(upstream:short)%00%(objectname) refs/heads/main refs/remotes/main [2ms]
2023-03-16 20:57:03.375 [info] > git rev-list --left-right --count main...origin/main [2ms]
2023-03-16 20:57:03.843 [info] > git status -z -uall [459ms]
2023-03-16 20:57:08.861 [warning] getRemotes() - ENOENT: no such file or directory, open '/home/mmihovilovic/--git-common-dir/config'
2023-03-16 20:57:08.872 [info] > git remote --verbose [11ms]
2023-03-16 20:57:08.873 [info] > git config --get commit.template [2ms]
2023-03-16 20:57:08.886 [info] > git for-each-ref --format=%(refname)%00%(upstream:short)%00%(objectname) refs/heads/main refs/remotes/main [3ms]
2023-03-16 20:57:08.900 [info] > git rev-list --left-right --count main...origin/main [2ms]
2023-03-16 20:57:09.368 [info] > git status -z -uall [459ms]
2023-03-16 20:57:14.386 [warning] getRemotes() - ENOENT: no such file or directory, open '/home/mmihovilovic/--git-common-dir/config'
2023-03-16 20:57:14.397 [info] > git remote --verbose [11ms]
2023-03-16 20:57:14.398 [info] > git config --get commit.template [3ms]
2023-03-16 20:57:14.409 [info] > git for-each-ref --format=%(refname)%00%(upstream:short)%00%(objectname) refs/heads/main refs/remotes/main [3ms]
2023-03-16 20:57:14.421 [info] > git rev-list --left-right --count main...origin/main [3ms]
2023-03-16 20:57:14.898 [info] > git status -z -uall [465ms]
2023-03-16 20:57:19.915 [warning] getRemotes() - ENOENT: no such file or directory, open '/home/mmihovilovic/--git-common-dir/config'
2023-03-16 20:57:19.926 [info] > git remote --verbose [11ms]
2023-03-16 20:57:19.927 [info] > git config --get commit.template [2ms]
2023-03-16 20:57:19.939 [info] > git for-each-ref --format=%(refname)%00%(upstream:short)%00%(objectname) refs/heads/main refs/remotes/main [2ms]
2023-03-16 20:57:19.950 [info] > git rev-list --left-right --count main...origin/main [3ms]
2023-03-16 20:57:20.419 [info] > git status -z -uall [459ms]
2023-03-16 20:57:25.437 [warning] getRemotes() - ENOENT: no such file or directory, open '/home/mmihovilovic/--git-common-dir/config'
2023-03-16 20:57:25.448 [info] > git remote --verbose [11ms]
2023-03-16 20:57:25.449 [info] > git config --get commit.template [3ms]
2023-03-16 20:57:25.461 [info] > git for-each-ref --format=%(refname)%00%(upstream:short)%00%(objectname) refs/heads/main refs/remotes/main [2ms]
2023-03-16 20:57:25.472 [info] > git rev-list --left-right --count main...origin/main [2ms]
2023-03-16 20:57:25.941 [info] > git status -z -uall [459ms]
2023-03-16 20:57:30.959 [warning] getRemotes() - ENOENT: no such file or directory, open '/home/mmihovilovic/--git-common-dir/config'
2023-03-16 20:57:30.970 [info] > git remote --verbose [12ms]
2023-03-16 20:57:30.971 [info] > git config --get commit.template [3ms]
2023-03-16 20:57:30.983 [info] > git for-each-ref --format=%(refname)%00%(upstream:short)%00%(objectname) refs/heads/main refs/remotes/main [3ms]
2023-03-16 20:57:30.995 [info] > git rev-list --left-right --count main...origin/main [3ms]
2023-03-16 20:57:31.465 [info] > git status -z -uall [459ms]
2023-03-16 20:57:36.485 [warning] getRemotes() - ENOENT: no such file or directory, open '/home/mmihovilovic/--git-common-dir/config'
2023-03-16 20:57:36.497 [info] > git remote --verbose [13ms]
2023-03-16 20:57:36.498 [info] > git config --get commit.template [2ms]
2023-03-16 20:57:36.511 [info] > git for-each-ref --format=%(refname)%00%(upstream:short)%00%(objectname) refs/heads/main refs/remotes/main [2ms]
2023-03-16 20:57:36.523 [info] > git rev-list --left-right --count main...origin/main [2ms]
2023-03-16 20:57:36.993 [info] > git status -z -uall [460ms]
2023-03-16 20:57:42.010 [warning] getRemotes() - ENOENT: no such file or directory, open '/home/mmihovilovic/--git-common-dir/config'
2023-03-16 20:57:42.025 [info] > git remote --verbose [14ms]
2023-03-16 20:57:42.027 [info] > git config --get commit.template [3ms]
2023-03-16 20:57:42.043 [info] > git for-each-ref --format=%(refname)%00%(upstream:short)%00%(objectname) refs/heads/main refs/remotes/main [2ms]
2023-03-16 20:57:42.060 [info] > git rev-list --left-right --count main...origin/main [7ms]
2023-03-16 20:57:42.528 [info] > git status -z -uall [459ms]
2023-03-16 20:57:47.545 [warning] getRemotes() - ENOENT: no such file or directory, open '/home/mmihovilovic/--git-common-dir/config'
2023-03-16 20:57:47.556 [info] > git remote --verbose [11ms]
2023-03-16 20:57:47.557 [info] > git config --get commit.template [2ms]
2023-03-16 20:57:47.570 [info] > git for-each-ref --format=%(refname)%00%(upstream:short)%00%(objectname) refs/heads/main refs/remotes/main [2ms]
2023-03-16 20:57:47.582 [info] > git rev-list --left-right --count main...origin/main [3ms]
2023-03-16 20:57:48.052 [info] > git status -z -uall [461ms]
2023-03-16 20:57:53.069 [warning] getRemotes() - ENOENT: no such file or directory, open '/home/mmihovilovic/--git-common-dir/config'
2023-03-16 20:57:53.080 [info] > git remote --verbose [11ms]
2023-03-16 20:57:53.081 [info] > git config --get commit.template [2ms]
2023-03-16 20:57:53.093 [info] > git for-each-ref --format=%(refname)%00%(upstream:short)%00%(objectname) refs/heads/main refs/remotes/main [2ms]
2023-03-16 20:57:53.105 [info] > git rev-list --left-right --count main...origin/main [3ms]
2023-03-16 20:57:53.580 [info] > git status -z -uall [465ms]
2023-03-16 20:57:58.598 [warning] getRemotes() - ENOENT: no such file or directory, open '/home/mmihovilovic/--git-common-dir/config'
2023-03-16 20:57:58.611 [info] > git remote --verbose [12ms]
2023-03-16 20:57:58.611 [info] > git config --get commit.template [2ms]
2023-03-16 20:57:58.624 [info] > git for-each-ref --format=%(refname)%00%(upstream:short)%00%(objectname) refs/heads/main refs/remotes/main [2ms]
2023-03-16 20:57:58.638 [info] > git rev-list --left-right --count main...origin/main [3ms]
2023-03-16 20:57:59.110 [info] > git status -z -uall [462ms]
2023-03-16 20:58:01.435 [info] > git check-ignore -v -z --stdin [8ms]
2023-03-16 20:58:04.126 [warning] getRemotes() - ENOENT: no such file or directory, open '/home/mmihovilovic/--git-common-dir/config'
2023-03-16 20:58:04.137 [info] > git remote --verbose [12ms]
2023-03-16 20:58:04.138 [info] > git config --get commit.template [3ms]
2023-03-16 20:58:04.150 [info] > git for-each-ref --format=%(refname)%00%(upstream:short)%00%(objectname) refs/heads/main refs/remotes/main [3ms]
2023-03-16 20:58:04.162 [info] > git rev-list --left-right --count main...origin/main [3ms]
2023-03-16 20:58:04.631 [info] > git status -z -uall [460ms]
2023-03-16 20:58:09.647 [warning] getRemotes() - ENOENT: no such file or directory, open '/home/mmihovilovic/--git-common-dir/config'
2023-03-16 20:58:09.659 [info] > git remote --verbose [11ms]
2023-03-16 20:58:09.659 [info] > git config --get commit.template [2ms]
2023-03-16 20:58:09.671 [info] > git for-each-ref --format=%(refname)%00%(upstream:short)%00%(objectname) refs/heads/main refs/remotes/main [2ms]
2023-03-16 20:58:09.683 [info] > git rev-list --left-right --count main...origin/main [2ms]
2023-03-16 20:58:10.157 [info] > git status -z -uall [461ms]
2023-03-16 20:58:15.175 [warning] getRemotes() - ENOENT: no such file or directory, open '/home/mmihovilovic/--git-common-dir/config'
2023-03-16 20:58:15.186 [info] > git remote --verbose [12ms]
2023-03-16 20:58:15.187 [info] > git config --get commit.template [3ms]
2023-03-16 20:58:15.199 [info] > git for-each-ref --format=%(refname)%00%(upstream:short)%00%(objectname) refs/heads/main refs/remotes/main [3ms]
2023-03-16 20:58:15.211 [info] > git rev-list --left-right --count main...origin/main [3ms]
2023-03-16 20:58:15.681 [info] > git status -z -uall [460ms]
2023-03-16 20:58:20.702 [warning] getRemotes() - ENOENT: no such file or directory, open '/home/mmihovilovic/--git-common-dir/config'
2023-03-16 20:58:20.718 [info] > git remote --verbose [15ms]
2023-03-16 20:58:20.718 [info] > git config --get commit.template [3ms]
2023-03-16 20:58:20.731 [info] > git for-each-ref --format=%(refname)%00%(upstream:short)%00%(objectname) refs/heads/main refs/remotes/main [3ms]
2023-03-16 20:58:20.747 [info] > git rev-list --left-right --count main...origin/main [3ms]
2023-03-16 20:58:21.220 [info] > git status -z -uall [459ms]
