2023-03-17 10:20:16.977 [info] Log level: Info
2023-03-17 10:20:16.977 [info] Validating found git in: "git"
2023-03-17 10:20:16.977 [info] Using git "1.8.3.1" from "git"
2023-03-17 10:20:16.977 [info] > git rev-parse --show-toplevel [11ms]
2023-03-17 10:20:16.977 [info] > git rev-parse --git-dir --git-common-dir [62ms]
2023-03-17 10:20:16.977 [info] Open repository: /home/mmihovilovic
2023-03-17 10:20:16.977 [warning] getRemotes() - ENOENT: no such file or directory, open '/home/mmihovilovic/--git-common-dir/config'
2023-03-17 10:20:16.977 [info] > git rev-parse --show-toplevel [24ms]
2023-03-17 10:20:16.977 [info] > git rev-parse --show-toplevel [4ms]
2023-03-17 10:20:16.977 [info] > git config --get commit.template [26ms]
2023-03-17 10:20:16.977 [info] > git remote --verbose [39ms]
2023-03-17 10:20:16.977 [info] > git rev-parse --show-toplevel [5ms]
2023-03-17 10:20:16.977 [info] > git for-each-ref --format=%(refname)%00%(upstream:short)%00%(objectname) refs/heads/main refs/remotes/main [4ms]
2023-03-17 10:20:16.977 [info] > git rev-parse --show-toplevel [27ms]
2023-03-17 10:20:16.977 [info] > git rev-list --left-right --count main...origin/main [20ms]
2023-03-17 10:20:16.977 [info] > git rev-parse --show-toplevel [25ms]
2023-03-17 10:20:16.977 [info] > git rev-parse --show-toplevel [2ms]
2023-03-17 10:20:16.977 [info] > git rev-parse --show-toplevel [2ms]
2023-03-17 10:20:16.977 [info] > git rev-parse --show-toplevel [12ms]
2023-03-17 10:20:16.977 [info] > git rev-parse --show-toplevel [5ms]
2023-03-17 10:20:16.977 [info] > git rev-parse --show-toplevel [5ms]
2023-03-17 10:20:17.023 [info] > git rev-parse --show-toplevel [48ms]
2023-03-17 10:20:17.035 [info] > git rev-parse --show-toplevel [3ms]
2023-03-17 10:20:17.051 [info] > git rev-parse --show-toplevel [5ms]
2023-03-17 10:20:17.064 [info] > git rev-parse --show-toplevel [2ms]
2023-03-17 10:20:17.076 [info] > git rev-parse --show-toplevel [1ms]
2023-03-17 10:20:17.089 [info] > git rev-parse --git-dir --git-common-dir [2ms]
2023-03-17 10:20:17.096 [info] Open repository: /home/mmihovilovic/vj11
2023-03-17 10:20:17.119 [warning] getRemotes() - ENOENT: no such file or directory, open '/home/mmihovilovic/vj11/--git-common-dir/config'
2023-03-17 10:20:17.131 [info] > git rev-parse --show-toplevel [23ms]
2023-03-17 10:20:17.148 [info] > git config --get commit.template [17ms]
2023-03-17 10:20:17.148 [info] > git remote --verbose [29ms]
2023-03-17 10:20:17.149 [info] > git rev-parse --show-toplevel [7ms]
2023-03-17 10:20:17.175 [info] > git for-each-ref --format=%(refname)%00%(upstream:short)%00%(objectname) refs/heads/master refs/remotes/master [4ms]
2023-03-17 10:20:17.187 [info] > git rev-parse --show-toplevel [28ms]
2023-03-17 10:20:17.201 [info] > git status -z -uall [15ms]
2023-03-17 10:20:17.202 [info] > git rev-parse --show-toplevel [3ms]
2023-03-17 10:20:17.236 [warning] getRemotes() - ENOENT: no such file or directory, open '/home/mmihovilovic/vj11/--git-common-dir/config'
2023-03-17 10:20:17.248 [info] > git rev-parse --show-toplevel [35ms]
2023-03-17 10:20:17.261 [info] > git config --get commit.template [13ms]
2023-03-17 10:20:17.261 [info] > git remote --verbose [25ms]
2023-03-17 10:20:17.264 [info] > git rev-parse --show-toplevel [5ms]
2023-03-17 10:20:17.286 [info] > git rev-parse --show-toplevel [12ms]
2023-03-17 10:20:17.298 [info] > git for-each-ref --format=%(refname)%00%(upstream:short)%00%(objectname) refs/heads/master refs/remotes/master [14ms]
2023-03-17 10:20:17.312 [info] > git status -z -uall [4ms]
2023-03-17 10:20:17.313 [info] > git rev-parse --show-toplevel [15ms]
2023-03-17 10:20:17.355 [info] > git rev-parse --git-dir --git-common-dir [35ms]
2023-03-17 10:20:17.362 [info] Open repository: /home/mmihovilovic/vj6
2023-03-17 10:20:17.389 [warning] getRemotes() - ENOENT: no such file or directory, open '/home/mmihovilovic/vj6/--git-common-dir/config'
2023-03-17 10:20:17.407 [info] > git status -z -uall [510ms]
2023-03-17 10:20:17.407 [info] > git rev-parse --show-toplevel [33ms]
2023-03-17 10:20:17.442 [warning] getRemotes() - ENOENT: no such file or directory, open '/home/mmihovilovic/--git-common-dir/config'
2023-03-17 10:20:17.454 [info] > git rev-parse --show-toplevel [36ms]
2023-03-17 10:20:17.465 [info] > git config --get commit.template [67ms]
2023-03-17 10:20:17.466 [info] > git remote --verbose [76ms]
2023-03-17 10:20:17.468 [info] > git rev-parse --show-toplevel [4ms]
2023-03-17 10:20:17.482 [info] > git config --get commit.template [29ms]
2023-03-17 10:20:17.482 [info] > git remote --verbose [41ms]
2023-03-17 10:20:17.503 [info] > git rev-parse --show-toplevel [22ms]
2023-03-17 10:20:17.524 [info] > git for-each-ref --format=%(refname)%00%(upstream:short)%00%(objectname) refs/heads/master refs/remotes/master [23ms]
2023-03-17 10:20:17.556 [info] > git status -z -uall [21ms]
2023-03-17 10:20:17.561 [info] > git for-each-ref --format=%(refname)%00%(upstream:short)%00%(objectname) refs/heads/main refs/remotes/main [39ms]
2023-03-17 10:20:17.585 [warning] getRemotes() - ENOENT: no such file or directory, open '/home/mmihovilovic/vj6/--git-common-dir/config'
2023-03-17 10:20:17.597 [info] > git remote --verbose [12ms]
2023-03-17 10:20:17.598 [info] > git rev-list --left-right --count main...origin/main [25ms]
2023-03-17 10:20:17.610 [info] > git config --get commit.template [15ms]
2023-03-17 10:20:17.624 [info] > git for-each-ref --format=%(refname)%00%(upstream:short)%00%(objectname) refs/heads/master refs/remotes/master [3ms]
2023-03-17 10:20:17.641 [info] > git status -z -uall [4ms]
2023-03-17 10:20:18.070 [info] > git status -z -uall [462ms]
2023-03-17 10:20:18.219 [info] > git check-ignore -v -z --stdin [51ms]
2023-03-17 10:20:18.221 [info] > git check-ignore -v -z --stdin [39ms]
2023-03-17 10:20:18.222 [info] > git check-ignore -v -z --stdin [29ms]
2023-03-17 10:20:20.918 [warning] getRemotes() - ENOENT: no such file or directory, open '/home/mmihovilovic/--git-common-dir/config'
2023-03-17 10:20:20.931 [info] > git remote --verbose [13ms]
2023-03-17 10:20:20.932 [info] > git config --get commit.template [3ms]
2023-03-17 10:20:20.946 [info] > git for-each-ref --format=%(refname)%00%(upstream:short)%00%(objectname) refs/heads/main refs/remotes/main [3ms]
2023-03-17 10:20:20.960 [info] > git rev-list --left-right --count main...origin/main [2ms]
2023-03-17 10:20:21.429 [info] > git status -z -uall [458ms]
2023-03-17 10:20:22.703 [info] > git check-ignore -v -z --stdin [8ms]
2023-03-17 10:20:25.732 [info] > git ls-files --stage -- /home/mmihovilovic/vj5/Analyzer.h [10ms]
2023-03-17 10:20:25.749 [info] > git show --textconv :vj5/Analyzer.h [42ms]
2023-03-17 10:20:25.751 [info] > git cat-file -s 2f4efe34e3a91178854fbb872ece83d10a1e6a36 [4ms]
2023-03-17 10:20:26.454 [warning] getRemotes() - ENOENT: no such file or directory, open '/home/mmihovilovic/--git-common-dir/config'
2023-03-17 10:20:26.478 [info] > git config --get commit.template [8ms]
2023-03-17 10:20:26.479 [info] > git remote --verbose [24ms]
2023-03-17 10:20:26.508 [info] > git for-each-ref --format=%(refname)%00%(upstream:short)%00%(objectname) refs/heads/main refs/remotes/main [8ms]
2023-03-17 10:20:26.529 [info] > git rev-list --left-right --count main...origin/main [6ms]
2023-03-17 10:20:27.003 [info] > git status -z -uall [460ms]
2023-03-17 10:20:32.027 [warning] getRemotes() - ENOENT: no such file or directory, open '/home/mmihovilovic/--git-common-dir/config'
2023-03-17 10:20:32.046 [info] > git remote --verbose [19ms]
2023-03-17 10:20:32.048 [info] > git config --get commit.template [2ms]
2023-03-17 10:20:32.068 [info] > git for-each-ref --format=%(refname)%00%(upstream:short)%00%(objectname) refs/heads/main refs/remotes/main [3ms]
2023-03-17 10:20:32.092 [info] > git rev-list --left-right --count main...origin/main [2ms]
2023-03-17 10:20:32.571 [info] > git status -z -uall [462ms]
2023-03-17 10:20:37.604 [warning] getRemotes() - ENOENT: no such file or directory, open '/home/mmihovilovic/--git-common-dir/config'
2023-03-17 10:20:37.630 [info] > git remote --verbose [25ms]
2023-03-17 10:20:37.631 [info] > git config --get commit.template [4ms]
2023-03-17 10:20:37.653 [info] > git for-each-ref --format=%(refname)%00%(upstream:short)%00%(objectname) refs/heads/main refs/remotes/main [3ms]
2023-03-17 10:20:37.679 [info] > git rev-list --left-right --count main...origin/main [2ms]
2023-03-17 10:20:38.568 [info] > git status -z -uall [870ms]
2023-03-17 10:20:43.594 [warning] getRemotes() - ENOENT: no such file or directory, open '/home/mmihovilovic/--git-common-dir/config'
2023-03-17 10:20:43.614 [info] > git remote --verbose [20ms]
2023-03-17 10:20:43.616 [info] > git config --get commit.template [3ms]
2023-03-17 10:20:43.636 [info] > git for-each-ref --format=%(refname)%00%(upstream:short)%00%(objectname) refs/heads/main refs/remotes/main [3ms]
2023-03-17 10:20:43.656 [info] > git rev-list --left-right --count main...origin/main [3ms]
2023-03-17 10:20:44.540 [info] > git status -z -uall [866ms]
2023-03-17 10:20:49.566 [warning] getRemotes() - ENOENT: no such file or directory, open '/home/mmihovilovic/--git-common-dir/config'
2023-03-17 10:20:49.586 [info] > git remote --verbose [19ms]
2023-03-17 10:20:49.587 [info] > git config --get commit.template [3ms]
2023-03-17 10:20:49.607 [info] > git for-each-ref --format=%(refname)%00%(upstream:short)%00%(objectname) refs/heads/main refs/remotes/main [2ms]
2023-03-17 10:20:49.627 [info] > git rev-list --left-right --count main...origin/main [2ms]
2023-03-17 10:20:50.509 [info] > git status -z -uall [863ms]
2023-03-17 10:20:55.536 [warning] getRemotes() - ENOENT: no such file or directory, open '/home/mmihovilovic/--git-common-dir/config'
2023-03-17 10:20:55.559 [info] > git remote --verbose [23ms]
2023-03-17 10:20:55.560 [info] > git config --get commit.template [3ms]
2023-03-17 10:20:55.580 [info] > git for-each-ref --format=%(refname)%00%(upstream:short)%00%(objectname) refs/heads/main refs/remotes/main [3ms]
2023-03-17 10:20:55.600 [info] > git rev-list --left-right --count main...origin/main [3ms]
2023-03-17 10:20:56.493 [info] > git status -z -uall [875ms]
2023-03-17 10:21:01.519 [warning] getRemotes() - ENOENT: no such file or directory, open '/home/mmihovilovic/--git-common-dir/config'
2023-03-17 10:21:01.535 [info] > git remote --verbose [16ms]
2023-03-17 10:21:01.536 [info] > git config --get commit.template [3ms]
2023-03-17 10:21:01.555 [info] > git for-each-ref --format=%(refname)%00%(upstream:short)%00%(objectname) refs/heads/main refs/remotes/main [3ms]
2023-03-17 10:21:01.572 [info] > git rev-list --left-right --count main...origin/main [3ms]
2023-03-17 10:21:02.454 [info] > git status -z -uall [867ms]
2023-03-17 10:21:19.570 [warning] getRemotes() - ENOENT: no such file or directory, open '/home/mmihovilovic/--git-common-dir/config'
2023-03-17 10:21:19.587 [info] > git remote --verbose [17ms]
2023-03-17 10:21:19.588 [info] > git config --get commit.template [2ms]
2023-03-17 10:21:19.608 [info] > git for-each-ref --format=%(refname)%00%(upstream:short)%00%(objectname) refs/heads/main refs/remotes/main [4ms]
2023-03-17 10:21:19.627 [info] > git rev-list --left-right --count main...origin/main [2ms]
2023-03-17 10:21:20.513 [info] > git status -z -uall [872ms]
2023-03-17 10:21:25.534 [warning] getRemotes() - ENOENT: no such file or directory, open '/home/mmihovilovic/--git-common-dir/config'
2023-03-17 10:21:25.550 [info] > git remote --verbose [16ms]
2023-03-17 10:21:25.550 [info] > git config --get commit.template [2ms]
2023-03-17 10:21:25.567 [info] > git for-each-ref --format=%(refname)%00%(upstream:short)%00%(objectname) refs/heads/main refs/remotes/main [3ms]
2023-03-17 10:21:25.584 [info] > git rev-list --left-right --count main...origin/main [3ms]
2023-03-17 10:21:26.470 [info] > git status -z -uall [869ms]
2023-03-17 10:21:31.494 [warning] getRemotes() - ENOENT: no such file or directory, open '/home/mmihovilovic/--git-common-dir/config'
2023-03-17 10:21:31.510 [info] > git remote --verbose [17ms]
2023-03-17 10:21:31.512 [info] > git config --get commit.template [4ms]
2023-03-17 10:21:31.528 [info] > git for-each-ref --format=%(refname)%00%(upstream:short)%00%(objectname) refs/heads/main refs/remotes/main [2ms]
2023-03-17 10:21:31.545 [info] > git rev-list --left-right --count main...origin/main [3ms]
2023-03-17 10:21:32.428 [info] > git status -z -uall [868ms]
2023-03-17 10:21:38.827 [warning] getRemotes() - ENOENT: no such file or directory, open '/home/mmihovilovic/--git-common-dir/config'
2023-03-17 10:21:38.842 [info] > git remote --verbose [16ms]
2023-03-17 10:21:38.843 [info] > git config --get commit.template [2ms]
2023-03-17 10:21:38.862 [info] > git for-each-ref --format=%(refname)%00%(upstream:short)%00%(objectname) refs/heads/main refs/remotes/main [3ms]
2023-03-17 10:21:38.880 [info] > git rev-list --left-right --count main...origin/main [3ms]
2023-03-17 10:21:39.763 [info] > git status -z -uall [869ms]
2023-03-17 10:21:44.784 [warning] getRemotes() - ENOENT: no such file or directory, open '/home/mmihovilovic/--git-common-dir/config'
2023-03-17 10:21:44.799 [info] > git remote --verbose [16ms]
2023-03-17 10:21:44.800 [info] > git config --get commit.template [2ms]
2023-03-17 10:21:44.817 [info] > git for-each-ref --format=%(refname)%00%(upstream:short)%00%(objectname) refs/heads/main refs/remotes/main [3ms]
2023-03-17 10:21:44.833 [info] > git rev-list --left-right --count main...origin/main [2ms]
2023-03-17 10:21:45.719 [info] > git status -z -uall [868ms]
2023-03-17 10:21:50.741 [warning] getRemotes() - ENOENT: no such file or directory, open '/home/mmihovilovic/--git-common-dir/config'
2023-03-17 10:21:50.757 [info] > git remote --verbose [16ms]
2023-03-17 10:21:50.758 [info] > git config --get commit.template [3ms]
2023-03-17 10:21:50.774 [info] > git for-each-ref --format=%(refname)%00%(upstream:short)%00%(objectname) refs/heads/main refs/remotes/main [2ms]
2023-03-17 10:21:50.791 [info] > git rev-list --left-right --count main...origin/main [2ms]
2023-03-17 10:21:51.670 [info] > git status -z -uall [864ms]
2023-03-17 10:21:56.692 [warning] getRemotes() - ENOENT: no such file or directory, open '/home/mmihovilovic/--git-common-dir/config'
2023-03-17 10:21:56.709 [info] > git remote --verbose [17ms]
2023-03-17 10:21:56.710 [info] > git config --get commit.template [3ms]
2023-03-17 10:21:56.726 [info] > git for-each-ref --format=%(refname)%00%(upstream:short)%00%(objectname) refs/heads/main refs/remotes/main [3ms]
2023-03-17 10:21:56.743 [info] > git rev-list --left-right --count main...origin/main [2ms]
2023-03-17 10:21:57.626 [info] > git status -z -uall [869ms]
2023-03-17 10:22:02.648 [warning] getRemotes() - ENOENT: no such file or directory, open '/home/mmihovilovic/--git-common-dir/config'
2023-03-17 10:22:02.667 [info] > git remote --verbose [19ms]
2023-03-17 10:22:02.670 [info] > git config --get commit.template [4ms]
2023-03-17 10:22:02.687 [info] > git for-each-ref --format=%(refname)%00%(upstream:short)%00%(objectname) refs/heads/main refs/remotes/main [2ms]
2023-03-17 10:22:02.704 [info] > git rev-list --left-right --count main...origin/main [3ms]
2023-03-17 10:22:03.584 [info] > git status -z -uall [866ms]
2023-03-17 10:22:08.607 [warning] getRemotes() - ENOENT: no such file or directory, open '/home/mmihovilovic/--git-common-dir/config'
2023-03-17 10:22:08.625 [info] > git config --get commit.template [2ms]
2023-03-17 10:22:08.626 [info] > git remote --verbose [20ms]
2023-03-17 10:22:08.645 [info] > git for-each-ref --format=%(refname)%00%(upstream:short)%00%(objectname) refs/heads/main refs/remotes/main [2ms]
2023-03-17 10:22:08.666 [info] > git rev-list --left-right --count main...origin/main [3ms]
2023-03-17 10:22:09.551 [info] > git status -z -uall [866ms]
2023-03-17 10:22:14.576 [warning] getRemotes() - ENOENT: no such file or directory, open '/home/mmihovilovic/--git-common-dir/config'
2023-03-17 10:22:14.591 [info] > git remote --verbose [16ms]
2023-03-17 10:22:14.592 [info] > git config --get commit.template [2ms]
2023-03-17 10:22:14.609 [info] > git for-each-ref --format=%(refname)%00%(upstream:short)%00%(objectname) refs/heads/main refs/remotes/main [3ms]
2023-03-17 10:22:14.625 [info] > git rev-list --left-right --count main...origin/main [2ms]
2023-03-17 10:22:15.503 [info] > git status -z -uall [863ms]
2023-03-17 10:22:20.526 [warning] getRemotes() - ENOENT: no such file or directory, open '/home/mmihovilovic/--git-common-dir/config'
2023-03-17 10:22:20.542 [info] > git remote --verbose [16ms]
2023-03-17 10:22:20.544 [info] > git config --get commit.template [4ms]
2023-03-17 10:22:20.563 [info] > git for-each-ref --format=%(refname)%00%(upstream:short)%00%(objectname) refs/heads/main refs/remotes/main [3ms]
2023-03-17 10:22:20.580 [info] > git rev-list --left-right --count main...origin/main [2ms]
2023-03-17 10:22:21.459 [info] > git status -z -uall [865ms]
2023-03-17 10:22:26.486 [warning] getRemotes() - ENOENT: no such file or directory, open '/home/mmihovilovic/--git-common-dir/config'
2023-03-17 10:22:26.507 [info] > git remote --verbose [20ms]
2023-03-17 10:22:26.508 [info] > git config --get commit.template [2ms]
2023-03-17 10:22:26.525 [info] > git for-each-ref --format=%(refname)%00%(upstream:short)%00%(objectname) refs/heads/main refs/remotes/main [2ms]
2023-03-17 10:22:26.541 [info] > git rev-list --left-right --count main...origin/main [2ms]
2023-03-17 10:22:27.424 [info] > git status -z -uall [868ms]
2023-03-17 10:22:32.447 [warning] getRemotes() - ENOENT: no such file or directory, open '/home/mmihovilovic/--git-common-dir/config'
2023-03-17 10:22:32.463 [info] > git remote --verbose [16ms]
2023-03-17 10:22:32.464 [info] > git config --get commit.template [3ms]
2023-03-17 10:22:32.480 [info] > git for-each-ref --format=%(refname)%00%(upstream:short)%00%(objectname) refs/heads/main refs/remotes/main [2ms]
2023-03-17 10:22:32.497 [info] > git rev-list --left-right --count main...origin/main [3ms]
2023-03-17 10:22:33.378 [info] > git status -z -uall [864ms]
2023-03-17 10:22:38.398 [warning] getRemotes() - ENOENT: no such file or directory, open '/home/mmihovilovic/--git-common-dir/config'
2023-03-17 10:22:38.414 [info] > git remote --verbose [16ms]
2023-03-17 10:22:38.415 [info] > git config --get commit.template [3ms]
2023-03-17 10:22:38.431 [info] > git for-each-ref --format=%(refname)%00%(upstream:short)%00%(objectname) refs/heads/main refs/remotes/main [2ms]
2023-03-17 10:22:38.449 [info] > git rev-list --left-right --count main...origin/main [3ms]
2023-03-17 10:22:39.331 [info] > git status -z -uall [867ms]
2023-03-17 10:22:44.352 [warning] getRemotes() - ENOENT: no such file or directory, open '/home/mmihovilovic/--git-common-dir/config'
2023-03-17 10:22:44.368 [info] > git remote --verbose [16ms]
2023-03-17 10:22:44.369 [info] > git config --get commit.template [3ms]
2023-03-17 10:22:44.387 [info] > git for-each-ref --format=%(refname)%00%(upstream:short)%00%(objectname) refs/heads/main refs/remotes/main [3ms]
2023-03-17 10:22:44.407 [info] > git rev-list --left-right --count main...origin/main [1ms]
2023-03-17 10:22:45.292 [info] > git status -z -uall [870ms]
2023-03-17 10:22:50.319 [warning] getRemotes() - ENOENT: no such file or directory, open '/home/mmihovilovic/--git-common-dir/config'
2023-03-17 10:22:50.336 [info] > git remote --verbose [16ms]
2023-03-17 10:22:50.336 [info] > git config --get commit.template [2ms]
2023-03-17 10:22:50.357 [info] > git for-each-ref --format=%(refname)%00%(upstream:short)%00%(objectname) refs/heads/main refs/remotes/main [3ms]
2023-03-17 10:22:50.374 [info] > git rev-list --left-right --count main...origin/main [2ms]
2023-03-17 10:22:51.256 [info] > git status -z -uall [868ms]
2023-03-17 10:22:56.277 [warning] getRemotes() - ENOENT: no such file or directory, open '/home/mmihovilovic/--git-common-dir/config'
2023-03-17 10:22:56.293 [info] > git remote --verbose [16ms]
2023-03-17 10:22:56.294 [info] > git config --get commit.template [2ms]
2023-03-17 10:22:56.313 [info] > git for-each-ref --format=%(refname)%00%(upstream:short)%00%(objectname) refs/heads/main refs/remotes/main [3ms]
2023-03-17 10:22:56.330 [info] > git rev-list --left-right --count main...origin/main [2ms]
2023-03-17 10:22:57.215 [info] > git status -z -uall [868ms]
2023-03-17 10:23:02.236 [warning] getRemotes() - ENOENT: no such file or directory, open '/home/mmihovilovic/--git-common-dir/config'
2023-03-17 10:23:02.252 [info] > git remote --verbose [16ms]
2023-03-17 10:23:02.254 [info] > git config --get commit.template [3ms]
2023-03-17 10:23:02.273 [info] > git for-each-ref --format=%(refname)%00%(upstream:short)%00%(objectname) refs/heads/main refs/remotes/main [3ms]
2023-03-17 10:23:02.290 [info] > git rev-list --left-right --count main...origin/main [2ms]
2023-03-17 10:23:03.174 [info] > git status -z -uall [869ms]
2023-03-17 10:23:08.196 [warning] getRemotes() - ENOENT: no such file or directory, open '/home/mmihovilovic/--git-common-dir/config'
2023-03-17 10:23:08.213 [info] > git remote --verbose [18ms]
2023-03-17 10:23:08.215 [info] > git config --get commit.template [4ms]
2023-03-17 10:23:08.233 [info] > git for-each-ref --format=%(refname)%00%(upstream:short)%00%(objectname) refs/heads/main refs/remotes/main [2ms]
2023-03-17 10:23:08.250 [info] > git rev-list --left-right --count main...origin/main [2ms]
2023-03-17 10:23:09.131 [info] > git status -z -uall [867ms]
2023-03-17 10:23:14.157 [warning] getRemotes() - ENOENT: no such file or directory, open '/home/mmihovilovic/--git-common-dir/config'
2023-03-17 10:23:14.175 [info] > git config --get commit.template [2ms]
2023-03-17 10:23:14.175 [info] > git remote --verbose [18ms]
2023-03-17 10:23:14.192 [info] > git for-each-ref --format=%(refname)%00%(upstream:short)%00%(objectname) refs/heads/main refs/remotes/main [2ms]
2023-03-17 10:23:14.209 [info] > git rev-list --left-right --count main...origin/main [3ms]
2023-03-17 10:23:15.089 [info] > git status -z -uall [865ms]
2023-03-17 10:23:20.110 [warning] getRemotes() - ENOENT: no such file or directory, open '/home/mmihovilovic/--git-common-dir/config'
2023-03-17 10:23:20.126 [info] > git remote --verbose [16ms]
2023-03-17 10:23:20.127 [info] > git config --get commit.template [2ms]
2023-03-17 10:23:20.144 [info] > git for-each-ref --format=%(refname)%00%(upstream:short)%00%(objectname) refs/heads/main refs/remotes/main [2ms]
2023-03-17 10:23:20.161 [info] > git rev-list --left-right --count main...origin/main [3ms]
2023-03-17 10:23:21.043 [info] > git status -z -uall [867ms]
2023-03-17 10:23:26.066 [warning] getRemotes() - ENOENT: no such file or directory, open '/home/mmihovilovic/--git-common-dir/config'
2023-03-17 10:23:26.086 [info] > git remote --verbose [21ms]
2023-03-17 10:23:26.087 [info] > git config --get commit.template [3ms]
2023-03-17 10:23:26.105 [info] > git for-each-ref --format=%(refname)%00%(upstream:short)%00%(objectname) refs/heads/main refs/remotes/main [2ms]
2023-03-17 10:23:26.127 [info] > git rev-list --left-right --count main...origin/main [3ms]
2023-03-17 10:23:27.012 [info] > git status -z -uall [865ms]
2023-03-17 10:23:32.035 [warning] getRemotes() - ENOENT: no such file or directory, open '/home/mmihovilovic/--git-common-dir/config'
2023-03-17 10:23:32.051 [info] > git remote --verbose [16ms]
2023-03-17 10:23:32.052 [info] > git config --get commit.template [2ms]
2023-03-17 10:23:32.069 [info] > git for-each-ref --format=%(refname)%00%(upstream:short)%00%(objectname) refs/heads/main refs/remotes/main [3ms]
2023-03-17 10:23:32.089 [info] > git rev-list --left-right --count main...origin/main [3ms]
2023-03-17 10:23:32.970 [info] > git status -z -uall [866ms]
2023-03-17 10:23:37.990 [warning] getRemotes() - ENOENT: no such file or directory, open '/home/mmihovilovic/--git-common-dir/config'
2023-03-17 10:23:38.006 [info] > git remote --verbose [17ms]
2023-03-17 10:23:38.007 [info] > git config --get commit.template [2ms]
2023-03-17 10:23:38.024 [info] > git for-each-ref --format=%(refname)%00%(upstream:short)%00%(objectname) refs/heads/main refs/remotes/main [3ms]
2023-03-17 10:23:38.041 [info] > git rev-list --left-right --count main...origin/main [2ms]
2023-03-17 10:23:38.920 [info] > git status -z -uall [865ms]
2023-03-17 10:23:43.947 [warning] getRemotes() - ENOENT: no such file or directory, open '/home/mmihovilovic/--git-common-dir/config'
2023-03-17 10:23:43.965 [info] > git remote --verbose [18ms]
2023-03-17 10:23:43.966 [info] > git config --get commit.template [2ms]
2023-03-17 10:23:43.983 [info] > git for-each-ref --format=%(refname)%00%(upstream:short)%00%(objectname) refs/heads/main refs/remotes/main [3ms]
2023-03-17 10:23:44.000 [info] > git rev-list --left-right --count main...origin/main [3ms]
2023-03-17 10:23:44.881 [info] > git status -z -uall [866ms]
2023-03-17 10:23:49.904 [warning] getRemotes() - ENOENT: no such file or directory, open '/home/mmihovilovic/--git-common-dir/config'
2023-03-17 10:23:49.920 [info] > git remote --verbose [16ms]
2023-03-17 10:23:49.921 [info] > git config --get commit.template [2ms]
2023-03-17 10:23:49.938 [info] > git for-each-ref --format=%(refname)%00%(upstream:short)%00%(objectname) refs/heads/main refs/remotes/main [2ms]
2023-03-17 10:23:49.955 [info] > git rev-list --left-right --count main...origin/main [2ms]
2023-03-17 10:23:50.840 [info] > git status -z -uall [867ms]
