2023-03-22 20:05:25.635 [info] Extension host with pid 31393 started
2023-03-22 20:05:25.713 [info] ExtensionService#_doActivateExtension vscode.emmet, startup: false, activationEvent: 'onLanguage'
2023-03-22 20:05:25.716 [info] ExtensionService#_doActivateExtension vscode.git-base, startup: true, activationEvent: '*', root cause: vscode.git
2023-03-22 20:05:25.764 [info] Lock '/home/mmihovilovic/.vscode-server/data/User/workspaceStorage/0a7a0945d1fa5cc71b7545ccaee6a01e/vscode.lock': Lock acquired.
2023-03-22 20:05:26.252 [info] ExtensionService#_doActivateExtension vscode.git, startup: true, activationEvent: '*'
2023-03-22 20:05:26.253 [info] ExtensionService#_doActivateExtension vscode.github, startup: true, activationEvent: '*'
2023-03-22 20:05:26.600 [info] Eager extensions activated
2023-03-22 20:05:26.600 [info] ExtensionService#_doActivateExtension vscode.debug-auto-launch, startup: false, activationEvent: 'onStartupFinished'
2023-03-22 20:05:26.601 [info] ExtensionService#_doActivateExtension vscode.merge-conflict, startup: false, activationEvent: 'onStartupFinished'
2023-03-22 20:05:26.902 [info] ExtensionService#_doActivateExtension zhang-renyang.chat-gpt, startup: false, activationEvent: 'onView:chat-gpt.view'
2023-03-22 20:05:28.558 [error] SyntaxError: Unexpected token u in JSON at position 0
    at JSON.parse (<anonymous>)
    at D (vscode-file://vscode-app/Applications/Visual%20Studio%20Code.app/Contents/Resources/app/out/vs/workbench/workbench.desktop.main.js:747:6202)
    at Qa.$postMessage (vscode-file://vscode-app/Applications/Visual%20Studio%20Code.app/Contents/Resources/app/out/vs/workbench/workbench.desktop.main.js:1566:69766)
    at m.N (vscode-file://vscode-app/Applications/Visual%20Studio%20Code.app/Contents/Resources/app/out/vs/workbench/workbench.desktop.main.js:1573:15220)
    at m.M (vscode-file://vscode-app/Applications/Visual%20Studio%20Code.app/Contents/Resources/app/out/vs/workbench/workbench.desktop.main.js:1573:14938)
    at m.H (vscode-file://vscode-app/Applications/Visual%20Studio%20Code.app/Contents/Resources/app/out/vs/workbench/workbench.desktop.main.js:1573:14031)
    at m.G (vscode-file://vscode-app/Applications/Visual%20Studio%20Code.app/Contents/Resources/app/out/vs/workbench/workbench.desktop.main.js:1573:13169)
    at vscode-file://vscode-app/Applications/Visual%20Studio%20Code.app/Contents/Resources/app/out/vs/workbench/workbench.desktop.main.js:1573:11800
    at g.invoke (vscode-file://vscode-app/Applications/Visual%20Studio%20Code.app/Contents/Resources/app/out/vs/workbench/workbench.desktop.main.js:86:145)
    at n.deliver (vscode-file://vscode-app/Applications/Visual%20Studio%20Code.app/Contents/Resources/app/out/vs/workbench/workbench.desktop.main.js:86:2066)
    at h.fire (vscode-file://vscode-app/Applications/Visual%20Studio%20Code.app/Contents/Resources/app/out/vs/workbench/workbench.desktop.main.js:86:1704)
    at a.fire (vscode-file://vscode-app/Applications/Visual%20Studio%20Code.app/Contents/Resources/app/out/vs/workbench/workbench.desktop.main.js:553:15221)
    at E (vscode-file://vscode-app/Applications/Visual%20Studio%20Code.app/Contents/Resources/app/out/vs/workbench/workbench.desktop.main.js:553:19287)
    at vscode-file://vscode-app/Applications/Visual%20Studio%20Code.app/Contents/Resources/app/out/vs/workbench/workbench.desktop.main.js:553:17275
    at g.invoke (vscode-file://vscode-app/Applications/Visual%20Studio%20Code.app/Contents/Resources/app/out/vs/workbench/workbench.desktop.main.js:86:145)
    at n.deliver (vscode-file://vscode-app/Applications/Visual%20Studio%20Code.app/Contents/Resources/app/out/vs/workbench/workbench.desktop.main.js:86:2066)
    at h.fire (vscode-file://vscode-app/Applications/Visual%20Studio%20Code.app/Contents/Resources/app/out/vs/workbench/workbench.desktop.main.js:86:1704)
    at f.acceptChunk (vscode-file://vscode-app/Applications/Visual%20Studio%20Code.app/Contents/Resources/app/out/vs/workbench/workbench.desktop.main.js:553:12952)
    at vscode-file://vscode-app/Applications/Visual%20Studio%20Code.app/Contents/Resources/app/out/vs/workbench/workbench.desktop.main.js:553:12239
    at vscode-file://vscode-app/Applications/Visual%20Studio%20Code.app/Contents/Resources/app/out/vs/workbench/workbench.desktop.main.js:642:38972
    at g.invoke (vscode-file://vscode-app/Applications/Visual%20Studio%20Code.app/Contents/Resources/app/out/vs/workbench/workbench.desktop.main.js:86:145)
    at n.deliver (vscode-file://vscode-app/Applications/Visual%20Studio%20Code.app/Contents/Resources/app/out/vs/workbench/workbench.desktop.main.js:86:2066)
    at h.fire (vscode-file://vscode-app/Applications/Visual%20Studio%20Code.app/Contents/Resources/app/out/vs/workbench/workbench.desktop.main.js:86:1704)
    at i.onload (vscode-file://vscode-app/Applications/Visual%20Studio%20Code.app/Contents/Resources/app/out/vs/workbench/workbench.desktop.main.js:642:37239)
2023-03-22 20:05:30.852 [warning] [Decorations] CAPPING events from decorations provider vscode.git 391
2023-03-22 20:05:35.121 [warning] [Decorations] CAPPING events from decorations provider vscode.git 391
2023-03-22 20:05:40.897 [warning] [Decorations] CAPPING events from decorations provider vscode.git 391
2023-03-22 20:05:49.947 [warning] [Decorations] CAPPING events from decorations provider vscode.git 391
2023-03-22 20:05:59.000 [warning] [Decorations] CAPPING events from decorations provider vscode.git 391
2023-03-22 20:06:08.042 [warning] [Decorations] CAPPING events from decorations provider vscode.git 391
2023-03-22 20:06:17.101 [warning] [Decorations] CAPPING events from decorations provider vscode.git 391
2023-03-22 20:06:26.137 [warning] [Decorations] CAPPING events from decorations provider vscode.git 391
2023-03-22 20:06:35.188 [warning] [Decorations] CAPPING events from decorations provider vscode.git 391
2023-03-22 20:06:43.005 [info] ExtensionService#_doActivateExtension ms-vscode.cpptools, startup: false, activationEvent: 'onLanguage:cpp'
2023-03-22 20:06:44.260 [warning] [Decorations] CAPPING events from decorations provider vscode.git 392
2023-03-22 20:06:48.464 [warning] DiagnosticCollection with name 'C/C++' does already exist.
2023-03-22 20:06:53.330 [warning] [Decorations] CAPPING events from decorations provider vscode.git 392
2023-03-22 20:07:02.392 [warning] [Decorations] CAPPING events from decorations provider vscode.git 390
2023-03-22 20:07:11.456 [warning] [Decorations] CAPPING events from decorations provider vscode.git 390
2023-03-22 20:07:20.543 [warning] [Decorations] CAPPING events from decorations provider vscode.git 390
2023-03-22 20:07:29.610 [warning] [Decorations] CAPPING events from decorations provider vscode.git 390
2023-03-22 20:07:38.694 [warning] [Decorations] CAPPING events from decorations provider vscode.git 390
2023-03-22 20:07:47.756 [warning] [Decorations] CAPPING events from decorations provider vscode.git 390
2023-03-22 20:07:56.819 [warning] [Decorations] CAPPING events from decorations provider vscode.git 390
2023-03-22 20:08:05.892 [warning] [Decorations] CAPPING events from decorations provider vscode.git 390
2023-03-22 20:08:14.964 [warning] [Decorations] CAPPING events from decorations provider vscode.git 390
2023-03-22 20:08:24.031 [warning] [Decorations] CAPPING events from decorations provider vscode.git 390
2023-03-22 20:08:33.111 [warning] [Decorations] CAPPING events from decorations provider vscode.git 390
2023-03-22 20:08:42.188 [warning] [Decorations] CAPPING events from decorations provider vscode.git 390
2023-03-22 20:08:51.262 [warning] [Decorations] CAPPING events from decorations provider vscode.git 390
2023-03-22 20:09:00.342 [warning] [Decorations] CAPPING events from decorations provider vscode.git 390
2023-03-22 20:09:09.395 [warning] [Decorations] CAPPING events from decorations provider vscode.git 390
2023-03-22 20:09:18.449 [warning] [Decorations] CAPPING events from decorations provider vscode.git 390
2023-03-22 20:09:27.524 [warning] [Decorations] CAPPING events from decorations provider vscode.git 390
2023-03-22 20:09:36.582 [warning] [Decorations] CAPPING events from decorations provider vscode.git 390
2023-03-22 20:09:45.664 [warning] [Decorations] CAPPING events from decorations provider vscode.git 390
2023-03-22 20:09:54.805 [warning] [Decorations] CAPPING events from decorations provider vscode.git 390
2023-03-22 20:10:03.880 [warning] [Decorations] CAPPING events from decorations provider vscode.git 390
2023-03-22 20:10:12.938 [warning] [Decorations] CAPPING events from decorations provider vscode.git 390
2023-03-22 20:10:22.012 [warning] [Decorations] CAPPING events from decorations provider vscode.git 390
2023-03-22 20:10:31.078 [warning] [Decorations] CAPPING events from decorations provider vscode.git 390
2023-03-22 20:10:40.146 [warning] [Decorations] CAPPING events from decorations provider vscode.git 390
2023-03-22 20:10:49.222 [warning] [Decorations] CAPPING events from decorations provider vscode.git 392
2023-03-22 20:10:58.283 [warning] [Decorations] CAPPING events from decorations provider vscode.git 393
2023-03-22 20:11:07.367 [warning] [Decorations] CAPPING events from decorations provider vscode.git 393
2023-03-22 20:11:16.431 [warning] [Decorations] CAPPING events from decorations provider vscode.git 393
2023-03-22 20:11:25.496 [warning] [Decorations] CAPPING events from decorations provider vscode.git 393
2023-03-22 20:11:34.559 [warning] [Decorations] CAPPING events from decorations provider vscode.git 393
2023-03-22 20:11:43.615 [warning] [Decorations] CAPPING events from decorations provider vscode.git 393
2023-03-22 20:11:52.670 [warning] [Decorations] CAPPING events from decorations provider vscode.git 393
2023-03-22 20:12:01.740 [warning] [Decorations] CAPPING events from decorations provider vscode.git 393
2023-03-22 20:12:10.793 [warning] [Decorations] CAPPING events from decorations provider vscode.git 393
2023-03-22 20:12:19.873 [warning] [Decorations] CAPPING events from decorations provider vscode.git 393
2023-03-22 20:12:28.944 [warning] [Decorations] CAPPING events from decorations provider vscode.git 393
2023-03-22 20:12:38.008 [warning] [Decorations] CAPPING events from decorations provider vscode.git 393
2023-03-22 20:12:47.087 [warning] [Decorations] CAPPING events from decorations provider vscode.git 393
2023-03-22 20:12:56.145 [warning] [Decorations] CAPPING events from decorations provider vscode.git 393
2023-03-22 20:13:05.226 [warning] [Decorations] CAPPING events from decorations provider vscode.git 393
2023-03-22 20:13:14.309 [warning] [Decorations] CAPPING events from decorations provider vscode.git 393
2023-03-22 20:13:23.377 [warning] [Decorations] CAPPING events from decorations provider vscode.git 393
2023-03-22 20:13:32.455 [warning] [Decorations] CAPPING events from decorations provider vscode.git 393
2023-03-22 20:13:41.550 [warning] [Decorations] CAPPING events from decorations provider vscode.git 393
2023-03-22 20:13:50.605 [warning] [Decorations] CAPPING events from decorations provider vscode.git 394
2023-03-22 20:13:59.676 [warning] [Decorations] CAPPING events from decorations provider vscode.git 394
2023-03-22 20:14:08.736 [warning] [Decorations] CAPPING events from decorations provider vscode.git 394
2023-03-22 20:14:17.808 [warning] [Decorations] CAPPING events from decorations provider vscode.git 394
2023-03-22 20:16:24.389 [warning] [Decorations] CAPPING events from decorations provider vscode.git 394
2023-03-22 20:16:33.447 [warning] [Decorations] CAPPING events from decorations provider vscode.git 394
2023-03-22 20:16:43.821 [warning] [Decorations] CAPPING events from decorations provider vscode.git 394
2023-03-22 20:16:52.891 [warning] [Decorations] CAPPING events from decorations provider vscode.git 394
2023-03-22 20:17:01.949 [warning] [Decorations] CAPPING events from decorations provider vscode.git 394
2023-03-22 20:17:11.041 [warning] [Decorations] CAPPING events from decorations provider vscode.git 395
2023-03-22 20:17:22.515 [warning] [Decorations] CAPPING events from decorations provider vscode.git 395
2023-03-22 20:17:31.599 [warning] [Decorations] CAPPING events from decorations provider vscode.git 395
2023-03-22 20:17:40.659 [warning] [Decorations] CAPPING events from decorations provider vscode.git 395
2023-03-22 20:17:49.736 [warning] [Decorations] CAPPING events from decorations provider vscode.git 395
2023-03-22 20:17:58.797 [warning] [Decorations] CAPPING events from decorations provider vscode.git 395
2023-03-22 20:18:07.865 [warning] [Decorations] CAPPING events from decorations provider vscode.git 395
2023-03-22 20:18:16.988 [warning] [Decorations] CAPPING events from decorations provider vscode.git 395
2023-03-22 20:18:26.079 [warning] [Decorations] CAPPING events from decorations provider vscode.git 395
2023-03-22 20:18:35.154 [warning] [Decorations] CAPPING events from decorations provider vscode.git 395
2023-03-22 20:18:44.211 [warning] [Decorations] CAPPING events from decorations provider vscode.git 395
2023-03-22 20:18:53.287 [warning] [Decorations] CAPPING events from decorations provider vscode.git 395
2023-03-22 20:19:02.353 [warning] [Decorations] CAPPING events from decorations provider vscode.git 395
2023-03-22 20:19:11.412 [warning] [Decorations] CAPPING events from decorations provider vscode.git 395
2023-03-22 20:19:20.471 [warning] [Decorations] CAPPING events from decorations provider vscode.git 395
2023-03-22 20:19:29.535 [warning] [Decorations] CAPPING events from decorations provider vscode.git 395
2023-03-22 20:19:38.590 [warning] [Decorations] CAPPING events from decorations provider vscode.git 395
2023-03-22 20:19:47.674 [warning] [Decorations] CAPPING events from decorations provider vscode.git 395
2023-03-22 20:19:56.720 [warning] [Decorations] CAPPING events from decorations provider vscode.git 395
2023-03-22 20:20:05.814 [warning] [Decorations] CAPPING events from decorations provider vscode.git 395
2023-03-22 20:20:14.883 [warning] [Decorations] CAPPING events from decorations provider vscode.git 395
2023-03-22 20:20:23.958 [warning] [Decorations] CAPPING events from decorations provider vscode.git 395
2023-03-22 20:20:36.919 [warning] [Decorations] CAPPING events from decorations provider vscode.git 395
2023-03-22 20:20:45.980 [warning] [Decorations] CAPPING events from decorations provider vscode.git 395
2023-03-22 20:20:55.039 [warning] [Decorations] CAPPING events from decorations provider vscode.git 395
2023-03-22 20:21:04.121 [warning] [Decorations] CAPPING events from decorations provider vscode.git 395
2023-03-22 20:21:13.181 [warning] [Decorations] CAPPING events from decorations provider vscode.git 395
2023-03-22 20:21:22.245 [warning] [Decorations] CAPPING events from decorations provider vscode.git 395
2023-03-22 20:21:31.310 [warning] [Decorations] CAPPING events from decorations provider vscode.git 395
2023-03-22 20:21:40.361 [warning] [Decorations] CAPPING events from decorations provider vscode.git 395
2023-03-22 20:21:49.413 [warning] [Decorations] CAPPING events from decorations provider vscode.git 395
2023-03-22 20:21:58.485 [warning] [Decorations] CAPPING events from decorations provider vscode.git 395
2023-03-22 20:22:07.562 [warning] [Decorations] CAPPING events from decorations provider vscode.git 395
2023-03-22 20:22:16.624 [warning] [Decorations] CAPPING events from decorations provider vscode.git 395
2023-03-22 20:22:25.674 [warning] [Decorations] CAPPING events from decorations provider vscode.git 395
2023-03-22 20:22:34.731 [warning] [Decorations] CAPPING events from decorations provider vscode.git 395
2023-03-22 20:22:43.783 [warning] [Decorations] CAPPING events from decorations provider vscode.git 395
2023-03-22 20:22:52.854 [warning] [Decorations] CAPPING events from decorations provider vscode.git 395
2023-03-22 20:23:01.919 [warning] [Decorations] CAPPING events from decorations provider vscode.git 395
2023-03-22 20:23:10.974 [warning] [Decorations] CAPPING events from decorations provider vscode.git 395
2023-03-22 20:23:20.087 [warning] [Decorations] CAPPING events from decorations provider vscode.git 395
2023-03-22 20:23:29.159 [warning] [Decorations] CAPPING events from decorations provider vscode.git 395
2023-03-22 20:23:38.234 [warning] [Decorations] CAPPING events from decorations provider vscode.git 395
2023-03-22 20:23:47.302 [warning] [Decorations] CAPPING events from decorations provider vscode.git 395
2023-03-22 20:23:56.375 [warning] [Decorations] CAPPING events from decorations provider vscode.git 395
2023-03-22 20:24:05.446 [warning] [Decorations] CAPPING events from decorations provider vscode.git 395
2023-03-22 20:24:14.536 [warning] [Decorations] CAPPING events from decorations provider vscode.git 395
2023-03-22 20:24:23.607 [warning] [Decorations] CAPPING events from decorations provider vscode.git 395
2023-03-22 20:24:32.676 [warning] [Decorations] CAPPING events from decorations provider vscode.git 395
2023-03-22 20:24:41.764 [warning] [Decorations] CAPPING events from decorations provider vscode.git 395
2023-03-22 20:24:50.849 [warning] [Decorations] CAPPING events from decorations provider vscode.git 395
2023-03-22 20:24:59.931 [warning] [Decorations] CAPPING events from decorations provider vscode.git 395
2023-03-22 20:25:09.068 [warning] [Decorations] CAPPING events from decorations provider vscode.git 395
2023-03-22 20:25:18.132 [warning] [Decorations] CAPPING events from decorations provider vscode.git 395
2023-03-22 20:25:27.236 [warning] [Decorations] CAPPING events from decorations provider vscode.git 395
2023-03-22 20:25:36.319 [warning] [Decorations] CAPPING events from decorations provider vscode.git 395
2023-03-22 20:25:45.404 [warning] [Decorations] CAPPING events from decorations provider vscode.git 395
2023-03-22 20:25:54.490 [warning] [Decorations] CAPPING events from decorations provider vscode.git 395
2023-03-22 20:26:03.580 [warning] [Decorations] CAPPING events from decorations provider vscode.git 395
2023-03-22 20:26:12.648 [warning] [Decorations] CAPPING events from decorations provider vscode.git 395
2023-03-22 20:27:08.329 [warning] [Decorations] CAPPING events from decorations provider vscode.git 395
2023-03-22 20:27:17.404 [warning] [Decorations] CAPPING events from decorations provider vscode.git 395
2023-03-22 20:27:26.655 [warning] [Decorations] CAPPING events from decorations provider vscode.git 395
2023-03-22 20:27:37.528 [warning] [Decorations] CAPPING events from decorations provider vscode.git 395
2023-03-22 20:27:46.603 [warning] [Decorations] CAPPING events from decorations provider vscode.git 395
2023-03-22 20:27:55.681 [warning] [Decorations] CAPPING events from decorations provider vscode.git 395
2023-03-22 20:28:04.767 [warning] [Decorations] CAPPING events from decorations provider vscode.git 395
2023-03-22 20:28:13.839 [warning] [Decorations] CAPPING events from decorations provider vscode.git 395
2023-03-22 20:28:23.588 [warning] [Decorations] CAPPING events from decorations provider vscode.git 395
2023-03-22 20:28:32.654 [warning] [Decorations] CAPPING events from decorations provider vscode.git 395
2023-03-22 20:28:43.250 [warning] [Decorations] CAPPING events from decorations provider vscode.git 395
2023-03-22 20:28:52.334 [warning] [Decorations] CAPPING events from decorations provider vscode.git 395
2023-03-22 20:29:01.415 [warning] [Decorations] CAPPING events from decorations provider vscode.git 395
2023-03-22 20:29:10.482 [warning] [Decorations] CAPPING events from decorations provider vscode.git 395
2023-03-22 20:29:19.559 [warning] [Decorations] CAPPING events from decorations provider vscode.git 395
2023-03-22 20:29:28.628 [warning] [Decorations] CAPPING events from decorations provider vscode.git 395
2023-03-22 20:29:37.701 [warning] [Decorations] CAPPING events from decorations provider vscode.git 395
2023-03-22 20:29:46.769 [warning] [Decorations] CAPPING events from decorations provider vscode.git 395
2023-03-22 20:29:55.842 [warning] [Decorations] CAPPING events from decorations provider vscode.git 395
2023-03-22 20:30:11.044 [warning] [Decorations] CAPPING events from decorations provider vscode.git 395
2023-03-22 20:30:20.818 [warning] [Decorations] CAPPING events from decorations provider vscode.git 395
2023-03-22 20:30:29.898 [warning] [Decorations] CAPPING events from decorations provider vscode.git 395
2023-03-22 20:30:41.071 [warning] [Decorations] CAPPING events from decorations provider vscode.git 395
2023-03-22 20:30:52.525 [warning] [Decorations] CAPPING events from decorations provider vscode.git 395
2023-03-22 20:31:01.606 [warning] [Decorations] CAPPING events from decorations provider vscode.git 395
2023-03-22 20:31:10.679 [warning] [Decorations] CAPPING events from decorations provider vscode.git 395
2023-03-22 20:31:19.747 [warning] [Decorations] CAPPING events from decorations provider vscode.git 395
2023-03-22 20:31:28.842 [warning] [Decorations] CAPPING events from decorations provider vscode.git 395
2023-03-22 20:31:37.950 [warning] [Decorations] CAPPING events from decorations provider vscode.git 395
2023-03-22 20:31:47.019 [warning] [Decorations] CAPPING events from decorations provider vscode.git 395
2023-03-22 20:31:56.096 [warning] [Decorations] CAPPING events from decorations provider vscode.git 395
2023-03-22 20:32:05.179 [warning] [Decorations] CAPPING events from decorations provider vscode.git 395
2023-03-22 20:32:14.258 [warning] [Decorations] CAPPING events from decorations provider vscode.git 395
2023-03-22 20:32:23.328 [warning] [Decorations] CAPPING events from decorations provider vscode.git 395
2023-03-22 20:32:32.414 [warning] [Decorations] CAPPING events from decorations provider vscode.git 395
2023-03-22 20:32:41.474 [warning] [Decorations] CAPPING events from decorations provider vscode.git 395
2023-03-22 20:32:50.541 [warning] [Decorations] CAPPING events from decorations provider vscode.git 395
2023-03-22 20:32:59.612 [warning] [Decorations] CAPPING events from decorations provider vscode.git 395
2023-03-22 20:33:08.674 [warning] [Decorations] CAPPING events from decorations provider vscode.git 395
2023-03-22 20:33:17.749 [warning] [Decorations] CAPPING events from decorations provider vscode.git 395
2023-03-22 20:33:26.833 [warning] [Decorations] CAPPING events from decorations provider vscode.git 395
2023-03-22 20:33:35.903 [warning] [Decorations] CAPPING events from decorations provider vscode.git 395
2023-03-22 20:33:44.963 [warning] [Decorations] CAPPING events from decorations provider vscode.git 395
2023-03-22 20:33:54.036 [warning] [Decorations] CAPPING events from decorations provider vscode.git 395
2023-03-22 20:34:03.102 [warning] [Decorations] CAPPING events from decorations provider vscode.git 395
2023-03-22 20:34:12.199 [warning] [Decorations] CAPPING events from decorations provider vscode.git 395
2023-03-22 20:34:21.270 [warning] [Decorations] CAPPING events from decorations provider vscode.git 395
2023-03-22 20:34:30.346 [warning] [Decorations] CAPPING events from decorations provider vscode.git 395
2023-03-22 20:34:39.427 [warning] [Decorations] CAPPING events from decorations provider vscode.git 395
2023-03-22 20:34:48.499 [warning] [Decorations] CAPPING events from decorations provider vscode.git 395
2023-03-22 20:34:57.583 [warning] [Decorations] CAPPING events from decorations provider vscode.git 395
2023-03-22 20:35:06.667 [warning] [Decorations] CAPPING events from decorations provider vscode.git 395
2023-03-22 20:35:15.744 [warning] [Decorations] CAPPING events from decorations provider vscode.git 395
2023-03-22 20:35:24.824 [warning] [Decorations] CAPPING events from decorations provider vscode.git 395
2023-03-22 20:35:33.909 [warning] [Decorations] CAPPING events from decorations provider vscode.git 395
2023-03-22 20:35:42.997 [warning] [Decorations] CAPPING events from decorations provider vscode.git 395
2023-03-22 20:35:52.042 [warning] [Decorations] CAPPING events from decorations provider vscode.git 395
2023-03-22 20:36:01.098 [warning] [Decorations] CAPPING events from decorations provider vscode.git 395
2023-03-22 20:36:10.165 [warning] [Decorations] CAPPING events from decorations provider vscode.git 395
2023-03-22 20:36:19.236 [warning] [Decorations] CAPPING events from decorations provider vscode.git 395
2023-03-22 20:36:28.309 [warning] [Decorations] CAPPING events from decorations provider vscode.git 395
2023-03-22 20:36:37.371 [warning] [Decorations] CAPPING events from decorations provider vscode.git 395
2023-03-22 20:36:46.427 [warning] [Decorations] CAPPING events from decorations provider vscode.git 395
2023-03-22 20:36:55.498 [warning] [Decorations] CAPPING events from decorations provider vscode.git 395
2023-03-22 20:37:04.573 [warning] [Decorations] CAPPING events from decorations provider vscode.git 395
2023-03-22 20:37:13.642 [warning] [Decorations] CAPPING events from decorations provider vscode.git 395
2023-03-22 20:37:22.749 [warning] [Decorations] CAPPING events from decorations provider vscode.git 395
2023-03-22 20:37:31.826 [warning] [Decorations] CAPPING events from decorations provider vscode.git 395
2023-03-22 20:37:40.898 [warning] [Decorations] CAPPING events from decorations provider vscode.git 395
2023-03-22 20:37:49.982 [warning] [Decorations] CAPPING events from decorations provider vscode.git 395
2023-03-22 20:37:59.031 [warning] [Decorations] CAPPING events from decorations provider vscode.git 395
2023-03-22 20:38:08.084 [warning] [Decorations] CAPPING events from decorations provider vscode.git 395
2023-03-22 20:38:17.177 [warning] [Decorations] CAPPING events from decorations provider vscode.git 395
2023-03-22 20:38:26.241 [warning] [Decorations] CAPPING events from decorations provider vscode.git 395
2023-03-22 20:38:35.295 [warning] [Decorations] CAPPING events from decorations provider vscode.git 395
2023-03-22 20:38:44.373 [warning] [Decorations] CAPPING events from decorations provider vscode.git 395
2023-03-22 20:38:53.422 [warning] [Decorations] CAPPING events from decorations provider vscode.git 395
2023-03-22 20:38:56.209 [info] ExtensionService#_doActivateExtension vscode.npm, startup: false, activationEvent: 'onTerminalQuickFixRequest:ms-vscode.npm-command'
2023-03-22 20:39:02.531 [warning] [Decorations] CAPPING events from decorations provider vscode.git 395
2023-03-22 20:39:11.610 [warning] [Decorations] CAPPING events from decorations provider vscode.git 395
2023-03-22 20:39:20.672 [warning] [Decorations] CAPPING events from decorations provider vscode.git 395
2023-03-22 20:39:29.749 [warning] [Decorations] CAPPING events from decorations provider vscode.git 395
2023-03-22 20:39:38.832 [warning] [Decorations] CAPPING events from decorations provider vscode.git 395
2023-03-22 20:39:47.908 [warning] [Decorations] CAPPING events from decorations provider vscode.git 395
2023-03-22 20:39:57.010 [warning] [Decorations] CAPPING events from decorations provider vscode.git 395
2023-03-22 20:40:06.105 [warning] [Decorations] CAPPING events from decorations provider vscode.git 395
2023-03-22 20:40:15.165 [warning] [Decorations] CAPPING events from decorations provider vscode.git 395
2023-03-22 20:40:24.240 [warning] [Decorations] CAPPING events from decorations provider vscode.git 395
2023-03-22 20:40:33.304 [warning] [Decorations] CAPPING events from decorations provider vscode.git 395
2023-03-22 20:40:42.396 [warning] [Decorations] CAPPING events from decorations provider vscode.git 395
2023-03-22 20:40:51.470 [warning] [Decorations] CAPPING events from decorations provider vscode.git 395
2023-03-22 20:41:00.542 [warning] [Decorations] CAPPING events from decorations provider vscode.git 395
2023-03-22 20:41:09.603 [warning] [Decorations] CAPPING events from decorations provider vscode.git 395
2023-03-22 20:41:18.735 [warning] [Decorations] CAPPING events from decorations provider vscode.git 395
2023-03-22 20:41:27.805 [warning] [Decorations] CAPPING events from decorations provider vscode.git 395
2023-03-22 20:41:36.906 [warning] [Decorations] CAPPING events from decorations provider vscode.git 395
2023-03-22 20:41:45.962 [warning] [Decorations] CAPPING events from decorations provider vscode.git 395
2023-03-22 20:41:55.031 [warning] [Decorations] CAPPING events from decorations provider vscode.git 395
2023-03-22 20:42:04.090 [warning] [Decorations] CAPPING events from decorations provider vscode.git 395
2023-03-22 20:42:13.150 [warning] [Decorations] CAPPING events from decorations provider vscode.git 395
2023-03-22 20:42:22.220 [warning] [Decorations] CAPPING events from decorations provider vscode.git 395
2023-03-22 20:42:31.288 [warning] [Decorations] CAPPING events from decorations provider vscode.git 395
2023-03-22 20:42:40.348 [warning] [Decorations] CAPPING events from decorations provider vscode.git 395
2023-03-22 20:42:49.406 [warning] [Decorations] CAPPING events from decorations provider vscode.git 395
2023-03-22 20:42:58.477 [warning] [Decorations] CAPPING events from decorations provider vscode.git 395
2023-03-22 20:43:07.553 [warning] [Decorations] CAPPING events from decorations provider vscode.git 395
2023-03-22 20:43:16.620 [warning] [Decorations] CAPPING events from decorations provider vscode.git 395
2023-03-22 20:43:25.694 [warning] [Decorations] CAPPING events from decorations provider vscode.git 395
2023-03-22 20:43:34.765 [warning] [Decorations] CAPPING events from decorations provider vscode.git 395
2023-03-22 20:43:43.827 [warning] [Decorations] CAPPING events from decorations provider vscode.git 395
2023-03-22 20:43:52.911 [warning] [Decorations] CAPPING events from decorations provider vscode.git 395
2023-03-22 20:44:01.968 [warning] [Decorations] CAPPING events from decorations provider vscode.git 395
2023-03-22 20:44:11.032 [warning] [Decorations] CAPPING events from decorations provider vscode.git 395
2023-03-22 20:44:20.121 [warning] [Decorations] CAPPING events from decorations provider vscode.git 395
2023-03-22 20:44:29.185 [warning] [Decorations] CAPPING events from decorations provider vscode.git 395
2023-03-22 20:44:38.260 [warning] [Decorations] CAPPING events from decorations provider vscode.git 395
2023-03-22 20:44:47.322 [warning] [Decorations] CAPPING events from decorations provider vscode.git 395
2023-03-22 20:44:56.386 [warning] [Decorations] CAPPING events from decorations provider vscode.git 395
2023-03-22 20:45:05.439 [warning] [Decorations] CAPPING events from decorations provider vscode.git 395
2023-03-22 20:45:14.512 [warning] [Decorations] CAPPING events from decorations provider vscode.git 395
2023-03-22 20:45:23.596 [warning] [Decorations] CAPPING events from decorations provider vscode.git 395
2023-03-22 20:45:32.665 [warning] [Decorations] CAPPING events from decorations provider vscode.git 395
2023-03-22 20:45:41.729 [warning] [Decorations] CAPPING events from decorations provider vscode.git 395
2023-03-22 20:45:50.813 [warning] [Decorations] CAPPING events from decorations provider vscode.git 395
2023-03-22 20:45:59.869 [warning] [Decorations] CAPPING events from decorations provider vscode.git 395
2023-03-22 20:46:08.936 [warning] [Decorations] CAPPING events from decorations provider vscode.git 395
2023-03-22 20:46:18.011 [warning] [Decorations] CAPPING events from decorations provider vscode.git 395
2023-03-22 20:46:27.071 [warning] [Decorations] CAPPING events from decorations provider vscode.git 395
2023-03-22 20:46:36.141 [warning] [Decorations] CAPPING events from decorations provider vscode.git 395
2023-03-22 20:46:45.209 [warning] [Decorations] CAPPING events from decorations provider vscode.git 395
2023-03-22 20:46:54.272 [warning] [Decorations] CAPPING events from decorations provider vscode.git 395
2023-03-22 20:47:03.434 [warning] [Decorations] CAPPING events from decorations provider vscode.git 395
2023-03-22 20:47:12.534 [warning] [Decorations] CAPPING events from decorations provider vscode.git 395
2023-03-22 20:47:21.619 [warning] [Decorations] CAPPING events from decorations provider vscode.git 395
2023-03-22 20:47:30.707 [warning] [Decorations] CAPPING events from decorations provider vscode.git 395
2023-03-22 20:47:39.810 [warning] [Decorations] CAPPING events from decorations provider vscode.git 395
2023-03-22 20:47:48.881 [warning] [Decorations] CAPPING events from decorations provider vscode.git 395
2023-03-22 20:47:58.007 [warning] [Decorations] CAPPING events from decorations provider vscode.git 395
2023-03-22 20:48:07.098 [warning] [Decorations] CAPPING events from decorations provider vscode.git 395
2023-03-22 20:48:16.164 [warning] [Decorations] CAPPING events from decorations provider vscode.git 395
2023-03-22 20:48:25.220 [warning] [Decorations] CAPPING events from decorations provider vscode.git 395
2023-03-22 20:48:34.282 [warning] [Decorations] CAPPING events from decorations provider vscode.git 395
2023-03-22 20:48:43.331 [warning] [Decorations] CAPPING events from decorations provider vscode.git 395
2023-03-22 20:48:52.396 [warning] [Decorations] CAPPING events from decorations provider vscode.git 395
2023-03-22 20:49:01.487 [warning] [Decorations] CAPPING events from decorations provider vscode.git 395
2023-03-22 20:49:10.559 [warning] [Decorations] CAPPING events from decorations provider vscode.git 395
2023-03-22 20:49:19.639 [warning] [Decorations] CAPPING events from decorations provider vscode.git 395
2023-03-22 20:49:28.698 [warning] [Decorations] CAPPING events from decorations provider vscode.git 395
2023-03-22 20:49:37.779 [warning] [Decorations] CAPPING events from decorations provider vscode.git 395
2023-03-22 20:49:46.884 [warning] [Decorations] CAPPING events from decorations provider vscode.git 395
2023-03-22 20:49:53.460 [info] Extension host terminating: received terminate message from renderer
2023-03-22 20:49:53.462 [info] Lock '/home/mmihovilovic/.vscode-server/data/User/workspaceStorage/0a7a0945d1fa5cc71b7545ccaee6a01e/vscode.lock': Marking the lockfile as scheduled to be released in 6000 ms.
2023-03-22 20:49:53.517 [error] Canceled: Canceled
	at new l (/home/mmihovilovic/.vscode-server/bin/ee2b180d582a7f601fa6ecfdad8d9fd269ab1884/out/vs/workbench/api/node/extensionHostProcess.js:96:88793)
	at a.O (/home/mmihovilovic/.vscode-server/bin/ee2b180d582a7f601fa6ecfdad8d9fd269ab1884/out/vs/workbench/api/node/extensionHostProcess.js:106:11260)
	at Proxy.V.<computed>.Q.charCodeAt.V.<computed> (/home/mmihovilovic/.vscode-server/bin/ee2b180d582a7f601fa6ecfdad8d9fd269ab1884/out/vs/workbench/api/node/extensionHostProcess.js:106:8550)
	at c.g (/home/mmihovilovic/.vscode-server/bin/ee2b180d582a7f601fa6ecfdad8d9fd269ab1884/out/vs/workbench/api/node/extensionHostProcess.js:96:108198)
	at c.executeCommand (/home/mmihovilovic/.vscode-server/bin/ee2b180d582a7f601fa6ecfdad8d9fd269ab1884/out/vs/workbench/api/node/extensionHostProcess.js:96:107574)
	at N.registerCommand.description (/home/mmihovilovic/.vscode-server/bin/ee2b180d582a7f601fa6ecfdad8d9fd269ab1884/out/vs/workbench/api/node/extensionHostProcess.js:96:106867)
	at c.h (/home/mmihovilovic/.vscode-server/bin/ee2b180d582a7f601fa6ecfdad8d9fd269ab1884/out/vs/workbench/api/node/extensionHostProcess.js:96:108784)
	at c.g (/home/mmihovilovic/.vscode-server/bin/ee2b180d582a7f601fa6ecfdad8d9fd269ab1884/out/vs/workbench/api/node/extensionHostProcess.js:96:107674)
	at c.executeCommand (/home/mmihovilovic/.vscode-server/bin/ee2b180d582a7f601fa6ecfdad8d9fd269ab1884/out/vs/workbench/api/node/extensionHostProcess.js:96:107574)
	at Object.executeCommand (/home/mmihovilovic/.vscode-server/bin/ee2b180d582a7f601fa6ecfdad8d9fd269ab1884/out/vs/workbench/api/node/extensionHostProcess.js:117:30781)
	at D (/home/mmihovilovic/.vscode-server/bin/ee2b180d582a7f601fa6ecfdad8d9fd269ab1884/extensions/git/dist/main.js:2:1467127)
	at f.invoke (/home/mmihovilovic/.vscode-server/bin/ee2b180d582a7f601fa6ecfdad8d9fd269ab1884/out/vs/workbench/api/node/extensionHostProcess.js:63:145)
	at m.deliver (/home/mmihovilovic/.vscode-server/bin/ee2b180d582a7f601fa6ecfdad8d9fd269ab1884/out/vs/workbench/api/node/extensionHostProcess.js:63:2066)
	at d.fire (/home/mmihovilovic/.vscode-server/bin/ee2b180d582a7f601fa6ecfdad8d9fd269ab1884/out/vs/workbench/api/node/extensionHostProcess.js:63:1704)
	at Object.m [as dispose] (/home/mmihovilovic/.vscode-server/bin/ee2b180d582a7f601fa6ecfdad8d9fd269ab1884/extensions/git/dist/main.js:2:1481856)
	at /home/mmihovilovic/.vscode-server/bin/ee2b180d582a7f601fa6ecfdad8d9fd269ab1884/extensions/git/dist/main.js:2:1485923
	at Array.forEach (<anonymous>)
	at g.dispose (/home/mmihovilovic/.vscode-server/bin/ee2b180d582a7f601fa6ecfdad8d9fd269ab1884/extensions/git/dist/main.js:2:1485909)
	at D.<anonymous> (/home/mmihovilovic/.vscode-server/bin/ee2b180d582a7f601fa6ecfdad8d9fd269ab1884/out/vs/workbench/api/node/extensionHostProcess.js:94:12431)
	at D.dispose (/home/mmihovilovic/.vscode-server/bin/ee2b180d582a7f601fa6ecfdad8d9fd269ab1884/out/vs/workbench/api/node/extensionHostProcess.js:94:12566)
	at D.<anonymous> (/home/mmihovilovic/.vscode-server/bin/ee2b180d582a7f601fa6ecfdad8d9fd269ab1884/extensions/git/dist/main.js:2:1469257)
	at D.dispose (/home/mmihovilovic/.vscode-server/bin/ee2b180d582a7f601fa6ecfdad8d9fd269ab1884/out/vs/workbench/api/node/extensionHostProcess.js:94:12566)
	at k (/home/mmihovilovic/.vscode-server/bin/ee2b180d582a7f601fa6ecfdad8d9fd269ab1884/out/vs/workbench/api/node/extensionHostProcess.js:10:12074)
	at f.X (/home/mmihovilovic/.vscode-server/bin/ee2b180d582a7f601fa6ecfdad8d9fd269ab1884/out/vs/workbench/api/node/extensionHostProcess.js:108:11284)
	at /home/mmihovilovic/.vscode-server/bin/ee2b180d582a7f601fa6ecfdad8d9fd269ab1884/out/vs/workbench/api/node/extensionHostProcess.js:108:9088
	at Array.map (<anonymous>)
	at f.Q (/home/mmihovilovic/.vscode-server/bin/ee2b180d582a7f601fa6ecfdad8d9fd269ab1884/out/vs/workbench/api/node/extensionHostProcess.js:108:9075)
	at f.terminate (/home/mmihovilovic/.vscode-server/bin/ee2b180d582a7f601fa6ecfdad8d9fd269ab1884/out/vs/workbench/api/node/extensionHostProcess.js:108:9347)
	at u.terminate (/home/mmihovilovic/.vscode-server/bin/ee2b180d582a7f601fa6ecfdad8d9fd269ab1884/out/vs/workbench/api/node/extensionHostProcess.js:112:1397)
	at p (/home/mmihovilovic/.vscode-server/bin/ee2b180d582a7f601fa6ecfdad8d9fd269ab1884/out/vs/workbench/api/node/extensionHostProcess.js:122:18592)
	at /home/mmihovilovic/.vscode-server/bin/ee2b180d582a7f601fa6ecfdad8d9fd269ab1884/out/vs/workbench/api/node/extensionHostProcess.js:122:16502
	at f.invoke (/home/mmihovilovic/.vscode-server/bin/ee2b180d582a7f601fa6ecfdad8d9fd269ab1884/out/vs/workbench/api/node/extensionHostProcess.js:63:145)
	at m.deliver (/home/mmihovilovic/.vscode-server/bin/ee2b180d582a7f601fa6ecfdad8d9fd269ab1884/out/vs/workbench/api/node/extensionHostProcess.js:63:2066)
	at d.fire (/home/mmihovilovic/.vscode-server/bin/ee2b180d582a7f601fa6ecfdad8d9fd269ab1884/out/vs/workbench/api/node/extensionHostProcess.js:63:1704)
	at p.fire (/home/mmihovilovic/.vscode-server/bin/ee2b180d582a7f601fa6ecfdad8d9fd269ab1884/out/vs/workbench/api/node/extensionHostProcess.js:72:14907)
	at t.E (/home/mmihovilovic/.vscode-server/bin/ee2b180d582a7f601fa6ecfdad8d9fd269ab1884/out/vs/workbench/api/node/extensionHostProcess.js:72:18973)
	at /home/mmihovilovic/.vscode-server/bin/ee2b180d582a7f601fa6ecfdad8d9fd269ab1884/out/vs/workbench/api/node/extensionHostProcess.js:72:16961
	at f.invoke (/home/mmihovilovic/.vscode-server/bin/ee2b180d582a7f601fa6ecfdad8d9fd269ab1884/out/vs/workbench/api/node/extensionHostProcess.js:63:145)
	at m.deliver (/home/mmihovilovic/.vscode-server/bin/ee2b180d582a7f601fa6ecfdad8d9fd269ab1884/out/vs/workbench/api/node/extensionHostProcess.js:63:2066)
	at d.fire (/home/mmihovilovic/.vscode-server/bin/ee2b180d582a7f601fa6ecfdad8d9fd269ab1884/out/vs/workbench/api/node/extensionHostProcess.js:63:1704)
	at u.acceptChunk (/home/mmihovilovic/.vscode-server/bin/ee2b180d582a7f601fa6ecfdad8d9fd269ab1884/out/vs/workbench/api/node/extensionHostProcess.js:72:12638)
	at /home/mmihovilovic/.vscode-server/bin/ee2b180d582a7f601fa6ecfdad8d9fd269ab1884/out/vs/workbench/api/node/extensionHostProcess.js:72:11925
	at f.invoke (/home/mmihovilovic/.vscode-server/bin/ee2b180d582a7f601fa6ecfdad8d9fd269ab1884/out/vs/workbench/api/node/extensionHostProcess.js:63:145)
	at m.deliver (/home/mmihovilovic/.vscode-server/bin/ee2b180d582a7f601fa6ecfdad8d9fd269ab1884/out/vs/workbench/api/node/extensionHostProcess.js:63:2066)
	at d.fire (/home/mmihovilovic/.vscode-server/bin/ee2b180d582a7f601fa6ecfdad8d9fd269ab1884/out/vs/workbench/api/node/extensionHostProcess.js:63:1704)
	at d.u (/home/mmihovilovic/.vscode-server/bin/ee2b180d582a7f601fa6ecfdad8d9fd269ab1884/out/vs/workbench/api/node/extensionHostProcess.js:72:28891) setContext undefined
2023-03-22 20:49:53.517 [error] Canceled: Canceled
	at new l (/home/mmihovilovic/.vscode-server/bin/ee2b180d582a7f601fa6ecfdad8d9fd269ab1884/out/vs/workbench/api/node/extensionHostProcess.js:96:88793)
	at a.O (/home/mmihovilovic/.vscode-server/bin/ee2b180d582a7f601fa6ecfdad8d9fd269ab1884/out/vs/workbench/api/node/extensionHostProcess.js:106:11260)
	at Proxy.V.<computed>.Q.charCodeAt.V.<computed> (/home/mmihovilovic/.vscode-server/bin/ee2b180d582a7f601fa6ecfdad8d9fd269ab1884/out/vs/workbench/api/node/extensionHostProcess.js:106:8550)
	at c.g (/home/mmihovilovic/.vscode-server/bin/ee2b180d582a7f601fa6ecfdad8d9fd269ab1884/out/vs/workbench/api/node/extensionHostProcess.js:96:108198)
	at c.executeCommand (/home/mmihovilovic/.vscode-server/bin/ee2b180d582a7f601fa6ecfdad8d9fd269ab1884/out/vs/workbench/api/node/extensionHostProcess.js:96:107574)
	at N.registerCommand.description (/home/mmihovilovic/.vscode-server/bin/ee2b180d582a7f601fa6ecfdad8d9fd269ab1884/out/vs/workbench/api/node/extensionHostProcess.js:96:106867)
	at c.h (/home/mmihovilovic/.vscode-server/bin/ee2b180d582a7f601fa6ecfdad8d9fd269ab1884/out/vs/workbench/api/node/extensionHostProcess.js:96:108784)
	at c.g (/home/mmihovilovic/.vscode-server/bin/ee2b180d582a7f601fa6ecfdad8d9fd269ab1884/out/vs/workbench/api/node/extensionHostProcess.js:96:107674)
	at c.executeCommand (/home/mmihovilovic/.vscode-server/bin/ee2b180d582a7f601fa6ecfdad8d9fd269ab1884/out/vs/workbench/api/node/extensionHostProcess.js:96:107574)
	at Object.executeCommand (/home/mmihovilovic/.vscode-server/bin/ee2b180d582a7f601fa6ecfdad8d9fd269ab1884/out/vs/workbench/api/node/extensionHostProcess.js:117:30781)
	at D (/home/mmihovilovic/.vscode-server/bin/ee2b180d582a7f601fa6ecfdad8d9fd269ab1884/extensions/git/dist/main.js:2:1467127)
	at f.invoke (/home/mmihovilovic/.vscode-server/bin/ee2b180d582a7f601fa6ecfdad8d9fd269ab1884/out/vs/workbench/api/node/extensionHostProcess.js:63:145)
	at m.deliver (/home/mmihovilovic/.vscode-server/bin/ee2b180d582a7f601fa6ecfdad8d9fd269ab1884/out/vs/workbench/api/node/extensionHostProcess.js:63:2066)
	at d.fire (/home/mmihovilovic/.vscode-server/bin/ee2b180d582a7f601fa6ecfdad8d9fd269ab1884/out/vs/workbench/api/node/extensionHostProcess.js:63:1704)
	at Object.m [as dispose] (/home/mmihovilovic/.vscode-server/bin/ee2b180d582a7f601fa6ecfdad8d9fd269ab1884/extensions/git/dist/main.js:2:1481856)
	at /home/mmihovilovic/.vscode-server/bin/ee2b180d582a7f601fa6ecfdad8d9fd269ab1884/extensions/git/dist/main.js:2:1485923
	at Array.forEach (<anonymous>)
	at g.dispose (/home/mmihovilovic/.vscode-server/bin/ee2b180d582a7f601fa6ecfdad8d9fd269ab1884/extensions/git/dist/main.js:2:1485909)
	at D.<anonymous> (/home/mmihovilovic/.vscode-server/bin/ee2b180d582a7f601fa6ecfdad8d9fd269ab1884/out/vs/workbench/api/node/extensionHostProcess.js:94:12431)
	at D.dispose (/home/mmihovilovic/.vscode-server/bin/ee2b180d582a7f601fa6ecfdad8d9fd269ab1884/out/vs/workbench/api/node/extensionHostProcess.js:94:12566)
	at D.<anonymous> (/home/mmihovilovic/.vscode-server/bin/ee2b180d582a7f601fa6ecfdad8d9fd269ab1884/extensions/git/dist/main.js:2:1469257)
	at D.dispose (/home/mmihovilovic/.vscode-server/bin/ee2b180d582a7f601fa6ecfdad8d9fd269ab1884/out/vs/workbench/api/node/extensionHostProcess.js:94:12566)
	at k (/home/mmihovilovic/.vscode-server/bin/ee2b180d582a7f601fa6ecfdad8d9fd269ab1884/out/vs/workbench/api/node/extensionHostProcess.js:10:12074)
	at f.X (/home/mmihovilovic/.vscode-server/bin/ee2b180d582a7f601fa6ecfdad8d9fd269ab1884/out/vs/workbench/api/node/extensionHostProcess.js:108:11284)
	at /home/mmihovilovic/.vscode-server/bin/ee2b180d582a7f601fa6ecfdad8d9fd269ab1884/out/vs/workbench/api/node/extensionHostProcess.js:108:9088
	at Array.map (<anonymous>)
	at f.Q (/home/mmihovilovic/.vscode-server/bin/ee2b180d582a7f601fa6ecfdad8d9fd269ab1884/out/vs/workbench/api/node/extensionHostProcess.js:108:9075)
	at f.terminate (/home/mmihovilovic/.vscode-server/bin/ee2b180d582a7f601fa6ecfdad8d9fd269ab1884/out/vs/workbench/api/node/extensionHostProcess.js:108:9347)
	at u.terminate (/home/mmihovilovic/.vscode-server/bin/ee2b180d582a7f601fa6ecfdad8d9fd269ab1884/out/vs/workbench/api/node/extensionHostProcess.js:112:1397)
	at p (/home/mmihovilovic/.vscode-server/bin/ee2b180d582a7f601fa6ecfdad8d9fd269ab1884/out/vs/workbench/api/node/extensionHostProcess.js:122:18592)
	at /home/mmihovilovic/.vscode-server/bin/ee2b180d582a7f601fa6ecfdad8d9fd269ab1884/out/vs/workbench/api/node/extensionHostProcess.js:122:16502
	at f.invoke (/home/mmihovilovic/.vscode-server/bin/ee2b180d582a7f601fa6ecfdad8d9fd269ab1884/out/vs/workbench/api/node/extensionHostProcess.js:63:145)
	at m.deliver (/home/mmihovilovic/.vscode-server/bin/ee2b180d582a7f601fa6ecfdad8d9fd269ab1884/out/vs/workbench/api/node/extensionHostProcess.js:63:2066)
	at d.fire (/home/mmihovilovic/.vscode-server/bin/ee2b180d582a7f601fa6ecfdad8d9fd269ab1884/out/vs/workbench/api/node/extensionHostProcess.js:63:1704)
	at p.fire (/home/mmihovilovic/.vscode-server/bin/ee2b180d582a7f601fa6ecfdad8d9fd269ab1884/out/vs/workbench/api/node/extensionHostProcess.js:72:14907)
	at t.E (/home/mmihovilovic/.vscode-server/bin/ee2b180d582a7f601fa6ecfdad8d9fd269ab1884/out/vs/workbench/api/node/extensionHostProcess.js:72:18973)
	at /home/mmihovilovic/.vscode-server/bin/ee2b180d582a7f601fa6ecfdad8d9fd269ab1884/out/vs/workbench/api/node/extensionHostProcess.js:72:16961
	at f.invoke (/home/mmihovilovic/.vscode-server/bin/ee2b180d582a7f601fa6ecfdad8d9fd269ab1884/out/vs/workbench/api/node/extensionHostProcess.js:63:145)
	at m.deliver (/home/mmihovilovic/.vscode-server/bin/ee2b180d582a7f601fa6ecfdad8d9fd269ab1884/out/vs/workbench/api/node/extensionHostProcess.js:63:2066)
	at d.fire (/home/mmihovilovic/.vscode-server/bin/ee2b180d582a7f601fa6ecfdad8d9fd269ab1884/out/vs/workbench/api/node/extensionHostProcess.js:63:1704)
	at u.acceptChunk (/home/mmihovilovic/.vscode-server/bin/ee2b180d582a7f601fa6ecfdad8d9fd269ab1884/out/vs/workbench/api/node/extensionHostProcess.js:72:12638)
	at /home/mmihovilovic/.vscode-server/bin/ee2b180d582a7f601fa6ecfdad8d9fd269ab1884/out/vs/workbench/api/node/extensionHostProcess.js:72:11925
	at f.invoke (/home/mmihovilovic/.vscode-server/bin/ee2b180d582a7f601fa6ecfdad8d9fd269ab1884/out/vs/workbench/api/node/extensionHostProcess.js:63:145)
	at m.deliver (/home/mmihovilovic/.vscode-server/bin/ee2b180d582a7f601fa6ecfdad8d9fd269ab1884/out/vs/workbench/api/node/extensionHostProcess.js:63:2066)
	at d.fire (/home/mmihovilovic/.vscode-server/bin/ee2b180d582a7f601fa6ecfdad8d9fd269ab1884/out/vs/workbench/api/node/extensionHostProcess.js:63:1704)
	at d.u (/home/mmihovilovic/.vscode-server/bin/ee2b180d582a7f601fa6ecfdad8d9fd269ab1884/out/vs/workbench/api/node/extensionHostProcess.js:72:28891) setContext undefined
2023-03-22 20:49:53.518 [error] Canceled: Canceled
	at new l (/home/mmihovilovic/.vscode-server/bin/ee2b180d582a7f601fa6ecfdad8d9fd269ab1884/out/vs/workbench/api/node/extensionHostProcess.js:96:88793)
	at a.O (/home/mmihovilovic/.vscode-server/bin/ee2b180d582a7f601fa6ecfdad8d9fd269ab1884/out/vs/workbench/api/node/extensionHostProcess.js:106:11260)
	at Proxy.V.<computed>.Q.charCodeAt.V.<computed> (/home/mmihovilovic/.vscode-server/bin/ee2b180d582a7f601fa6ecfdad8d9fd269ab1884/out/vs/workbench/api/node/extensionHostProcess.js:106:8550)
	at c.g (/home/mmihovilovic/.vscode-server/bin/ee2b180d582a7f601fa6ecfdad8d9fd269ab1884/out/vs/workbench/api/node/extensionHostProcess.js:96:108198)
	at c.executeCommand (/home/mmihovilovic/.vscode-server/bin/ee2b180d582a7f601fa6ecfdad8d9fd269ab1884/out/vs/workbench/api/node/extensionHostProcess.js:96:107574)
	at N.registerCommand.description (/home/mmihovilovic/.vscode-server/bin/ee2b180d582a7f601fa6ecfdad8d9fd269ab1884/out/vs/workbench/api/node/extensionHostProcess.js:96:106867)
	at c.h (/home/mmihovilovic/.vscode-server/bin/ee2b180d582a7f601fa6ecfdad8d9fd269ab1884/out/vs/workbench/api/node/extensionHostProcess.js:96:108784)
	at c.g (/home/mmihovilovic/.vscode-server/bin/ee2b180d582a7f601fa6ecfdad8d9fd269ab1884/out/vs/workbench/api/node/extensionHostProcess.js:96:107674)
	at c.executeCommand (/home/mmihovilovic/.vscode-server/bin/ee2b180d582a7f601fa6ecfdad8d9fd269ab1884/out/vs/workbench/api/node/extensionHostProcess.js:96:107574)
	at Object.executeCommand (/home/mmihovilovic/.vscode-server/bin/ee2b180d582a7f601fa6ecfdad8d9fd269ab1884/out/vs/workbench/api/node/extensionHostProcess.js:117:30781)
	at D (/home/mmihovilovic/.vscode-server/bin/ee2b180d582a7f601fa6ecfdad8d9fd269ab1884/extensions/git/dist/main.js:2:1467127)
	at f.invoke (/home/mmihovilovic/.vscode-server/bin/ee2b180d582a7f601fa6ecfdad8d9fd269ab1884/out/vs/workbench/api/node/extensionHostProcess.js:63:145)
	at m.deliver (/home/mmihovilovic/.vscode-server/bin/ee2b180d582a7f601fa6ecfdad8d9fd269ab1884/out/vs/workbench/api/node/extensionHostProcess.js:63:2066)
	at d.fire (/home/mmihovilovic/.vscode-server/bin/ee2b180d582a7f601fa6ecfdad8d9fd269ab1884/out/vs/workbench/api/node/extensionHostProcess.js:63:1704)
	at Object.m [as dispose] (/home/mmihovilovic/.vscode-server/bin/ee2b180d582a7f601fa6ecfdad8d9fd269ab1884/extensions/git/dist/main.js:2:1481856)
	at /home/mmihovilovic/.vscode-server/bin/ee2b180d582a7f601fa6ecfdad8d9fd269ab1884/extensions/git/dist/main.js:2:1485923
	at Array.forEach (<anonymous>)
	at g.dispose (/home/mmihovilovic/.vscode-server/bin/ee2b180d582a7f601fa6ecfdad8d9fd269ab1884/extensions/git/dist/main.js:2:1485909)
	at D.<anonymous> (/home/mmihovilovic/.vscode-server/bin/ee2b180d582a7f601fa6ecfdad8d9fd269ab1884/out/vs/workbench/api/node/extensionHostProcess.js:94:12431)
	at D.dispose (/home/mmihovilovic/.vscode-server/bin/ee2b180d582a7f601fa6ecfdad8d9fd269ab1884/out/vs/workbench/api/node/extensionHostProcess.js:94:12566)
	at D.<anonymous> (/home/mmihovilovic/.vscode-server/bin/ee2b180d582a7f601fa6ecfdad8d9fd269ab1884/extensions/git/dist/main.js:2:1469257)
	at D.dispose (/home/mmihovilovic/.vscode-server/bin/ee2b180d582a7f601fa6ecfdad8d9fd269ab1884/out/vs/workbench/api/node/extensionHostProcess.js:94:12566)
	at k (/home/mmihovilovic/.vscode-server/bin/ee2b180d582a7f601fa6ecfdad8d9fd269ab1884/out/vs/workbench/api/node/extensionHostProcess.js:10:12074)
	at f.X (/home/mmihovilovic/.vscode-server/bin/ee2b180d582a7f601fa6ecfdad8d9fd269ab1884/out/vs/workbench/api/node/extensionHostProcess.js:108:11284)
	at /home/mmihovilovic/.vscode-server/bin/ee2b180d582a7f601fa6ecfdad8d9fd269ab1884/out/vs/workbench/api/node/extensionHostProcess.js:108:9088
	at Array.map (<anonymous>)
	at f.Q (/home/mmihovilovic/.vscode-server/bin/ee2b180d582a7f601fa6ecfdad8d9fd269ab1884/out/vs/workbench/api/node/extensionHostProcess.js:108:9075)
	at f.terminate (/home/mmihovilovic/.vscode-server/bin/ee2b180d582a7f601fa6ecfdad8d9fd269ab1884/out/vs/workbench/api/node/extensionHostProcess.js:108:9347)
	at u.terminate (/home/mmihovilovic/.vscode-server/bin/ee2b180d582a7f601fa6ecfdad8d9fd269ab1884/out/vs/workbench/api/node/extensionHostProcess.js:112:1397)
	at p (/home/mmihovilovic/.vscode-server/bin/ee2b180d582a7f601fa6ecfdad8d9fd269ab1884/out/vs/workbench/api/node/extensionHostProcess.js:122:18592)
	at /home/mmihovilovic/.vscode-server/bin/ee2b180d582a7f601fa6ecfdad8d9fd269ab1884/out/vs/workbench/api/node/extensionHostProcess.js:122:16502
	at f.invoke (/home/mmihovilovic/.vscode-server/bin/ee2b180d582a7f601fa6ecfdad8d9fd269ab1884/out/vs/workbench/api/node/extensionHostProcess.js:63:145)
	at m.deliver (/home/mmihovilovic/.vscode-server/bin/ee2b180d582a7f601fa6ecfdad8d9fd269ab1884/out/vs/workbench/api/node/extensionHostProcess.js:63:2066)
	at d.fire (/home/mmihovilovic/.vscode-server/bin/ee2b180d582a7f601fa6ecfdad8d9fd269ab1884/out/vs/workbench/api/node/extensionHostProcess.js:63:1704)
	at p.fire (/home/mmihovilovic/.vscode-server/bin/ee2b180d582a7f601fa6ecfdad8d9fd269ab1884/out/vs/workbench/api/node/extensionHostProcess.js:72:14907)
	at t.E (/home/mmihovilovic/.vscode-server/bin/ee2b180d582a7f601fa6ecfdad8d9fd269ab1884/out/vs/workbench/api/node/extensionHostProcess.js:72:18973)
	at /home/mmihovilovic/.vscode-server/bin/ee2b180d582a7f601fa6ecfdad8d9fd269ab1884/out/vs/workbench/api/node/extensionHostProcess.js:72:16961
	at f.invoke (/home/mmihovilovic/.vscode-server/bin/ee2b180d582a7f601fa6ecfdad8d9fd269ab1884/out/vs/workbench/api/node/extensionHostProcess.js:63:145)
	at m.deliver (/home/mmihovilovic/.vscode-server/bin/ee2b180d582a7f601fa6ecfdad8d9fd269ab1884/out/vs/workbench/api/node/extensionHostProcess.js:63:2066)
	at d.fire (/home/mmihovilovic/.vscode-server/bin/ee2b180d582a7f601fa6ecfdad8d9fd269ab1884/out/vs/workbench/api/node/extensionHostProcess.js:63:1704)
	at u.acceptChunk (/home/mmihovilovic/.vscode-server/bin/ee2b180d582a7f601fa6ecfdad8d9fd269ab1884/out/vs/workbench/api/node/extensionHostProcess.js:72:12638)
	at /home/mmihovilovic/.vscode-server/bin/ee2b180d582a7f601fa6ecfdad8d9fd269ab1884/out/vs/workbench/api/node/extensionHostProcess.js:72:11925
	at f.invoke (/home/mmihovilovic/.vscode-server/bin/ee2b180d582a7f601fa6ecfdad8d9fd269ab1884/out/vs/workbench/api/node/extensionHostProcess.js:63:145)
	at m.deliver (/home/mmihovilovic/.vscode-server/bin/ee2b180d582a7f601fa6ecfdad8d9fd269ab1884/out/vs/workbench/api/node/extensionHostProcess.js:63:2066)
	at d.fire (/home/mmihovilovic/.vscode-server/bin/ee2b180d582a7f601fa6ecfdad8d9fd269ab1884/out/vs/workbench/api/node/extensionHostProcess.js:63:1704)
	at d.u (/home/mmihovilovic/.vscode-server/bin/ee2b180d582a7f601fa6ecfdad8d9fd269ab1884/out/vs/workbench/api/node/extensionHostProcess.js:72:28891) setContext undefined
2023-03-22 20:49:53.617 [info] Extension host with pid 31393 exiting with code 0
