2023-03-24 13:37:43.217 [info] Log level: Info
2023-03-24 13:37:43.218 [info] Validating found git in: "git"
2023-03-24 13:37:43.218 [info] Using git "1.8.3.1" from "git"
2023-03-24 13:37:43.218 [info] > git rev-parse --show-toplevel [66ms]
2023-03-24 13:37:43.218 [info] > git rev-parse --git-dir --git-common-dir [2ms]
2023-03-24 13:37:43.218 [info] Open repository: /home/mmihovilovic
2023-03-24 13:37:43.218 [warning] getRemotes() - ENOENT: no such file or directory, open '/home/mmihovilovic/--git-common-dir/config'
2023-03-24 13:37:43.218 [info] > git rev-parse --show-toplevel [31ms]
2023-03-24 13:37:43.218 [info] > git config --get commit.template [33ms]
2023-03-24 13:37:43.218 [info] > git remote --verbose [45ms]
2023-03-24 13:37:43.218 [info] > git rev-parse --show-toplevel [12ms]
2023-03-24 13:37:43.218 [info] > git rev-parse --show-toplevel [13ms]
2023-03-24 13:37:43.218 [info] > git for-each-ref --format=%(refname)%00%(upstream:short)%00%(objectname) refs/heads/main refs/remotes/main [13ms]
2023-03-24 13:37:43.218 [info] > git rev-parse --show-toplevel [13ms]
2023-03-24 13:37:43.218 [info] > git rev-list --left-right --count main...origin/main [13ms]
2023-03-24 13:37:43.218 [info] > git rev-parse --show-toplevel [15ms]
2023-03-24 13:37:43.218 [info] > git rev-parse --show-toplevel [2ms]
2023-03-24 13:37:43.218 [info] > git rev-parse --show-toplevel [24ms]
2023-03-24 13:37:43.218 [info] > git rev-parse --show-toplevel [2ms]
2023-03-24 13:37:43.218 [info] > git rev-parse --show-toplevel [2ms]
2023-03-24 13:37:43.218 [info] > git rev-parse --show-toplevel [11ms]
2023-03-24 13:37:43.218 [info] > git rev-parse --show-toplevel [2ms]
2023-03-24 13:37:43.218 [info] > git rev-parse --show-toplevel [4ms]
2023-03-24 13:37:43.218 [info] > git rev-parse --show-toplevel [57ms]
2023-03-24 13:37:43.218 [info] > git rev-parse --show-toplevel [9ms]
2023-03-24 13:37:43.218 [info] > git rev-parse --show-toplevel [1ms]
2023-03-24 13:37:43.218 [info] > git rev-parse --show-toplevel [16ms]
2023-03-24 13:37:43.218 [info] > git rev-parse --show-toplevel [4ms]
2023-03-24 13:37:43.218 [info] > git rev-parse --git-dir --git-common-dir [5ms]
2023-03-24 13:37:43.218 [info] Open repository: /home/mmihovilovic/vj11
2023-03-24 13:37:43.218 [warning] getRemotes() - ENOENT: no such file or directory, open '/home/mmihovilovic/vj11/--git-common-dir/config'
2023-03-24 13:37:43.218 [info] > git remote --verbose [14ms]
2023-03-24 13:37:43.218 [info] > git rev-parse --show-toplevel [26ms]
2023-03-24 13:37:43.218 [info] > git config --get commit.template [16ms]
2023-03-24 13:37:43.218 [info] > git rev-parse --show-toplevel [13ms]
2023-03-24 13:37:43.218 [info] > git for-each-ref --format=%(refname)%00%(upstream:short)%00%(objectname) refs/heads/master refs/remotes/master [15ms]
2023-03-24 13:37:43.218 [info] > git rev-parse --show-toplevel [16ms]
2023-03-24 13:37:43.218 [info] > git status -z -uall [15ms]
2023-03-24 13:37:43.218 [warning] getRemotes() - ENOENT: no such file or directory, open '/home/mmihovilovic/vj11/--git-common-dir/config'
2023-03-24 13:37:43.218 [info] > git rev-parse --show-toplevel [41ms]
2023-03-24 13:37:43.218 [info] > git config --get commit.template [12ms]
2023-03-24 13:37:43.219 [info] > git remote --verbose [24ms]
2023-03-24 13:37:43.219 [info] > git rev-parse --show-toplevel [3ms]
2023-03-24 13:37:43.219 [info] > git rev-parse --show-toplevel [14ms]
2023-03-24 13:37:43.220 [info] > git for-each-ref --format=%(refname)%00%(upstream:short)%00%(objectname) refs/heads/master refs/remotes/master [15ms]
2023-03-24 13:37:43.231 [info] > git rev-parse --show-toplevel [15ms]
2023-03-24 13:37:43.275 [info] > git status -z -uall [47ms]
2023-03-24 13:37:43.275 [info] > git rev-parse --show-toplevel [35ms]
2023-03-24 13:37:43.293 [info] > git rev-parse --git-dir --git-common-dir [6ms]
2023-03-24 13:37:43.299 [info] Open repository: /home/mmihovilovic/vj6
2023-03-24 13:37:43.326 [warning] getRemotes() - ENOENT: no such file or directory, open '/home/mmihovilovic/vj6/--git-common-dir/config'
2023-03-24 13:37:43.338 [info] > git rev-parse --show-toplevel [28ms]
2023-03-24 13:37:43.351 [info] > git config --get commit.template [15ms]
2023-03-24 13:37:43.352 [info] > git remote --verbose [27ms]
2023-03-24 13:37:43.353 [info] > git rev-parse --show-toplevel [3ms]
2023-03-24 13:37:43.380 [info] > git rev-parse --show-toplevel [16ms]
2023-03-24 13:37:43.402 [info] > git rev-parse --show-toplevel [10ms]
2023-03-24 13:37:43.409 [info] > git for-each-ref --format=%(refname)%00%(upstream:short)%00%(objectname) refs/heads/master refs/remotes/master [34ms]
2023-03-24 13:37:43.425 [info] > git status -z -uall [3ms]
2023-03-24 13:37:43.477 [warning] getRemotes() - ENOENT: no such file or directory, open '/home/mmihovilovic/vj6/--git-common-dir/config'
2023-03-24 13:37:43.492 [info] > git config --get commit.template [2ms]
2023-03-24 13:37:43.492 [info] > git remote --verbose [15ms]
2023-03-24 13:37:43.503 [info] > git check-ignore -v -z --stdin [38ms]
2023-03-24 13:37:43.507 [info] > git for-each-ref --format=%(refname)%00%(upstream:short)%00%(objectname) refs/heads/master refs/remotes/master [6ms]
2023-03-24 13:37:43.520 [info] > git status -z -uall [3ms]
2023-03-24 13:37:44.066 [info] > git check-ignore -v -z --stdin [11ms]
2023-03-24 13:37:44.448 [info] > git status -z -uall [1723ms]
2023-03-24 13:37:44.472 [warning] getRemotes() - ENOENT: no such file or directory, open '/home/mmihovilovic/--git-common-dir/config'
2023-03-24 13:37:44.483 [info] > git remote --verbose [12ms]
2023-03-24 13:37:44.485 [info] > git config --get commit.template [3ms]
2023-03-24 13:37:44.498 [info] > git for-each-ref --format=%(refname)%00%(upstream:short)%00%(objectname) refs/heads/main refs/remotes/main [2ms]
2023-03-24 13:37:44.510 [info] > git rev-list --left-right --count main...origin/main [3ms]
2023-03-24 13:37:45.241 [info] > git check-ignore -v -z --stdin [27ms]
2023-03-24 13:37:45.243 [info] > git check-ignore -v -z --stdin [3ms]
2023-03-24 13:37:45.248 [info] > git check-ignore -v -z --stdin [20ms]
2023-03-24 13:37:46.245 [info] > git status -z -uall [1725ms]
2023-03-24 13:37:46.770 [info] > git check-ignore -v -z --stdin [10ms]
2023-03-24 13:37:47.465 [warning] getRemotes() - ENOENT: no such file or directory, open '/home/mmihovilovic/--git-common-dir/config'
2023-03-24 13:37:47.478 [info] > git check-ignore -v -z --stdin [30ms]
2023-03-24 13:37:47.479 [info] > git remote --verbose [14ms]
2023-03-24 13:37:47.480 [info] > git config --get commit.template [4ms]
2023-03-24 13:37:47.494 [info] > git for-each-ref --format=%(refname)%00%(upstream:short)%00%(objectname) refs/heads/main refs/remotes/main [3ms]
2023-03-24 13:37:47.508 [info] > git rev-list --left-right --count main...origin/main [3ms]
2023-03-24 13:37:48.273 [info] > git check-ignore -v -z --stdin [8ms]
2023-03-24 13:37:49.237 [info] > git status -z -uall [1718ms]
2023-03-24 13:37:50.027 [info] > git check-ignore -v -z --stdin [9ms]
2023-03-24 13:37:51.035 [info] > git show --textconv :macbzvz/nesto.cpp [21ms]
2023-03-24 13:37:51.043 [info] > git ls-files --stage -- /home/mmihovilovic/macbzvz/nesto.cpp [10ms]
2023-03-24 13:37:51.059 [info] > git cat-file -s b3882c9b9d322a68f04e52813b88f4ced1b41619 [2ms]
2023-03-24 13:37:59.536 [warning] getRemotes() - ENOENT: no such file or directory, open '/home/mmihovilovic/--git-common-dir/config'
2023-03-24 13:37:59.555 [info] > git remote --verbose [19ms]
2023-03-24 13:37:59.556 [info] > git config --get commit.template [3ms]
2023-03-24 13:37:59.576 [info] > git for-each-ref --format=%(refname)%00%(upstream:short)%00%(objectname) refs/heads/main refs/remotes/main [3ms]
2023-03-24 13:37:59.595 [info] > git rev-list --left-right --count main...origin/main [2ms]
2023-03-24 13:38:01.332 [info] > git status -z -uall [1715ms]
2023-03-24 13:38:06.357 [warning] getRemotes() - ENOENT: no such file or directory, open '/home/mmihovilovic/--git-common-dir/config'
2023-03-24 13:38:06.376 [info] > git remote --verbose [18ms]
2023-03-24 13:38:06.377 [info] > git config --get commit.template [2ms]
2023-03-24 13:38:06.396 [info] > git for-each-ref --format=%(refname)%00%(upstream:short)%00%(objectname) refs/heads/main refs/remotes/main [2ms]
2023-03-24 13:38:06.416 [info] > git rev-list --left-right --count main...origin/main [3ms]
2023-03-24 13:38:08.152 [info] > git status -z -uall [1718ms]
2023-03-24 13:38:30.094 [warning] getRemotes() - ENOENT: no such file or directory, open '/home/mmihovilovic/--git-common-dir/config'
2023-03-24 13:38:30.110 [info] > git remote --verbose [16ms]
2023-03-24 13:38:30.112 [info] > git config --get commit.template [4ms]
2023-03-24 13:38:30.130 [info] > git for-each-ref --format=%(refname)%00%(upstream:short)%00%(objectname) refs/heads/main refs/remotes/main [3ms]
2023-03-24 13:38:30.149 [info] > git rev-list --left-right --count main...origin/main [5ms]
