2023-03-22 20:58:43.859 [info] Extension host with pid 7902 started
2023-03-22 20:58:43.865 [error] Error: EEXIST: file already exists, open '/home/mmihovilovic/.vscode-server/data/User/workspaceStorage/0a7a0945d1fa5cc71b7545ccaee6a01e/vscode.lock'
2023-03-22 20:58:43.880 [info] Lock '/home/mmihovilovic/.vscode-server/data/User/workspaceStorage/0a7a0945d1fa5cc71b7545ccaee6a01e/vscode.lock': Could not acquire lock, checking if the file is stale.
2023-03-22 20:58:43.887 [info] Lock '/home/mmihovilovic/.vscode-server/data/User/workspaceStorage/0a7a0945d1fa5cc71b7545ccaee6a01e/vscode.lock': The lock does not look stale, elapsed: 322 ms, giving up.
2023-03-22 20:58:43.923 [info] Lock '/home/mmihovilovic/.vscode-server/data/User/workspaceStorage/0a7a0945d1fa5cc71b7545ccaee6a01e-1/vscode.lock': Lock acquired.
2023-03-22 20:58:44.028 [info] ExtensionService#_doActivateExtension vscode.emmet, startup: false, activationEvent: 'onLanguage'
2023-03-22 20:58:44.031 [info] ExtensionService#_doActivateExtension vscode.git-base, startup: true, activationEvent: '*', root cause: vscode.git
2023-03-22 20:58:44.154 [info] ExtensionService#_doActivateExtension vscode.git, startup: true, activationEvent: '*'
2023-03-22 20:58:44.154 [info] ExtensionService#_doActivateExtension vscode.github, startup: true, activationEvent: '*'
2023-03-22 20:58:44.567 [info] Eager extensions activated
2023-03-22 20:58:44.568 [info] ExtensionService#_doActivateExtension vscode.debug-auto-launch, startup: false, activationEvent: 'onStartupFinished'
2023-03-22 20:58:44.569 [info] ExtensionService#_doActivateExtension vscode.merge-conflict, startup: false, activationEvent: 'onStartupFinished'
2023-03-22 20:58:48.798 [warning] [Decorations] CAPPING events from decorations provider vscode.git 405
2023-03-22 20:58:52.840 [warning] [Decorations] CAPPING events from decorations provider vscode.git 405
2023-03-22 20:59:03.018 [warning] [Decorations] CAPPING events from decorations provider vscode.git 405
2023-03-22 21:00:28.482 [info] ExtensionService#_doActivateExtension ms-vscode.cpptools, startup: false, activationEvent: 'onLanguage:cpp'
2023-03-22 21:00:31.006 [info] ExtensionService#_doActivateExtension zhang-renyang.chat-gpt, startup: false, activationEvent: 'onView:chat-gpt.view'
2023-03-22 21:00:32.116 [error] SyntaxError: Unexpected token u in JSON at position 0
    at JSON.parse (<anonymous>)
    at D (vscode-file://vscode-app/Applications/Visual%20Studio%20Code.app/Contents/Resources/app/out/vs/workbench/workbench.desktop.main.js:747:6202)
    at Qa.$postMessage (vscode-file://vscode-app/Applications/Visual%20Studio%20Code.app/Contents/Resources/app/out/vs/workbench/workbench.desktop.main.js:1566:69766)
    at m.N (vscode-file://vscode-app/Applications/Visual%20Studio%20Code.app/Contents/Resources/app/out/vs/workbench/workbench.desktop.main.js:1573:15220)
    at m.M (vscode-file://vscode-app/Applications/Visual%20Studio%20Code.app/Contents/Resources/app/out/vs/workbench/workbench.desktop.main.js:1573:14938)
    at m.H (vscode-file://vscode-app/Applications/Visual%20Studio%20Code.app/Contents/Resources/app/out/vs/workbench/workbench.desktop.main.js:1573:14031)
    at m.G (vscode-file://vscode-app/Applications/Visual%20Studio%20Code.app/Contents/Resources/app/out/vs/workbench/workbench.desktop.main.js:1573:13169)
    at vscode-file://vscode-app/Applications/Visual%20Studio%20Code.app/Contents/Resources/app/out/vs/workbench/workbench.desktop.main.js:1573:11800
    at g.invoke (vscode-file://vscode-app/Applications/Visual%20Studio%20Code.app/Contents/Resources/app/out/vs/workbench/workbench.desktop.main.js:86:145)
    at n.deliver (vscode-file://vscode-app/Applications/Visual%20Studio%20Code.app/Contents/Resources/app/out/vs/workbench/workbench.desktop.main.js:86:2066)
    at h.fire (vscode-file://vscode-app/Applications/Visual%20Studio%20Code.app/Contents/Resources/app/out/vs/workbench/workbench.desktop.main.js:86:1704)
    at a.fire (vscode-file://vscode-app/Applications/Visual%20Studio%20Code.app/Contents/Resources/app/out/vs/workbench/workbench.desktop.main.js:553:15221)
    at E (vscode-file://vscode-app/Applications/Visual%20Studio%20Code.app/Contents/Resources/app/out/vs/workbench/workbench.desktop.main.js:553:19287)
    at vscode-file://vscode-app/Applications/Visual%20Studio%20Code.app/Contents/Resources/app/out/vs/workbench/workbench.desktop.main.js:553:17275
    at g.invoke (vscode-file://vscode-app/Applications/Visual%20Studio%20Code.app/Contents/Resources/app/out/vs/workbench/workbench.desktop.main.js:86:145)
    at n.deliver (vscode-file://vscode-app/Applications/Visual%20Studio%20Code.app/Contents/Resources/app/out/vs/workbench/workbench.desktop.main.js:86:2066)
    at h.fire (vscode-file://vscode-app/Applications/Visual%20Studio%20Code.app/Contents/Resources/app/out/vs/workbench/workbench.desktop.main.js:86:1704)
    at f.acceptChunk (vscode-file://vscode-app/Applications/Visual%20Studio%20Code.app/Contents/Resources/app/out/vs/workbench/workbench.desktop.main.js:553:12952)
    at vscode-file://vscode-app/Applications/Visual%20Studio%20Code.app/Contents/Resources/app/out/vs/workbench/workbench.desktop.main.js:553:12239
    at vscode-file://vscode-app/Applications/Visual%20Studio%20Code.app/Contents/Resources/app/out/vs/workbench/workbench.desktop.main.js:642:38972
    at g.invoke (vscode-file://vscode-app/Applications/Visual%20Studio%20Code.app/Contents/Resources/app/out/vs/workbench/workbench.desktop.main.js:86:145)
    at n.deliver (vscode-file://vscode-app/Applications/Visual%20Studio%20Code.app/Contents/Resources/app/out/vs/workbench/workbench.desktop.main.js:86:2066)
    at h.fire (vscode-file://vscode-app/Applications/Visual%20Studio%20Code.app/Contents/Resources/app/out/vs/workbench/workbench.desktop.main.js:86:1704)
    at i.onload (vscode-file://vscode-app/Applications/Visual%20Studio%20Code.app/Contents/Resources/app/out/vs/workbench/workbench.desktop.main.js:642:37239)
2023-03-22 21:00:35.595 [warning] DiagnosticCollection with name 'C/C++' does already exist.
2023-03-22 21:03:04.603 [warning] [Decorations] CAPPING events from decorations provider vscode.git 408
2023-03-22 21:03:14.528 [warning] [Decorations] CAPPING events from decorations provider vscode.git 411
2023-03-22 21:03:23.588 [warning] [Decorations] CAPPING events from decorations provider vscode.git 411
2023-03-22 21:03:32.671 [warning] [Decorations] CAPPING events from decorations provider vscode.git 411
2023-03-22 21:03:41.749 [warning] [Decorations] CAPPING events from decorations provider vscode.git 411
2023-03-22 21:03:50.808 [warning] [Decorations] CAPPING events from decorations provider vscode.git 411
2023-03-22 21:03:59.866 [warning] [Decorations] CAPPING events from decorations provider vscode.git 411
2023-03-22 21:04:08.932 [warning] [Decorations] CAPPING events from decorations provider vscode.git 411
2023-03-22 21:04:18.002 [warning] [Decorations] CAPPING events from decorations provider vscode.git 411
2023-03-22 21:04:27.071 [warning] [Decorations] CAPPING events from decorations provider vscode.git 411
2023-03-22 21:04:36.167 [warning] [Decorations] CAPPING events from decorations provider vscode.git 411
2023-03-22 21:04:45.238 [warning] [Decorations] CAPPING events from decorations provider vscode.git 411
2023-03-22 21:04:54.294 [warning] [Decorations] CAPPING events from decorations provider vscode.git 411
2023-03-22 21:05:03.359 [warning] [Decorations] CAPPING events from decorations provider vscode.git 411
2023-03-22 21:05:12.419 [warning] [Decorations] CAPPING events from decorations provider vscode.git 411
2023-03-22 21:05:21.494 [warning] [Decorations] CAPPING events from decorations provider vscode.git 411
2023-03-22 21:05:30.557 [warning] [Decorations] CAPPING events from decorations provider vscode.git 411
2023-03-22 21:05:39.622 [warning] [Decorations] CAPPING events from decorations provider vscode.git 411
2023-03-22 21:05:48.686 [warning] [Decorations] CAPPING events from decorations provider vscode.git 411
2023-03-22 21:05:57.768 [warning] [Decorations] CAPPING events from decorations provider vscode.git 411
2023-03-22 21:06:06.848 [warning] [Decorations] CAPPING events from decorations provider vscode.git 411
2023-03-22 21:06:15.933 [warning] [Decorations] CAPPING events from decorations provider vscode.git 411
2023-03-22 21:06:24.997 [warning] [Decorations] CAPPING events from decorations provider vscode.git 411
2023-03-22 21:06:34.056 [warning] [Decorations] CAPPING events from decorations provider vscode.git 411
2023-03-22 21:06:43.112 [warning] [Decorations] CAPPING events from decorations provider vscode.git 411
2023-03-22 21:06:52.187 [warning] [Decorations] CAPPING events from decorations provider vscode.git 411
2023-03-22 21:07:01.246 [warning] [Decorations] CAPPING events from decorations provider vscode.git 411
2023-03-22 21:07:10.312 [warning] [Decorations] CAPPING events from decorations provider vscode.git 411
2023-03-22 21:07:19.391 [warning] [Decorations] CAPPING events from decorations provider vscode.git 411
2023-03-22 21:07:28.457 [warning] [Decorations] CAPPING events from decorations provider vscode.git 411
2023-03-22 21:07:37.538 [warning] [Decorations] CAPPING events from decorations provider vscode.git 411
2023-03-22 21:07:46.581 [warning] [Decorations] CAPPING events from decorations provider vscode.git 411
2023-03-22 21:07:55.634 [warning] [Decorations] CAPPING events from decorations provider vscode.git 411
2023-03-22 21:08:04.708 [warning] [Decorations] CAPPING events from decorations provider vscode.git 411
2023-03-22 21:08:13.796 [warning] [Decorations] CAPPING events from decorations provider vscode.git 411
2023-03-22 21:08:22.856 [warning] [Decorations] CAPPING events from decorations provider vscode.git 411
2023-03-22 21:08:31.925 [warning] [Decorations] CAPPING events from decorations provider vscode.git 411
2023-03-22 21:08:40.978 [warning] [Decorations] CAPPING events from decorations provider vscode.git 411
2023-03-22 21:08:50.036 [warning] [Decorations] CAPPING events from decorations provider vscode.git 411
2023-03-22 21:08:59.079 [warning] [Decorations] CAPPING events from decorations provider vscode.git 411
2023-03-22 21:09:08.129 [warning] [Decorations] CAPPING events from decorations provider vscode.git 411
2023-03-22 21:09:17.184 [warning] [Decorations] CAPPING events from decorations provider vscode.git 411
2023-03-22 21:09:26.245 [warning] [Decorations] CAPPING events from decorations provider vscode.git 411
2023-03-22 21:09:35.296 [warning] [Decorations] CAPPING events from decorations provider vscode.git 411
2023-03-22 21:09:44.356 [warning] [Decorations] CAPPING events from decorations provider vscode.git 411
2023-03-22 21:09:53.413 [warning] [Decorations] CAPPING events from decorations provider vscode.git 411
2023-03-22 21:10:02.492 [warning] [Decorations] CAPPING events from decorations provider vscode.git 411
2023-03-22 21:10:11.563 [warning] [Decorations] CAPPING events from decorations provider vscode.git 411
2023-03-22 21:10:20.620 [warning] [Decorations] CAPPING events from decorations provider vscode.git 411
2023-03-22 21:10:29.673 [warning] [Decorations] CAPPING events from decorations provider vscode.git 411
2023-03-22 21:10:38.722 [warning] [Decorations] CAPPING events from decorations provider vscode.git 411
2023-03-22 21:10:47.779 [warning] [Decorations] CAPPING events from decorations provider vscode.git 411
2023-03-22 21:10:56.832 [warning] [Decorations] CAPPING events from decorations provider vscode.git 411
2023-03-22 21:11:05.884 [warning] [Decorations] CAPPING events from decorations provider vscode.git 411
2023-03-22 21:17:39.231 [info] Extension host terminating: renderer disconnected for too long (2)
2023-03-22 21:17:39.232 [info] Lock '/home/mmihovilovic/.vscode-server/data/User/workspaceStorage/0a7a0945d1fa5cc71b7545ccaee6a01e-1/vscode.lock': Marking the lockfile as scheduled to be released in 6000 ms.
2023-03-22 21:17:39.270 [error] Canceled: Canceled
	at new l (/home/mmihovilovic/.vscode-server/bin/ee2b180d582a7f601fa6ecfdad8d9fd269ab1884/out/vs/workbench/api/node/extensionHostProcess.js:96:88793)
	at a.O (/home/mmihovilovic/.vscode-server/bin/ee2b180d582a7f601fa6ecfdad8d9fd269ab1884/out/vs/workbench/api/node/extensionHostProcess.js:106:11260)
	at Proxy.V.<computed>.Q.charCodeAt.V.<computed> (/home/mmihovilovic/.vscode-server/bin/ee2b180d582a7f601fa6ecfdad8d9fd269ab1884/out/vs/workbench/api/node/extensionHostProcess.js:106:8550)
	at c.g (/home/mmihovilovic/.vscode-server/bin/ee2b180d582a7f601fa6ecfdad8d9fd269ab1884/out/vs/workbench/api/node/extensionHostProcess.js:96:108198)
	at c.executeCommand (/home/mmihovilovic/.vscode-server/bin/ee2b180d582a7f601fa6ecfdad8d9fd269ab1884/out/vs/workbench/api/node/extensionHostProcess.js:96:107574)
	at N.registerCommand.description (/home/mmihovilovic/.vscode-server/bin/ee2b180d582a7f601fa6ecfdad8d9fd269ab1884/out/vs/workbench/api/node/extensionHostProcess.js:96:106867)
	at c.h (/home/mmihovilovic/.vscode-server/bin/ee2b180d582a7f601fa6ecfdad8d9fd269ab1884/out/vs/workbench/api/node/extensionHostProcess.js:96:108784)
	at c.g (/home/mmihovilovic/.vscode-server/bin/ee2b180d582a7f601fa6ecfdad8d9fd269ab1884/out/vs/workbench/api/node/extensionHostProcess.js:96:107674)
	at c.executeCommand (/home/mmihovilovic/.vscode-server/bin/ee2b180d582a7f601fa6ecfdad8d9fd269ab1884/out/vs/workbench/api/node/extensionHostProcess.js:96:107574)
	at Object.executeCommand (/home/mmihovilovic/.vscode-server/bin/ee2b180d582a7f601fa6ecfdad8d9fd269ab1884/out/vs/workbench/api/node/extensionHostProcess.js:117:30781)
	at D (/home/mmihovilovic/.vscode-server/bin/ee2b180d582a7f601fa6ecfdad8d9fd269ab1884/extensions/git/dist/main.js:2:1467127)
	at f.invoke (/home/mmihovilovic/.vscode-server/bin/ee2b180d582a7f601fa6ecfdad8d9fd269ab1884/out/vs/workbench/api/node/extensionHostProcess.js:63:145)
	at m.deliver (/home/mmihovilovic/.vscode-server/bin/ee2b180d582a7f601fa6ecfdad8d9fd269ab1884/out/vs/workbench/api/node/extensionHostProcess.js:63:2066)
	at d.fire (/home/mmihovilovic/.vscode-server/bin/ee2b180d582a7f601fa6ecfdad8d9fd269ab1884/out/vs/workbench/api/node/extensionHostProcess.js:63:1704)
	at Object.m [as dispose] (/home/mmihovilovic/.vscode-server/bin/ee2b180d582a7f601fa6ecfdad8d9fd269ab1884/extensions/git/dist/main.js:2:1481856)
	at /home/mmihovilovic/.vscode-server/bin/ee2b180d582a7f601fa6ecfdad8d9fd269ab1884/extensions/git/dist/main.js:2:1485923
	at Array.forEach (<anonymous>)
	at g.dispose (/home/mmihovilovic/.vscode-server/bin/ee2b180d582a7f601fa6ecfdad8d9fd269ab1884/extensions/git/dist/main.js:2:1485909)
	at D.<anonymous> (/home/mmihovilovic/.vscode-server/bin/ee2b180d582a7f601fa6ecfdad8d9fd269ab1884/out/vs/workbench/api/node/extensionHostProcess.js:94:12431)
	at D.dispose (/home/mmihovilovic/.vscode-server/bin/ee2b180d582a7f601fa6ecfdad8d9fd269ab1884/out/vs/workbench/api/node/extensionHostProcess.js:94:12566)
	at D.<anonymous> (/home/mmihovilovic/.vscode-server/bin/ee2b180d582a7f601fa6ecfdad8d9fd269ab1884/extensions/git/dist/main.js:2:1469257)
	at D.dispose (/home/mmihovilovic/.vscode-server/bin/ee2b180d582a7f601fa6ecfdad8d9fd269ab1884/out/vs/workbench/api/node/extensionHostProcess.js:94:12566)
	at k (/home/mmihovilovic/.vscode-server/bin/ee2b180d582a7f601fa6ecfdad8d9fd269ab1884/out/vs/workbench/api/node/extensionHostProcess.js:10:12074)
	at f.X (/home/mmihovilovic/.vscode-server/bin/ee2b180d582a7f601fa6ecfdad8d9fd269ab1884/out/vs/workbench/api/node/extensionHostProcess.js:108:11284)
	at /home/mmihovilovic/.vscode-server/bin/ee2b180d582a7f601fa6ecfdad8d9fd269ab1884/out/vs/workbench/api/node/extensionHostProcess.js:108:9088
	at Array.map (<anonymous>)
	at f.Q (/home/mmihovilovic/.vscode-server/bin/ee2b180d582a7f601fa6ecfdad8d9fd269ab1884/out/vs/workbench/api/node/extensionHostProcess.js:108:9075)
	at f.terminate (/home/mmihovilovic/.vscode-server/bin/ee2b180d582a7f601fa6ecfdad8d9fd269ab1884/out/vs/workbench/api/node/extensionHostProcess.js:108:9347)
	at u.terminate (/home/mmihovilovic/.vscode-server/bin/ee2b180d582a7f601fa6ecfdad8d9fd269ab1884/out/vs/workbench/api/node/extensionHostProcess.js:112:1397)
	at p (/home/mmihovilovic/.vscode-server/bin/ee2b180d582a7f601fa6ecfdad8d9fd269ab1884/out/vs/workbench/api/node/extensionHostProcess.js:122:18592)
	at Q.a (/home/mmihovilovic/.vscode-server/bin/ee2b180d582a7f601fa6ecfdad8d9fd269ab1884/out/vs/workbench/api/node/extensionHostProcess.js:122:15147)
	at Q.h (/home/mmihovilovic/.vscode-server/bin/ee2b180d582a7f601fa6ecfdad8d9fd269ab1884/out/vs/workbench/api/node/extensionHostProcess.js:66:46717)
	at listOnTimeout (node:internal/timers:559:17)
	at processTimers (node:internal/timers:502:7) setContext undefined
2023-03-22 21:17:39.270 [error] Canceled: Canceled
	at new l (/home/mmihovilovic/.vscode-server/bin/ee2b180d582a7f601fa6ecfdad8d9fd269ab1884/out/vs/workbench/api/node/extensionHostProcess.js:96:88793)
	at a.O (/home/mmihovilovic/.vscode-server/bin/ee2b180d582a7f601fa6ecfdad8d9fd269ab1884/out/vs/workbench/api/node/extensionHostProcess.js:106:11260)
	at Proxy.V.<computed>.Q.charCodeAt.V.<computed> (/home/mmihovilovic/.vscode-server/bin/ee2b180d582a7f601fa6ecfdad8d9fd269ab1884/out/vs/workbench/api/node/extensionHostProcess.js:106:8550)
	at c.g (/home/mmihovilovic/.vscode-server/bin/ee2b180d582a7f601fa6ecfdad8d9fd269ab1884/out/vs/workbench/api/node/extensionHostProcess.js:96:108198)
	at c.executeCommand (/home/mmihovilovic/.vscode-server/bin/ee2b180d582a7f601fa6ecfdad8d9fd269ab1884/out/vs/workbench/api/node/extensionHostProcess.js:96:107574)
	at N.registerCommand.description (/home/mmihovilovic/.vscode-server/bin/ee2b180d582a7f601fa6ecfdad8d9fd269ab1884/out/vs/workbench/api/node/extensionHostProcess.js:96:106867)
	at c.h (/home/mmihovilovic/.vscode-server/bin/ee2b180d582a7f601fa6ecfdad8d9fd269ab1884/out/vs/workbench/api/node/extensionHostProcess.js:96:108784)
	at c.g (/home/mmihovilovic/.vscode-server/bin/ee2b180d582a7f601fa6ecfdad8d9fd269ab1884/out/vs/workbench/api/node/extensionHostProcess.js:96:107674)
	at c.executeCommand (/home/mmihovilovic/.vscode-server/bin/ee2b180d582a7f601fa6ecfdad8d9fd269ab1884/out/vs/workbench/api/node/extensionHostProcess.js:96:107574)
	at Object.executeCommand (/home/mmihovilovic/.vscode-server/bin/ee2b180d582a7f601fa6ecfdad8d9fd269ab1884/out/vs/workbench/api/node/extensionHostProcess.js:117:30781)
	at D (/home/mmihovilovic/.vscode-server/bin/ee2b180d582a7f601fa6ecfdad8d9fd269ab1884/extensions/git/dist/main.js:2:1467127)
	at f.invoke (/home/mmihovilovic/.vscode-server/bin/ee2b180d582a7f601fa6ecfdad8d9fd269ab1884/out/vs/workbench/api/node/extensionHostProcess.js:63:145)
	at m.deliver (/home/mmihovilovic/.vscode-server/bin/ee2b180d582a7f601fa6ecfdad8d9fd269ab1884/out/vs/workbench/api/node/extensionHostProcess.js:63:2066)
	at d.fire (/home/mmihovilovic/.vscode-server/bin/ee2b180d582a7f601fa6ecfdad8d9fd269ab1884/out/vs/workbench/api/node/extensionHostProcess.js:63:1704)
	at Object.m [as dispose] (/home/mmihovilovic/.vscode-server/bin/ee2b180d582a7f601fa6ecfdad8d9fd269ab1884/extensions/git/dist/main.js:2:1481856)
	at /home/mmihovilovic/.vscode-server/bin/ee2b180d582a7f601fa6ecfdad8d9fd269ab1884/extensions/git/dist/main.js:2:1485923
	at Array.forEach (<anonymous>)
	at g.dispose (/home/mmihovilovic/.vscode-server/bin/ee2b180d582a7f601fa6ecfdad8d9fd269ab1884/extensions/git/dist/main.js:2:1485909)
	at D.<anonymous> (/home/mmihovilovic/.vscode-server/bin/ee2b180d582a7f601fa6ecfdad8d9fd269ab1884/out/vs/workbench/api/node/extensionHostProcess.js:94:12431)
	at D.dispose (/home/mmihovilovic/.vscode-server/bin/ee2b180d582a7f601fa6ecfdad8d9fd269ab1884/out/vs/workbench/api/node/extensionHostProcess.js:94:12566)
	at D.<anonymous> (/home/mmihovilovic/.vscode-server/bin/ee2b180d582a7f601fa6ecfdad8d9fd269ab1884/extensions/git/dist/main.js:2:1469257)
	at D.dispose (/home/mmihovilovic/.vscode-server/bin/ee2b180d582a7f601fa6ecfdad8d9fd269ab1884/out/vs/workbench/api/node/extensionHostProcess.js:94:12566)
	at k (/home/mmihovilovic/.vscode-server/bin/ee2b180d582a7f601fa6ecfdad8d9fd269ab1884/out/vs/workbench/api/node/extensionHostProcess.js:10:12074)
	at f.X (/home/mmihovilovic/.vscode-server/bin/ee2b180d582a7f601fa6ecfdad8d9fd269ab1884/out/vs/workbench/api/node/extensionHostProcess.js:108:11284)
	at /home/mmihovilovic/.vscode-server/bin/ee2b180d582a7f601fa6ecfdad8d9fd269ab1884/out/vs/workbench/api/node/extensionHostProcess.js:108:9088
	at Array.map (<anonymous>)
	at f.Q (/home/mmihovilovic/.vscode-server/bin/ee2b180d582a7f601fa6ecfdad8d9fd269ab1884/out/vs/workbench/api/node/extensionHostProcess.js:108:9075)
	at f.terminate (/home/mmihovilovic/.vscode-server/bin/ee2b180d582a7f601fa6ecfdad8d9fd269ab1884/out/vs/workbench/api/node/extensionHostProcess.js:108:9347)
	at u.terminate (/home/mmihovilovic/.vscode-server/bin/ee2b180d582a7f601fa6ecfdad8d9fd269ab1884/out/vs/workbench/api/node/extensionHostProcess.js:112:1397)
	at p (/home/mmihovilovic/.vscode-server/bin/ee2b180d582a7f601fa6ecfdad8d9fd269ab1884/out/vs/workbench/api/node/extensionHostProcess.js:122:18592)
	at Q.a (/home/mmihovilovic/.vscode-server/bin/ee2b180d582a7f601fa6ecfdad8d9fd269ab1884/out/vs/workbench/api/node/extensionHostProcess.js:122:15147)
	at Q.h (/home/mmihovilovic/.vscode-server/bin/ee2b180d582a7f601fa6ecfdad8d9fd269ab1884/out/vs/workbench/api/node/extensionHostProcess.js:66:46717)
	at listOnTimeout (node:internal/timers:559:17)
	at processTimers (node:internal/timers:502:7) setContext undefined
2023-03-22 21:17:39.270 [error] Canceled: Canceled
	at new l (/home/mmihovilovic/.vscode-server/bin/ee2b180d582a7f601fa6ecfdad8d9fd269ab1884/out/vs/workbench/api/node/extensionHostProcess.js:96:88793)
	at a.O (/home/mmihovilovic/.vscode-server/bin/ee2b180d582a7f601fa6ecfdad8d9fd269ab1884/out/vs/workbench/api/node/extensionHostProcess.js:106:11260)
	at Proxy.V.<computed>.Q.charCodeAt.V.<computed> (/home/mmihovilovic/.vscode-server/bin/ee2b180d582a7f601fa6ecfdad8d9fd269ab1884/out/vs/workbench/api/node/extensionHostProcess.js:106:8550)
	at c.g (/home/mmihovilovic/.vscode-server/bin/ee2b180d582a7f601fa6ecfdad8d9fd269ab1884/out/vs/workbench/api/node/extensionHostProcess.js:96:108198)
	at c.executeCommand (/home/mmihovilovic/.vscode-server/bin/ee2b180d582a7f601fa6ecfdad8d9fd269ab1884/out/vs/workbench/api/node/extensionHostProcess.js:96:107574)
	at N.registerCommand.description (/home/mmihovilovic/.vscode-server/bin/ee2b180d582a7f601fa6ecfdad8d9fd269ab1884/out/vs/workbench/api/node/extensionHostProcess.js:96:106867)
	at c.h (/home/mmihovilovic/.vscode-server/bin/ee2b180d582a7f601fa6ecfdad8d9fd269ab1884/out/vs/workbench/api/node/extensionHostProcess.js:96:108784)
	at c.g (/home/mmihovilovic/.vscode-server/bin/ee2b180d582a7f601fa6ecfdad8d9fd269ab1884/out/vs/workbench/api/node/extensionHostProcess.js:96:107674)
	at c.executeCommand (/home/mmihovilovic/.vscode-server/bin/ee2b180d582a7f601fa6ecfdad8d9fd269ab1884/out/vs/workbench/api/node/extensionHostProcess.js:96:107574)
	at Object.executeCommand (/home/mmihovilovic/.vscode-server/bin/ee2b180d582a7f601fa6ecfdad8d9fd269ab1884/out/vs/workbench/api/node/extensionHostProcess.js:117:30781)
	at D (/home/mmihovilovic/.vscode-server/bin/ee2b180d582a7f601fa6ecfdad8d9fd269ab1884/extensions/git/dist/main.js:2:1467127)
	at f.invoke (/home/mmihovilovic/.vscode-server/bin/ee2b180d582a7f601fa6ecfdad8d9fd269ab1884/out/vs/workbench/api/node/extensionHostProcess.js:63:145)
	at m.deliver (/home/mmihovilovic/.vscode-server/bin/ee2b180d582a7f601fa6ecfdad8d9fd269ab1884/out/vs/workbench/api/node/extensionHostProcess.js:63:2066)
	at d.fire (/home/mmihovilovic/.vscode-server/bin/ee2b180d582a7f601fa6ecfdad8d9fd269ab1884/out/vs/workbench/api/node/extensionHostProcess.js:63:1704)
	at Object.m [as dispose] (/home/mmihovilovic/.vscode-server/bin/ee2b180d582a7f601fa6ecfdad8d9fd269ab1884/extensions/git/dist/main.js:2:1481856)
	at /home/mmihovilovic/.vscode-server/bin/ee2b180d582a7f601fa6ecfdad8d9fd269ab1884/extensions/git/dist/main.js:2:1485923
	at Array.forEach (<anonymous>)
	at g.dispose (/home/mmihovilovic/.vscode-server/bin/ee2b180d582a7f601fa6ecfdad8d9fd269ab1884/extensions/git/dist/main.js:2:1485909)
	at D.<anonymous> (/home/mmihovilovic/.vscode-server/bin/ee2b180d582a7f601fa6ecfdad8d9fd269ab1884/out/vs/workbench/api/node/extensionHostProcess.js:94:12431)
	at D.dispose (/home/mmihovilovic/.vscode-server/bin/ee2b180d582a7f601fa6ecfdad8d9fd269ab1884/out/vs/workbench/api/node/extensionHostProcess.js:94:12566)
	at D.<anonymous> (/home/mmihovilovic/.vscode-server/bin/ee2b180d582a7f601fa6ecfdad8d9fd269ab1884/extensions/git/dist/main.js:2:1469257)
	at D.dispose (/home/mmihovilovic/.vscode-server/bin/ee2b180d582a7f601fa6ecfdad8d9fd269ab1884/out/vs/workbench/api/node/extensionHostProcess.js:94:12566)
	at k (/home/mmihovilovic/.vscode-server/bin/ee2b180d582a7f601fa6ecfdad8d9fd269ab1884/out/vs/workbench/api/node/extensionHostProcess.js:10:12074)
	at f.X (/home/mmihovilovic/.vscode-server/bin/ee2b180d582a7f601fa6ecfdad8d9fd269ab1884/out/vs/workbench/api/node/extensionHostProcess.js:108:11284)
	at /home/mmihovilovic/.vscode-server/bin/ee2b180d582a7f601fa6ecfdad8d9fd269ab1884/out/vs/workbench/api/node/extensionHostProcess.js:108:9088
	at Array.map (<anonymous>)
	at f.Q (/home/mmihovilovic/.vscode-server/bin/ee2b180d582a7f601fa6ecfdad8d9fd269ab1884/out/vs/workbench/api/node/extensionHostProcess.js:108:9075)
	at f.terminate (/home/mmihovilovic/.vscode-server/bin/ee2b180d582a7f601fa6ecfdad8d9fd269ab1884/out/vs/workbench/api/node/extensionHostProcess.js:108:9347)
	at u.terminate (/home/mmihovilovic/.vscode-server/bin/ee2b180d582a7f601fa6ecfdad8d9fd269ab1884/out/vs/workbench/api/node/extensionHostProcess.js:112:1397)
	at p (/home/mmihovilovic/.vscode-server/bin/ee2b180d582a7f601fa6ecfdad8d9fd269ab1884/out/vs/workbench/api/node/extensionHostProcess.js:122:18592)
	at Q.a (/home/mmihovilovic/.vscode-server/bin/ee2b180d582a7f601fa6ecfdad8d9fd269ab1884/out/vs/workbench/api/node/extensionHostProcess.js:122:15147)
	at Q.h (/home/mmihovilovic/.vscode-server/bin/ee2b180d582a7f601fa6ecfdad8d9fd269ab1884/out/vs/workbench/api/node/extensionHostProcess.js:66:46717)
	at listOnTimeout (node:internal/timers:559:17)
	at processTimers (node:internal/timers:502:7) setContext undefined
2023-03-22 21:17:39.341 [info] Extension host with pid 7902 exiting with code 0
