2023-03-23 15:34:16.334 [info] Log level: Info
2023-03-23 15:34:16.334 [info] Validating found git in: "git"
2023-03-23 15:34:16.334 [info] Using git "1.8.3.1" from "git"
2023-03-23 15:34:16.334 [info] > git rev-parse --show-toplevel [12ms]
2023-03-23 15:34:16.334 [info] > git rev-parse --git-dir --git-common-dir [16ms]
2023-03-23 15:34:16.334 [info] Open repository: /home/mmihovilovic
2023-03-23 15:34:16.334 [warning] getRemotes() - ENOENT: no such file or directory, open '/home/mmihovilovic/--git-common-dir/config'
2023-03-23 15:34:16.334 [info] > git remote --verbose [75ms]
2023-03-23 15:34:16.334 [info] > git rev-parse --show-toplevel [92ms]
2023-03-23 15:34:16.334 [info] > git rev-parse --show-toplevel [4ms]
2023-03-23 15:34:16.334 [info] > git config --get commit.template [93ms]
2023-03-23 15:34:16.334 [info] > git rev-parse --show-toplevel [17ms]
2023-03-23 15:34:16.334 [info] > git for-each-ref --format=%(refname)%00%(upstream:short)%00%(objectname) refs/heads/main refs/remotes/main [18ms]
2023-03-23 15:34:16.334 [info] > git rev-parse --show-toplevel [17ms]
2023-03-23 15:34:16.334 [info] > git rev-list --left-right --count main...origin/main [16ms]
2023-03-23 15:34:16.334 [info] > git rev-parse --show-toplevel [28ms]
2023-03-23 15:34:16.334 [info] > git rev-parse --show-toplevel [2ms]
2023-03-23 15:34:16.334 [info] > git rev-parse --show-toplevel [228ms]
2023-03-23 15:34:16.334 [info] > git rev-parse --show-toplevel [37ms]
2023-03-23 15:34:16.334 [info] > git rev-parse --show-toplevel [10ms]
2023-03-23 15:34:16.334 [info] > git rev-parse --show-toplevel [18ms]
2023-03-23 15:34:16.334 [info] > git rev-parse --show-toplevel [167ms]
2023-03-23 15:34:16.346 [info] > git rev-parse --show-toplevel [13ms]
2023-03-23 15:34:16.366 [info] > git rev-parse --show-toplevel [8ms]
2023-03-23 15:34:16.388 [info] > git rev-parse --show-toplevel [10ms]
2023-03-23 15:34:16.424 [info] > git rev-parse --show-toplevel [22ms]
2023-03-23 15:34:16.461 [info] > git rev-parse --show-toplevel [23ms]
2023-03-23 15:34:16.625 [info] > git rev-parse --show-toplevel [137ms]
2023-03-23 15:34:16.651 [info] > git check-ignore -v -z --stdin [35ms]
2023-03-23 15:34:16.660 [info] > git rev-parse --git-dir --git-common-dir [16ms]
2023-03-23 15:34:16.668 [info] Open repository: /home/mmihovilovic/vj11
2023-03-23 15:34:16.697 [warning] getRemotes() - ENOENT: no such file or directory, open '/home/mmihovilovic/vj11/--git-common-dir/config'
2023-03-23 15:34:16.727 [info] > git config --get commit.template [18ms]
2023-03-23 15:34:16.727 [info] > git remote --verbose [30ms]
2023-03-23 15:34:16.727 [info] > git rev-parse --show-toplevel [46ms]
2023-03-23 15:34:16.773 [info] > git rev-parse --show-toplevel [34ms]
2023-03-23 15:34:16.791 [info] > git rev-parse --show-toplevel [5ms]
2023-03-23 15:34:16.803 [info] > git for-each-ref --format=%(refname)%00%(upstream:short)%00%(objectname) refs/heads/master refs/remotes/master [32ms]
2023-03-23 15:34:16.827 [info] > git status -z -uall [12ms]
2023-03-23 15:34:16.828 [info] > git rev-parse --show-toplevel [26ms]
2023-03-23 15:34:16.875 [warning] getRemotes() - ENOENT: no such file or directory, open '/home/mmihovilovic/vj11/--git-common-dir/config'
2023-03-23 15:34:16.888 [info] > git rev-parse --show-toplevel [48ms]
2023-03-23 15:34:16.905 [info] > git config --get commit.template [18ms]
2023-03-23 15:34:16.905 [info] > git remote --verbose [30ms]
2023-03-23 15:34:16.908 [info] > git rev-parse --show-toplevel [9ms]
2023-03-23 15:34:16.946 [info] > git for-each-ref --format=%(refname)%00%(upstream:short)%00%(objectname) refs/heads/master refs/remotes/master [14ms]
2023-03-23 15:34:16.962 [info] > git rev-parse --show-toplevel [42ms]
2023-03-23 15:34:17.013 [info] > git status -z -uall [52ms]
2023-03-23 15:34:17.013 [info] > git rev-parse --show-toplevel [38ms]
2023-03-23 15:34:17.035 [info] > git rev-parse --git-dir --git-common-dir [10ms]
2023-03-23 15:34:17.042 [info] Open repository: /home/mmihovilovic/vj6
2023-03-23 15:34:17.068 [warning] getRemotes() - ENOENT: no such file or directory, open '/home/mmihovilovic/vj6/--git-common-dir/config'
2023-03-23 15:34:17.085 [info] > git remote --verbose [16ms]
2023-03-23 15:34:17.085 [info] > git rev-parse --show-toplevel [31ms]
2023-03-23 15:34:17.100 [info] > git config --get commit.template [20ms]
2023-03-23 15:34:17.120 [info] > git rev-parse --show-toplevel [24ms]
2023-03-23 15:34:17.144 [info] > git rev-parse --show-toplevel [11ms]
2023-03-23 15:34:17.157 [info] > git for-each-ref --format=%(refname)%00%(upstream:short)%00%(objectname) refs/heads/master refs/remotes/master [37ms]
2023-03-23 15:34:17.174 [info] > git status -z -uall [5ms]
2023-03-23 15:34:17.175 [info] > git rev-parse --show-toplevel [18ms]
2023-03-23 15:34:17.210 [warning] getRemotes() - ENOENT: no such file or directory, open '/home/mmihovilovic/vj6/--git-common-dir/config'
2023-03-23 15:34:17.230 [info] > git remote --verbose [19ms]
2023-03-23 15:34:17.236 [info] > git config --get commit.template [14ms]
2023-03-23 15:34:17.258 [info] > git for-each-ref --format=%(refname)%00%(upstream:short)%00%(objectname) refs/heads/master refs/remotes/master [8ms]
2023-03-23 15:34:17.291 [info] > git status -z -uall [12ms]
2023-03-23 15:34:17.468 [info] > git show --textconv :macbzvz/nesto.cpp [20ms]
2023-03-23 15:34:17.474 [info] > git ls-files --stage -- /home/mmihovilovic/macbzvz/nesto.cpp [11ms]
2023-03-23 15:34:17.495 [info] > git cat-file -s e69de29bb2d1d6434b8b29ae775ad8c2e48c5391 [8ms]
2023-03-23 15:34:17.892 [info] > git ls-files --stage -- /home/mmihovilovic/macbzvz/nesto.cpp [9ms]
2023-03-23 15:34:17.969 [info] > git cat-file -s e69de29bb2d1d6434b8b29ae775ad8c2e48c5391 [63ms]
2023-03-23 15:34:17.971 [info] > git check-ignore -v -z --stdin [35ms]
2023-03-23 15:34:17.972 [info] > git check-ignore -v -z --stdin [14ms]
2023-03-23 15:34:17.978 [info] > git check-ignore -v -z --stdin [57ms]
2023-03-23 15:34:18.026 [info] > git show --textconv :macbzvz/nesto.cpp [9ms]
2023-03-23 15:34:19.236 [info] > git check-ignore -v -z --stdin [41ms]
2023-03-23 15:34:19.763 [info] > git status -z -uall [4014ms]
2023-03-23 15:34:19.820 [warning] getRemotes() - ENOENT: no such file or directory, open '/home/mmihovilovic/--git-common-dir/config'
2023-03-23 15:34:19.841 [info] > git remote --verbose [20ms]
2023-03-23 15:34:19.843 [info] > git config --get commit.template [4ms]
2023-03-23 15:34:19.861 [info] > git for-each-ref --format=%(refname)%00%(upstream:short)%00%(objectname) refs/heads/main refs/remotes/main [2ms]
2023-03-23 15:34:20.101 [info] > git rev-list --left-right --count main...origin/main [227ms]
2023-03-23 15:34:23.475 [info] > git show --textconv :macbzvz/zadatak1ispit/Analyzer.h [29ms]
2023-03-23 15:34:23.476 [info] > git ls-files --stage -- /home/mmihovilovic/macbzvz/zadatak1ispit/Analyzer.h [11ms]
2023-03-23 15:34:23.500 [info] > git cat-file -s 54415edbb18676841b7cbf119678b77f6a9e6d1d [4ms]
2023-03-23 15:34:24.108 [info] > git status -z -uall [3990ms]
2023-03-23 15:34:32.540 [warning] getRemotes() - ENOENT: no such file or directory, open '/home/mmihovilovic/--git-common-dir/config'
2023-03-23 15:34:32.559 [info] > git remote --verbose [20ms]
2023-03-23 15:34:32.562 [info] > git config --get commit.template [3ms]
2023-03-23 15:34:32.582 [info] > git for-each-ref --format=%(refname)%00%(upstream:short)%00%(objectname) refs/heads/main refs/remotes/main [2ms]
2023-03-23 15:34:32.606 [info] > git rev-list --left-right --count main...origin/main [6ms]
2023-03-23 15:34:36.636 [info] > git status -z -uall [4008ms]
2023-03-23 15:34:38.022 [info] > git show --textconv :macbzvz/zadatak1ispit/Analyzer.cpp [24ms]
2023-03-23 15:34:38.030 [info] > git ls-files --stage -- /home/mmihovilovic/macbzvz/zadatak1ispit/Analyzer.cpp [10ms]
2023-03-23 15:34:38.051 [info] > git cat-file -s 5ed25d5bdc496c64bdadac889a593e516e19dde4 [2ms]
2023-03-23 15:34:41.692 [warning] getRemotes() - ENOENT: no such file or directory, open '/home/mmihovilovic/--git-common-dir/config'
2023-03-23 15:34:41.712 [info] > git remote --verbose [21ms]
2023-03-23 15:34:41.713 [info] > git config --get commit.template [2ms]
2023-03-23 15:34:41.735 [info] > git for-each-ref --format=%(refname)%00%(upstream:short)%00%(objectname) refs/heads/main refs/remotes/main [2ms]
2023-03-23 15:34:41.761 [info] > git rev-list --left-right --count main...origin/main [2ms]
2023-03-23 15:34:45.731 [info] > git status -z -uall [3951ms]
2023-03-23 15:37:31.431 [warning] getRemotes() - ENOENT: no such file or directory, open '/home/mmihovilovic/--git-common-dir/config'
2023-03-23 15:37:31.448 [info] > git remote --verbose [17ms]
2023-03-23 15:37:31.450 [info] > git config --get commit.template [4ms]
2023-03-23 15:37:31.469 [info] > git for-each-ref --format=%(refname)%00%(upstream:short)%00%(objectname) refs/heads/main refs/remotes/main [2ms]
2023-03-23 15:37:31.487 [info] > git rev-list --left-right --count main...origin/main [2ms]
2023-03-23 15:37:35.478 [info] > git status -z -uall [3975ms]
2023-03-23 15:37:35.971 [info] > git check-ignore -v -z --stdin [10ms]
2023-03-23 15:37:40.543 [warning] getRemotes() - ENOENT: no such file or directory, open '/home/mmihovilovic/--git-common-dir/config'
2023-03-23 15:37:40.571 [info] > git config --get commit.template [6ms]
2023-03-23 15:37:40.572 [info] > git remote --verbose [29ms]
2023-03-23 15:37:40.602 [info] > git for-each-ref --format=%(refname)%00%(upstream:short)%00%(objectname) refs/heads/main refs/remotes/main [3ms]
2023-03-23 15:37:40.621 [info] > git rev-list --left-right --count main...origin/main [4ms]
2023-03-23 15:37:44.615 [info] > git status -z -uall [3978ms]
2023-03-23 15:37:49.672 [warning] getRemotes() - ENOENT: no such file or directory, open '/home/mmihovilovic/--git-common-dir/config'
2023-03-23 15:37:49.690 [info] > git remote --verbose [18ms]
2023-03-23 15:37:49.692 [info] > git config --get commit.template [3ms]
2023-03-23 15:37:49.710 [info] > git for-each-ref --format=%(refname)%00%(upstream:short)%00%(objectname) refs/heads/main refs/remotes/main [2ms]
2023-03-23 15:37:49.732 [info] > git rev-list --left-right --count main...origin/main [2ms]
2023-03-23 15:37:53.713 [info] > git status -z -uall [3965ms]
2023-03-23 15:37:58.767 [warning] getRemotes() - ENOENT: no such file or directory, open '/home/mmihovilovic/--git-common-dir/config'
2023-03-23 15:37:58.785 [info] > git remote --verbose [17ms]
2023-03-23 15:37:58.786 [info] > git config --get commit.template [3ms]
2023-03-23 15:37:58.805 [info] > git for-each-ref --format=%(refname)%00%(upstream:short)%00%(objectname) refs/heads/main refs/remotes/main [3ms]
2023-03-23 15:37:58.823 [info] > git rev-list --left-right --count main...origin/main [2ms]
2023-03-23 15:38:02.800 [info] > git status -z -uall [3961ms]
2023-03-23 15:38:07.854 [warning] getRemotes() - ENOENT: no such file or directory, open '/home/mmihovilovic/--git-common-dir/config'
2023-03-23 15:38:07.872 [info] > git remote --verbose [18ms]
2023-03-23 15:38:07.873 [info] > git config --get commit.template [3ms]
2023-03-23 15:38:07.892 [info] > git for-each-ref --format=%(refname)%00%(upstream:short)%00%(objectname) refs/heads/main refs/remotes/main [2ms]
2023-03-23 15:38:07.911 [info] > git rev-list --left-right --count main...origin/main [3ms]
2023-03-23 15:38:11.900 [info] > git status -z -uall [3969ms]
2023-03-23 15:38:16.957 [warning] getRemotes() - ENOENT: no such file or directory, open '/home/mmihovilovic/--git-common-dir/config'
2023-03-23 15:38:16.975 [info] > git remote --verbose [18ms]
2023-03-23 15:38:16.976 [info] > git config --get commit.template [3ms]
2023-03-23 15:38:16.995 [info] > git for-each-ref --format=%(refname)%00%(upstream:short)%00%(objectname) refs/heads/main refs/remotes/main [3ms]
2023-03-23 15:38:17.014 [info] > git rev-list --left-right --count main...origin/main [2ms]
2023-03-23 15:38:21.006 [info] > git status -z -uall [3976ms]
2023-03-23 15:38:26.053 [warning] getRemotes() - ENOENT: no such file or directory, open '/home/mmihovilovic/--git-common-dir/config'
2023-03-23 15:38:26.071 [info] > git remote --verbose [18ms]
2023-03-23 15:38:26.072 [info] > git config --get commit.template [3ms]
2023-03-23 15:38:26.091 [info] > git for-each-ref --format=%(refname)%00%(upstream:short)%00%(objectname) refs/heads/main refs/remotes/main [2ms]
2023-03-23 15:38:26.109 [info] > git rev-list --left-right --count main...origin/main [2ms]
2023-03-23 15:38:30.086 [info] > git status -z -uall [3961ms]
2023-03-23 15:38:35.133 [warning] getRemotes() - ENOENT: no such file or directory, open '/home/mmihovilovic/--git-common-dir/config'
2023-03-23 15:38:35.151 [info] > git remote --verbose [18ms]
2023-03-23 15:38:35.152 [info] > git config --get commit.template [3ms]
2023-03-23 15:38:35.171 [info] > git for-each-ref --format=%(refname)%00%(upstream:short)%00%(objectname) refs/heads/main refs/remotes/main [3ms]
2023-03-23 15:38:35.190 [info] > git rev-list --left-right --count main...origin/main [2ms]
2023-03-23 15:38:39.169 [info] > git status -z -uall [3963ms]
2023-03-23 15:38:44.218 [warning] getRemotes() - ENOENT: no such file or directory, open '/home/mmihovilovic/--git-common-dir/config'
2023-03-23 15:38:44.238 [info] > git config --get commit.template [2ms]
2023-03-23 15:38:44.238 [info] > git remote --verbose [21ms]
2023-03-23 15:38:44.262 [info] > git for-each-ref --format=%(refname)%00%(upstream:short)%00%(objectname) refs/heads/main refs/remotes/main [6ms]
2023-03-23 15:38:44.282 [info] > git rev-list --left-right --count main...origin/main [2ms]
2023-03-23 15:38:48.257 [info] > git status -z -uall [3959ms]
2023-03-23 15:39:32.538 [warning] getRemotes() - ENOENT: no such file or directory, open '/home/mmihovilovic/--git-common-dir/config'
2023-03-23 15:39:32.555 [info] > git remote --verbose [18ms]
2023-03-23 15:39:32.556 [info] > git config --get commit.template [2ms]
2023-03-23 15:39:32.576 [info] > git for-each-ref --format=%(refname)%00%(upstream:short)%00%(objectname) refs/heads/main refs/remotes/main [4ms]
2023-03-23 15:39:32.598 [info] > git rev-list --left-right --count main...origin/main [2ms]
2023-03-23 15:39:33.103 [info] > git check-ignore -v -z --stdin [10ms]
2023-03-23 15:39:36.585 [info] > git status -z -uall [3966ms]
2023-03-23 15:39:41.637 [warning] getRemotes() - ENOENT: no such file or directory, open '/home/mmihovilovic/--git-common-dir/config'
2023-03-23 15:39:41.656 [info] > git remote --verbose [18ms]
2023-03-23 15:39:41.657 [info] > git config --get commit.template [3ms]
2023-03-23 15:39:41.675 [info] > git for-each-ref --format=%(refname)%00%(upstream:short)%00%(objectname) refs/heads/main refs/remotes/main [2ms]
2023-03-23 15:39:41.698 [info] > git rev-list --left-right --count main...origin/main [3ms]
2023-03-23 15:39:45.680 [info] > git status -z -uall [3966ms]
2023-03-23 15:39:50.723 [warning] getRemotes() - ENOENT: no such file or directory, open '/home/mmihovilovic/--git-common-dir/config'
2023-03-23 15:39:50.741 [info] > git remote --verbose [19ms]
2023-03-23 15:39:50.742 [info] > git config --get commit.template [3ms]
2023-03-23 15:39:50.760 [info] > git for-each-ref --format=%(refname)%00%(upstream:short)%00%(objectname) refs/heads/main refs/remotes/main [3ms]
2023-03-23 15:39:50.781 [info] > git rev-list --left-right --count main...origin/main [2ms]
2023-03-23 15:39:54.760 [info] > git status -z -uall [3962ms]
2023-03-23 15:39:59.451 [info] > git check-ignore -v -z --stdin [9ms]
2023-03-23 15:39:59.817 [warning] getRemotes() - ENOENT: no such file or directory, open '/home/mmihovilovic/--git-common-dir/config'
2023-03-23 15:39:59.840 [info] > git remote --verbose [24ms]
2023-03-23 15:39:59.841 [info] > git config --get commit.template [3ms]
2023-03-23 15:39:59.861 [info] > git for-each-ref --format=%(refname)%00%(upstream:short)%00%(objectname) refs/heads/main refs/remotes/main [3ms]
2023-03-23 15:39:59.886 [info] > git rev-list --left-right --count main...origin/main [3ms]
2023-03-23 15:40:03.871 [info] > git status -z -uall [3963ms]
2023-03-23 15:40:08.921 [warning] getRemotes() - ENOENT: no such file or directory, open '/home/mmihovilovic/--git-common-dir/config'
2023-03-23 15:40:08.939 [info] > git remote --verbose [17ms]
2023-03-23 15:40:08.939 [info] > git config --get commit.template [2ms]
2023-03-23 15:40:08.960 [info] > git for-each-ref --format=%(refname)%00%(upstream:short)%00%(objectname) refs/heads/main refs/remotes/main [3ms]
2023-03-23 15:40:08.983 [info] > git rev-list --left-right --count main...origin/main [3ms]
2023-03-23 15:40:10.060 [info] > git check-ignore -v -z --stdin [9ms]
2023-03-23 15:40:12.963 [info] > git status -z -uall [3964ms]
2023-03-23 15:40:18.013 [warning] getRemotes() - ENOENT: no such file or directory, open '/home/mmihovilovic/--git-common-dir/config'
2023-03-23 15:40:18.031 [info] > git remote --verbose [18ms]
2023-03-23 15:40:18.032 [info] > git config --get commit.template [3ms]
2023-03-23 15:40:18.051 [info] > git for-each-ref --format=%(refname)%00%(upstream:short)%00%(objectname) refs/heads/main refs/remotes/main [2ms]
2023-03-23 15:40:18.069 [info] > git rev-list --left-right --count main...origin/main [3ms]
2023-03-23 15:40:19.154 [info] > git check-ignore -v -z --stdin [9ms]
2023-03-23 15:40:22.047 [info] > git status -z -uall [3961ms]
