2023-03-23 15:46:36.685 [info] Log level: Info
2023-03-23 15:46:36.685 [info] Validating found git in: "git"
2023-03-23 15:46:36.685 [info] Using git "1.8.3.1" from "git"
2023-03-23 15:46:36.685 [info] > git rev-parse --show-toplevel [68ms]
2023-03-23 15:46:36.685 [info] > git rev-parse --git-dir --git-common-dir [3ms]
2023-03-23 15:46:36.685 [info] Open repository: /home/mmihovilovic
2023-03-23 15:46:36.685 [warning] getRemotes() - ENOENT: no such file or directory, open '/home/mmihovilovic/--git-common-dir/config'
2023-03-23 15:46:36.685 [info] > git rev-parse --show-toplevel [23ms]
2023-03-23 15:46:36.685 [info] > git config --get commit.template [13ms]
2023-03-23 15:46:36.685 [info] > git remote --verbose [24ms]
2023-03-23 15:46:36.685 [info] > git rev-parse --show-toplevel [6ms]
2023-03-23 15:46:36.685 [info] > git rev-parse --show-toplevel [12ms]
2023-03-23 15:46:36.685 [info] > git for-each-ref --format=%(refname)%00%(upstream:short)%00%(objectname) refs/heads/main refs/remotes/main [13ms]
2023-03-23 15:46:36.685 [info] > git rev-parse --show-toplevel [13ms]
2023-03-23 15:46:36.686 [info] > git rev-list --left-right --count main...origin/main [33ms]
2023-03-23 15:46:36.686 [info] > git rev-parse --show-toplevel [35ms]
2023-03-23 15:46:36.686 [info] > git rev-parse --show-toplevel [16ms]
2023-03-23 15:46:36.686 [info] > git rev-parse --show-toplevel [49ms]
2023-03-23 15:46:36.686 [info] > git rev-parse --show-toplevel [4ms]
2023-03-23 15:46:36.686 [info] > git rev-parse --show-toplevel [7ms]
2023-03-23 15:46:36.686 [info] > git rev-parse --show-toplevel [2ms]
2023-03-23 15:46:36.686 [info] > git rev-parse --show-toplevel [2ms]
2023-03-23 15:46:36.686 [info] > git rev-parse --show-toplevel [6ms]
2023-03-23 15:46:36.689 [info] > git rev-parse --show-toplevel [5ms]
2023-03-23 15:46:36.704 [info] > git rev-parse --show-toplevel [2ms]
2023-03-23 15:46:36.714 [info] > git rev-parse --show-toplevel [2ms]
2023-03-23 15:46:36.726 [info] > git rev-parse --show-toplevel [1ms]
2023-03-23 15:46:36.741 [info] > git rev-parse --show-toplevel [2ms]
2023-03-23 15:46:36.755 [info] > git rev-parse --show-toplevel [2ms]
2023-03-23 15:46:36.771 [info] > git rev-parse --git-dir --git-common-dir [4ms]
2023-03-23 15:46:36.778 [info] Open repository: /home/mmihovilovic/vj11
2023-03-23 15:46:36.802 [warning] getRemotes() - ENOENT: no such file or directory, open '/home/mmihovilovic/vj11/--git-common-dir/config'
2023-03-23 15:46:36.816 [info] > git remote --verbose [14ms]
2023-03-23 15:46:36.816 [info] > git rev-parse --show-toplevel [27ms]
2023-03-23 15:46:36.830 [info] > git config --get commit.template [16ms]
2023-03-23 15:46:36.843 [info] > git rev-parse --show-toplevel [16ms]
2023-03-23 15:46:36.856 [info] > git for-each-ref --format=%(refname)%00%(upstream:short)%00%(objectname) refs/heads/master refs/remotes/master [15ms]
2023-03-23 15:46:36.869 [info] > git rev-parse --show-toplevel [15ms]
2023-03-23 15:46:36.882 [info] > git status -z -uall [15ms]
2023-03-23 15:46:36.905 [warning] getRemotes() - ENOENT: no such file or directory, open '/home/mmihovilovic/vj11/--git-common-dir/config'
2023-03-23 15:46:36.915 [info] > git rev-parse --show-toplevel [35ms]
2023-03-23 15:46:36.924 [info] > git config --get commit.template [11ms]
2023-03-23 15:46:36.925 [info] > git remote --verbose [20ms]
2023-03-23 15:46:36.926 [info] > git rev-parse --show-toplevel [3ms]
2023-03-23 15:46:36.943 [info] > git rev-parse --show-toplevel [9ms]
2023-03-23 15:46:36.957 [info] > git for-each-ref --format=%(refname)%00%(upstream:short)%00%(objectname) refs/heads/master refs/remotes/master [16ms]
2023-03-23 15:46:36.968 [info] > git rev-parse --show-toplevel [16ms]
2023-03-23 15:46:36.980 [info] > git status -z -uall [14ms]
2023-03-23 15:46:36.986 [info] > git rev-parse --show-toplevel [7ms]
2023-03-23 15:46:36.999 [info] > git rev-parse --git-dir --git-common-dir [2ms]
2023-03-23 15:46:37.007 [info] Open repository: /home/mmihovilovic/vj6
2023-03-23 15:46:37.032 [warning] getRemotes() - ENOENT: no such file or directory, open '/home/mmihovilovic/vj6/--git-common-dir/config'
2023-03-23 15:46:37.048 [info] > git remote --verbose [16ms]
2023-03-23 15:46:37.048 [info] > git rev-parse --show-toplevel [28ms]
2023-03-23 15:46:37.060 [info] > git config --get commit.template [16ms]
2023-03-23 15:46:37.073 [info] > git rev-parse --show-toplevel [15ms]
2023-03-23 15:46:37.119 [info] > git rev-parse --show-toplevel [34ms]
2023-03-23 15:46:37.133 [info] > git for-each-ref --format=%(refname)%00%(upstream:short)%00%(objectname) refs/heads/master refs/remotes/master [61ms]
2023-03-23 15:46:37.147 [info] > git rev-parse --show-toplevel [15ms]
2023-03-23 15:46:37.182 [info] > git status -z -uall [38ms]
2023-03-23 15:46:37.182 [info] > git show --textconv :macbzvz/kol2/Makefile [15ms]
2023-03-23 15:46:37.209 [warning] getRemotes() - ENOENT: no such file or directory, open '/home/mmihovilovic/vj6/--git-common-dir/config'
2023-03-23 15:46:37.221 [info] > git ls-files --stage -- /home/mmihovilovic/macbzvz/kol2/Makefile [41ms]
2023-03-23 15:46:37.236 [info] > git config --get commit.template [15ms]
2023-03-23 15:46:37.236 [info] > git remote --verbose [27ms]
2023-03-23 15:46:37.237 [info] > git cat-file -s 4c57fcac2f947a05507777a1cd47de45898fea67 [4ms]
2023-03-23 15:46:37.256 [info] > git for-each-ref --format=%(refname)%00%(upstream:short)%00%(objectname) refs/heads/master refs/remotes/master [3ms]
2023-03-23 15:46:37.271 [info] > git status -z -uall [3ms]
2023-03-23 15:46:37.825 [info] > git check-ignore -v -z --stdin [14ms]
2023-03-23 15:46:37.826 [info] > git check-ignore -v -z --stdin [4ms]
2023-03-23 15:46:37.833 [info] > git check-ignore -v -z --stdin [36ms]
2023-03-23 15:46:37.922 [info] > git ls-files --stage -- /home/mmihovilovic/macbzvz/kol2/Makefile [9ms]
2023-03-23 15:46:37.935 [info] > git cat-file -s 4c57fcac2f947a05507777a1cd47de45898fea67 [2ms]
2023-03-23 15:46:37.991 [info] > git show --textconv :macbzvz/kol2/Makefile [10ms]
2023-03-23 15:46:40.512 [info] > git status -z -uall [3990ms]
2023-03-23 15:46:40.606 [warning] getRemotes() - ENOENT: no such file or directory, open '/home/mmihovilovic/--git-common-dir/config'
2023-03-23 15:46:40.621 [info] > git config --get commit.template [3ms]
2023-03-23 15:46:40.621 [info] > git remote --verbose [16ms]
2023-03-23 15:46:41.065 [info] > git for-each-ref --format=%(refname)%00%(upstream:short)%00%(objectname) refs/heads/main refs/remotes/main [432ms]
2023-03-23 15:46:41.089 [info] > git rev-list --left-right --count main...origin/main [5ms]
2023-03-23 15:46:45.078 [info] > git status -z -uall [3975ms]
2023-03-23 15:46:46.779 [info] > git check-ignore -v -z --stdin [9ms]
2023-03-23 15:46:48.745 [warning] getRemotes() - ENOENT: no such file or directory, open '/home/mmihovilovic/--git-common-dir/config'
2023-03-23 15:46:48.760 [info] > git remote --verbose [15ms]
2023-03-23 15:46:48.761 [info] > git config --get commit.template [3ms]
2023-03-23 15:46:48.777 [info] > git for-each-ref --format=%(refname)%00%(upstream:short)%00%(objectname) refs/heads/main refs/remotes/main [3ms]
2023-03-23 15:46:48.793 [info] > git rev-list --left-right --count main...origin/main [3ms]
2023-03-23 15:46:52.769 [info] > git status -z -uall [3962ms]
2023-03-23 15:46:56.380 [info] > git show --textconv :Ispit_2/z1/Makefile [16ms]
2023-03-23 15:46:56.387 [info] > git ls-files --stage -- /home/mmihovilovic/Ispit_2/z1/Makefile [9ms]
2023-03-23 15:46:56.571 [info] > git check-ignore -v -z --stdin [8ms]
2023-03-23 15:46:57.831 [warning] getRemotes() - ENOENT: no such file or directory, open '/home/mmihovilovic/--git-common-dir/config'
2023-03-23 15:46:57.852 [info] > git remote --verbose [22ms]
2023-03-23 15:46:57.853 [info] > git config --get commit.template [3ms]
2023-03-23 15:46:57.871 [info] > git for-each-ref --format=%(refname)%00%(upstream:short)%00%(objectname) refs/heads/main refs/remotes/main [3ms]
2023-03-23 15:46:57.893 [info] > git rev-list --left-right --count main...origin/main [3ms]
2023-03-23 15:47:01.877 [info] > git status -z -uall [3965ms]
2023-03-23 15:47:06.820 [info] > git check-ignore -v -z --stdin [9ms]
2023-03-23 15:47:06.923 [warning] getRemotes() - ENOENT: no such file or directory, open '/home/mmihovilovic/--git-common-dir/config'
2023-03-23 15:47:06.937 [info] > git remote --verbose [13ms]
2023-03-23 15:47:06.938 [info] > git config --get commit.template [2ms]
2023-03-23 15:47:06.952 [info] > git for-each-ref --format=%(refname)%00%(upstream:short)%00%(objectname) refs/heads/main refs/remotes/main [3ms]
2023-03-23 15:47:06.967 [info] > git rev-list --left-right --count main...origin/main [3ms]
2023-03-23 15:47:10.948 [info] > git status -z -uall [3969ms]
2023-03-23 15:47:12.753 [info] > git check-ignore -v -z --stdin [10ms]
2023-03-23 15:47:16.005 [warning] getRemotes() - ENOENT: no such file or directory, open '/home/mmihovilovic/--git-common-dir/config'
2023-03-23 15:47:16.019 [info] > git remote --verbose [14ms]
2023-03-23 15:47:16.021 [info] > git config --get commit.template [3ms]
2023-03-23 15:47:16.036 [info] > git for-each-ref --format=%(refname)%00%(upstream:short)%00%(objectname) refs/heads/main refs/remotes/main [2ms]
2023-03-23 15:47:16.050 [info] > git rev-list --left-right --count main...origin/main [2ms]
2023-03-23 15:47:19.215 [info] > git show --textconv :Ispit_2/z2/Makefile [16ms]
2023-03-23 15:47:19.222 [info] > git ls-files --stage -- /home/mmihovilovic/Ispit_2/z2/Makefile [9ms]
2023-03-23 15:47:19.413 [info] > git check-ignore -v -z --stdin [9ms]
2023-03-23 15:47:20.045 [info] > git status -z -uall [3979ms]
2023-03-23 15:47:25.102 [warning] getRemotes() - ENOENT: no such file or directory, open '/home/mmihovilovic/--git-common-dir/config'
2023-03-23 15:47:25.117 [info] > git remote --verbose [14ms]
2023-03-23 15:47:25.119 [info] > git config --get commit.template [4ms]
2023-03-23 15:47:25.137 [info] > git for-each-ref --format=%(refname)%00%(upstream:short)%00%(objectname) refs/heads/main refs/remotes/main [3ms]
2023-03-23 15:47:25.156 [info] > git rev-list --left-right --count main...origin/main [4ms]
2023-03-23 15:47:25.679 [info] > git check-ignore -v -z --stdin [9ms]
2023-03-23 15:47:29.134 [info] > git status -z -uall [3966ms]
2023-03-23 15:47:34.189 [warning] getRemotes() - ENOENT: no such file or directory, open '/home/mmihovilovic/--git-common-dir/config'
2023-03-23 15:47:34.204 [info] > git config --get commit.template [3ms]
2023-03-23 15:47:34.205 [info] > git remote --verbose [16ms]
2023-03-23 15:47:34.219 [info] > git for-each-ref --format=%(refname)%00%(upstream:short)%00%(objectname) refs/heads/main refs/remotes/main [2ms]
2023-03-23 15:47:34.233 [info] > git rev-list --left-right --count main...origin/main [3ms]
2023-03-23 15:47:38.216 [info] > git status -z -uall [3972ms]
2023-03-23 15:47:41.425 [info] > git check-ignore -v -z --stdin [8ms]
2023-03-23 15:47:41.664 [info] > git show --textconv :Ispit_2/z1/Analyzer.cpp [20ms]
2023-03-23 15:47:41.667 [info] > git ls-files --stage -- /home/mmihovilovic/Ispit_2/z1/Analyzer.cpp [9ms]
2023-03-23 15:47:43.263 [warning] getRemotes() - ENOENT: no such file or directory, open '/home/mmihovilovic/--git-common-dir/config'
2023-03-23 15:47:43.282 [info] > git remote --verbose [20ms]
2023-03-23 15:47:43.283 [info] > git config --get commit.template [3ms]
2023-03-23 15:47:43.304 [info] > git for-each-ref --format=%(refname)%00%(upstream:short)%00%(objectname) refs/heads/main refs/remotes/main [3ms]
2023-03-23 15:47:43.322 [info] > git rev-list --left-right --count main...origin/main [3ms]
2023-03-23 15:47:47.312 [info] > git status -z -uall [3972ms]
2023-03-23 15:47:52.146 [info] > git show --textconv :Ispit_2/z1/anal [27ms]
2023-03-23 15:47:52.153 [info] > git ls-files --stage -- /home/mmihovilovic/Ispit_2/z1/anal [9ms]
2023-03-23 15:47:52.341 [info] > git check-ignore -v -z --stdin [9ms]
2023-03-23 15:47:53.202 [warning] getRemotes() - ENOENT: no such file or directory, open '/home/mmihovilovic/--git-common-dir/config'
2023-03-23 15:47:53.222 [info] > git remote --verbose [19ms]
2023-03-23 15:47:53.223 [info] > git config --get commit.template [2ms]
2023-03-23 15:47:53.243 [info] > git for-each-ref --format=%(refname)%00%(upstream:short)%00%(objectname) refs/heads/main refs/remotes/main [2ms]
2023-03-23 15:47:53.264 [info] > git rev-list --left-right --count main...origin/main [3ms]
2023-03-23 15:47:57.238 [info] > git status -z -uall [3956ms]
2023-03-23 15:48:02.288 [warning] getRemotes() - ENOENT: no such file or directory, open '/home/mmihovilovic/--git-common-dir/config'
2023-03-23 15:48:02.308 [info] > git remote --verbose [20ms]
2023-03-23 15:48:02.309 [info] > git config --get commit.template [3ms]
2023-03-23 15:48:02.330 [info] > git for-each-ref --format=%(refname)%00%(upstream:short)%00%(objectname) refs/heads/main refs/remotes/main [3ms]
2023-03-23 15:48:02.351 [info] > git rev-list --left-right --count main...origin/main [2ms]
2023-03-23 15:48:06.335 [info] > git status -z -uall [3962ms]
2023-03-23 15:48:11.384 [warning] getRemotes() - ENOENT: no such file or directory, open '/home/mmihovilovic/--git-common-dir/config'
2023-03-23 15:48:11.405 [info] > git remote --verbose [21ms]
2023-03-23 15:48:11.406 [info] > git config --get commit.template [3ms]
2023-03-23 15:48:11.427 [info] > git for-each-ref --format=%(refname)%00%(upstream:short)%00%(objectname) refs/heads/main refs/remotes/main [3ms]
2023-03-23 15:48:11.448 [info] > git rev-list --left-right --count main...origin/main [3ms]
2023-03-23 15:48:11.995 [info] > git show --textconv :Ispit_2/z1/analyze.cpp [23ms]
2023-03-23 15:48:12.003 [info] > git ls-files --stage -- /home/mmihovilovic/Ispit_2/z1/analyze.cpp [9ms]
2023-03-23 15:48:12.222 [info] > git check-ignore -v -z --stdin [9ms]
2023-03-23 15:48:15.468 [info] > git status -z -uall [3993ms]
2023-03-23 15:48:20.515 [warning] getRemotes() - ENOENT: no such file or directory, open '/home/mmihovilovic/--git-common-dir/config'
2023-03-23 15:48:20.536 [info] > git remote --verbose [21ms]
2023-03-23 15:48:20.537 [info] > git config --get commit.template [3ms]
2023-03-23 15:48:20.559 [info] > git for-each-ref --format=%(refname)%00%(upstream:short)%00%(objectname) refs/heads/main refs/remotes/main [2ms]
2023-03-23 15:48:20.581 [info] > git rev-list --left-right --count main...origin/main [2ms]
2023-03-23 15:48:23.119 [info] > git show --textconv :Ispit_2/z2/Analyzer.cpp [22ms]
2023-03-23 15:48:23.127 [info] > git ls-files --stage -- /home/mmihovilovic/Ispit_2/z2/Analyzer.cpp [10ms]
2023-03-23 15:48:23.311 [info] > git check-ignore -v -z --stdin [9ms]
2023-03-23 15:48:24.577 [info] > git status -z -uall [3977ms]
2023-03-23 15:48:29.591 [info] > git show --textconv :Ispit_2/z2/analyze.cpp [21ms]
2023-03-23 15:48:29.598 [info] > git ls-files --stage -- /home/mmihovilovic/Ispit_2/z2/analyze.cpp [9ms]
2023-03-23 15:48:29.633 [warning] getRemotes() - ENOENT: no such file or directory, open '/home/mmihovilovic/--git-common-dir/config'
2023-03-23 15:48:29.658 [info] > git remote --verbose [25ms]
2023-03-23 15:48:29.660 [info] > git config --get commit.template [6ms]
2023-03-23 15:48:29.685 [info] > git for-each-ref --format=%(refname)%00%(upstream:short)%00%(objectname) refs/heads/main refs/remotes/main [5ms]
2023-03-23 15:48:29.710 [info] > git rev-list --left-right --count main...origin/main [4ms]
2023-03-23 15:48:29.807 [info] > git check-ignore -v -z --stdin [11ms]
2023-03-23 15:48:33.699 [info] > git status -z -uall [3967ms]
2023-03-23 15:48:37.196 [info] > git check-ignore -v -z --stdin [10ms]
2023-03-23 15:48:38.765 [warning] getRemotes() - ENOENT: no such file or directory, open '/home/mmihovilovic/--git-common-dir/config'
2023-03-23 15:48:38.789 [info] > git show --textconv :macbzvz/zadatak2ispit/analyze.cpp [74ms]
2023-03-23 15:48:38.791 [info] > git config --get commit.template [3ms]
2023-03-23 15:48:38.792 [info] > git remote --verbose [27ms]
2023-03-23 15:48:38.792 [info] > git ls-files --stage -- /home/mmihovilovic/macbzvz/zadatak2ispit/analyze.cpp [54ms]
2023-03-23 15:48:38.837 [info] > git cat-file -s 3ace8ee9a1667746c88bbd7e0127fcce02305ac4 [21ms]
2023-03-23 15:48:38.839 [info] > git for-each-ref --format=%(refname)%00%(upstream:short)%00%(objectname) refs/heads/main refs/remotes/main [3ms]
2023-03-23 15:48:38.861 [info] > git rev-list --left-right --count main...origin/main [3ms]
2023-03-23 15:48:42.838 [info] > git status -z -uall [3958ms]
2023-03-23 15:48:47.896 [warning] getRemotes() - ENOENT: no such file or directory, open '/home/mmihovilovic/--git-common-dir/config'
2023-03-23 15:48:47.921 [info] > git remote --verbose [25ms]
2023-03-23 15:48:47.921 [info] > git config --get commit.template [2ms]
2023-03-23 15:48:47.953 [info] > git for-each-ref --format=%(refname)%00%(upstream:short)%00%(objectname) refs/heads/main refs/remotes/main [3ms]
2023-03-23 15:48:47.984 [info] > git rev-list --left-right --count main...origin/main [2ms]
2023-03-23 15:48:51.957 [info] > git status -z -uall [3951ms]
2023-03-23 15:48:57.009 [warning] getRemotes() - ENOENT: no such file or directory, open '/home/mmihovilovic/--git-common-dir/config'
2023-03-23 15:48:57.033 [info] > git remote --verbose [24ms]
2023-03-23 15:48:57.034 [info] > git config --get commit.template [3ms]
2023-03-23 15:48:57.059 [info] > git for-each-ref --format=%(refname)%00%(upstream:short)%00%(objectname) refs/heads/main refs/remotes/main [2ms]
2023-03-23 15:48:57.084 [info] > git rev-list --left-right --count main...origin/main [2ms]
2023-03-23 15:49:01.057 [info] > git status -z -uall [3951ms]
2023-03-23 15:49:06.112 [warning] getRemotes() - ENOENT: no such file or directory, open '/home/mmihovilovic/--git-common-dir/config'
2023-03-23 15:49:06.168 [info] > git config --get commit.template [30ms]
2023-03-23 15:49:06.168 [info] > git remote --verbose [56ms]
2023-03-23 15:49:06.195 [info] > git for-each-ref --format=%(refname)%00%(upstream:short)%00%(objectname) refs/heads/main refs/remotes/main [2ms]
2023-03-23 15:49:06.225 [info] > git rev-list --left-right --count main...origin/main [2ms]
2023-03-23 15:49:10.204 [info] > git status -z -uall [3953ms]
2023-03-23 15:49:10.668 [info] > git check-ignore -v -z --stdin [11ms]
2023-03-23 15:49:15.258 [warning] getRemotes() - ENOENT: no such file or directory, open '/home/mmihovilovic/--git-common-dir/config'
2023-03-23 15:49:15.281 [info] > git remote --verbose [24ms]
2023-03-23 15:49:15.282 [info] > git config --get commit.template [2ms]
2023-03-23 15:49:15.308 [info] > git for-each-ref --format=%(refname)%00%(upstream:short)%00%(objectname) refs/heads/main refs/remotes/main [2ms]
2023-03-23 15:49:15.338 [info] > git rev-list --left-right --count main...origin/main [3ms]
2023-03-23 15:49:19.326 [info] > git status -z -uall [3960ms]
2023-03-23 15:49:21.995 [info] > git show --textconv :macbzvz/zadatak1ispit/analyze.cpp [32ms]
2023-03-23 15:49:21.998 [info] > git ls-files --stage -- /home/mmihovilovic/macbzvz/zadatak1ispit/analyze.cpp [9ms]
2023-03-23 15:49:22.030 [info] > git cat-file -s 7c735f14ec9f7b92e0749ca6e47fbb4d594a3324 [2ms]
2023-03-23 15:49:24.379 [warning] getRemotes() - ENOENT: no such file or directory, open '/home/mmihovilovic/--git-common-dir/config'
2023-03-23 15:49:24.402 [info] > git remote --verbose [23ms]
2023-03-23 15:49:24.403 [info] > git config --get commit.template [3ms]
2023-03-23 15:49:24.426 [info] > git for-each-ref --format=%(refname)%00%(upstream:short)%00%(objectname) refs/heads/main refs/remotes/main [3ms]
2023-03-23 15:49:24.447 [info] > git rev-list --left-right --count main...origin/main [3ms]
2023-03-23 15:49:28.418 [info] > git status -z -uall [3954ms]
2023-03-23 15:49:33.471 [warning] getRemotes() - ENOENT: no such file or directory, open '/home/mmihovilovic/--git-common-dir/config'
2023-03-23 15:49:33.492 [info] > git remote --verbose [21ms]
2023-03-23 15:49:33.493 [info] > git config --get commit.template [2ms]
2023-03-23 15:49:33.517 [info] > git for-each-ref --format=%(refname)%00%(upstream:short)%00%(objectname) refs/heads/main refs/remotes/main [2ms]
2023-03-23 15:49:33.541 [info] > git rev-list --left-right --count main...origin/main [2ms]
2023-03-23 15:49:37.515 [info] > git status -z -uall [3954ms]
2023-03-23 15:49:42.573 [warning] getRemotes() - ENOENT: no such file or directory, open '/home/mmihovilovic/--git-common-dir/config'
2023-03-23 15:49:42.594 [info] > git remote --verbose [21ms]
2023-03-23 15:49:42.595 [info] > git config --get commit.template [4ms]
2023-03-23 15:49:42.616 [info] > git for-each-ref --format=%(refname)%00%(upstream:short)%00%(objectname) refs/heads/main refs/remotes/main [3ms]
2023-03-23 15:49:42.637 [info] > git rev-list --left-right --count main...origin/main [3ms]
2023-03-23 15:49:46.663 [info] > git status -z -uall [4006ms]
2023-03-23 15:49:51.719 [warning] getRemotes() - ENOENT: no such file or directory, open '/home/mmihovilovic/--git-common-dir/config'
2023-03-23 15:49:51.740 [info] > git config --get commit.template [2ms]
2023-03-23 15:49:51.741 [info] > git remote --verbose [22ms]
2023-03-23 15:49:51.762 [info] > git for-each-ref --format=%(refname)%00%(upstream:short)%00%(objectname) refs/heads/main refs/remotes/main [3ms]
2023-03-23 15:49:51.783 [info] > git rev-list --left-right --count main...origin/main [3ms]
2023-03-23 15:49:52.617 [info] > git show --textconv :macbzvz/zadatak1ispit/Analyzer.cpp [22ms]
2023-03-23 15:49:52.623 [info] > git ls-files --stage -- /home/mmihovilovic/macbzvz/zadatak1ispit/Analyzer.cpp [10ms]
2023-03-23 15:49:52.642 [info] > git cat-file -s 5ed25d5bdc496c64bdadac889a593e516e19dde4 [1ms]
2023-03-23 15:49:55.776 [info] > git status -z -uall [3972ms]
2023-03-23 15:50:00.832 [warning] getRemotes() - ENOENT: no such file or directory, open '/home/mmihovilovic/--git-common-dir/config'
2023-03-23 15:50:00.852 [info] > git remote --verbose [20ms]
2023-03-23 15:50:00.853 [info] > git config --get commit.template [3ms]
2023-03-23 15:50:00.874 [info] > git for-each-ref --format=%(refname)%00%(upstream:short)%00%(objectname) refs/heads/main refs/remotes/main [2ms]
2023-03-23 15:50:00.894 [info] > git rev-list --left-right --count main...origin/main [3ms]
2023-03-23 15:50:04.875 [info] > git status -z -uall [3962ms]
2023-03-23 15:50:09.935 [warning] getRemotes() - ENOENT: no such file or directory, open '/home/mmihovilovic/--git-common-dir/config'
2023-03-23 15:50:09.955 [info] > git remote --verbose [20ms]
2023-03-23 15:50:09.956 [info] > git config --get commit.template [2ms]
2023-03-23 15:50:09.977 [info] > git for-each-ref --format=%(refname)%00%(upstream:short)%00%(objectname) refs/heads/main refs/remotes/main [2ms]
2023-03-23 15:50:09.997 [info] > git rev-list --left-right --count main...origin/main [3ms]
2023-03-23 15:50:13.995 [info] > git status -z -uall [3980ms]
2023-03-23 15:50:19.048 [warning] getRemotes() - ENOENT: no such file or directory, open '/home/mmihovilovic/--git-common-dir/config'
2023-03-23 15:50:19.076 [info] > git remote --verbose [28ms]
2023-03-23 15:50:19.077 [info] > git config --get commit.template [4ms]
2023-03-23 15:50:19.104 [info] > git for-each-ref --format=%(refname)%00%(upstream:short)%00%(objectname) refs/heads/main refs/remotes/main [3ms]
2023-03-23 15:50:19.128 [info] > git rev-list --left-right --count main...origin/main [4ms]
2023-03-23 15:50:23.119 [info] > git status -z -uall [3967ms]
2023-03-23 15:50:27.672 [info] > git show --textconv :macbzvz/zadatak1ispit/Analyzer.cpp [22ms]
2023-03-23 15:50:27.680 [info] > git ls-files --stage -- /home/mmihovilovic/macbzvz/zadatak1ispit/Analyzer.cpp [10ms]
2023-03-23 15:50:27.705 [info] > git cat-file -s 5ed25d5bdc496c64bdadac889a593e516e19dde4 [4ms]
2023-03-23 15:50:28.178 [warning] getRemotes() - ENOENT: no such file or directory, open '/home/mmihovilovic/--git-common-dir/config'
2023-03-23 15:50:28.200 [info] > git config --get commit.template [5ms]
2023-03-23 15:50:28.200 [info] > git remote --verbose [23ms]
2023-03-23 15:50:28.219 [info] > git for-each-ref --format=%(refname)%00%(upstream:short)%00%(objectname) refs/heads/main refs/remotes/main [2ms]
2023-03-23 15:50:28.238 [info] > git rev-list --left-right --count main...origin/main [2ms]
2023-03-23 15:50:32.205 [info] > git status -z -uall [3952ms]
2023-03-23 15:50:33.876 [info] > git show --textconv :macbzvz/zadatak1ispit/Analyzer.h [19ms]
2023-03-23 15:50:33.884 [info] > git ls-files --stage -- /home/mmihovilovic/macbzvz/zadatak1ispit/Analyzer.h [9ms]
2023-03-23 15:50:33.911 [info] > git cat-file -s 54415edbb18676841b7cbf119678b77f6a9e6d1d [1ms]
2023-03-23 15:50:37.257 [warning] getRemotes() - ENOENT: no such file or directory, open '/home/mmihovilovic/--git-common-dir/config'
2023-03-23 15:50:37.280 [info] > git config --get commit.template [5ms]
2023-03-23 15:50:37.280 [info] > git remote --verbose [24ms]
2023-03-23 15:50:37.304 [info] > git for-each-ref --format=%(refname)%00%(upstream:short)%00%(objectname) refs/heads/main refs/remotes/main [3ms]
2023-03-23 15:50:37.325 [info] > git rev-list --left-right --count main...origin/main [3ms]
2023-03-23 15:50:41.304 [info] > git status -z -uall [3961ms]
2023-03-23 15:50:46.357 [warning] getRemotes() - ENOENT: no such file or directory, open '/home/mmihovilovic/--git-common-dir/config'
2023-03-23 15:50:46.376 [info] > git remote --verbose [19ms]
2023-03-23 15:50:46.377 [info] > git config --get commit.template [3ms]
2023-03-23 15:50:46.397 [info] > git for-each-ref --format=%(refname)%00%(upstream:short)%00%(objectname) refs/heads/main refs/remotes/main [2ms]
2023-03-23 15:50:46.420 [info] > git rev-list --left-right --count main...origin/main [2ms]
2023-03-23 15:50:50.398 [info] > git status -z -uall [3957ms]
2023-03-23 15:50:55.452 [warning] getRemotes() - ENOENT: no such file or directory, open '/home/mmihovilovic/--git-common-dir/config'
2023-03-23 15:50:55.472 [info] > git remote --verbose [20ms]
2023-03-23 15:50:55.473 [info] > git config --get commit.template [3ms]
2023-03-23 15:50:55.493 [info] > git for-each-ref --format=%(refname)%00%(upstream:short)%00%(objectname) refs/heads/main refs/remotes/main [3ms]
2023-03-23 15:50:55.513 [info] > git rev-list --left-right --count main...origin/main [2ms]
2023-03-23 15:50:59.500 [info] > git status -z -uall [3965ms]
2023-03-23 15:51:04.560 [warning] getRemotes() - ENOENT: no such file or directory, open '/home/mmihovilovic/--git-common-dir/config'
2023-03-23 15:51:04.580 [info] > git remote --verbose [19ms]
2023-03-23 15:51:04.581 [info] > git config --get commit.template [2ms]
2023-03-23 15:51:04.601 [info] > git for-each-ref --format=%(refname)%00%(upstream:short)%00%(objectname) refs/heads/main refs/remotes/main [3ms]
2023-03-23 15:51:04.622 [info] > git rev-list --left-right --count main...origin/main [2ms]
2023-03-23 15:51:08.586 [info] > git status -z -uall [3946ms]
2023-03-23 15:51:09.211 [info] > git show --textconv :Ispit_2/z1/Makefile [21ms]
2023-03-23 15:51:09.218 [info] > git ls-files --stage -- /home/mmihovilovic/Ispit_2/z1/Makefile [9ms]
2023-03-23 15:51:10.521 [info] > git show --textconv :Ispit_2/z1/Analyzer.cpp [22ms]
2023-03-23 15:51:10.529 [info] > git ls-files --stage -- /home/mmihovilovic/Ispit_2/z1/Analyzer.cpp [9ms]
2023-03-23 15:51:11.373 [info] > git show --textconv :Ispit_2/z1/analyze.cpp [23ms]
2023-03-23 15:51:11.381 [info] > git ls-files --stage -- /home/mmihovilovic/Ispit_2/z1/analyze.cpp [9ms]
2023-03-23 15:51:13.643 [warning] getRemotes() - ENOENT: no such file or directory, open '/home/mmihovilovic/--git-common-dir/config'
2023-03-23 15:51:13.665 [info] > git remote --verbose [22ms]
2023-03-23 15:51:13.666 [info] > git config --get commit.template [2ms]
2023-03-23 15:51:13.687 [info] > git for-each-ref --format=%(refname)%00%(upstream:short)%00%(objectname) refs/heads/main refs/remotes/main [2ms]
2023-03-23 15:51:13.710 [info] > git rev-list --left-right --count main...origin/main [2ms]
2023-03-23 15:51:15.103 [info] > git show --textconv :Ispit_2/z1/Analyzer.cpp [22ms]
2023-03-23 15:51:15.110 [info] > git ls-files --stage -- /home/mmihovilovic/Ispit_2/z1/Analyzer.cpp [9ms]
2023-03-23 15:51:17.687 [info] > git status -z -uall [3956ms]
2023-03-23 15:51:22.744 [warning] getRemotes() - ENOENT: no such file or directory, open '/home/mmihovilovic/--git-common-dir/config'
2023-03-23 15:51:22.764 [info] > git remote --verbose [20ms]
2023-03-23 15:51:22.765 [info] > git config --get commit.template [3ms]
2023-03-23 15:51:22.786 [info] > git for-each-ref --format=%(refname)%00%(upstream:short)%00%(objectname) refs/heads/main refs/remotes/main [4ms]
2023-03-23 15:51:22.816 [info] > git rev-list --left-right --count main...origin/main [10ms]
2023-03-23 15:51:23.043 [info] > git show --textconv :Ispit_2/z2/analyze.cpp [21ms]
2023-03-23 15:51:23.050 [info] > git ls-files --stage -- /home/mmihovilovic/Ispit_2/z2/analyze.cpp [9ms]
2023-03-23 15:51:26.802 [info] > git status -z -uall [3968ms]
2023-03-23 15:51:28.054 [info] > git show --textconv :Ispit_2/z2/Makefile [19ms]
2023-03-23 15:51:28.062 [info] > git ls-files --stage -- /home/mmihovilovic/Ispit_2/z2/Makefile [9ms]
2023-03-23 15:51:31.857 [warning] getRemotes() - ENOENT: no such file or directory, open '/home/mmihovilovic/--git-common-dir/config'
2023-03-23 15:51:31.877 [info] > git remote --verbose [19ms]
2023-03-23 15:51:31.878 [info] > git config --get commit.template [3ms]
2023-03-23 15:51:31.901 [info] > git for-each-ref --format=%(refname)%00%(upstream:short)%00%(objectname) refs/heads/main refs/remotes/main [2ms]
2023-03-23 15:51:31.924 [info] > git rev-list --left-right --count main...origin/main [3ms]
2023-03-23 15:51:35.892 [info] > git status -z -uall [3950ms]
2023-03-23 15:51:40.948 [warning] getRemotes() - ENOENT: no such file or directory, open '/home/mmihovilovic/--git-common-dir/config'
2023-03-23 15:51:40.967 [info] > git remote --verbose [19ms]
2023-03-23 15:51:40.968 [info] > git config --get commit.template [2ms]
2023-03-23 15:51:40.989 [info] > git for-each-ref --format=%(refname)%00%(upstream:short)%00%(objectname) refs/heads/main refs/remotes/main [2ms]
2023-03-23 15:51:41.009 [info] > git rev-list --left-right --count main...origin/main [2ms]
2023-03-23 15:51:44.980 [info] > git status -z -uall [3952ms]
2023-03-23 15:51:50.035 [warning] getRemotes() - ENOENT: no such file or directory, open '/home/mmihovilovic/--git-common-dir/config'
2023-03-23 15:51:50.054 [info] > git remote --verbose [20ms]
2023-03-23 15:51:50.055 [info] > git config --get commit.template [3ms]
2023-03-23 15:51:50.076 [info] > git for-each-ref --format=%(refname)%00%(upstream:short)%00%(objectname) refs/heads/main refs/remotes/main [2ms]
2023-03-23 15:51:50.100 [info] > git rev-list --left-right --count main...origin/main [2ms]
2023-03-23 15:51:54.087 [info] > git status -z -uall [3969ms]
2023-03-23 15:51:56.375 [info] > git show --textconv :Ispit_2/z1/Makefile [23ms]
2023-03-23 15:51:56.382 [info] > git ls-files --stage -- /home/mmihovilovic/Ispit_2/z1/Makefile [9ms]
2023-03-23 15:51:59.139 [warning] getRemotes() - ENOENT: no such file or directory, open '/home/mmihovilovic/--git-common-dir/config'
2023-03-23 15:51:59.159 [info] > git remote --verbose [20ms]
2023-03-23 15:51:59.160 [info] > git config --get commit.template [3ms]
2023-03-23 15:51:59.180 [info] > git for-each-ref --format=%(refname)%00%(upstream:short)%00%(objectname) refs/heads/main refs/remotes/main [3ms]
2023-03-23 15:51:59.200 [info] > git rev-list --left-right --count main...origin/main [2ms]
2023-03-23 15:52:00.859 [info] > git show --textconv :Ispit_2/z1/Analyzer.cpp [22ms]
2023-03-23 15:52:00.866 [info] > git ls-files --stage -- /home/mmihovilovic/Ispit_2/z1/Analyzer.cpp [9ms]
2023-03-23 15:52:01.952 [info] > git show --textconv :Ispit_2/z2/Analyzer.cpp [19ms]
2023-03-23 15:52:01.960 [info] > git ls-files --stage -- /home/mmihovilovic/Ispit_2/z2/Analyzer.cpp [9ms]
2023-03-23 15:52:03.188 [info] > git status -z -uall [3966ms]
2023-03-23 15:52:03.268 [info] > git show --textconv :Ispit_2/z1/Analyzer.cpp [22ms]
2023-03-23 15:52:03.275 [info] > git ls-files --stage -- /home/mmihovilovic/Ispit_2/z1/Analyzer.cpp [8ms]
2023-03-23 15:52:08.242 [warning] getRemotes() - ENOENT: no such file or directory, open '/home/mmihovilovic/--git-common-dir/config'
2023-03-23 15:52:08.262 [info] > git remote --verbose [19ms]
2023-03-23 15:52:08.263 [info] > git config --get commit.template [2ms]
2023-03-23 15:52:08.283 [info] > git for-each-ref --format=%(refname)%00%(upstream:short)%00%(objectname) refs/heads/main refs/remotes/main [3ms]
2023-03-23 15:52:08.308 [info] > git rev-list --left-right --count main...origin/main [7ms]
2023-03-23 15:52:12.290 [info] > git status -z -uall [3960ms]
2023-03-23 15:52:15.159 [info] > git show --textconv :macbzvz/kol2/Analyzer.cpp [22ms]
2023-03-23 15:52:15.166 [info] > git ls-files --stage -- /home/mmihovilovic/macbzvz/kol2/Analyzer.cpp [8ms]
2023-03-23 15:52:15.190 [info] > git cat-file -s db1bcde1e6ff0752476ee91a651dc6e10b58b6b5 [2ms]
2023-03-23 15:52:17.349 [warning] getRemotes() - ENOENT: no such file or directory, open '/home/mmihovilovic/--git-common-dir/config'
2023-03-23 15:52:17.377 [info] > git remote --verbose [28ms]
2023-03-23 15:52:17.378 [info] > git config --get commit.template [11ms]
2023-03-23 15:52:17.402 [info] > git for-each-ref --format=%(refname)%00%(upstream:short)%00%(objectname) refs/heads/main refs/remotes/main [2ms]
2023-03-23 15:52:17.424 [info] > git rev-list --left-right --count main...origin/main [3ms]
2023-03-23 15:52:19.135 [info] > git show --textconv :macbzvz/kol2/Analyzer.h [19ms]
2023-03-23 15:52:19.143 [info] > git ls-files --stage -- /home/mmihovilovic/macbzvz/kol2/Analyzer.h [9ms]
2023-03-23 15:52:19.161 [info] > git cat-file -s 60bf9a3e79a71fb93466f840be727f5022f0f4e3 [2ms]
2023-03-23 15:52:21.403 [info] > git status -z -uall [3961ms]
2023-03-23 15:52:26.453 [warning] getRemotes() - ENOENT: no such file or directory, open '/home/mmihovilovic/--git-common-dir/config'
2023-03-23 15:52:26.473 [info] > git remote --verbose [19ms]
2023-03-23 15:52:26.474 [info] > git config --get commit.template [2ms]
2023-03-23 15:52:26.494 [info] > git for-each-ref --format=%(refname)%00%(upstream:short)%00%(objectname) refs/heads/main refs/remotes/main [2ms]
2023-03-23 15:52:26.518 [info] > git rev-list --left-right --count main...origin/main [6ms]
2023-03-23 15:52:30.498 [info] > git status -z -uall [3958ms]
2023-03-23 15:52:31.599 [info] > git check-ignore -v -z --stdin [8ms]
2023-03-23 15:52:35.545 [warning] getRemotes() - ENOENT: no such file or directory, open '/home/mmihovilovic/--git-common-dir/config'
2023-03-23 15:52:35.564 [info] > git remote --verbose [19ms]
2023-03-23 15:52:35.565 [info] > git config --get commit.template [2ms]
2023-03-23 15:52:35.586 [info] > git for-each-ref --format=%(refname)%00%(upstream:short)%00%(objectname) refs/heads/main refs/remotes/main [2ms]
2023-03-23 15:52:35.606 [info] > git rev-list --left-right --count main...origin/main [3ms]
2023-03-23 15:52:39.591 [info] > git status -z -uall [3967ms]
2023-03-23 15:52:40.977 [info] > git show --textconv :macbzvz/zadatak1ispit/Analyzer.h [21ms]
2023-03-23 15:52:40.985 [info] > git ls-files --stage -- /home/mmihovilovic/macbzvz/zadatak1ispit/Analyzer.h [8ms]
2023-03-23 15:52:41.009 [info] > git cat-file -s 54415edbb18676841b7cbf119678b77f6a9e6d1d [4ms]
2023-03-23 15:52:44.649 [warning] getRemotes() - ENOENT: no such file or directory, open '/home/mmihovilovic/--git-common-dir/config'
2023-03-23 15:52:44.672 [info] > git remote --verbose [22ms]
2023-03-23 15:52:44.673 [info] > git config --get commit.template [2ms]
2023-03-23 15:52:44.693 [info] > git for-each-ref --format=%(refname)%00%(upstream:short)%00%(objectname) refs/heads/main refs/remotes/main [3ms]
2023-03-23 15:52:44.716 [info] > git rev-list --left-right --count main...origin/main [3ms]
2023-03-23 15:52:48.734 [info] > git status -z -uall [3994ms]
2023-03-23 15:52:53.793 [warning] getRemotes() - ENOENT: no such file or directory, open '/home/mmihovilovic/--git-common-dir/config'
2023-03-23 15:52:53.812 [info] > git remote --verbose [20ms]
2023-03-23 15:52:53.813 [info] > git config --get commit.template [2ms]
2023-03-23 15:52:53.837 [info] > git for-each-ref --format=%(refname)%00%(upstream:short)%00%(objectname) refs/heads/main refs/remotes/main [4ms]
2023-03-23 15:52:53.863 [info] > git rev-list --left-right --count main...origin/main [4ms]
2023-03-23 15:52:54.339 [info] > git show --textconv :macbzvz/zadatak2ispit/Analyzer.cpp [19ms]
2023-03-23 15:52:54.347 [info] > git ls-files --stage -- /home/mmihovilovic/macbzvz/zadatak2ispit/Analyzer.cpp [9ms]
2023-03-23 15:52:54.368 [info] > git cat-file -s 29cfe8d6e0b0beef79fabb8c5b905b375b5ed24d [2ms]
2023-03-23 15:52:55.953 [info] > git show --textconv :macbzvz/zadatak2ispit/Analyzer.h [21ms]
2023-03-23 15:52:55.961 [info] > git ls-files --stage -- /home/mmihovilovic/macbzvz/zadatak2ispit/Analyzer.h [9ms]
2023-03-23 15:52:55.979 [info] > git cat-file -s 4fd2afa0d54902e30e468514ad5c56a79d0c915e [2ms]
2023-03-23 15:52:57.866 [info] > git status -z -uall [3984ms]
2023-03-23 15:53:02.920 [warning] getRemotes() - ENOENT: no such file or directory, open '/home/mmihovilovic/--git-common-dir/config'
2023-03-23 15:53:02.940 [info] > git remote --verbose [20ms]
2023-03-23 15:53:02.941 [info] > git config --get commit.template [3ms]
2023-03-23 15:53:02.962 [info] > git for-each-ref --format=%(refname)%00%(upstream:short)%00%(objectname) refs/heads/main refs/remotes/main [2ms]
2023-03-23 15:53:02.982 [info] > git rev-list --left-right --count main...origin/main [3ms]
2023-03-23 15:53:06.952 [info] > git status -z -uall [3952ms]
2023-03-23 15:53:12.012 [warning] getRemotes() - ENOENT: no such file or directory, open '/home/mmihovilovic/--git-common-dir/config'
2023-03-23 15:53:12.041 [info] > git config --get commit.template [5ms]
2023-03-23 15:53:12.042 [info] > git remote --verbose [30ms]
2023-03-23 15:53:12.072 [info] > git for-each-ref --format=%(refname)%00%(upstream:short)%00%(objectname) refs/heads/main refs/remotes/main [5ms]
2023-03-23 15:53:12.098 [info] > git rev-list --left-right --count main...origin/main [3ms]
2023-03-23 15:53:16.073 [info] > git status -z -uall [3953ms]
2023-03-23 15:53:21.124 [warning] getRemotes() - ENOENT: no such file or directory, open '/home/mmihovilovic/--git-common-dir/config'
2023-03-23 15:53:21.143 [info] > git remote --verbose [19ms]
2023-03-23 15:53:21.144 [info] > git config --get commit.template [2ms]
2023-03-23 15:53:21.165 [info] > git for-each-ref --format=%(refname)%00%(upstream:short)%00%(objectname) refs/heads/main refs/remotes/main [0ms]
2023-03-23 15:53:21.185 [info] > git rev-list --left-right --count main...origin/main [2ms]
2023-03-23 15:53:25.160 [info] > git status -z -uall [3957ms]
2023-03-23 15:53:30.214 [warning] getRemotes() - ENOENT: no such file or directory, open '/home/mmihovilovic/--git-common-dir/config'
2023-03-23 15:53:30.236 [info] > git config --get commit.template [3ms]
2023-03-23 15:53:30.236 [info] > git remote --verbose [22ms]
2023-03-23 15:53:30.261 [info] > git for-each-ref --format=%(refname)%00%(upstream:short)%00%(objectname) refs/heads/main refs/remotes/main [3ms]
2023-03-23 15:53:30.286 [info] > git rev-list --left-right --count main...origin/main [4ms]
2023-03-23 15:53:34.268 [info] > git status -z -uall [3960ms]
2023-03-23 15:53:39.321 [warning] getRemotes() - ENOENT: no such file or directory, open '/home/mmihovilovic/--git-common-dir/config'
2023-03-23 15:53:39.341 [info] > git remote --verbose [19ms]
2023-03-23 15:53:39.341 [info] > git config --get commit.template [2ms]
2023-03-23 15:53:39.362 [info] > git for-each-ref --format=%(refname)%00%(upstream:short)%00%(objectname) refs/heads/main refs/remotes/main [3ms]
2023-03-23 15:53:39.382 [info] > git rev-list --left-right --count main...origin/main [3ms]
2023-03-23 15:53:43.350 [info] > git status -z -uall [3946ms]
2023-03-23 15:53:48.431 [warning] getRemotes() - ENOENT: no such file or directory, open '/home/mmihovilovic/--git-common-dir/config'
2023-03-23 15:53:48.450 [info] > git remote --verbose [20ms]
2023-03-23 15:53:48.451 [info] > git config --get commit.template [3ms]
2023-03-23 15:53:48.471 [info] > git for-each-ref --format=%(refname)%00%(upstream:short)%00%(objectname) refs/heads/main refs/remotes/main [2ms]
2023-03-23 15:53:48.492 [info] > git rev-list --left-right --count main...origin/main [2ms]
2023-03-23 15:53:52.478 [info] > git status -z -uall [3964ms]
2023-03-23 15:53:57.534 [warning] getRemotes() - ENOENT: no such file or directory, open '/home/mmihovilovic/--git-common-dir/config'
2023-03-23 15:53:57.553 [info] > git remote --verbose [19ms]
2023-03-23 15:53:57.554 [info] > git config --get commit.template [3ms]
2023-03-23 15:53:57.574 [info] > git for-each-ref --format=%(refname)%00%(upstream:short)%00%(objectname) refs/heads/main refs/remotes/main [2ms]
2023-03-23 15:53:57.593 [info] > git rev-list --left-right --count main...origin/main [3ms]
2023-03-23 15:54:01.575 [info] > git status -z -uall [3961ms]
2023-03-23 15:54:06.627 [warning] getRemotes() - ENOENT: no such file or directory, open '/home/mmihovilovic/--git-common-dir/config'
2023-03-23 15:54:06.646 [info] > git remote --verbose [19ms]
2023-03-23 15:54:06.647 [info] > git config --get commit.template [3ms]
2023-03-23 15:54:06.667 [info] > git for-each-ref --format=%(refname)%00%(upstream:short)%00%(objectname) refs/heads/main refs/remotes/main [2ms]
2023-03-23 15:54:06.686 [info] > git rev-list --left-right --count main...origin/main [2ms]
2023-03-23 15:54:10.660 [info] > git status -z -uall [3956ms]
2023-03-23 15:54:15.724 [warning] getRemotes() - ENOENT: no such file or directory, open '/home/mmihovilovic/--git-common-dir/config'
2023-03-23 15:54:15.744 [info] > git remote --verbose [19ms]
2023-03-23 15:54:15.745 [info] > git config --get commit.template [2ms]
2023-03-23 15:54:15.764 [info] > git for-each-ref --format=%(refname)%00%(upstream:short)%00%(objectname) refs/heads/main refs/remotes/main [2ms]
2023-03-23 15:54:15.784 [info] > git rev-list --left-right --count main...origin/main [2ms]
2023-03-23 15:54:19.750 [info] > git status -z -uall [3949ms]
2023-03-23 15:54:24.805 [warning] getRemotes() - ENOENT: no such file or directory, open '/home/mmihovilovic/--git-common-dir/config'
2023-03-23 15:54:24.825 [info] > git remote --verbose [19ms]
2023-03-23 15:54:24.826 [info] > git config --get commit.template [2ms]
2023-03-23 15:54:24.845 [info] > git for-each-ref --format=%(refname)%00%(upstream:short)%00%(objectname) refs/heads/main refs/remotes/main [2ms]
2023-03-23 15:54:24.866 [info] > git rev-list --left-right --count main...origin/main [3ms]
2023-03-23 15:54:28.855 [info] > git status -z -uall [3968ms]
2023-03-23 15:54:33.900 [warning] getRemotes() - ENOENT: no such file or directory, open '/home/mmihovilovic/--git-common-dir/config'
2023-03-23 15:54:33.919 [info] > git remote --verbose [19ms]
2023-03-23 15:54:33.920 [info] > git config --get commit.template [3ms]
2023-03-23 15:54:33.940 [info] > git for-each-ref --format=%(refname)%00%(upstream:short)%00%(objectname) refs/heads/main refs/remotes/main [3ms]
2023-03-23 15:54:33.962 [info] > git rev-list --left-right --count main...origin/main [2ms]
2023-03-23 15:54:37.936 [info] > git status -z -uall [3957ms]
2023-03-23 15:54:42.991 [warning] getRemotes() - ENOENT: no such file or directory, open '/home/mmihovilovic/--git-common-dir/config'
2023-03-23 15:54:43.010 [info] > git remote --verbose [19ms]
2023-03-23 15:54:43.011 [info] > git config --get commit.template [3ms]
2023-03-23 15:54:43.031 [info] > git for-each-ref --format=%(refname)%00%(upstream:short)%00%(objectname) refs/heads/main refs/remotes/main [2ms]
2023-03-23 15:54:43.051 [info] > git rev-list --left-right --count main...origin/main [3ms]
2023-03-23 15:54:47.019 [info] > git status -z -uall [3951ms]
2023-03-23 15:54:52.073 [warning] getRemotes() - ENOENT: no such file or directory, open '/home/mmihovilovic/--git-common-dir/config'
2023-03-23 15:54:52.097 [info] > git remote --verbose [24ms]
2023-03-23 15:54:52.098 [info] > git config --get commit.template [3ms]
2023-03-23 15:54:52.118 [info] > git for-each-ref --format=%(refname)%00%(upstream:short)%00%(objectname) refs/heads/main refs/remotes/main [2ms]
2023-03-23 15:54:52.138 [info] > git rev-list --left-right --count main...origin/main [2ms]
2023-03-23 15:54:56.114 [info] > git status -z -uall [3957ms]
2023-03-23 15:55:01.167 [warning] getRemotes() - ENOENT: no such file or directory, open '/home/mmihovilovic/--git-common-dir/config'
2023-03-23 15:55:01.186 [info] > git remote --verbose [19ms]
2023-03-23 15:55:01.187 [info] > git config --get commit.template [2ms]
2023-03-23 15:55:01.207 [info] > git for-each-ref --format=%(refname)%00%(upstream:short)%00%(objectname) refs/heads/main refs/remotes/main [3ms]
2023-03-23 15:55:01.227 [info] > git rev-list --left-right --count main...origin/main [3ms]
2023-03-23 15:55:05.201 [info] > git status -z -uall [3953ms]
2023-03-23 15:55:10.255 [warning] getRemotes() - ENOENT: no such file or directory, open '/home/mmihovilovic/--git-common-dir/config'
2023-03-23 15:55:10.274 [info] > git remote --verbose [19ms]
2023-03-23 15:55:10.275 [info] > git config --get commit.template [3ms]
2023-03-23 15:55:10.295 [info] > git for-each-ref --format=%(refname)%00%(upstream:short)%00%(objectname) refs/heads/main refs/remotes/main [3ms]
2023-03-23 15:55:10.315 [info] > git rev-list --left-right --count main...origin/main [2ms]
2023-03-23 15:55:14.288 [info] > git status -z -uall [3956ms]
2023-03-23 15:55:16.730 [info] > git show --textconv :Ispit_2/z1/Makefile [27ms]
2023-03-23 15:55:16.737 [info] > git ls-files --stage -- /home/mmihovilovic/Ispit_2/z1/Makefile [9ms]
2023-03-23 15:55:19.343 [warning] getRemotes() - ENOENT: no such file or directory, open '/home/mmihovilovic/--git-common-dir/config'
2023-03-23 15:55:19.362 [info] > git remote --verbose [20ms]
2023-03-23 15:55:19.363 [info] > git config --get commit.template [3ms]
2023-03-23 15:55:19.383 [info] > git for-each-ref --format=%(refname)%00%(upstream:short)%00%(objectname) refs/heads/main refs/remotes/main [3ms]
2023-03-23 15:55:19.403 [info] > git rev-list --left-right --count main...origin/main [3ms]
2023-03-23 15:55:20.780 [info] > git show --textconv :Ispit_2/z2/analyze.cpp [19ms]
2023-03-23 15:55:20.787 [info] > git ls-files --stage -- /home/mmihovilovic/Ispit_2/z2/analyze.cpp [9ms]
2023-03-23 15:55:22.718 [info] > git show --textconv :Ispit_2/z1/analyze.cpp [22ms]
2023-03-23 15:55:22.726 [info] > git ls-files --stage -- /home/mmihovilovic/Ispit_2/z1/analyze.cpp [9ms]
2023-03-23 15:55:23.391 [info] > git status -z -uall [3971ms]
2023-03-23 15:55:25.501 [info] > git show --textconv :Ispit_2/z2/analyze.cpp [27ms]
2023-03-23 15:55:25.509 [info] > git ls-files --stage -- /home/mmihovilovic/Ispit_2/z2/analyze.cpp [17ms]
2023-03-23 15:55:28.447 [warning] getRemotes() - ENOENT: no such file or directory, open '/home/mmihovilovic/--git-common-dir/config'
2023-03-23 15:55:28.466 [info] > git remote --verbose [19ms]
2023-03-23 15:55:28.467 [info] > git config --get commit.template [2ms]
2023-03-23 15:55:28.486 [info] > git for-each-ref --format=%(refname)%00%(upstream:short)%00%(objectname) refs/heads/main refs/remotes/main [2ms]
2023-03-23 15:55:28.506 [info] > git rev-list --left-right --count main...origin/main [2ms]
2023-03-23 15:55:29.467 [info] > git show --textconv :Ispit_2/z1/analyze.cpp [19ms]
2023-03-23 15:55:29.475 [info] > git ls-files --stage -- /home/mmihovilovic/Ispit_2/z1/analyze.cpp [9ms]
2023-03-23 15:55:32.482 [info] > git status -z -uall [3958ms]
2023-03-23 15:55:37.542 [warning] getRemotes() - ENOENT: no such file or directory, open '/home/mmihovilovic/--git-common-dir/config'
2023-03-23 15:55:37.564 [info] > git remote --verbose [21ms]
2023-03-23 15:55:37.565 [info] > git config --get commit.template [3ms]
2023-03-23 15:55:37.585 [info] > git for-each-ref --format=%(refname)%00%(upstream:short)%00%(objectname) refs/heads/main refs/remotes/main [3ms]
2023-03-23 15:55:37.608 [info] > git rev-list --left-right --count main...origin/main [3ms]
2023-03-23 15:55:41.600 [info] > git status -z -uall [3970ms]
2023-03-23 15:55:42.988 [info] > git show --textconv :Ispit_2/z2/analyze.cpp [19ms]
2023-03-23 15:55:42.996 [info] > git ls-files --stage -- /home/mmihovilovic/Ispit_2/z2/analyze.cpp [9ms]
2023-03-23 15:55:46.661 [warning] getRemotes() - ENOENT: no such file or directory, open '/home/mmihovilovic/--git-common-dir/config'
2023-03-23 15:55:46.685 [info] > git config --get commit.template [5ms]
2023-03-23 15:55:46.685 [info] > git remote --verbose [24ms]
2023-03-23 15:55:46.706 [info] > git for-each-ref --format=%(refname)%00%(upstream:short)%00%(objectname) refs/heads/main refs/remotes/main [1ms]
2023-03-23 15:55:46.729 [info] > git rev-list --left-right --count main...origin/main [3ms]
2023-03-23 15:55:50.695 [info] > git status -z -uall [3948ms]
2023-03-23 15:55:52.154 [info] > git check-ignore -v -z --stdin [9ms]
2023-03-23 15:55:53.106 [info] > git check-ignore -v -z --stdin [9ms]
2023-03-23 15:55:55.748 [warning] getRemotes() - ENOENT: no such file or directory, open '/home/mmihovilovic/--git-common-dir/config'
2023-03-23 15:55:55.767 [info] > git remote --verbose [19ms]
2023-03-23 15:55:55.768 [info] > git config --get commit.template [2ms]
2023-03-23 15:55:55.787 [info] > git for-each-ref --format=%(refname)%00%(upstream:short)%00%(objectname) refs/heads/main refs/remotes/main [2ms]
2023-03-23 15:55:55.807 [info] > git rev-list --left-right --count main...origin/main [2ms]
2023-03-23 15:55:59.777 [info] > git status -z -uall [3947ms]
2023-03-23 15:56:00.217 [info] > git check-ignore -v -z --stdin [12ms]
2023-03-23 15:56:04.832 [warning] getRemotes() - ENOENT: no such file or directory, open '/home/mmihovilovic/--git-common-dir/config'
2023-03-23 15:56:04.851 [info] > git remote --verbose [18ms]
2023-03-23 15:56:04.852 [info] > git config --get commit.template [2ms]
2023-03-23 15:56:04.870 [info] > git for-each-ref --format=%(refname)%00%(upstream:short)%00%(objectname) refs/heads/main refs/remotes/main [2ms]
2023-03-23 15:56:04.889 [info] > git rev-list --left-right --count main...origin/main [2ms]
2023-03-23 15:56:08.875 [info] > git status -z -uall [3964ms]
2023-03-23 15:56:21.030 [warning] getRemotes() - ENOENT: no such file or directory, open '/home/mmihovilovic/--git-common-dir/config'
2023-03-23 15:56:21.050 [info] > git remote --verbose [19ms]
2023-03-23 15:56:21.051 [info] > git config --get commit.template [2ms]
2023-03-23 15:56:21.071 [info] > git for-each-ref --format=%(refname)%00%(upstream:short)%00%(objectname) refs/heads/main refs/remotes/main [2ms]
2023-03-23 15:56:21.091 [info] > git rev-list --left-right --count main...origin/main [2ms]
2023-03-23 15:56:25.063 [info] > git status -z -uall [3953ms]
2023-03-23 15:56:26.259 [info] > git show --textconv :macbzvz/zadatak2ispit/Analyzer.cpp [21ms]
2023-03-23 15:56:26.267 [info] > git ls-files --stage -- /home/mmihovilovic/macbzvz/zadatak2ispit/Analyzer.cpp [9ms]
2023-03-23 15:56:26.285 [info] > git cat-file -s 29cfe8d6e0b0beef79fabb8c5b905b375b5ed24d [2ms]
2023-03-23 15:56:30.123 [warning] getRemotes() - ENOENT: no such file or directory, open '/home/mmihovilovic/--git-common-dir/config'
2023-03-23 15:56:30.143 [info] > git remote --verbose [21ms]
2023-03-23 15:56:30.166 [info] > git config --get commit.template [24ms]
2023-03-23 15:56:30.166 [info] > git for-each-ref --format=%(refname)%00%(upstream:short)%00%(objectname) refs/heads/main refs/remotes/main [2ms]
2023-03-23 15:56:30.189 [info] > git rev-list --left-right --count main...origin/main [1ms]
2023-03-23 15:56:34.170 [info] > git status -z -uall [3961ms]
2023-03-23 15:56:39.226 [warning] getRemotes() - ENOENT: no such file or directory, open '/home/mmihovilovic/--git-common-dir/config'
2023-03-23 15:56:39.246 [info] > git remote --verbose [20ms]
2023-03-23 15:56:39.247 [info] > git config --get commit.template [2ms]
2023-03-23 15:56:39.267 [info] > git for-each-ref --format=%(refname)%00%(upstream:short)%00%(objectname) refs/heads/main refs/remotes/main [3ms]
2023-03-23 15:56:39.288 [info] > git rev-list --left-right --count main...origin/main [3ms]
2023-03-23 15:56:43.265 [info] > git status -z -uall [3959ms]
2023-03-23 15:56:48.321 [warning] getRemotes() - ENOENT: no such file or directory, open '/home/mmihovilovic/--git-common-dir/config'
2023-03-23 15:56:48.340 [info] > git remote --verbose [19ms]
2023-03-23 15:56:48.341 [info] > git config --get commit.template [2ms]
2023-03-23 15:56:48.360 [info] > git for-each-ref --format=%(refname)%00%(upstream:short)%00%(objectname) refs/heads/main refs/remotes/main [2ms]
2023-03-23 15:56:48.380 [info] > git rev-list --left-right --count main...origin/main [2ms]
2023-03-23 15:56:52.354 [info] > git status -z -uall [3956ms]
2023-03-23 15:56:58.099 [warning] getRemotes() - ENOENT: no such file or directory, open '/home/mmihovilovic/--git-common-dir/config'
2023-03-23 15:56:58.119 [info] > git remote --verbose [21ms]
2023-03-23 15:56:58.120 [info] > git config --get commit.template [2ms]
2023-03-23 15:56:58.142 [info] > git for-each-ref --format=%(refname)%00%(upstream:short)%00%(objectname) refs/heads/main refs/remotes/main [3ms]
2023-03-23 15:56:58.164 [info] > git rev-list --left-right --count main...origin/main [2ms]
2023-03-23 15:57:02.131 [info] > git status -z -uall [3947ms]
2023-03-23 15:57:07.182 [warning] getRemotes() - ENOENT: no such file or directory, open '/home/mmihovilovic/--git-common-dir/config'
2023-03-23 15:57:07.201 [info] > git remote --verbose [20ms]
2023-03-23 15:57:07.202 [info] > git config --get commit.template [2ms]
2023-03-23 15:57:07.220 [info] > git for-each-ref --format=%(refname)%00%(upstream:short)%00%(objectname) refs/heads/main refs/remotes/main [2ms]
2023-03-23 15:57:07.243 [info] > git rev-list --left-right --count main...origin/main [2ms]
2023-03-23 15:57:11.221 [info] > git status -z -uall [3958ms]
2023-03-23 15:57:16.283 [warning] getRemotes() - ENOENT: no such file or directory, open '/home/mmihovilovic/--git-common-dir/config'
2023-03-23 15:57:16.302 [info] > git remote --verbose [19ms]
2023-03-23 15:57:16.303 [info] > git config --get commit.template [2ms]
2023-03-23 15:57:16.323 [info] > git for-each-ref --format=%(refname)%00%(upstream:short)%00%(objectname) refs/heads/main refs/remotes/main [2ms]
2023-03-23 15:57:16.343 [info] > git rev-list --left-right --count main...origin/main [2ms]
2023-03-23 15:57:20.319 [info] > git status -z -uall [3958ms]
2023-03-23 15:57:25.374 [warning] getRemotes() - ENOENT: no such file or directory, open '/home/mmihovilovic/--git-common-dir/config'
2023-03-23 15:57:25.394 [info] > git remote --verbose [20ms]
2023-03-23 15:57:25.395 [info] > git config --get commit.template [3ms]
2023-03-23 15:57:25.415 [info] > git for-each-ref --format=%(refname)%00%(upstream:short)%00%(objectname) refs/heads/main refs/remotes/main [2ms]
2023-03-23 15:57:25.436 [info] > git rev-list --left-right --count main...origin/main [2ms]
2023-03-23 15:57:29.405 [info] > git status -z -uall [3951ms]
2023-03-23 15:57:34.460 [warning] getRemotes() - ENOENT: no such file or directory, open '/home/mmihovilovic/--git-common-dir/config'
2023-03-23 15:57:34.483 [info] > git config --get commit.template [5ms]
2023-03-23 15:57:34.484 [info] > git remote --verbose [24ms]
2023-03-23 15:57:34.511 [info] > git for-each-ref --format=%(refname)%00%(upstream:short)%00%(objectname) refs/heads/main refs/remotes/main [3ms]
2023-03-23 15:57:34.533 [info] > git rev-list --left-right --count main...origin/main [3ms]
2023-03-23 15:57:38.505 [info] > git status -z -uall [3954ms]
2023-03-23 15:57:43.552 [warning] getRemotes() - ENOENT: no such file or directory, open '/home/mmihovilovic/--git-common-dir/config'
2023-03-23 15:57:43.572 [info] > git remote --verbose [19ms]
2023-03-23 15:57:43.572 [info] > git config --get commit.template [2ms]
2023-03-23 15:57:43.592 [info] > git for-each-ref --format=%(refname)%00%(upstream:short)%00%(objectname) refs/heads/main refs/remotes/main [2ms]
2023-03-23 15:57:43.612 [info] > git rev-list --left-right --count main...origin/main [2ms]
2023-03-23 15:57:47.585 [info] > git status -z -uall [3951ms]
2023-03-23 15:57:52.656 [warning] getRemotes() - ENOENT: no such file or directory, open '/home/mmihovilovic/--git-common-dir/config'
2023-03-23 15:57:52.676 [info] > git remote --verbose [19ms]
2023-03-23 15:57:52.677 [info] > git config --get commit.template [3ms]
2023-03-23 15:57:52.697 [info] > git for-each-ref --format=%(refname)%00%(upstream:short)%00%(objectname) refs/heads/main refs/remotes/main [2ms]
2023-03-23 15:57:52.716 [info] > git rev-list --left-right --count main...origin/main [2ms]
2023-03-23 15:57:56.682 [info] > git status -z -uall [3948ms]
2023-03-23 15:58:01.734 [warning] getRemotes() - ENOENT: no such file or directory, open '/home/mmihovilovic/--git-common-dir/config'
2023-03-23 15:58:01.754 [info] > git remote --verbose [19ms]
2023-03-23 15:58:01.754 [info] > git config --get commit.template [2ms]
2023-03-23 15:58:01.775 [info] > git for-each-ref --format=%(refname)%00%(upstream:short)%00%(objectname) refs/heads/main refs/remotes/main [2ms]
2023-03-23 15:58:01.795 [info] > git rev-list --left-right --count main...origin/main [2ms]
2023-03-23 15:58:05.765 [info] > git status -z -uall [3951ms]
2023-03-23 15:58:10.814 [warning] getRemotes() - ENOENT: no such file or directory, open '/home/mmihovilovic/--git-common-dir/config'
2023-03-23 15:58:10.834 [info] > git remote --verbose [19ms]
2023-03-23 15:58:10.835 [info] > git config --get commit.template [3ms]
2023-03-23 15:58:10.857 [info] > git for-each-ref --format=%(refname)%00%(upstream:short)%00%(objectname) refs/heads/main refs/remotes/main [2ms]
2023-03-23 15:58:10.877 [info] > git rev-list --left-right --count main...origin/main [2ms]
2023-03-23 15:58:14.847 [info] > git status -z -uall [3952ms]
2023-03-23 15:58:19.896 [warning] getRemotes() - ENOENT: no such file or directory, open '/home/mmihovilovic/--git-common-dir/config'
2023-03-23 15:58:19.918 [info] > git config --get commit.template [4ms]
2023-03-23 15:58:19.919 [info] > git remote --verbose [23ms]
2023-03-23 15:58:19.942 [info] > git for-each-ref --format=%(refname)%00%(upstream:short)%00%(objectname) refs/heads/main refs/remotes/main [5ms]
2023-03-23 15:58:19.965 [info] > git rev-list --left-right --count main...origin/main [4ms]
2023-03-23 15:58:23.942 [info] > git status -z -uall [3959ms]
2023-03-23 15:58:28.994 [warning] getRemotes() - ENOENT: no such file or directory, open '/home/mmihovilovic/--git-common-dir/config'
2023-03-23 15:58:29.014 [info] > git remote --verbose [19ms]
2023-03-23 15:58:29.014 [info] > git config --get commit.template [2ms]
2023-03-23 15:58:29.035 [info] > git for-each-ref --format=%(refname)%00%(upstream:short)%00%(objectname) refs/heads/main refs/remotes/main [3ms]
2023-03-23 15:58:29.056 [info] > git rev-list --left-right --count main...origin/main [2ms]
2023-03-23 15:58:33.031 [info] > git status -z -uall [3954ms]
2023-03-23 15:58:38.089 [warning] getRemotes() - ENOENT: no such file or directory, open '/home/mmihovilovic/--git-common-dir/config'
2023-03-23 15:58:38.109 [info] > git remote --verbose [20ms]
2023-03-23 15:58:38.110 [info] > git config --get commit.template [3ms]
2023-03-23 15:58:38.133 [info] > git for-each-ref --format=%(refname)%00%(upstream:short)%00%(objectname) refs/heads/main refs/remotes/main [3ms]
2023-03-23 15:58:38.156 [info] > git rev-list --left-right --count main...origin/main [3ms]
2023-03-23 15:58:42.151 [info] > git status -z -uall [3976ms]
2023-03-23 15:58:47.207 [warning] getRemotes() - ENOENT: no such file or directory, open '/home/mmihovilovic/--git-common-dir/config'
2023-03-23 15:58:47.231 [info] > git config --get commit.template [3ms]
2023-03-23 15:58:47.232 [info] > git remote --verbose [24ms]
2023-03-23 15:58:47.254 [info] > git for-each-ref --format=%(refname)%00%(upstream:short)%00%(objectname) refs/heads/main refs/remotes/main [3ms]
2023-03-23 15:58:47.276 [info] > git rev-list --left-right --count main...origin/main [5ms]
2023-03-23 15:58:51.253 [info] > git status -z -uall [3958ms]
2023-03-23 15:58:56.305 [warning] getRemotes() - ENOENT: no such file or directory, open '/home/mmihovilovic/--git-common-dir/config'
2023-03-23 15:58:56.325 [info] > git remote --verbose [20ms]
2023-03-23 15:58:56.326 [info] > git config --get commit.template [2ms]
2023-03-23 15:58:56.346 [info] > git for-each-ref --format=%(refname)%00%(upstream:short)%00%(objectname) refs/heads/main refs/remotes/main [3ms]
2023-03-23 15:58:56.366 [info] > git rev-list --left-right --count main...origin/main [2ms]
2023-03-23 15:59:00.338 [info] > git status -z -uall [3954ms]
2023-03-23 15:59:05.398 [warning] getRemotes() - ENOENT: no such file or directory, open '/home/mmihovilovic/--git-common-dir/config'
2023-03-23 15:59:05.417 [info] > git remote --verbose [20ms]
2023-03-23 15:59:05.418 [info] > git config --get commit.template [3ms]
2023-03-23 15:59:05.438 [info] > git for-each-ref --format=%(refname)%00%(upstream:short)%00%(objectname) refs/heads/main refs/remotes/main [2ms]
2023-03-23 15:59:05.462 [info] > git rev-list --left-right --count main...origin/main [2ms]
2023-03-23 15:59:09.440 [info] > git status -z -uall [3960ms]
2023-03-23 15:59:14.497 [warning] getRemotes() - ENOENT: no such file or directory, open '/home/mmihovilovic/--git-common-dir/config'
2023-03-23 15:59:14.516 [info] > git remote --verbose [19ms]
2023-03-23 15:59:14.517 [info] > git config --get commit.template [2ms]
2023-03-23 15:59:14.541 [info] > git for-each-ref --format=%(refname)%00%(upstream:short)%00%(objectname) refs/heads/main refs/remotes/main [3ms]
2023-03-23 15:59:14.563 [info] > git rev-list --left-right --count main...origin/main [2ms]
2023-03-23 15:59:18.547 [info] > git status -z -uall [3961ms]
2023-03-23 15:59:23.601 [warning] getRemotes() - ENOENT: no such file or directory, open '/home/mmihovilovic/--git-common-dir/config'
2023-03-23 15:59:23.625 [info] > git config --get commit.template [6ms]
2023-03-23 15:59:23.625 [info] > git remote --verbose [24ms]
2023-03-23 15:59:23.649 [info] > git for-each-ref --format=%(refname)%00%(upstream:short)%00%(objectname) refs/heads/main refs/remotes/main [4ms]
2023-03-23 15:59:23.672 [info] > git rev-list --left-right --count main...origin/main [4ms]
2023-03-23 15:59:27.665 [info] > git status -z -uall [3971ms]
2023-03-23 15:59:32.719 [warning] getRemotes() - ENOENT: no such file or directory, open '/home/mmihovilovic/--git-common-dir/config'
2023-03-23 15:59:32.740 [info] > git config --get commit.template [3ms]
2023-03-23 15:59:32.740 [info] > git remote --verbose [22ms]
2023-03-23 15:59:32.763 [info] > git for-each-ref --format=%(refname)%00%(upstream:short)%00%(objectname) refs/heads/main refs/remotes/main [2ms]
2023-03-23 15:59:32.783 [info] > git rev-list --left-right --count main...origin/main [3ms]
2023-03-23 15:59:36.766 [info] > git status -z -uall [3965ms]
2023-03-23 15:59:41.846 [warning] getRemotes() - ENOENT: no such file or directory, open '/home/mmihovilovic/--git-common-dir/config'
2023-03-23 15:59:41.871 [info] > git remote --verbose [25ms]
2023-03-23 15:59:41.872 [info] > git config --get commit.template [3ms]
2023-03-23 15:59:41.892 [info] > git for-each-ref --format=%(refname)%00%(upstream:short)%00%(objectname) refs/heads/main refs/remotes/main [2ms]
2023-03-23 15:59:41.912 [info] > git rev-list --left-right --count main...origin/main [2ms]
2023-03-23 15:59:45.900 [info] > git status -z -uall [3962ms]
2023-03-23 15:59:50.954 [warning] getRemotes() - ENOENT: no such file or directory, open '/home/mmihovilovic/--git-common-dir/config'
2023-03-23 15:59:50.974 [info] > git remote --verbose [21ms]
2023-03-23 15:59:50.975 [info] > git config --get commit.template [2ms]
2023-03-23 15:59:50.999 [info] > git for-each-ref --format=%(refname)%00%(upstream:short)%00%(objectname) refs/heads/main refs/remotes/main [2ms]
2023-03-23 15:59:51.019 [info] > git rev-list --left-right --count main...origin/main [3ms]
2023-03-23 15:59:54.985 [info] > git status -z -uall [3948ms]
2023-03-23 16:00:00.040 [warning] getRemotes() - ENOENT: no such file or directory, open '/home/mmihovilovic/--git-common-dir/config'
2023-03-23 16:00:00.060 [info] > git remote --verbose [20ms]
2023-03-23 16:00:00.061 [info] > git config --get commit.template [3ms]
2023-03-23 16:00:00.081 [info] > git for-each-ref --format=%(refname)%00%(upstream:short)%00%(objectname) refs/heads/main refs/remotes/main [2ms]
2023-03-23 16:00:00.102 [info] > git rev-list --left-right --count main...origin/main [3ms]
2023-03-23 16:00:04.071 [info] > git status -z -uall [3951ms]
2023-03-23 16:00:09.131 [warning] getRemotes() - ENOENT: no such file or directory, open '/home/mmihovilovic/--git-common-dir/config'
2023-03-23 16:00:09.150 [info] > git remote --verbose [19ms]
2023-03-23 16:00:09.151 [info] > git config --get commit.template [3ms]
2023-03-23 16:00:09.173 [info] > git for-each-ref --format=%(refname)%00%(upstream:short)%00%(objectname) refs/heads/main refs/remotes/main [3ms]
2023-03-23 16:00:09.195 [info] > git rev-list --left-right --count main...origin/main [3ms]
2023-03-23 16:00:13.200 [info] > git status -z -uall [3987ms]
2023-03-23 16:00:18.256 [warning] getRemotes() - ENOENT: no such file or directory, open '/home/mmihovilovic/--git-common-dir/config'
2023-03-23 16:00:18.276 [info] > git remote --verbose [20ms]
2023-03-23 16:00:18.277 [info] > git config --get commit.template [3ms]
2023-03-23 16:00:18.297 [info] > git for-each-ref --format=%(refname)%00%(upstream:short)%00%(objectname) refs/heads/main refs/remotes/main [3ms]
2023-03-23 16:00:18.317 [info] > git rev-list --left-right --count main...origin/main [3ms]
2023-03-23 16:00:22.288 [info] > git status -z -uall [3954ms]
2023-03-23 16:00:27.343 [warning] getRemotes() - ENOENT: no such file or directory, open '/home/mmihovilovic/--git-common-dir/config'
2023-03-23 16:00:27.362 [info] > git remote --verbose [19ms]
2023-03-23 16:00:27.363 [info] > git config --get commit.template [2ms]
2023-03-23 16:00:27.383 [info] > git for-each-ref --format=%(refname)%00%(upstream:short)%00%(objectname) refs/heads/main refs/remotes/main [2ms]
2023-03-23 16:00:27.404 [info] > git rev-list --left-right --count main...origin/main [2ms]
2023-03-23 16:00:31.382 [info] > git status -z -uall [3961ms]
2023-03-23 16:00:36.436 [warning] getRemotes() - ENOENT: no such file or directory, open '/home/mmihovilovic/--git-common-dir/config'
2023-03-23 16:00:36.465 [info] > git config --get commit.template [3ms]
2023-03-23 16:00:36.465 [info] > git remote --verbose [29ms]
2023-03-23 16:00:36.492 [info] > git for-each-ref --format=%(refname)%00%(upstream:short)%00%(objectname) refs/heads/main refs/remotes/main [2ms]
2023-03-23 16:00:36.518 [info] > git rev-list --left-right --count main...origin/main [4ms]
2023-03-23 16:00:40.508 [info] > git status -z -uall [3965ms]
2023-03-23 16:00:45.558 [warning] getRemotes() - ENOENT: no such file or directory, open '/home/mmihovilovic/--git-common-dir/config'
2023-03-23 16:00:45.577 [info] > git remote --verbose [20ms]
2023-03-23 16:00:45.578 [info] > git config --get commit.template [3ms]
2023-03-23 16:00:45.598 [info] > git for-each-ref --format=%(refname)%00%(upstream:short)%00%(objectname) refs/heads/main refs/remotes/main [2ms]
2023-03-23 16:00:45.618 [info] > git rev-list --left-right --count main...origin/main [2ms]
2023-03-23 16:00:49.582 [info] > git status -z -uall [3946ms]
2023-03-23 16:00:54.635 [warning] getRemotes() - ENOENT: no such file or directory, open '/home/mmihovilovic/--git-common-dir/config'
2023-03-23 16:00:54.654 [info] > git remote --verbose [20ms]
2023-03-23 16:00:54.655 [info] > git config --get commit.template [3ms]
2023-03-23 16:00:54.675 [info] > git for-each-ref --format=%(refname)%00%(upstream:short)%00%(objectname) refs/heads/main refs/remotes/main [3ms]
2023-03-23 16:00:54.695 [info] > git rev-list --left-right --count main...origin/main [2ms]
2023-03-23 16:00:58.667 [info] > git status -z -uall [3950ms]
2023-03-23 16:01:03.723 [warning] getRemotes() - ENOENT: no such file or directory, open '/home/mmihovilovic/--git-common-dir/config'
2023-03-23 16:01:03.742 [info] > git remote --verbose [19ms]
2023-03-23 16:01:03.744 [info] > git config --get commit.template [2ms]
2023-03-23 16:01:03.764 [info] > git for-each-ref --format=%(refname)%00%(upstream:short)%00%(objectname) refs/heads/main refs/remotes/main [2ms]
2023-03-23 16:01:03.784 [info] > git rev-list --left-right --count main...origin/main [3ms]
2023-03-23 16:01:07.786 [info] > git status -z -uall [3984ms]
2023-03-23 16:01:12.842 [warning] getRemotes() - ENOENT: no such file or directory, open '/home/mmihovilovic/--git-common-dir/config'
2023-03-23 16:01:12.861 [info] > git remote --verbose [20ms]
2023-03-23 16:01:12.862 [info] > git config --get commit.template [3ms]
2023-03-23 16:01:12.882 [info] > git for-each-ref --format=%(refname)%00%(upstream:short)%00%(objectname) refs/heads/main refs/remotes/main [3ms]
2023-03-23 16:01:12.902 [info] > git rev-list --left-right --count main...origin/main [3ms]
2023-03-23 16:01:16.874 [info] > git status -z -uall [3950ms]
2023-03-23 16:01:21.927 [warning] getRemotes() - ENOENT: no such file or directory, open '/home/mmihovilovic/--git-common-dir/config'
2023-03-23 16:01:21.949 [info] > git config --get commit.template [1ms]
2023-03-23 16:01:21.949 [info] > git remote --verbose [22ms]
2023-03-23 16:01:21.970 [info] > git for-each-ref --format=%(refname)%00%(upstream:short)%00%(objectname) refs/heads/main refs/remotes/main [2ms]
2023-03-23 16:01:21.991 [info] > git rev-list --left-right --count main...origin/main [2ms]
2023-03-23 16:01:25.952 [info] > git status -z -uall [3943ms]
2023-03-23 16:01:31.005 [warning] getRemotes() - ENOENT: no such file or directory, open '/home/mmihovilovic/--git-common-dir/config'
2023-03-23 16:01:31.027 [info] > git remote --verbose [22ms]
2023-03-23 16:01:31.028 [info] > git config --get commit.template [3ms]
2023-03-23 16:01:31.049 [info] > git for-each-ref --format=%(refname)%00%(upstream:short)%00%(objectname) refs/heads/main refs/remotes/main [3ms]
2023-03-23 16:01:31.070 [info] > git rev-list --left-right --count main...origin/main [3ms]
2023-03-23 16:01:35.043 [info] > git status -z -uall [3955ms]
2023-03-23 16:01:40.099 [warning] getRemotes() - ENOENT: no such file or directory, open '/home/mmihovilovic/--git-common-dir/config'
2023-03-23 16:01:40.121 [info] > git remote --verbose [22ms]
2023-03-23 16:01:40.124 [info] > git config --get commit.template [4ms]
2023-03-23 16:01:40.149 [info] > git for-each-ref --format=%(refname)%00%(upstream:short)%00%(objectname) refs/heads/main refs/remotes/main [7ms]
2023-03-23 16:01:40.174 [info] > git rev-list --left-right --count main...origin/main [2ms]
2023-03-23 16:01:44.146 [info] > git status -z -uall [3947ms]
2023-03-23 16:01:49.193 [warning] getRemotes() - ENOENT: no such file or directory, open '/home/mmihovilovic/--git-common-dir/config'
2023-03-23 16:01:49.212 [info] > git remote --verbose [19ms]
2023-03-23 16:01:49.213 [info] > git config --get commit.template [2ms]
2023-03-23 16:01:49.233 [info] > git for-each-ref --format=%(refname)%00%(upstream:short)%00%(objectname) refs/heads/main refs/remotes/main [2ms]
2023-03-23 16:01:49.253 [info] > git rev-list --left-right --count main...origin/main [3ms]
2023-03-23 16:01:53.235 [info] > git status -z -uall [3964ms]
2023-03-23 16:01:58.292 [warning] getRemotes() - ENOENT: no such file or directory, open '/home/mmihovilovic/--git-common-dir/config'
2023-03-23 16:01:58.312 [info] > git remote --verbose [19ms]
2023-03-23 16:01:58.313 [info] > git config --get commit.template [3ms]
2023-03-23 16:01:58.333 [info] > git for-each-ref --format=%(refname)%00%(upstream:short)%00%(objectname) refs/heads/main refs/remotes/main [3ms]
2023-03-23 16:01:58.353 [info] > git rev-list --left-right --count main...origin/main [3ms]
2023-03-23 16:02:02.332 [info] > git status -z -uall [3961ms]
2023-03-23 16:02:07.388 [warning] getRemotes() - ENOENT: no such file or directory, open '/home/mmihovilovic/--git-common-dir/config'
2023-03-23 16:02:07.408 [info] > git remote --verbose [19ms]
2023-03-23 16:02:07.409 [info] > git config --get commit.template [3ms]
2023-03-23 16:02:07.429 [info] > git for-each-ref --format=%(refname)%00%(upstream:short)%00%(objectname) refs/heads/main refs/remotes/main [3ms]
2023-03-23 16:02:07.449 [info] > git rev-list --left-right --count main...origin/main [3ms]
2023-03-23 16:02:11.434 [info] > git status -z -uall [3962ms]
2023-03-23 16:02:16.488 [warning] getRemotes() - ENOENT: no such file or directory, open '/home/mmihovilovic/--git-common-dir/config'
2023-03-23 16:02:16.507 [info] > git remote --verbose [19ms]
2023-03-23 16:02:16.508 [info] > git config --get commit.template [2ms]
2023-03-23 16:02:16.528 [info] > git for-each-ref --format=%(refname)%00%(upstream:short)%00%(objectname) refs/heads/main refs/remotes/main [2ms]
2023-03-23 16:02:16.548 [info] > git rev-list --left-right --count main...origin/main [3ms]
2023-03-23 16:02:20.521 [info] > git status -z -uall [3955ms]
2023-03-23 16:02:25.575 [warning] getRemotes() - ENOENT: no such file or directory, open '/home/mmihovilovic/--git-common-dir/config'
2023-03-23 16:02:25.595 [info] > git remote --verbose [20ms]
2023-03-23 16:02:25.596 [info] > git config --get commit.template [3ms]
2023-03-23 16:02:25.616 [info] > git for-each-ref --format=%(refname)%00%(upstream:short)%00%(objectname) refs/heads/main refs/remotes/main [3ms]
2023-03-23 16:02:25.636 [info] > git rev-list --left-right --count main...origin/main [3ms]
2023-03-23 16:02:29.619 [info] > git status -z -uall [3964ms]
2023-03-23 16:02:34.675 [warning] getRemotes() - ENOENT: no such file or directory, open '/home/mmihovilovic/--git-common-dir/config'
2023-03-23 16:02:34.695 [info] > git remote --verbose [20ms]
2023-03-23 16:02:34.696 [info] > git config --get commit.template [3ms]
2023-03-23 16:02:34.716 [info] > git for-each-ref --format=%(refname)%00%(upstream:short)%00%(objectname) refs/heads/main refs/remotes/main [3ms]
2023-03-23 16:02:34.742 [info] > git rev-list --left-right --count main...origin/main [3ms]
2023-03-23 16:02:38.709 [info] > git status -z -uall [3943ms]
2023-03-23 16:02:43.766 [warning] getRemotes() - ENOENT: no such file or directory, open '/home/mmihovilovic/--git-common-dir/config'
2023-03-23 16:02:43.786 [info] > git remote --verbose [19ms]
2023-03-23 16:02:43.787 [info] > git config --get commit.template [3ms]
2023-03-23 16:02:43.807 [info] > git for-each-ref --format=%(refname)%00%(upstream:short)%00%(objectname) refs/heads/main refs/remotes/main [3ms]
2023-03-23 16:02:43.827 [info] > git rev-list --left-right --count main...origin/main [3ms]
2023-03-23 16:02:47.801 [info] > git status -z -uall [3953ms]
2023-03-23 16:02:52.858 [warning] getRemotes() - ENOENT: no such file or directory, open '/home/mmihovilovic/--git-common-dir/config'
2023-03-23 16:02:52.880 [info] > git remote --verbose [21ms]
2023-03-23 16:02:52.881 [info] > git config --get commit.template [2ms]
2023-03-23 16:02:52.901 [info] > git for-each-ref --format=%(refname)%00%(upstream:short)%00%(objectname) refs/heads/main refs/remotes/main [2ms]
2023-03-23 16:02:52.921 [info] > git rev-list --left-right --count main...origin/main [3ms]
2023-03-23 16:02:56.895 [info] > git status -z -uall [3956ms]
2023-03-23 16:03:01.953 [warning] getRemotes() - ENOENT: no such file or directory, open '/home/mmihovilovic/--git-common-dir/config'
2023-03-23 16:03:01.974 [info] > git remote --verbose [21ms]
2023-03-23 16:03:01.975 [info] > git config --get commit.template [2ms]
2023-03-23 16:03:02.001 [info] > git for-each-ref --format=%(refname)%00%(upstream:short)%00%(objectname) refs/heads/main refs/remotes/main [2ms]
2023-03-23 16:03:02.027 [info] > git rev-list --left-right --count main...origin/main [2ms]
2023-03-23 16:03:03.120 [info] > git check-ignore -v -z --stdin [9ms]
2023-03-23 16:03:05.991 [info] > git status -z -uall [3945ms]
2023-03-23 16:03:10.533 [info] > git check-ignore -v -z --stdin [8ms]
2023-03-23 16:03:11.046 [warning] getRemotes() - ENOENT: no such file or directory, open '/home/mmihovilovic/--git-common-dir/config'
2023-03-23 16:03:11.066 [info] > git remote --verbose [19ms]
2023-03-23 16:03:11.066 [info] > git config --get commit.template [2ms]
2023-03-23 16:03:11.087 [info] > git for-each-ref --format=%(refname)%00%(upstream:short)%00%(objectname) refs/heads/main refs/remotes/main [2ms]
2023-03-23 16:03:11.107 [info] > git rev-list --left-right --count main...origin/main [2ms]
2023-03-23 16:03:12.420 [info] > git check-ignore -v -z --stdin [9ms]
2023-03-23 16:03:15.072 [info] > git status -z -uall [3947ms]
2023-03-23 16:03:20.126 [warning] getRemotes() - ENOENT: no such file or directory, open '/home/mmihovilovic/--git-common-dir/config'
2023-03-23 16:03:20.146 [info] > git remote --verbose [19ms]
2023-03-23 16:03:20.146 [info] > git config --get commit.template [2ms]
2023-03-23 16:03:20.166 [info] > git for-each-ref --format=%(refname)%00%(upstream:short)%00%(objectname) refs/heads/main refs/remotes/main [2ms]
2023-03-23 16:03:20.186 [info] > git rev-list --left-right --count main...origin/main [2ms]
2023-03-23 16:03:24.163 [info] > git status -z -uall [3959ms]
2023-03-23 16:03:29.224 [warning] getRemotes() - ENOENT: no such file or directory, open '/home/mmihovilovic/--git-common-dir/config'
2023-03-23 16:03:29.249 [info] > git remote --verbose [25ms]
2023-03-23 16:03:29.256 [info] > git config --get commit.template [9ms]
2023-03-23 16:03:29.280 [info] > git for-each-ref --format=%(refname)%00%(upstream:short)%00%(objectname) refs/heads/main refs/remotes/main [3ms]
2023-03-23 16:03:29.301 [info] > git rev-list --left-right --count main...origin/main [3ms]
2023-03-23 16:03:30.669 [info] > git check-ignore -v -z --stdin [9ms]
2023-03-23 16:03:33.264 [info] > git status -z -uall [3945ms]
2023-03-23 16:03:38.319 [warning] getRemotes() - ENOENT: no such file or directory, open '/home/mmihovilovic/--git-common-dir/config'
2023-03-23 16:03:38.338 [info] > git remote --verbose [20ms]
2023-03-23 16:03:38.339 [info] > git config --get commit.template [2ms]
2023-03-23 16:03:38.359 [info] > git for-each-ref --format=%(refname)%00%(upstream:short)%00%(objectname) refs/heads/main refs/remotes/main [3ms]
2023-03-23 16:03:38.379 [info] > git rev-list --left-right --count main...origin/main [2ms]
2023-03-23 16:03:40.790 [info] > git check-ignore -v -z --stdin [9ms]
2023-03-23 16:03:42.358 [info] > git status -z -uall [3962ms]
2023-03-23 16:03:45.035 [info] > git check-ignore -v -z --stdin [9ms]
2023-03-23 16:03:47.413 [warning] getRemotes() - ENOENT: no such file or directory, open '/home/mmihovilovic/--git-common-dir/config'
2023-03-23 16:03:47.432 [info] > git remote --verbose [19ms]
2023-03-23 16:03:47.433 [info] > git config --get commit.template [2ms]
2023-03-23 16:03:47.453 [info] > git for-each-ref --format=%(refname)%00%(upstream:short)%00%(objectname) refs/heads/main refs/remotes/main [2ms]
2023-03-23 16:03:47.473 [info] > git rev-list --left-right --count main...origin/main [3ms]
2023-03-23 16:03:50.098 [info] > git check-ignore -v -z --stdin [9ms]
2023-03-23 16:03:51.432 [info] > git status -z -uall [3941ms]
2023-03-23 16:03:52.241 [info] > git show --textconv :vjezbaispit/kol2/z2/Analyzer.cpp [24ms]
2023-03-23 16:03:52.247 [info] > git ls-files --stage -- /home/mmihovilovic/vjezbaispit/kol2/z2/Analyzer.cpp [9ms]
2023-03-23 16:03:52.272 [info] > git cat-file -s a70f80d5290fc01623f40e576fb3e71ccb4b8715 [2ms]
2023-03-23 16:03:56.491 [warning] getRemotes() - ENOENT: no such file or directory, open '/home/mmihovilovic/--git-common-dir/config'
2023-03-23 16:03:56.513 [info] > git remote --verbose [22ms]
2023-03-23 16:03:56.514 [info] > git config --get commit.template [3ms]
2023-03-23 16:03:56.537 [info] > git for-each-ref --format=%(refname)%00%(upstream:short)%00%(objectname) refs/heads/main refs/remotes/main [3ms]
2023-03-23 16:03:56.563 [info] > git rev-list --left-right --count main...origin/main [2ms]
2023-03-23 16:04:00.537 [info] > git status -z -uall [3954ms]
2023-03-23 16:04:02.522 [info] > git check-ignore -v -z --stdin [9ms]
2023-03-23 16:04:04.064 [info] > git check-ignore -v -z --stdin [10ms]
2023-03-23 16:04:05.594 [warning] getRemotes() - ENOENT: no such file or directory, open '/home/mmihovilovic/--git-common-dir/config'
2023-03-23 16:04:05.614 [info] > git remote --verbose [19ms]
2023-03-23 16:04:05.615 [info] > git config --get commit.template [2ms]
2023-03-23 16:04:05.637 [info] > git for-each-ref --format=%(refname)%00%(upstream:short)%00%(objectname) refs/heads/main refs/remotes/main [2ms]
2023-03-23 16:04:05.660 [info] > git rev-list --left-right --count main...origin/main [3ms]
2023-03-23 16:04:08.796 [info] > git check-ignore -v -z --stdin [9ms]
2023-03-23 16:04:09.632 [info] > git status -z -uall [3953ms]
2023-03-23 16:04:14.691 [warning] getRemotes() - ENOENT: no such file or directory, open '/home/mmihovilovic/--git-common-dir/config'
2023-03-23 16:04:14.710 [info] > git remote --verbose [19ms]
2023-03-23 16:04:14.711 [info] > git config --get commit.template [2ms]
2023-03-23 16:04:14.731 [info] > git for-each-ref --format=%(refname)%00%(upstream:short)%00%(objectname) refs/heads/main refs/remotes/main [2ms]
2023-03-23 16:04:14.751 [info] > git rev-list --left-right --count main...origin/main [2ms]
2023-03-23 16:04:18.736 [info] > git status -z -uall [3967ms]
2023-03-23 16:04:19.896 [info] > git show --textconv :kol1/z2/Analyzer.cpp [24ms]
2023-03-23 16:04:19.904 [info] > git ls-files --stage -- /home/mmihovilovic/kol1/z2/Analyzer.cpp [9ms]
2023-03-23 16:04:19.925 [info] > git cat-file -s e8ca5ae4ff1f381afeb3edd2c5c321747532242a [2ms]
2023-03-23 16:04:23.799 [warning] getRemotes() - ENOENT: no such file or directory, open '/home/mmihovilovic/--git-common-dir/config'
2023-03-23 16:04:23.821 [info] > git remote --verbose [21ms]
2023-03-23 16:04:23.822 [info] > git config --get commit.template [2ms]
2023-03-23 16:04:23.845 [info] > git for-each-ref --format=%(refname)%00%(upstream:short)%00%(objectname) refs/heads/main refs/remotes/main [3ms]
2023-03-23 16:04:23.865 [info] > git rev-list --left-right --count main...origin/main [2ms]
2023-03-23 16:04:24.223 [info] > git check-ignore -v -z --stdin [9ms]
2023-03-23 16:04:27.846 [info] > git status -z -uall [3958ms]
2023-03-23 16:04:32.900 [warning] getRemotes() - ENOENT: no such file or directory, open '/home/mmihovilovic/--git-common-dir/config'
2023-03-23 16:04:32.919 [info] > git remote --verbose [20ms]
2023-03-23 16:04:32.921 [info] > git config --get commit.template [2ms]
2023-03-23 16:04:32.942 [info] > git for-each-ref --format=%(refname)%00%(upstream:short)%00%(objectname) refs/heads/main refs/remotes/main [2ms]
2023-03-23 16:04:32.965 [info] > git rev-list --left-right --count main...origin/main [4ms]
2023-03-23 16:04:36.954 [info] > git status -z -uall [3970ms]
2023-03-23 16:04:39.601 [info] > git show --textconv :kol1/z2/Analyzer.cpp [22ms]
2023-03-23 16:04:39.609 [info] > git ls-files --stage -- /home/mmihovilovic/kol1/z2/Analyzer.cpp [9ms]
2023-03-23 16:04:39.632 [info] > git cat-file -s e8ca5ae4ff1f381afeb3edd2c5c321747532242a [2ms]
2023-03-23 16:04:42.008 [warning] getRemotes() - ENOENT: no such file or directory, open '/home/mmihovilovic/--git-common-dir/config'
2023-03-23 16:04:42.030 [info] > git remote --verbose [23ms]
2023-03-23 16:04:42.049 [info] > git config --get commit.template [21ms]
2023-03-23 16:04:42.050 [info] > git for-each-ref --format=%(refname)%00%(upstream:short)%00%(objectname) refs/heads/main refs/remotes/main [2ms]
2023-03-23 16:04:42.073 [info] > git rev-list --left-right --count main...origin/main [3ms]
2023-03-23 16:04:46.044 [info] > git status -z -uall [3951ms]
2023-03-23 16:04:51.134 [warning] getRemotes() - ENOENT: no such file or directory, open '/home/mmihovilovic/--git-common-dir/config'
2023-03-23 16:04:51.153 [info] > git remote --verbose [20ms]
2023-03-23 16:04:51.154 [info] > git config --get commit.template [3ms]
2023-03-23 16:04:51.174 [info] > git for-each-ref --format=%(refname)%00%(upstream:short)%00%(objectname) refs/heads/main refs/remotes/main [3ms]
2023-03-23 16:04:51.194 [info] > git rev-list --left-right --count main...origin/main [3ms]
2023-03-23 16:04:55.167 [info] > git status -z -uall [3955ms]
2023-03-23 16:05:00.263 [warning] getRemotes() - ENOENT: no such file or directory, open '/home/mmihovilovic/--git-common-dir/config'
2023-03-23 16:05:00.282 [info] > git remote --verbose [19ms]
2023-03-23 16:05:00.283 [info] > git config --get commit.template [2ms]
2023-03-23 16:05:00.302 [info] > git for-each-ref --format=%(refname)%00%(upstream:short)%00%(objectname) refs/heads/main refs/remotes/main [2ms]
2023-03-23 16:05:00.322 [info] > git rev-list --left-right --count main...origin/main [2ms]
2023-03-23 16:05:04.301 [info] > git status -z -uall [3961ms]
2023-03-23 16:05:09.355 [warning] getRemotes() - ENOENT: no such file or directory, open '/home/mmihovilovic/--git-common-dir/config'
2023-03-23 16:05:09.374 [info] > git remote --verbose [19ms]
2023-03-23 16:05:09.375 [info] > git config --get commit.template [3ms]
2023-03-23 16:05:09.395 [info] > git for-each-ref --format=%(refname)%00%(upstream:short)%00%(objectname) refs/heads/main refs/remotes/main [2ms]
2023-03-23 16:05:09.419 [info] > git rev-list --left-right --count main...origin/main [2ms]
2023-03-23 16:05:13.383 [info] > git status -z -uall [3947ms]
2023-03-23 16:05:18.438 [warning] getRemotes() - ENOENT: no such file or directory, open '/home/mmihovilovic/--git-common-dir/config'
2023-03-23 16:05:18.458 [info] > git remote --verbose [20ms]
2023-03-23 16:05:18.459 [info] > git config --get commit.template [3ms]
2023-03-23 16:05:18.480 [info] > git for-each-ref --format=%(refname)%00%(upstream:short)%00%(objectname) refs/heads/main refs/remotes/main [2ms]
2023-03-23 16:05:18.500 [info] > git rev-list --left-right --count main...origin/main [3ms]
2023-03-23 16:05:20.947 [info] > git ls-files --stage -- /home/mmihovilovic/kol1/z2/Analyzer.h [10ms]
2023-03-23 16:05:20.966 [info] > git show --textconv :kol1/z2/Analyzer.h [47ms]
2023-03-23 16:05:20.968 [info] > git cat-file -s 5432b3f616aa129c29ea4a3ff43fd6f66fbfa6f9 [3ms]
2023-03-23 16:05:22.484 [info] > git status -z -uall [3966ms]
2023-03-23 16:05:27.542 [warning] getRemotes() - ENOENT: no such file or directory, open '/home/mmihovilovic/--git-common-dir/config'
2023-03-23 16:05:27.562 [info] > git remote --verbose [19ms]
2023-03-23 16:05:27.563 [info] > git config --get commit.template [4ms]
2023-03-23 16:05:27.585 [info] > git for-each-ref --format=%(refname)%00%(upstream:short)%00%(objectname) refs/heads/main refs/remotes/main [2ms]
2023-03-23 16:05:27.608 [info] > git rev-list --left-right --count main...origin/main [3ms]
2023-03-23 16:05:31.600 [info] > git status -z -uall [3973ms]
2023-03-23 16:05:36.654 [warning] getRemotes() - ENOENT: no such file or directory, open '/home/mmihovilovic/--git-common-dir/config'
2023-03-23 16:05:36.675 [info] > git config --get commit.template [3ms]
2023-03-23 16:05:36.675 [info] > git remote --verbose [22ms]
2023-03-23 16:05:36.696 [info] > git for-each-ref --format=%(refname)%00%(upstream:short)%00%(objectname) refs/heads/main refs/remotes/main [3ms]
2023-03-23 16:05:36.716 [info] > git rev-list --left-right --count main...origin/main [2ms]
2023-03-23 16:05:40.690 [info] > git status -z -uall [3956ms]
2023-03-23 16:05:45.772 [warning] getRemotes() - ENOENT: no such file or directory, open '/home/mmihovilovic/--git-common-dir/config'
2023-03-23 16:05:45.794 [info] > git remote --verbose [22ms]
2023-03-23 16:05:45.795 [info] > git config --get commit.template [2ms]
2023-03-23 16:05:45.817 [info] > git for-each-ref --format=%(refname)%00%(upstream:short)%00%(objectname) refs/heads/main refs/remotes/main [3ms]
2023-03-23 16:05:45.837 [info] > git rev-list --left-right --count main...origin/main [2ms]
2023-03-23 16:05:49.003 [info] > git show --textconv :macbzvz/nesto.cpp [19ms]
2023-03-23 16:05:49.010 [info] > git ls-files --stage -- /home/mmihovilovic/macbzvz/nesto.cpp [9ms]
2023-03-23 16:05:49.028 [info] > git cat-file -s e69de29bb2d1d6434b8b29ae775ad8c2e48c5391 [2ms]
2023-03-23 16:05:49.814 [info] > git status -z -uall [3959ms]
2023-03-23 16:05:54.330 [info] > git show --textconv :macbzvz/zadatak1ispit/Analyzer.h [19ms]
2023-03-23 16:05:54.338 [info] > git ls-files --stage -- /home/mmihovilovic/macbzvz/zadatak1ispit/Analyzer.h [8ms]
2023-03-23 16:05:54.362 [info] > git cat-file -s 54415edbb18676841b7cbf119678b77f6a9e6d1d [2ms]
2023-03-23 16:05:54.874 [warning] getRemotes() - ENOENT: no such file or directory, open '/home/mmihovilovic/--git-common-dir/config'
2023-03-23 16:05:54.899 [info] > git remote --verbose [25ms]
2023-03-23 16:05:54.901 [info] > git config --get commit.template [6ms]
2023-03-23 16:05:54.926 [info] > git for-each-ref --format=%(refname)%00%(upstream:short)%00%(objectname) refs/heads/main refs/remotes/main [2ms]
2023-03-23 16:05:54.949 [info] > git rev-list --left-right --count main...origin/main [3ms]
2023-03-23 16:05:58.934 [info] > git status -z -uall [3960ms]
2023-03-23 16:06:03.989 [warning] getRemotes() - ENOENT: no such file or directory, open '/home/mmihovilovic/--git-common-dir/config'
2023-03-23 16:06:04.008 [info] > git remote --verbose [19ms]
2023-03-23 16:06:04.009 [info] > git config --get commit.template [2ms]
2023-03-23 16:06:04.029 [info] > git for-each-ref --format=%(refname)%00%(upstream:short)%00%(objectname) refs/heads/main refs/remotes/main [3ms]
2023-03-23 16:06:04.049 [info] > git rev-list --left-right --count main...origin/main [3ms]
2023-03-23 16:06:08.026 [info] > git status -z -uall [3960ms]
2023-03-23 16:06:13.083 [warning] getRemotes() - ENOENT: no such file or directory, open '/home/mmihovilovic/--git-common-dir/config'
2023-03-23 16:06:13.103 [info] > git remote --verbose [20ms]
2023-03-23 16:06:13.104 [info] > git config --get commit.template [3ms]
2023-03-23 16:06:13.124 [info] > git for-each-ref --format=%(refname)%00%(upstream:short)%00%(objectname) refs/heads/main refs/remotes/main [2ms]
2023-03-23 16:06:13.144 [info] > git rev-list --left-right --count main...origin/main [2ms]
2023-03-23 16:06:17.112 [info] > git status -z -uall [3949ms]
2023-03-23 16:06:22.177 [warning] getRemotes() - ENOENT: no such file or directory, open '/home/mmihovilovic/--git-common-dir/config'
2023-03-23 16:06:22.198 [info] > git remote --verbose [21ms]
2023-03-23 16:06:22.199 [info] > git config --get commit.template [2ms]
2023-03-23 16:06:22.225 [info] > git for-each-ref --format=%(refname)%00%(upstream:short)%00%(objectname) refs/heads/main refs/remotes/main [2ms]
2023-03-23 16:06:22.245 [info] > git rev-list --left-right --count main...origin/main [3ms]
2023-03-23 16:06:26.221 [info] > git status -z -uall [3958ms]
