2023-03-16 20:16:49.684 [info] Extension host with pid 11756 started
2023-03-16 20:16:49.724 [info] Lock '/home/mmihovilovic/.vscode-server/data/User/workspaceStorage/eef93e4a9f082598ef308d55ec910b7b/vscode.lock': Lock acquired.
2023-03-16 20:16:49.770 [info] ExtensionService#_doActivateExtension vscode.emmet, startup: false, activationEvent: 'onLanguage'
2023-03-16 20:16:49.772 [info] ExtensionService#_doActivateExtension vscode.git-base, startup: true, activationEvent: '*'
2023-03-16 20:16:49.905 [info] ExtensionService#_doActivateExtension vscode.github, startup: true, activationEvent: '*'
2023-03-16 20:16:49.962 [info] Eager extensions activated
2023-03-16 20:16:49.963 [info] ExtensionService#_doActivateExtension vscode.debug-auto-launch, startup: false, activationEvent: 'onStartupFinished'
2023-03-16 20:16:49.964 [info] ExtensionService#_doActivateExtension vscode.merge-conflict, startup: false, activationEvent: 'onStartupFinished'
2023-03-16 20:16:52.119 [info] ExtensionService#_doActivateExtension vscode.git, startup: false, activationEvent: 'api', root cause: vscode.github
2023-03-16 20:16:53.031 [info] ExtensionService#_doActivateExtension analytic-signal.preview-pdf, startup: false, activationEvent: 'onCustomEditor:analyticsignal.preview-pdf'
2023-03-16 20:17:03.817 [info] ExtensionService#_doActivateExtension vscode.configuration-editing, startup: false, activationEvent: 'onLanguage:jsonc'
2023-03-16 20:17:03.818 [info] ExtensionService#_doActivateExtension vscode.json-language-features, startup: false, activationEvent: 'onLanguage:jsonc'
2023-03-16 20:17:03.819 [info] ExtensionService#_doActivateExtension vscode.typescript-language-features, startup: false, activationEvent: 'onLanguage:jsonc'
2023-03-16 20:17:04.831 [warning] [Decorations] CAPPING events from decorations provider vscode.git 4035
2023-03-16 20:17:06.442 [warning] [Decorations] CAPPING events from decorations provider vscode.git 4035
2023-03-16 20:17:10.199 [warning] [Decorations] CAPPING events from decorations provider vscode.git 4035
2023-03-16 20:17:15.560 [warning] [Decorations] CAPPING events from decorations provider vscode.git 4035
2023-03-16 20:17:20.905 [warning] [Decorations] CAPPING events from decorations provider vscode.git 4035
2023-03-16 20:17:26.289 [warning] [Decorations] CAPPING events from decorations provider vscode.git 4035
2023-03-16 20:17:31.594 [warning] [Decorations] CAPPING events from decorations provider vscode.git 4035
2023-03-16 20:17:36.962 [warning] [Decorations] CAPPING events from decorations provider vscode.git 4047
2023-03-16 20:17:42.319 [warning] [Decorations] CAPPING events from decorations provider vscode.git 4702
2023-03-16 20:17:45.988 [info] ExtensionService#_doActivateExtension ms-vscode.cpptools, startup: false, activationEvent: 'onLanguage:cpp'
2023-03-16 20:17:47.696 [warning] [Decorations] CAPPING events from decorations provider vscode.git 5211
2023-03-16 20:17:53.074 [warning] [Decorations] CAPPING events from decorations provider vscode.git 4750
2023-03-16 20:17:58.473 [warning] [Decorations] CAPPING events from decorations provider vscode.git 4750
2023-03-16 20:18:03.916 [warning] [Decorations] CAPPING events from decorations provider vscode.git 4751
2023-03-16 20:18:09.450 [warning] [Decorations] CAPPING events from decorations provider vscode.git 4751
2023-03-16 20:18:14.817 [warning] [Decorations] CAPPING events from decorations provider vscode.git 4751
2023-03-16 20:18:20.199 [warning] [Decorations] CAPPING events from decorations provider vscode.git 4751
2023-03-16 20:18:25.579 [warning] [Decorations] CAPPING events from decorations provider vscode.git 4751
2023-03-16 20:18:31.006 [warning] [Decorations] CAPPING events from decorations provider vscode.git 4751
2023-03-16 20:18:36.420 [warning] [Decorations] CAPPING events from decorations provider vscode.git 4751
2023-03-16 20:18:41.846 [warning] [Decorations] CAPPING events from decorations provider vscode.git 4751
2023-03-16 20:18:47.268 [warning] [Decorations] CAPPING events from decorations provider vscode.git 4751
2023-03-16 20:18:52.710 [warning] [Decorations] CAPPING events from decorations provider vscode.git 4751
2023-03-16 20:18:58.155 [warning] [Decorations] CAPPING events from decorations provider vscode.git 4751
2023-03-16 20:19:03.633 [warning] [Decorations] CAPPING events from decorations provider vscode.git 4751
2023-03-16 20:19:09.043 [warning] [Decorations] CAPPING events from decorations provider vscode.git 4751
2023-03-16 20:19:14.458 [warning] [Decorations] CAPPING events from decorations provider vscode.git 4751
2023-03-16 20:19:19.866 [warning] [Decorations] CAPPING events from decorations provider vscode.git 4751
2023-03-16 20:19:25.277 [warning] [Decorations] CAPPING events from decorations provider vscode.git 4751
2023-03-16 20:19:30.698 [warning] [Decorations] CAPPING events from decorations provider vscode.git 4751
2023-03-16 20:19:36.131 [warning] [Decorations] CAPPING events from decorations provider vscode.git 4751
2023-03-16 20:19:41.566 [warning] [Decorations] CAPPING events from decorations provider vscode.git 4751
