2023-03-22 20:58:44.834 [info] Log level: Info
2023-03-22 20:58:44.834 [info] Validating found git in: "git"
2023-03-22 20:58:44.834 [info] Using git "1.8.3.1" from "git"
2023-03-22 20:58:44.834 [info] > git rev-parse --show-toplevel [68ms]
2023-03-22 20:58:44.834 [info] > git rev-parse --git-dir --git-common-dir [3ms]
2023-03-22 20:58:44.834 [info] Open repository: /home/mmihovilovic
2023-03-22 20:58:44.834 [warning] getRemotes() - ENOENT: no such file or directory, open '/home/mmihovilovic/--git-common-dir/config'
2023-03-22 20:58:44.834 [info] > git rev-parse --show-toplevel [32ms]
2023-03-22 20:58:44.834 [info] > git config --get commit.template [12ms]
2023-03-22 20:58:44.834 [info] > git remote --verbose [31ms]
2023-03-22 20:58:44.834 [info] > git rev-parse --show-toplevel [6ms]
2023-03-22 20:58:44.834 [info] > git rev-parse --show-toplevel [12ms]
2023-03-22 20:58:44.834 [info] > git rev-parse --show-toplevel [4ms]
2023-03-22 20:58:44.834 [info] > git for-each-ref --format=%(refname)%00%(upstream:short)%00%(objectname) refs/heads/main refs/remotes/main [28ms]
2023-03-22 20:58:44.834 [info] > git rev-parse --show-toplevel [12ms]
2023-03-22 20:58:44.834 [info] > git rev-list --left-right --count main...origin/main [14ms]
2023-03-22 20:58:44.834 [info] > git rev-parse --show-toplevel [20ms]
2023-03-22 20:58:44.856 [info] > git rev-parse --show-toplevel [24ms]
2023-03-22 20:58:44.868 [info] > git rev-parse --show-toplevel [2ms]
2023-03-22 20:58:44.894 [info] > git rev-parse --show-toplevel [14ms]
2023-03-22 20:58:44.952 [info] > git rev-parse --show-toplevel [48ms]
2023-03-22 20:58:44.966 [info] > git rev-parse --show-toplevel [4ms]
2023-03-22 20:58:44.980 [info] > git rev-parse --show-toplevel [2ms]
2023-03-22 20:58:44.998 [info] > git rev-parse --show-toplevel [6ms]
2023-03-22 20:58:45.011 [info] > git rev-parse --show-toplevel [1ms]
2023-03-22 20:58:45.025 [info] > git rev-parse --show-toplevel [2ms]
2023-03-22 20:58:45.039 [info] > git rev-parse --show-toplevel [2ms]
2023-03-22 20:58:45.054 [info] > git rev-parse --git-dir --git-common-dir [4ms]
2023-03-22 20:58:45.062 [info] Open repository: /home/mmihovilovic/vj11
2023-03-22 20:58:45.088 [warning] getRemotes() - ENOENT: no such file or directory, open '/home/mmihovilovic/vj11/--git-common-dir/config'
2023-03-22 20:58:45.101 [info] > git remote --verbose [13ms]
2023-03-22 20:58:45.102 [info] > git rev-parse --show-toplevel [26ms]
2023-03-22 20:58:45.118 [info] > git config --get commit.template [18ms]
2023-03-22 20:58:45.132 [info] > git rev-parse --show-toplevel [18ms]
2023-03-22 20:58:45.144 [info] > git for-each-ref --format=%(refname)%00%(upstream:short)%00%(objectname) refs/heads/master refs/remotes/master [14ms]
2023-03-22 20:58:45.159 [info] > git rev-parse --show-toplevel [16ms]
2023-03-22 20:58:45.175 [info] > git status -z -uall [18ms]
2023-03-22 20:58:45.199 [warning] getRemotes() - ENOENT: no such file or directory, open '/home/mmihovilovic/vj11/--git-common-dir/config'
2023-03-22 20:58:45.209 [info] > git rev-parse --show-toplevel [37ms]
2023-03-22 20:58:45.220 [info] > git config --get commit.template [12ms]
2023-03-22 20:58:45.220 [info] > git remote --verbose [21ms]
2023-03-22 20:58:45.222 [info] > git rev-parse --show-toplevel [4ms]
2023-03-22 20:58:45.246 [info] > git rev-parse --show-toplevel [14ms]
2023-03-22 20:58:45.256 [info] > git for-each-ref --format=%(refname)%00%(upstream:short)%00%(objectname) refs/heads/master refs/remotes/master [11ms]
2023-03-22 20:58:45.270 [info] > git rev-parse --show-toplevel [15ms]
2023-03-22 20:58:45.319 [info] > git status -z -uall [51ms]
2023-03-22 20:58:45.319 [info] > git rev-parse --show-toplevel [35ms]
2023-03-22 20:58:45.334 [info] > git rev-parse --git-dir --git-common-dir [5ms]
2023-03-22 20:58:45.342 [info] Open repository: /home/mmihovilovic/vj6
2023-03-22 20:58:45.368 [warning] getRemotes() - ENOENT: no such file or directory, open '/home/mmihovilovic/vj6/--git-common-dir/config'
2023-03-22 20:58:45.384 [info] > git remote --verbose [17ms]
2023-03-22 20:58:45.384 [info] > git rev-parse --show-toplevel [28ms]
2023-03-22 20:58:45.398 [info] > git config --get commit.template [18ms]
2023-03-22 20:58:45.410 [info] > git rev-parse --show-toplevel [14ms]
2023-03-22 20:58:45.423 [info] > git for-each-ref --format=%(refname)%00%(upstream:short)%00%(objectname) refs/heads/master refs/remotes/master [15ms]
2023-03-22 20:58:45.446 [info] > git status -z -uall [9ms]
2023-03-22 20:58:45.453 [info] > git rev-parse --show-toplevel [31ms]
2023-03-22 20:58:45.473 [warning] getRemotes() - ENOENT: no such file or directory, open '/home/mmihovilovic/vj6/--git-common-dir/config'
2023-03-22 20:58:45.488 [info] > git remote --verbose [15ms]
2023-03-22 20:58:45.488 [info] > git rev-parse --show-toplevel [26ms]
2023-03-22 20:58:45.497 [info] > git config --get commit.template [11ms]
2023-03-22 20:58:45.516 [info] > git for-each-ref --format=%(refname)%00%(upstream:short)%00%(objectname) refs/heads/master refs/remotes/master [4ms]
2023-03-22 20:58:45.531 [info] > git status -z -uall [4ms]
2023-03-22 20:58:46.083 [info] > git check-ignore -v -z --stdin [13ms]
2023-03-22 20:58:46.085 [info] > git check-ignore -v -z --stdin [4ms]
2023-03-22 20:58:46.091 [info] > git check-ignore -v -z --stdin [34ms]
2023-03-22 20:58:47.912 [info] > git check-ignore -v -z --stdin [9ms]
2023-03-22 20:58:48.774 [info] > git status -z -uall [3958ms]
2023-03-22 20:58:48.823 [warning] getRemotes() - ENOENT: no such file or directory, open '/home/mmihovilovic/--git-common-dir/config'
2023-03-22 20:58:48.844 [info] > git config --get commit.template [8ms]
2023-03-22 20:58:48.844 [info] > git remote --verbose [21ms]
2023-03-22 20:58:48.859 [info] > git for-each-ref --format=%(refname)%00%(upstream:short)%00%(objectname) refs/heads/main refs/remotes/main [3ms]
2023-03-22 20:58:48.873 [info] > git rev-list --left-right --count main...origin/main [2ms]
2023-03-22 20:58:52.824 [info] > git status -z -uall [3939ms]
2023-03-22 20:58:54.723 [info] > git check-ignore -v -z --stdin [9ms]
2023-03-22 20:58:57.232 [info] > git check-ignore -v -z --stdin [9ms]
2023-03-22 20:58:59.005 [warning] getRemotes() - ENOENT: no such file or directory, open '/home/mmihovilovic/--git-common-dir/config'
2023-03-22 20:58:59.019 [info] > git remote --verbose [15ms]
2023-03-22 20:58:59.020 [info] > git config --get commit.template [3ms]
2023-03-22 20:58:59.035 [info] > git for-each-ref --format=%(refname)%00%(upstream:short)%00%(objectname) refs/heads/main refs/remotes/main [2ms]
2023-03-22 20:58:59.051 [info] > git rev-list --left-right --count main...origin/main [2ms]
2023-03-22 20:59:03.002 [info] > git status -z -uall [3936ms]
2023-03-22 21:00:29.071 [info] > git show --textconv :macbzvz/nesto.cpp [23ms]
2023-03-22 21:00:29.073 [info] > git ls-files --stage -- /home/mmihovilovic/macbzvz/nesto.cpp [11ms]
2023-03-22 21:00:29.096 [info] > git cat-file -s e69de29bb2d1d6434b8b29ae775ad8c2e48c5391 [11ms]
2023-03-22 21:03:00.517 [warning] getRemotes() - ENOENT: no such file or directory, open '/home/mmihovilovic/--git-common-dir/config'
2023-03-22 21:03:00.535 [info] > git remote --verbose [17ms]
2023-03-22 21:03:00.538 [info] > git config --get commit.template [4ms]
2023-03-22 21:03:00.555 [info] > git for-each-ref --format=%(refname)%00%(upstream:short)%00%(objectname) refs/heads/main refs/remotes/main [2ms]
2023-03-22 21:03:00.572 [info] > git rev-list --left-right --count main...origin/main [3ms]
2023-03-22 21:03:04.577 [info] > git status -z -uall [3987ms]
2023-03-22 21:03:10.469 [warning] getRemotes() - ENOENT: no such file or directory, open '/home/mmihovilovic/--git-common-dir/config'
2023-03-22 21:03:10.486 [info] > git remote --verbose [17ms]
2023-03-22 21:03:10.487 [info] > git config --get commit.template [3ms]
2023-03-22 21:03:10.505 [info] > git for-each-ref --format=%(refname)%00%(upstream:short)%00%(objectname) refs/heads/main refs/remotes/main [3ms]
2023-03-22 21:03:10.523 [info] > git rev-list --left-right --count main...origin/main [2ms]
2023-03-22 21:03:14.505 [info] > git status -z -uall [3967ms]
2023-03-22 21:03:19.553 [warning] getRemotes() - ENOENT: no such file or directory, open '/home/mmihovilovic/--git-common-dir/config'
2023-03-22 21:03:19.571 [info] > git remote --verbose [18ms]
2023-03-22 21:03:19.572 [info] > git config --get commit.template [3ms]
2023-03-22 21:03:19.590 [info] > git for-each-ref --format=%(refname)%00%(upstream:short)%00%(objectname) refs/heads/main refs/remotes/main [2ms]
2023-03-22 21:03:19.609 [info] > git rev-list --left-right --count main...origin/main [3ms]
2023-03-22 21:03:23.572 [info] > git status -z -uall [3948ms]
2023-03-22 21:03:28.612 [warning] getRemotes() - ENOENT: no such file or directory, open '/home/mmihovilovic/--git-common-dir/config'
2023-03-22 21:03:28.630 [info] > git remote --verbose [17ms]
2023-03-22 21:03:28.632 [info] > git config --get commit.template [2ms]
2023-03-22 21:03:28.653 [info] > git for-each-ref --format=%(refname)%00%(upstream:short)%00%(objectname) refs/heads/main refs/remotes/main [6ms]
2023-03-22 21:03:28.677 [info] > git rev-list --left-right --count main...origin/main [3ms]
2023-03-22 21:03:32.658 [info] > git status -z -uall [3965ms]
2023-03-22 21:03:37.694 [warning] getRemotes() - ENOENT: no such file or directory, open '/home/mmihovilovic/--git-common-dir/config'
2023-03-22 21:03:37.711 [info] > git remote --verbose [17ms]
2023-03-22 21:03:37.713 [info] > git config --get commit.template [4ms]
2023-03-22 21:03:37.733 [info] > git for-each-ref --format=%(refname)%00%(upstream:short)%00%(objectname) refs/heads/main refs/remotes/main [2ms]
2023-03-22 21:03:37.752 [info] > git rev-list --left-right --count main...origin/main [2ms]
2023-03-22 21:03:41.736 [info] > git status -z -uall [3968ms]
2023-03-22 21:03:46.772 [warning] getRemotes() - ENOENT: no such file or directory, open '/home/mmihovilovic/--git-common-dir/config'
2023-03-22 21:03:46.789 [info] > git remote --verbose [17ms]
2023-03-22 21:03:46.791 [info] > git config --get commit.template [2ms]
2023-03-22 21:03:46.809 [info] > git for-each-ref --format=%(refname)%00%(upstream:short)%00%(objectname) refs/heads/main refs/remotes/main [3ms]
2023-03-22 21:03:46.827 [info] > git rev-list --left-right --count main...origin/main [3ms]
2023-03-22 21:03:50.786 [info] > git status -z -uall [3944ms]
2023-03-22 21:03:55.830 [warning] getRemotes() - ENOENT: no such file or directory, open '/home/mmihovilovic/--git-common-dir/config'
2023-03-22 21:03:55.848 [info] > git remote --verbose [17ms]
2023-03-22 21:03:55.865 [info] > git config --get commit.template [19ms]
2023-03-22 21:03:55.866 [info] > git for-each-ref --format=%(refname)%00%(upstream:short)%00%(objectname) refs/heads/main refs/remotes/main [2ms]
2023-03-22 21:03:55.884 [info] > git rev-list --left-right --count main...origin/main [2ms]
2023-03-22 21:03:59.855 [info] > git status -z -uall [3954ms]
2023-03-22 21:04:04.888 [warning] getRemotes() - ENOENT: no such file or directory, open '/home/mmihovilovic/--git-common-dir/config'
2023-03-22 21:04:04.906 [info] > git remote --verbose [17ms]
2023-03-22 21:04:04.907 [info] > git config --get commit.template [2ms]
2023-03-22 21:04:04.926 [info] > git for-each-ref --format=%(refname)%00%(upstream:short)%00%(objectname) refs/heads/main refs/remotes/main [2ms]
2023-03-22 21:04:04.944 [info] > git rev-list --left-right --count main...origin/main [3ms]
2023-03-22 21:04:08.912 [info] > git status -z -uall [3951ms]
2023-03-22 21:04:13.959 [warning] getRemotes() - ENOENT: no such file or directory, open '/home/mmihovilovic/--git-common-dir/config'
2023-03-22 21:04:13.976 [info] > git remote --verbose [18ms]
2023-03-22 21:04:13.978 [info] > git config --get commit.template [2ms]
2023-03-22 21:04:13.997 [info] > git for-each-ref --format=%(refname)%00%(upstream:short)%00%(objectname) refs/heads/main refs/remotes/main [2ms]
2023-03-22 21:04:14.015 [info] > git rev-list --left-right --count main...origin/main [3ms]
2023-03-22 21:04:17.990 [info] > git status -z -uall [3959ms]
2023-03-22 21:04:23.023 [warning] getRemotes() - ENOENT: no such file or directory, open '/home/mmihovilovic/--git-common-dir/config'
2023-03-22 21:04:23.041 [info] > git remote --verbose [17ms]
2023-03-22 21:04:23.042 [info] > git config --get commit.template [2ms]
2023-03-22 21:04:23.060 [info] > git for-each-ref --format=%(refname)%00%(upstream:short)%00%(objectname) refs/heads/main refs/remotes/main [3ms]
2023-03-22 21:04:23.081 [info] > git rev-list --left-right --count main...origin/main [3ms]
2023-03-22 21:04:27.056 [info] > git status -z -uall [3959ms]
2023-03-22 21:04:32.093 [warning] getRemotes() - ENOENT: no such file or directory, open '/home/mmihovilovic/--git-common-dir/config'
2023-03-22 21:04:32.111 [info] > git remote --verbose [17ms]
2023-03-22 21:04:32.112 [info] > git config --get commit.template [2ms]
2023-03-22 21:04:32.130 [info] > git for-each-ref --format=%(refname)%00%(upstream:short)%00%(objectname) refs/heads/main refs/remotes/main [2ms]
2023-03-22 21:04:32.148 [info] > git rev-list --left-right --count main...origin/main [2ms]
2023-03-22 21:04:36.153 [info] > git status -z -uall [3990ms]
2023-03-22 21:04:41.189 [warning] getRemotes() - ENOENT: no such file or directory, open '/home/mmihovilovic/--git-common-dir/config'
2023-03-22 21:04:41.206 [info] > git remote --verbose [18ms]
2023-03-22 21:04:41.207 [info] > git config --get commit.template [3ms]
2023-03-22 21:04:41.225 [info] > git for-each-ref --format=%(refname)%00%(upstream:short)%00%(objectname) refs/heads/main refs/remotes/main [3ms]
2023-03-22 21:04:41.243 [info] > git rev-list --left-right --count main...origin/main [2ms]
2023-03-22 21:04:45.223 [info] > git status -z -uall [3965ms]
2023-03-22 21:04:50.261 [warning] getRemotes() - ENOENT: no such file or directory, open '/home/mmihovilovic/--git-common-dir/config'
2023-03-22 21:04:50.279 [info] > git remote --verbose [17ms]
2023-03-22 21:04:50.279 [info] > git config --get commit.template [2ms]
2023-03-22 21:04:50.297 [info] > git for-each-ref --format=%(refname)%00%(upstream:short)%00%(objectname) refs/heads/main refs/remotes/main [2ms]
2023-03-22 21:04:50.316 [info] > git rev-list --left-right --count main...origin/main [3ms]
2023-03-22 21:04:54.281 [info] > git status -z -uall [3950ms]
2023-03-22 21:04:59.317 [warning] getRemotes() - ENOENT: no such file or directory, open '/home/mmihovilovic/--git-common-dir/config'
2023-03-22 21:04:59.335 [info] > git remote --verbose [17ms]
2023-03-22 21:04:59.336 [info] > git config --get commit.template [2ms]
2023-03-22 21:04:59.354 [info] > git for-each-ref --format=%(refname)%00%(upstream:short)%00%(objectname) refs/heads/main refs/remotes/main [3ms]
2023-03-22 21:04:59.372 [info] > git rev-list --left-right --count main...origin/main [2ms]
2023-03-22 21:05:03.346 [info] > git status -z -uall [3958ms]
2023-03-22 21:05:08.379 [warning] getRemotes() - ENOENT: no such file or directory, open '/home/mmihovilovic/--git-common-dir/config'
2023-03-22 21:05:08.396 [info] > git remote --verbose [17ms]
2023-03-22 21:05:08.397 [info] > git config --get commit.template [2ms]
2023-03-22 21:05:08.415 [info] > git for-each-ref --format=%(refname)%00%(upstream:short)%00%(objectname) refs/heads/main refs/remotes/main [2ms]
2023-03-22 21:05:08.435 [info] > git rev-list --left-right --count main...origin/main [3ms]
2023-03-22 21:05:12.406 [info] > git status -z -uall [3955ms]
2023-03-22 21:05:17.444 [warning] getRemotes() - ENOENT: no such file or directory, open '/home/mmihovilovic/--git-common-dir/config'
2023-03-22 21:05:17.462 [info] > git remote --verbose [17ms]
2023-03-22 21:05:17.462 [info] > git config --get commit.template [2ms]
2023-03-22 21:05:17.481 [info] > git for-each-ref --format=%(refname)%00%(upstream:short)%00%(objectname) refs/heads/main refs/remotes/main [2ms]
2023-03-22 21:05:17.499 [info] > git rev-list --left-right --count main...origin/main [3ms]
2023-03-22 21:05:21.479 [info] > git status -z -uall [3964ms]
2023-03-22 21:05:26.520 [warning] getRemotes() - ENOENT: no such file or directory, open '/home/mmihovilovic/--git-common-dir/config'
2023-03-22 21:05:26.538 [info] > git remote --verbose [18ms]
2023-03-22 21:05:26.539 [info] > git config --get commit.template [3ms]
2023-03-22 21:05:26.557 [info] > git for-each-ref --format=%(refname)%00%(upstream:short)%00%(objectname) refs/heads/main refs/remotes/main [3ms]
2023-03-22 21:05:26.576 [info] > git rev-list --left-right --count main...origin/main [2ms]
2023-03-22 21:05:30.545 [info] > git status -z -uall [3953ms]
2023-03-22 21:05:35.579 [warning] getRemotes() - ENOENT: no such file or directory, open '/home/mmihovilovic/--git-common-dir/config'
2023-03-22 21:05:35.597 [info] > git remote --verbose [17ms]
2023-03-22 21:05:35.598 [info] > git config --get commit.template [3ms]
2023-03-22 21:05:35.616 [info] > git for-each-ref --format=%(refname)%00%(upstream:short)%00%(objectname) refs/heads/main refs/remotes/main [3ms]
2023-03-22 21:05:35.635 [info] > git rev-list --left-right --count main...origin/main [3ms]
2023-03-22 21:05:39.605 [info] > git status -z -uall [3951ms]
2023-03-22 21:05:44.644 [warning] getRemotes() - ENOENT: no such file or directory, open '/home/mmihovilovic/--git-common-dir/config'
2023-03-22 21:05:44.663 [info] > git config --get commit.template [3ms]
2023-03-22 21:05:44.664 [info] > git remote --verbose [20ms]
2023-03-22 21:05:44.683 [info] > git for-each-ref --format=%(refname)%00%(upstream:short)%00%(objectname) refs/heads/main refs/remotes/main [2ms]
2023-03-22 21:05:44.701 [info] > git rev-list --left-right --count main...origin/main [3ms]
2023-03-22 21:05:48.675 [info] > git status -z -uall [3955ms]
2023-03-22 21:05:52.231 [info] > git check-ignore -v -z --stdin [9ms]
2023-03-22 21:05:53.719 [warning] getRemotes() - ENOENT: no such file or directory, open '/home/mmihovilovic/--git-common-dir/config'
2023-03-22 21:05:53.742 [info] > git remote --verbose [23ms]
2023-03-22 21:05:53.742 [info] > git config --get commit.template [2ms]
2023-03-22 21:05:53.761 [info] > git for-each-ref --format=%(refname)%00%(upstream:short)%00%(objectname) refs/heads/main refs/remotes/main [3ms]
2023-03-22 21:05:53.780 [info] > git rev-list --left-right --count main...origin/main [2ms]
2023-03-22 21:05:55.632 [info] > git check-ignore -v -z --stdin [9ms]
2023-03-22 21:05:57.757 [info] > git status -z -uall [3959ms]
2023-03-22 21:06:02.792 [warning] getRemotes() - ENOENT: no such file or directory, open '/home/mmihovilovic/--git-common-dir/config'
2023-03-22 21:06:02.809 [info] > git remote --verbose [18ms]
2023-03-22 21:06:02.810 [info] > git config --get commit.template [2ms]
2023-03-22 21:06:02.830 [info] > git for-each-ref --format=%(refname)%00%(upstream:short)%00%(objectname) refs/heads/main refs/remotes/main [2ms]
2023-03-22 21:06:02.851 [info] > git rev-list --left-right --count main...origin/main [2ms]
2023-03-22 21:06:04.184 [info] > git show --textconv :macbzvz/kol2/Analyzer.cpp [23ms]
2023-03-22 21:06:04.193 [info] > git ls-files --stage -- /home/mmihovilovic/macbzvz/kol2/Analyzer.cpp [10ms]
2023-03-22 21:06:04.212 [info] > git cat-file -s db1bcde1e6ff0752476ee91a651dc6e10b58b6b5 [2ms]
2023-03-22 21:06:06.836 [info] > git status -z -uall [3966ms]
2023-03-22 21:06:11.872 [warning] getRemotes() - ENOENT: no such file or directory, open '/home/mmihovilovic/--git-common-dir/config'
2023-03-22 21:06:11.890 [info] > git remote --verbose [18ms]
2023-03-22 21:06:11.891 [info] > git config --get commit.template [3ms]
2023-03-22 21:06:11.909 [info] > git for-each-ref --format=%(refname)%00%(upstream:short)%00%(objectname) refs/heads/main refs/remotes/main [3ms]
2023-03-22 21:06:11.927 [info] > git rev-list --left-right --count main...origin/main [2ms]
2023-03-22 21:06:15.920 [info] > git status -z -uall [3977ms]
2023-03-22 21:06:20.956 [warning] getRemotes() - ENOENT: no such file or directory, open '/home/mmihovilovic/--git-common-dir/config'
2023-03-22 21:06:20.974 [info] > git remote --verbose [17ms]
2023-03-22 21:06:20.975 [info] > git config --get commit.template [3ms]
2023-03-22 21:06:20.994 [info] > git for-each-ref --format=%(refname)%00%(upstream:short)%00%(objectname) refs/heads/main refs/remotes/main [3ms]
2023-03-22 21:06:21.013 [info] > git rev-list --left-right --count main...origin/main [3ms]
2023-03-22 21:06:24.984 [info] > git status -z -uall [3955ms]
2023-03-22 21:06:30.021 [warning] getRemotes() - ENOENT: no such file or directory, open '/home/mmihovilovic/--git-common-dir/config'
2023-03-22 21:06:30.039 [info] > git remote --verbose [18ms]
2023-03-22 21:06:30.040 [info] > git config --get commit.template [3ms]
2023-03-22 21:06:30.061 [info] > git for-each-ref --format=%(refname)%00%(upstream:short)%00%(objectname) refs/heads/main refs/remotes/main [3ms]
2023-03-22 21:06:30.080 [info] > git rev-list --left-right --count main...origin/main [3ms]
2023-03-22 21:06:34.044 [info] > git status -z -uall [3948ms]
2023-03-22 21:06:39.077 [warning] getRemotes() - ENOENT: no such file or directory, open '/home/mmihovilovic/--git-common-dir/config'
2023-03-22 21:06:39.095 [info] > git remote --verbose [19ms]
2023-03-22 21:06:39.096 [info] > git config --get commit.template [3ms]
2023-03-22 21:06:39.114 [info] > git for-each-ref --format=%(refname)%00%(upstream:short)%00%(objectname) refs/heads/main refs/remotes/main [2ms]
2023-03-22 21:06:39.133 [info] > git rev-list --left-right --count main...origin/main [3ms]
2023-03-22 21:06:43.102 [info] > git status -z -uall [3953ms]
2023-03-22 21:06:48.138 [warning] getRemotes() - ENOENT: no such file or directory, open '/home/mmihovilovic/--git-common-dir/config'
2023-03-22 21:06:48.162 [info] > git remote --verbose [23ms]
2023-03-22 21:06:48.163 [info] > git config --get commit.template [3ms]
2023-03-22 21:06:48.187 [info] > git for-each-ref --format=%(refname)%00%(upstream:short)%00%(objectname) refs/heads/main refs/remotes/main [3ms]
2023-03-22 21:06:48.207 [info] > git rev-list --left-right --count main...origin/main [2ms]
2023-03-22 21:06:52.173 [info] > git status -z -uall [3948ms]
2023-03-22 21:06:57.209 [warning] getRemotes() - ENOENT: no such file or directory, open '/home/mmihovilovic/--git-common-dir/config'
2023-03-22 21:06:57.227 [info] > git remote --verbose [17ms]
2023-03-22 21:06:57.227 [info] > git config --get commit.template [2ms]
2023-03-22 21:06:57.246 [info] > git for-each-ref --format=%(refname)%00%(upstream:short)%00%(objectname) refs/heads/main refs/remotes/main [3ms]
2023-03-22 21:06:57.264 [info] > git rev-list --left-right --count main...origin/main [3ms]
2023-03-22 21:07:01.236 [info] > git status -z -uall [3953ms]
2023-03-22 21:07:06.270 [warning] getRemotes() - ENOENT: no such file or directory, open '/home/mmihovilovic/--git-common-dir/config'
2023-03-22 21:07:06.288 [info] > git remote --verbose [18ms]
2023-03-22 21:07:06.289 [info] > git config --get commit.template [2ms]
2023-03-22 21:07:06.309 [info] > git for-each-ref --format=%(refname)%00%(upstream:short)%00%(objectname) refs/heads/main refs/remotes/main [3ms]
2023-03-22 21:07:06.330 [info] > git rev-list --left-right --count main...origin/main [2ms]
2023-03-22 21:07:10.298 [info] > git status -z -uall [3952ms]
2023-03-22 21:07:15.334 [warning] getRemotes() - ENOENT: no such file or directory, open '/home/mmihovilovic/--git-common-dir/config'
2023-03-22 21:07:15.354 [info] > git config --get commit.template [2ms]
2023-03-22 21:07:15.354 [info] > git remote --verbose [21ms]
2023-03-22 21:07:15.379 [info] > git for-each-ref --format=%(refname)%00%(upstream:short)%00%(objectname) refs/heads/main refs/remotes/main [2ms]
2023-03-22 21:07:15.399 [info] > git rev-list --left-right --count main...origin/main [3ms]
2023-03-22 21:07:19.380 [info] > git status -z -uall [3959ms]
2023-03-22 21:07:24.414 [warning] getRemotes() - ENOENT: no such file or directory, open '/home/mmihovilovic/--git-common-dir/config'
2023-03-22 21:07:24.432 [info] > git remote --verbose [18ms]
2023-03-22 21:07:24.433 [info] > git config --get commit.template [3ms]
2023-03-22 21:07:24.451 [info] > git for-each-ref --format=%(refname)%00%(upstream:short)%00%(objectname) refs/heads/main refs/remotes/main [2ms]
2023-03-22 21:07:24.470 [info] > git rev-list --left-right --count main...origin/main [2ms]
2023-03-22 21:07:28.446 [info] > git status -z -uall [3960ms]
2023-03-22 21:07:31.745 [info] > git check-ignore -v -z --stdin [9ms]
2023-03-22 21:07:33.479 [warning] getRemotes() - ENOENT: no such file or directory, open '/home/mmihovilovic/--git-common-dir/config'
2023-03-22 21:07:33.498 [info] > git remote --verbose [18ms]
2023-03-22 21:07:33.498 [info] > git config --get commit.template [2ms]
2023-03-22 21:07:33.517 [info] > git for-each-ref --format=%(refname)%00%(upstream:short)%00%(objectname) refs/heads/main refs/remotes/main [2ms]
2023-03-22 21:07:33.536 [info] > git rev-list --left-right --count main...origin/main [3ms]
2023-03-22 21:07:35.555 [info] > git check-ignore -v -z --stdin [9ms]
2023-03-22 21:07:36.753 [info] > git check-ignore -v -z --stdin [9ms]
2023-03-22 21:07:37.525 [info] > git status -z -uall [3973ms]
2023-03-22 21:07:42.237 [info] > git show --textconv :kol1/z3/Generator.cpp [21ms]
2023-03-22 21:07:42.248 [info] > git ls-files --stage -- /home/mmihovilovic/kol1/z3/Generator.cpp [11ms]
2023-03-22 21:07:42.269 [info] > git cat-file -s 253bc7e96d4eee83028b632ab89521d89e760182 [1ms]
2023-03-22 21:07:42.558 [warning] getRemotes() - ENOENT: no such file or directory, open '/home/mmihovilovic/--git-common-dir/config'
2023-03-22 21:07:42.574 [info] > git remote --verbose [16ms]
2023-03-22 21:07:42.575 [info] > git config --get commit.template [3ms]
2023-03-22 21:07:42.592 [info] > git for-each-ref --format=%(refname)%00%(upstream:short)%00%(objectname) refs/heads/main refs/remotes/main [3ms]
2023-03-22 21:07:42.608 [info] > git rev-list --left-right --count main...origin/main [2ms]
2023-03-22 21:07:46.570 [info] > git status -z -uall [3947ms]
2023-03-22 21:07:51.604 [warning] getRemotes() - ENOENT: no such file or directory, open '/home/mmihovilovic/--git-common-dir/config'
2023-03-22 21:07:51.623 [info] > git remote --verbose [18ms]
2023-03-22 21:07:51.624 [info] > git config --get commit.template [2ms]
2023-03-22 21:07:51.643 [info] > git for-each-ref --format=%(refname)%00%(upstream:short)%00%(objectname) refs/heads/main refs/remotes/main [2ms]
2023-03-22 21:07:51.662 [info] > git rev-list --left-right --count main...origin/main [2ms]
2023-03-22 21:07:55.622 [info] > git status -z -uall [3941ms]
2023-03-22 21:08:00.657 [warning] getRemotes() - ENOENT: no such file or directory, open '/home/mmihovilovic/--git-common-dir/config'
2023-03-22 21:08:00.676 [info] > git remote --verbose [18ms]
2023-03-22 21:08:00.676 [info] > git config --get commit.template [2ms]
2023-03-22 21:08:00.695 [info] > git for-each-ref --format=%(refname)%00%(upstream:short)%00%(objectname) refs/heads/main refs/remotes/main [3ms]
2023-03-22 21:08:00.714 [info] > git rev-list --left-right --count main...origin/main [3ms]
2023-03-22 21:08:04.693 [info] > git status -z -uall [3960ms]
2023-03-22 21:08:09.733 [warning] getRemotes() - ENOENT: no such file or directory, open '/home/mmihovilovic/--git-common-dir/config'
2023-03-22 21:08:09.752 [info] > git remote --verbose [19ms]
2023-03-22 21:08:09.753 [info] > git config --get commit.template [3ms]
2023-03-22 21:08:09.772 [info] > git for-each-ref --format=%(refname)%00%(upstream:short)%00%(objectname) refs/heads/main refs/remotes/main [3ms]
2023-03-22 21:08:09.822 [info] > git rev-list --left-right --count main...origin/main [31ms]
2023-03-22 21:08:13.785 [info] > git status -z -uall [3946ms]
2023-03-22 21:08:18.818 [warning] getRemotes() - ENOENT: no such file or directory, open '/home/mmihovilovic/--git-common-dir/config'
2023-03-22 21:08:18.836 [info] > git remote --verbose [18ms]
2023-03-22 21:08:18.838 [info] > git config --get commit.template [3ms]
2023-03-22 21:08:18.859 [info] > git for-each-ref --format=%(refname)%00%(upstream:short)%00%(objectname) refs/heads/main refs/remotes/main [2ms]
2023-03-22 21:08:18.878 [info] > git rev-list --left-right --count main...origin/main [2ms]
2023-03-22 21:08:22.845 [info] > git status -z -uall [3950ms]
2023-03-22 21:08:27.878 [warning] getRemotes() - ENOENT: no such file or directory, open '/home/mmihovilovic/--git-common-dir/config'
2023-03-22 21:08:27.897 [info] > git remote --verbose [19ms]
2023-03-22 21:08:27.898 [info] > git config --get commit.template [2ms]
2023-03-22 21:08:27.917 [info] > git for-each-ref --format=%(refname)%00%(upstream:short)%00%(objectname) refs/heads/main refs/remotes/main [3ms]
2023-03-22 21:08:27.936 [info] > git rev-list --left-right --count main...origin/main [2ms]
2023-03-22 21:08:31.909 [info] > git status -z -uall [3954ms]
2023-03-22 21:08:36.948 [warning] getRemotes() - ENOENT: no such file or directory, open '/home/mmihovilovic/--git-common-dir/config'
2023-03-22 21:08:36.968 [info] > git config --get commit.template [1ms]
2023-03-22 21:08:36.969 [info] > git remote --verbose [21ms]
2023-03-22 21:08:36.988 [info] > git for-each-ref --format=%(refname)%00%(upstream:short)%00%(objectname) refs/heads/main refs/remotes/main [2ms]
2023-03-22 21:08:37.006 [info] > git rev-list --left-right --count main...origin/main [2ms]
2023-03-22 21:08:40.966 [info] > git status -z -uall [3943ms]
2023-03-22 21:08:45.999 [warning] getRemotes() - ENOENT: no such file or directory, open '/home/mmihovilovic/--git-common-dir/config'
2023-03-22 21:08:46.017 [info] > git remote --verbose [17ms]
2023-03-22 21:08:46.018 [info] > git config --get commit.template [3ms]
2023-03-22 21:08:46.036 [info] > git for-each-ref --format=%(refname)%00%(upstream:short)%00%(objectname) refs/heads/main refs/remotes/main [3ms]
2023-03-22 21:08:46.055 [info] > git rev-list --left-right --count main...origin/main [2ms]
2023-03-22 21:08:50.025 [info] > git status -z -uall [3951ms]
2023-03-22 21:08:55.058 [warning] getRemotes() - ENOENT: no such file or directory, open '/home/mmihovilovic/--git-common-dir/config'
2023-03-22 21:08:55.075 [info] > git remote --verbose [18ms]
2023-03-22 21:08:55.077 [info] > git config --get commit.template [2ms]
2023-03-22 21:08:55.094 [info] > git for-each-ref --format=%(refname)%00%(upstream:short)%00%(objectname) refs/heads/main refs/remotes/main [2ms]
2023-03-22 21:08:55.112 [info] > git rev-list --left-right --count main...origin/main [2ms]
2023-03-22 21:08:59.067 [info] > git status -z -uall [3939ms]
2023-03-22 21:09:04.103 [warning] getRemotes() - ENOENT: no such file or directory, open '/home/mmihovilovic/--git-common-dir/config'
2023-03-22 21:09:04.122 [info] > git config --get commit.template [3ms]
2023-03-22 21:09:04.123 [info] > git remote --verbose [20ms]
2023-03-22 21:09:04.141 [info] > git for-each-ref --format=%(refname)%00%(upstream:short)%00%(objectname) refs/heads/main refs/remotes/main [2ms]
2023-03-22 21:09:04.159 [info] > git rev-list --left-right --count main...origin/main [2ms]
2023-03-22 21:09:08.119 [info] > git status -z -uall [3944ms]
2023-03-22 21:09:13.156 [warning] getRemotes() - ENOENT: no such file or directory, open '/home/mmihovilovic/--git-common-dir/config'
2023-03-22 21:09:13.174 [info] > git remote --verbose [18ms]
2023-03-22 21:09:13.175 [info] > git config --get commit.template [2ms]
2023-03-22 21:09:13.193 [info] > git for-each-ref --format=%(refname)%00%(upstream:short)%00%(objectname) refs/heads/main refs/remotes/main [2ms]
2023-03-22 21:09:13.211 [info] > git rev-list --left-right --count main...origin/main [2ms]
2023-03-22 21:09:17.171 [info] > git status -z -uall [3945ms]
2023-03-22 21:09:22.213 [warning] getRemotes() - ENOENT: no such file or directory, open '/home/mmihovilovic/--git-common-dir/config'
2023-03-22 21:09:22.233 [info] > git remote --verbose [20ms]
2023-03-22 21:09:22.235 [info] > git config --get commit.template [5ms]
2023-03-22 21:09:22.258 [info] > git for-each-ref --format=%(refname)%00%(upstream:short)%00%(objectname) refs/heads/main refs/remotes/main [2ms]
2023-03-22 21:09:22.276 [info] > git rev-list --left-right --count main...origin/main [2ms]
2023-03-22 21:09:26.232 [info] > git status -z -uall [3940ms]
2023-03-22 21:09:31.271 [warning] getRemotes() - ENOENT: no such file or directory, open '/home/mmihovilovic/--git-common-dir/config'
2023-03-22 21:09:31.289 [info] > git remote --verbose [19ms]
2023-03-22 21:09:31.290 [info] > git config --get commit.template [3ms]
2023-03-22 21:09:31.308 [info] > git for-each-ref --format=%(refname)%00%(upstream:short)%00%(objectname) refs/heads/main refs/remotes/main [2ms]
2023-03-22 21:09:31.328 [info] > git rev-list --left-right --count main...origin/main [2ms]
2023-03-22 21:09:35.286 [info] > git status -z -uall [3942ms]
2023-03-22 21:09:40.319 [warning] getRemotes() - ENOENT: no such file or directory, open '/home/mmihovilovic/--git-common-dir/config'
2023-03-22 21:09:40.337 [info] > git remote --verbose [18ms]
2023-03-22 21:09:40.338 [info] > git config --get commit.template [2ms]
2023-03-22 21:09:40.356 [info] > git for-each-ref --format=%(refname)%00%(upstream:short)%00%(objectname) refs/heads/main refs/remotes/main [2ms]
2023-03-22 21:09:40.375 [info] > git rev-list --left-right --count main...origin/main [1ms]
2023-03-22 21:09:44.345 [info] > git status -z -uall [3951ms]
2023-03-22 21:09:49.378 [warning] getRemotes() - ENOENT: no such file or directory, open '/home/mmihovilovic/--git-common-dir/config'
2023-03-22 21:09:49.397 [info] > git remote --verbose [19ms]
2023-03-22 21:09:49.398 [info] > git config --get commit.template [3ms]
2023-03-22 21:09:49.421 [info] > git for-each-ref --format=%(refname)%00%(upstream:short)%00%(objectname) refs/heads/main refs/remotes/main [3ms]
2023-03-22 21:09:49.445 [info] > git rev-list --left-right --count main...origin/main [2ms]
2023-03-22 21:09:53.401 [info] > git status -z -uall [3938ms]
2023-03-22 21:09:58.436 [warning] getRemotes() - ENOENT: no such file or directory, open '/home/mmihovilovic/--git-common-dir/config'
2023-03-22 21:09:58.455 [info] > git config --get commit.template [3ms]
2023-03-22 21:09:58.456 [info] > git remote --verbose [21ms]
2023-03-22 21:09:58.480 [info] > git for-each-ref --format=%(refname)%00%(upstream:short)%00%(objectname) refs/heads/main refs/remotes/main [2ms]
2023-03-22 21:09:58.503 [info] > git rev-list --left-right --count main...origin/main [4ms]
2023-03-22 21:10:02.483 [info] > git status -z -uall [3959ms]
2023-03-22 21:10:07.516 [warning] getRemotes() - ENOENT: no such file or directory, open '/home/mmihovilovic/--git-common-dir/config'
2023-03-22 21:10:07.533 [info] > git remote --verbose [18ms]
2023-03-22 21:10:07.534 [info] > git config --get commit.template [2ms]
2023-03-22 21:10:07.552 [info] > git for-each-ref --format=%(refname)%00%(upstream:short)%00%(objectname) refs/heads/main refs/remotes/main [2ms]
2023-03-22 21:10:07.572 [info] > git rev-list --left-right --count main...origin/main [2ms]
2023-03-22 21:10:11.551 [info] > git status -z -uall [3963ms]
2023-03-22 21:10:16.587 [warning] getRemotes() - ENOENT: no such file or directory, open '/home/mmihovilovic/--git-common-dir/config'
2023-03-22 21:10:16.606 [info] > git config --get commit.template [3ms]
2023-03-22 21:10:16.606 [info] > git remote --verbose [20ms]
2023-03-22 21:10:16.626 [info] > git for-each-ref --format=%(refname)%00%(upstream:short)%00%(objectname) refs/heads/main refs/remotes/main [3ms]
2023-03-22 21:10:16.650 [info] > git rev-list --left-right --count main...origin/main [3ms]
2023-03-22 21:10:20.609 [info] > git status -z -uall [3938ms]
2023-03-22 21:10:25.645 [warning] getRemotes() - ENOENT: no such file or directory, open '/home/mmihovilovic/--git-common-dir/config'
2023-03-22 21:10:25.662 [info] > git remote --verbose [18ms]
2023-03-22 21:10:25.663 [info] > git config --get commit.template [2ms]
2023-03-22 21:10:25.681 [info] > git for-each-ref --format=%(refname)%00%(upstream:short)%00%(objectname) refs/heads/main refs/remotes/main [3ms]
2023-03-22 21:10:25.699 [info] > git rev-list --left-right --count main...origin/main [2ms]
2023-03-22 21:10:29.661 [info] > git status -z -uall [3946ms]
2023-03-22 21:10:34.695 [warning] getRemotes() - ENOENT: no such file or directory, open '/home/mmihovilovic/--git-common-dir/config'
2023-03-22 21:10:34.712 [info] > git remote --verbose [17ms]
2023-03-22 21:10:34.713 [info] > git config --get commit.template [2ms]
2023-03-22 21:10:34.731 [info] > git for-each-ref --format=%(refname)%00%(upstream:short)%00%(objectname) refs/heads/main refs/remotes/main [2ms]
2023-03-22 21:10:34.750 [info] > git rev-list --left-right --count main...origin/main [2ms]
2023-03-22 21:10:38.709 [info] > git status -z -uall [3944ms]
2023-03-22 21:10:43.745 [warning] getRemotes() - ENOENT: no such file or directory, open '/home/mmihovilovic/--git-common-dir/config'
2023-03-22 21:10:43.763 [info] > git remote --verbose [17ms]
2023-03-22 21:10:43.764 [info] > git config --get commit.template [3ms]
2023-03-22 21:10:43.782 [info] > git for-each-ref --format=%(refname)%00%(upstream:short)%00%(objectname) refs/heads/main refs/remotes/main [3ms]
2023-03-22 21:10:43.800 [info] > git rev-list --left-right --count main...origin/main [2ms]
2023-03-22 21:10:47.763 [info] > git status -z -uall [3947ms]
2023-03-22 21:10:52.801 [warning] getRemotes() - ENOENT: no such file or directory, open '/home/mmihovilovic/--git-common-dir/config'
2023-03-22 21:10:52.822 [info] > git config --get commit.template [1ms]
2023-03-22 21:10:52.822 [info] > git remote --verbose [21ms]
2023-03-22 21:10:52.841 [info] > git for-each-ref --format=%(refname)%00%(upstream:short)%00%(objectname) refs/heads/main refs/remotes/main [2ms]
2023-03-22 21:10:52.860 [info] > git rev-list --left-right --count main...origin/main [2ms]
2023-03-22 21:10:56.820 [info] > git status -z -uall [3944ms]
2023-03-22 21:11:01.856 [warning] getRemotes() - ENOENT: no such file or directory, open '/home/mmihovilovic/--git-common-dir/config'
2023-03-22 21:11:01.874 [info] > git remote --verbose [18ms]
2023-03-22 21:11:01.891 [info] > git config --get commit.template [18ms]
2023-03-22 21:11:01.892 [info] > git for-each-ref --format=%(refname)%00%(upstream:short)%00%(objectname) refs/heads/main refs/remotes/main [2ms]
2023-03-22 21:11:01.910 [info] > git rev-list --left-right --count main...origin/main [2ms]
2023-03-22 21:11:05.870 [info] > git status -z -uall [3944ms]
