2023-03-22 21:12:41.675 [info] Log level: Info
2023-03-22 21:12:41.675 [info] Validating found git in: "git"
2023-03-22 21:12:41.675 [info] Using git "1.8.3.1" from "git"
2023-03-22 21:12:41.675 [info] > git rev-parse --show-toplevel [18ms]
2023-03-22 21:12:41.675 [info] > git rev-parse --git-dir --git-common-dir [3ms]
2023-03-22 21:12:41.675 [info] Open repository: /home/mmihovilovic
2023-03-22 21:12:41.675 [warning] getRemotes() - ENOENT: no such file or directory, open '/home/mmihovilovic/--git-common-dir/config'
2023-03-22 21:12:41.675 [info] > git rev-parse --show-toplevel [86ms]
2023-03-22 21:12:41.675 [info] > git rev-parse --show-toplevel [16ms]
2023-03-22 21:12:41.676 [info] > git config --get commit.template [44ms]
2023-03-22 21:12:41.676 [info] > git remote --verbose [60ms]
2023-03-22 21:12:41.676 [info] > git rev-parse --show-toplevel [6ms]
2023-03-22 21:12:41.676 [info] > git rev-parse --show-toplevel [22ms]
2023-03-22 21:12:41.676 [info] > git for-each-ref --format=%(refname)%00%(upstream:short)%00%(objectname) refs/heads/main refs/remotes/main [18ms]
2023-03-22 21:12:41.676 [info] > git rev-parse --show-toplevel [16ms]
2023-03-22 21:12:41.676 [info] > git rev-list --left-right --count main...origin/main [16ms]
2023-03-22 21:12:41.676 [info] > git rev-parse --show-toplevel [19ms]
2023-03-22 21:12:41.676 [info] > git rev-parse --show-toplevel [12ms]
2023-03-22 21:12:41.676 [info] > git rev-parse --show-toplevel [232ms]
2023-03-22 21:12:41.676 [info] > git rev-parse --show-toplevel [35ms]
2023-03-22 21:12:41.676 [info] > git rev-parse --show-toplevel [12ms]
2023-03-22 21:12:41.678 [info] > git rev-parse --show-toplevel [19ms]
2023-03-22 21:12:41.849 [info] > git rev-parse --show-toplevel [158ms]
2023-03-22 21:12:41.892 [info] > git rev-parse --show-toplevel [29ms]
2023-03-22 21:12:41.936 [info] > git check-ignore -v -z --stdin [54ms]
2023-03-22 21:12:41.942 [info] > git rev-parse --show-toplevel [31ms]
2023-03-22 21:12:41.977 [info] > git rev-parse --show-toplevel [22ms]
2023-03-22 21:12:42.057 [info] > git rev-parse --show-toplevel [67ms]
2023-03-22 21:12:42.079 [info] > git rev-parse --show-toplevel [5ms]
2023-03-22 21:12:42.106 [info] > git rev-parse --git-dir --git-common-dir [9ms]
2023-03-22 21:12:42.115 [info] Open repository: /home/mmihovilovic/vj11
2023-03-22 21:12:42.159 [warning] getRemotes() - ENOENT: no such file or directory, open '/home/mmihovilovic/vj11/--git-common-dir/config'
2023-03-22 21:12:42.178 [info] > git rev-parse --show-toplevel [37ms]
2023-03-22 21:12:42.204 [info] > git rev-parse --show-toplevel [13ms]
2023-03-22 21:12:42.229 [info] > git config --get commit.template [53ms]
2023-03-22 21:12:42.229 [info] > git remote --verbose [70ms]
2023-03-22 21:12:42.237 [info] > git rev-parse --show-toplevel [11ms]
2023-03-22 21:12:42.285 [info] > git for-each-ref --format=%(refname)%00%(upstream:short)%00%(objectname) refs/heads/master refs/remotes/master [11ms]
2023-03-22 21:12:42.302 [info] > git rev-parse --show-toplevel [48ms]
2023-03-22 21:12:42.321 [info] > git status -z -uall [20ms]
2023-03-22 21:12:42.348 [warning] getRemotes() - ENOENT: no such file or directory, open '/home/mmihovilovic/vj11/--git-common-dir/config'
2023-03-22 21:12:42.361 [info] > git rev-parse --show-toplevel [45ms]
2023-03-22 21:12:42.383 [info] > git config --get commit.template [22ms]
2023-03-22 21:12:42.383 [info] > git remote --verbose [36ms]
2023-03-22 21:12:42.399 [info] > git rev-parse --show-toplevel [25ms]
2023-03-22 21:12:42.464 [info] > git for-each-ref --format=%(refname)%00%(upstream:short)%00%(objectname) refs/heads/master refs/remotes/master [37ms]
2023-03-22 21:12:42.477 [info] > git rev-parse --show-toplevel [65ms]
2023-03-22 21:12:42.495 [info] > git status -z -uall [19ms]
2023-03-22 21:12:42.516 [info] > git rev-parse --show-toplevel [26ms]
2023-03-22 21:12:42.536 [info] > git check-ignore -v -z --stdin [25ms]
2023-03-22 21:12:42.543 [info] > git rev-parse --git-dir --git-common-dir [11ms]
2023-03-22 21:12:42.550 [info] Open repository: /home/mmihovilovic/vj6
2023-03-22 21:12:42.581 [warning] getRemotes() - ENOENT: no such file or directory, open '/home/mmihovilovic/vj6/--git-common-dir/config'
2023-03-22 21:12:42.608 [info] > git config --get commit.template [13ms]
2023-03-22 21:12:42.608 [info] > git remote --verbose [28ms]
2023-03-22 21:12:42.608 [info] > git rev-parse --show-toplevel [45ms]
2023-03-22 21:12:42.640 [info] > git rev-parse --show-toplevel [20ms]
2023-03-22 21:12:42.658 [info] > git rev-parse --show-toplevel [6ms]
2023-03-22 21:12:42.671 [info] > git for-each-ref --format=%(refname)%00%(upstream:short)%00%(objectname) refs/heads/master refs/remotes/master [32ms]
2023-03-22 21:12:42.695 [info] > git status -z -uall [9ms]
2023-03-22 21:12:42.696 [info] > git rev-parse --show-toplevel [26ms]
2023-03-22 21:12:42.727 [warning] getRemotes() - ENOENT: no such file or directory, open '/home/mmihovilovic/vj6/--git-common-dir/config'
2023-03-22 21:12:42.747 [info] > git remote --verbose [20ms]
2023-03-22 21:12:42.759 [info] > git config --get commit.template [19ms]
2023-03-22 21:12:42.782 [info] > git for-each-ref --format=%(refname)%00%(upstream:short)%00%(objectname) refs/heads/master refs/remotes/master [7ms]
2023-03-22 21:12:42.803 [info] > git status -z -uall [8ms]
2023-03-22 21:12:42.919 [info] > git show --textconv :kol1/z3/Generator.cpp [21ms]
2023-03-22 21:12:42.933 [info] > git ls-files --stage -- /home/mmihovilovic/kol1/z3/Generator.cpp [20ms]
2023-03-22 21:12:42.954 [info] > git cat-file -s 253bc7e96d4eee83028b632ab89521d89e760182 [7ms]
2023-03-22 21:12:43.419 [info] > git ls-files --stage -- /home/mmihovilovic/kol1/z3/Generator.cpp [51ms]
2023-03-22 21:12:43.439 [info] > git check-ignore -v -z --stdin [53ms]
2023-03-22 21:12:43.440 [info] > git check-ignore -v -z --stdin [39ms]
2023-03-22 21:12:43.441 [info] > git check-ignore -v -z --stdin [26ms]
2023-03-22 21:12:43.443 [info] > git cat-file -s 253bc7e96d4eee83028b632ab89521d89e760182 [9ms]
2023-03-22 21:12:43.568 [info] > git show --textconv :kol1/z3/Generator.cpp [10ms]
2023-03-22 21:12:45.277 [info] > git status -z -uall [3986ms]
2023-03-22 21:12:45.331 [warning] getRemotes() - ENOENT: no such file or directory, open '/home/mmihovilovic/--git-common-dir/config'
2023-03-22 21:12:45.368 [info] > git config --get commit.template [18ms]
2023-03-22 21:12:45.368 [info] > git remote --verbose [38ms]
2023-03-22 21:12:45.583 [info] > git for-each-ref --format=%(refname)%00%(upstream:short)%00%(objectname) refs/heads/main refs/remotes/main [197ms]
2023-03-22 21:12:45.605 [info] > git rev-list --left-right --count main...origin/main [3ms]
2023-03-22 21:12:49.584 [info] > git status -z -uall [3963ms]
2023-03-22 21:12:54.066 [info] > git check-ignore -v -z --stdin [9ms]
2023-03-22 21:12:55.300 [info] > git check-ignore -v -z --stdin [9ms]
2023-03-22 21:12:56.762 [info] > git check-ignore -v -z --stdin [9ms]
2023-03-22 21:12:58.235 [info] > git show --textconv :macbzvz/nesto.cpp [22ms]
2023-03-22 21:12:58.243 [info] > git ls-files --stage -- /home/mmihovilovic/macbzvz/nesto.cpp [9ms]
2023-03-22 21:12:58.265 [info] > git cat-file -s e69de29bb2d1d6434b8b29ae775ad8c2e48c5391 [2ms]
