2023-03-20 17:04:46.596 [info] Extension host with pid 3271 started
2023-03-20 17:04:46.659 [info] Lock '/home/mmihovilovic/.vscode-server/data/User/workspaceStorage/0a7a0945d1fa5cc71b7545ccaee6a01e/vscode.lock': Lock acquired.
2023-03-20 17:04:46.767 [info] ExtensionService#_doActivateExtension vscode.emmet, startup: false, activationEvent: 'onLanguage'
2023-03-20 17:04:46.769 [info] ExtensionService#_doActivateExtension ms-vscode.cpptools, startup: false, activationEvent: 'onLanguage:cpp'
2023-03-20 17:04:46.770 [info] ExtensionService#_doActivateExtension vscode.git-base, startup: true, activationEvent: '*', root cause: vscode.git
2023-03-20 17:04:47.760 [info] ExtensionService#_doActivateExtension vscode.git, startup: true, activationEvent: '*'
2023-03-20 17:04:47.760 [info] ExtensionService#_doActivateExtension vscode.github, startup: true, activationEvent: '*'
2023-03-20 17:04:48.228 [info] Eager extensions activated
2023-03-20 17:04:48.229 [info] ExtensionService#_doActivateExtension vscode.debug-auto-launch, startup: false, activationEvent: 'onStartupFinished'
2023-03-20 17:04:48.230 [info] ExtensionService#_doActivateExtension vscode.merge-conflict, startup: false, activationEvent: 'onStartupFinished'
2023-03-20 17:04:54.790 [warning] DiagnosticCollection with name 'C/C++' does already exist.
2023-03-20 17:09:33.972 [warning] [Decorations] CAPPING events from decorations provider vscode.git 251
2023-03-20 17:09:39.536 [warning] [Decorations] CAPPING events from decorations provider vscode.git 251
2023-03-20 17:09:45.103 [warning] [Decorations] CAPPING events from decorations provider vscode.git 251
2023-03-20 17:09:50.665 [warning] [Decorations] CAPPING events from decorations provider vscode.git 251
2023-03-20 17:09:56.247 [warning] [Decorations] CAPPING events from decorations provider vscode.git 251
2023-03-20 17:10:00.054 [info] ExtensionService#_doActivateExtension zhang-renyang.chat-gpt, startup: false, activationEvent: 'onView:chat-gpt.view'
2023-03-20 17:10:01.195 [error] SyntaxError: Unexpected token u in JSON at position 0
    at JSON.parse (<anonymous>)
    at D (vscode-file://vscode-app/Applications/Visual%20Studio%20Code.app/Contents/Resources/app/out/vs/workbench/workbench.desktop.main.js:747:6202)
    at Qa.$postMessage (vscode-file://vscode-app/Applications/Visual%20Studio%20Code.app/Contents/Resources/app/out/vs/workbench/workbench.desktop.main.js:1566:69766)
    at m.N (vscode-file://vscode-app/Applications/Visual%20Studio%20Code.app/Contents/Resources/app/out/vs/workbench/workbench.desktop.main.js:1573:15220)
    at m.M (vscode-file://vscode-app/Applications/Visual%20Studio%20Code.app/Contents/Resources/app/out/vs/workbench/workbench.desktop.main.js:1573:14938)
    at m.H (vscode-file://vscode-app/Applications/Visual%20Studio%20Code.app/Contents/Resources/app/out/vs/workbench/workbench.desktop.main.js:1573:14031)
    at m.G (vscode-file://vscode-app/Applications/Visual%20Studio%20Code.app/Contents/Resources/app/out/vs/workbench/workbench.desktop.main.js:1573:13169)
    at vscode-file://vscode-app/Applications/Visual%20Studio%20Code.app/Contents/Resources/app/out/vs/workbench/workbench.desktop.main.js:1573:11800
    at g.invoke (vscode-file://vscode-app/Applications/Visual%20Studio%20Code.app/Contents/Resources/app/out/vs/workbench/workbench.desktop.main.js:86:145)
    at n.deliver (vscode-file://vscode-app/Applications/Visual%20Studio%20Code.app/Contents/Resources/app/out/vs/workbench/workbench.desktop.main.js:86:2066)
    at h.fire (vscode-file://vscode-app/Applications/Visual%20Studio%20Code.app/Contents/Resources/app/out/vs/workbench/workbench.desktop.main.js:86:1704)
    at a.fire (vscode-file://vscode-app/Applications/Visual%20Studio%20Code.app/Contents/Resources/app/out/vs/workbench/workbench.desktop.main.js:553:15221)
    at E (vscode-file://vscode-app/Applications/Visual%20Studio%20Code.app/Contents/Resources/app/out/vs/workbench/workbench.desktop.main.js:553:19287)
    at vscode-file://vscode-app/Applications/Visual%20Studio%20Code.app/Contents/Resources/app/out/vs/workbench/workbench.desktop.main.js:553:17275
    at g.invoke (vscode-file://vscode-app/Applications/Visual%20Studio%20Code.app/Contents/Resources/app/out/vs/workbench/workbench.desktop.main.js:86:145)
    at n.deliver (vscode-file://vscode-app/Applications/Visual%20Studio%20Code.app/Contents/Resources/app/out/vs/workbench/workbench.desktop.main.js:86:2066)
    at h.fire (vscode-file://vscode-app/Applications/Visual%20Studio%20Code.app/Contents/Resources/app/out/vs/workbench/workbench.desktop.main.js:86:1704)
    at f.acceptChunk (vscode-file://vscode-app/Applications/Visual%20Studio%20Code.app/Contents/Resources/app/out/vs/workbench/workbench.desktop.main.js:553:12952)
    at vscode-file://vscode-app/Applications/Visual%20Studio%20Code.app/Contents/Resources/app/out/vs/workbench/workbench.desktop.main.js:553:12239
    at vscode-file://vscode-app/Applications/Visual%20Studio%20Code.app/Contents/Resources/app/out/vs/workbench/workbench.desktop.main.js:642:38972
    at g.invoke (vscode-file://vscode-app/Applications/Visual%20Studio%20Code.app/Contents/Resources/app/out/vs/workbench/workbench.desktop.main.js:86:145)
    at n.deliver (vscode-file://vscode-app/Applications/Visual%20Studio%20Code.app/Contents/Resources/app/out/vs/workbench/workbench.desktop.main.js:86:2066)
    at h.fire (vscode-file://vscode-app/Applications/Visual%20Studio%20Code.app/Contents/Resources/app/out/vs/workbench/workbench.desktop.main.js:86:1704)
    at i.onload (vscode-file://vscode-app/Applications/Visual%20Studio%20Code.app/Contents/Resources/app/out/vs/workbench/workbench.desktop.main.js:642:37239)
2023-03-20 17:10:01.827 [warning] [Decorations] CAPPING events from decorations provider vscode.git 251
2023-03-20 17:10:07.394 [warning] [Decorations] CAPPING events from decorations provider vscode.git 251
2023-03-20 17:10:12.975 [warning] [Decorations] CAPPING events from decorations provider vscode.git 251
2023-03-20 17:10:18.544 [warning] [Decorations] CAPPING events from decorations provider vscode.git 251
2023-03-20 17:10:24.106 [warning] [Decorations] CAPPING events from decorations provider vscode.git 251
2023-03-20 17:10:29.692 [warning] [Decorations] CAPPING events from decorations provider vscode.git 251
2023-03-20 17:10:35.258 [warning] [Decorations] CAPPING events from decorations provider vscode.git 251
2023-03-20 17:10:40.826 [warning] [Decorations] CAPPING events from decorations provider vscode.git 251
2023-03-20 17:10:46.405 [warning] [Decorations] CAPPING events from decorations provider vscode.git 251
2023-03-20 17:10:51.968 [warning] [Decorations] CAPPING events from decorations provider vscode.git 251
2023-03-20 17:10:57.536 [warning] [Decorations] CAPPING events from decorations provider vscode.git 251
2023-03-20 17:11:03.102 [warning] [Decorations] CAPPING events from decorations provider vscode.git 251
2023-03-20 17:11:08.665 [warning] [Decorations] CAPPING events from decorations provider vscode.git 251
2023-03-20 17:11:14.247 [warning] [Decorations] CAPPING events from decorations provider vscode.git 251
2023-03-20 17:11:19.808 [warning] [Decorations] CAPPING events from decorations provider vscode.git 251
2023-03-20 17:11:25.374 [warning] [Decorations] CAPPING events from decorations provider vscode.git 251
2023-03-20 17:12:32.336 [warning] [Decorations] CAPPING events from decorations provider vscode.git 251
2023-03-20 17:12:37.905 [warning] [Decorations] CAPPING events from decorations provider vscode.git 251
2023-03-20 17:12:43.472 [warning] [Decorations] CAPPING events from decorations provider vscode.git 251
2023-03-20 17:12:49.039 [warning] [Decorations] CAPPING events from decorations provider vscode.git 251
2023-03-20 17:12:54.602 [warning] [Decorations] CAPPING events from decorations provider vscode.git 251
2023-03-20 17:13:00.176 [warning] [Decorations] CAPPING events from decorations provider vscode.git 251
2023-03-20 17:13:05.742 [warning] [Decorations] CAPPING events from decorations provider vscode.git 251
2023-03-20 17:13:11.314 [warning] [Decorations] CAPPING events from decorations provider vscode.git 251
2023-03-20 17:13:16.884 [warning] [Decorations] CAPPING events from decorations provider vscode.git 251
2023-03-20 17:13:22.463 [warning] [Decorations] CAPPING events from decorations provider vscode.git 251
2023-03-20 17:13:28.030 [warning] [Decorations] CAPPING events from decorations provider vscode.git 251
2023-03-20 17:13:33.596 [warning] [Decorations] CAPPING events from decorations provider vscode.git 251
2023-03-20 17:13:39.180 [warning] [Decorations] CAPPING events from decorations provider vscode.git 251
2023-03-20 17:13:44.749 [warning] [Decorations] CAPPING events from decorations provider vscode.git 251
2023-03-20 17:13:50.317 [warning] [Decorations] CAPPING events from decorations provider vscode.git 251
2023-03-20 17:13:55.899 [warning] [Decorations] CAPPING events from decorations provider vscode.git 251
2023-03-20 17:14:01.466 [warning] [Decorations] CAPPING events from decorations provider vscode.git 251
2023-03-20 17:14:07.033 [warning] [Decorations] CAPPING events from decorations provider vscode.git 251
2023-03-20 17:14:12.625 [warning] [Decorations] CAPPING events from decorations provider vscode.git 251
2023-03-20 17:18:28.910 [warning] [Decorations] CAPPING events from decorations provider vscode.git 251
2023-03-20 17:18:34.469 [warning] [Decorations] CAPPING events from decorations provider vscode.git 251
2023-03-20 17:18:40.032 [warning] [Decorations] CAPPING events from decorations provider vscode.git 251
2023-03-20 17:18:45.594 [warning] [Decorations] CAPPING events from decorations provider vscode.git 251
2023-03-20 17:18:51.169 [warning] [Decorations] CAPPING events from decorations provider vscode.git 251
2023-03-20 17:18:56.730 [warning] [Decorations] CAPPING events from decorations provider vscode.git 251
2023-03-20 17:19:02.293 [warning] [Decorations] CAPPING events from decorations provider vscode.git 251
2023-03-20 17:19:07.862 [warning] [Decorations] CAPPING events from decorations provider vscode.git 251
2023-03-20 17:19:13.423 [warning] [Decorations] CAPPING events from decorations provider vscode.git 251
2023-03-20 17:19:21.317 [warning] [Decorations] CAPPING events from decorations provider vscode.git 251
2023-03-20 17:20:57.646 [warning] [Decorations] CAPPING events from decorations provider vscode.git 251
2023-03-20 17:21:03.209 [warning] [Decorations] CAPPING events from decorations provider vscode.git 251
2023-03-20 17:21:08.776 [warning] [Decorations] CAPPING events from decorations provider vscode.git 251
2023-03-20 17:21:14.345 [warning] [Decorations] CAPPING events from decorations provider vscode.git 251
2023-03-20 17:21:19.908 [warning] [Decorations] CAPPING events from decorations provider vscode.git 251
2023-03-20 17:21:25.469 [warning] [Decorations] CAPPING events from decorations provider vscode.git 251
2023-03-20 17:21:31.030 [warning] [Decorations] CAPPING events from decorations provider vscode.git 251
2023-03-20 17:21:36.594 [warning] [Decorations] CAPPING events from decorations provider vscode.git 251
2023-03-20 17:21:42.158 [warning] [Decorations] CAPPING events from decorations provider vscode.git 251
2023-03-20 17:21:47.723 [warning] [Decorations] CAPPING events from decorations provider vscode.git 251
2023-03-20 17:21:53.292 [warning] [Decorations] CAPPING events from decorations provider vscode.git 251
2023-03-20 17:21:58.854 [warning] [Decorations] CAPPING events from decorations provider vscode.git 251
2023-03-20 17:22:04.417 [warning] [Decorations] CAPPING events from decorations provider vscode.git 251
2023-03-20 17:22:09.981 [warning] [Decorations] CAPPING events from decorations provider vscode.git 251
2023-03-20 17:22:15.546 [warning] [Decorations] CAPPING events from decorations provider vscode.git 251
2023-03-20 17:22:21.112 [warning] [Decorations] CAPPING events from decorations provider vscode.git 251
2023-03-20 17:22:26.694 [warning] [Decorations] CAPPING events from decorations provider vscode.git 251
2023-03-20 17:22:32.259 [warning] [Decorations] CAPPING events from decorations provider vscode.git 251
2023-03-20 17:22:37.826 [warning] [Decorations] CAPPING events from decorations provider vscode.git 251
2023-03-20 17:22:43.403 [warning] [Decorations] CAPPING events from decorations provider vscode.git 251
2023-03-20 17:22:48.967 [warning] [Decorations] CAPPING events from decorations provider vscode.git 251
2023-03-20 17:22:54.538 [warning] [Decorations] CAPPING events from decorations provider vscode.git 251
2023-03-20 17:23:00.116 [warning] [Decorations] CAPPING events from decorations provider vscode.git 251
2023-03-20 17:23:05.681 [warning] [Decorations] CAPPING events from decorations provider vscode.git 251
2023-03-20 17:23:11.249 [warning] [Decorations] CAPPING events from decorations provider vscode.git 251
2023-03-20 17:23:16.815 [warning] [Decorations] CAPPING events from decorations provider vscode.git 251
2023-03-20 17:23:22.381 [warning] [Decorations] CAPPING events from decorations provider vscode.git 251
2023-03-20 17:23:27.958 [warning] [Decorations] CAPPING events from decorations provider vscode.git 251
2023-03-20 17:23:33.521 [warning] [Decorations] CAPPING events from decorations provider vscode.git 251
2023-03-20 17:23:39.087 [warning] [Decorations] CAPPING events from decorations provider vscode.git 251
2023-03-20 17:23:44.651 [warning] [Decorations] CAPPING events from decorations provider vscode.git 251
2023-03-20 17:23:50.212 [warning] [Decorations] CAPPING events from decorations provider vscode.git 251
2023-03-20 17:23:55.774 [warning] [Decorations] CAPPING events from decorations provider vscode.git 251
2023-03-20 17:24:01.338 [warning] [Decorations] CAPPING events from decorations provider vscode.git 251
2023-03-20 17:24:06.899 [warning] [Decorations] CAPPING events from decorations provider vscode.git 251
2023-03-20 17:24:12.466 [warning] [Decorations] CAPPING events from decorations provider vscode.git 251
2023-03-20 17:24:54.295 [info] Extension host terminating: received terminate message from renderer
2023-03-20 17:24:54.296 [info] Lock '/home/mmihovilovic/.vscode-server/data/User/workspaceStorage/0a7a0945d1fa5cc71b7545ccaee6a01e/vscode.lock': Marking the lockfile as scheduled to be released in 6000 ms.
2023-03-20 17:24:54.346 [error] Canceled: Canceled
	at new l (/home/mmihovilovic/.vscode-server/bin/ee2b180d582a7f601fa6ecfdad8d9fd269ab1884/out/vs/workbench/api/node/extensionHostProcess.js:96:88793)
	at a.O (/home/mmihovilovic/.vscode-server/bin/ee2b180d582a7f601fa6ecfdad8d9fd269ab1884/out/vs/workbench/api/node/extensionHostProcess.js:106:11260)
	at Proxy.V.<computed>.Q.charCodeAt.V.<computed> (/home/mmihovilovic/.vscode-server/bin/ee2b180d582a7f601fa6ecfdad8d9fd269ab1884/out/vs/workbench/api/node/extensionHostProcess.js:106:8550)
	at c.g (/home/mmihovilovic/.vscode-server/bin/ee2b180d582a7f601fa6ecfdad8d9fd269ab1884/out/vs/workbench/api/node/extensionHostProcess.js:96:108198)
	at c.executeCommand (/home/mmihovilovic/.vscode-server/bin/ee2b180d582a7f601fa6ecfdad8d9fd269ab1884/out/vs/workbench/api/node/extensionHostProcess.js:96:107574)
	at N.registerCommand.description (/home/mmihovilovic/.vscode-server/bin/ee2b180d582a7f601fa6ecfdad8d9fd269ab1884/out/vs/workbench/api/node/extensionHostProcess.js:96:106867)
	at c.h (/home/mmihovilovic/.vscode-server/bin/ee2b180d582a7f601fa6ecfdad8d9fd269ab1884/out/vs/workbench/api/node/extensionHostProcess.js:96:108784)
	at c.g (/home/mmihovilovic/.vscode-server/bin/ee2b180d582a7f601fa6ecfdad8d9fd269ab1884/out/vs/workbench/api/node/extensionHostProcess.js:96:107674)
	at c.executeCommand (/home/mmihovilovic/.vscode-server/bin/ee2b180d582a7f601fa6ecfdad8d9fd269ab1884/out/vs/workbench/api/node/extensionHostProcess.js:96:107574)
	at Object.executeCommand (/home/mmihovilovic/.vscode-server/bin/ee2b180d582a7f601fa6ecfdad8d9fd269ab1884/out/vs/workbench/api/node/extensionHostProcess.js:117:30781)
	at D (/home/mmihovilovic/.vscode-server/bin/ee2b180d582a7f601fa6ecfdad8d9fd269ab1884/extensions/git/dist/main.js:2:1467127)
	at f.invoke (/home/mmihovilovic/.vscode-server/bin/ee2b180d582a7f601fa6ecfdad8d9fd269ab1884/out/vs/workbench/api/node/extensionHostProcess.js:63:145)
	at m.deliver (/home/mmihovilovic/.vscode-server/bin/ee2b180d582a7f601fa6ecfdad8d9fd269ab1884/out/vs/workbench/api/node/extensionHostProcess.js:63:2066)
	at d.fire (/home/mmihovilovic/.vscode-server/bin/ee2b180d582a7f601fa6ecfdad8d9fd269ab1884/out/vs/workbench/api/node/extensionHostProcess.js:63:1704)
	at Object.m [as dispose] (/home/mmihovilovic/.vscode-server/bin/ee2b180d582a7f601fa6ecfdad8d9fd269ab1884/extensions/git/dist/main.js:2:1481856)
	at /home/mmihovilovic/.vscode-server/bin/ee2b180d582a7f601fa6ecfdad8d9fd269ab1884/extensions/git/dist/main.js:2:1485923
	at Array.forEach (<anonymous>)
	at g.dispose (/home/mmihovilovic/.vscode-server/bin/ee2b180d582a7f601fa6ecfdad8d9fd269ab1884/extensions/git/dist/main.js:2:1485909)
	at D.<anonymous> (/home/mmihovilovic/.vscode-server/bin/ee2b180d582a7f601fa6ecfdad8d9fd269ab1884/out/vs/workbench/api/node/extensionHostProcess.js:94:12431)
	at D.dispose (/home/mmihovilovic/.vscode-server/bin/ee2b180d582a7f601fa6ecfdad8d9fd269ab1884/out/vs/workbench/api/node/extensionHostProcess.js:94:12566)
	at D.<anonymous> (/home/mmihovilovic/.vscode-server/bin/ee2b180d582a7f601fa6ecfdad8d9fd269ab1884/extensions/git/dist/main.js:2:1469257)
	at D.dispose (/home/mmihovilovic/.vscode-server/bin/ee2b180d582a7f601fa6ecfdad8d9fd269ab1884/out/vs/workbench/api/node/extensionHostProcess.js:94:12566)
	at k (/home/mmihovilovic/.vscode-server/bin/ee2b180d582a7f601fa6ecfdad8d9fd269ab1884/out/vs/workbench/api/node/extensionHostProcess.js:10:12074)
	at f.X (/home/mmihovilovic/.vscode-server/bin/ee2b180d582a7f601fa6ecfdad8d9fd269ab1884/out/vs/workbench/api/node/extensionHostProcess.js:108:11284)
	at /home/mmihovilovic/.vscode-server/bin/ee2b180d582a7f601fa6ecfdad8d9fd269ab1884/out/vs/workbench/api/node/extensionHostProcess.js:108:9088
	at Array.map (<anonymous>)
	at f.Q (/home/mmihovilovic/.vscode-server/bin/ee2b180d582a7f601fa6ecfdad8d9fd269ab1884/out/vs/workbench/api/node/extensionHostProcess.js:108:9075)
	at f.terminate (/home/mmihovilovic/.vscode-server/bin/ee2b180d582a7f601fa6ecfdad8d9fd269ab1884/out/vs/workbench/api/node/extensionHostProcess.js:108:9347)
	at u.terminate (/home/mmihovilovic/.vscode-server/bin/ee2b180d582a7f601fa6ecfdad8d9fd269ab1884/out/vs/workbench/api/node/extensionHostProcess.js:112:1397)
	at p (/home/mmihovilovic/.vscode-server/bin/ee2b180d582a7f601fa6ecfdad8d9fd269ab1884/out/vs/workbench/api/node/extensionHostProcess.js:122:18592)
	at /home/mmihovilovic/.vscode-server/bin/ee2b180d582a7f601fa6ecfdad8d9fd269ab1884/out/vs/workbench/api/node/extensionHostProcess.js:122:16502
	at f.invoke (/home/mmihovilovic/.vscode-server/bin/ee2b180d582a7f601fa6ecfdad8d9fd269ab1884/out/vs/workbench/api/node/extensionHostProcess.js:63:145)
	at m.deliver (/home/mmihovilovic/.vscode-server/bin/ee2b180d582a7f601fa6ecfdad8d9fd269ab1884/out/vs/workbench/api/node/extensionHostProcess.js:63:2066)
	at d.fire (/home/mmihovilovic/.vscode-server/bin/ee2b180d582a7f601fa6ecfdad8d9fd269ab1884/out/vs/workbench/api/node/extensionHostProcess.js:63:1704)
	at p.fire (/home/mmihovilovic/.vscode-server/bin/ee2b180d582a7f601fa6ecfdad8d9fd269ab1884/out/vs/workbench/api/node/extensionHostProcess.js:72:14907)
	at t.E (/home/mmihovilovic/.vscode-server/bin/ee2b180d582a7f601fa6ecfdad8d9fd269ab1884/out/vs/workbench/api/node/extensionHostProcess.js:72:18973)
	at /home/mmihovilovic/.vscode-server/bin/ee2b180d582a7f601fa6ecfdad8d9fd269ab1884/out/vs/workbench/api/node/extensionHostProcess.js:72:16961
	at f.invoke (/home/mmihovilovic/.vscode-server/bin/ee2b180d582a7f601fa6ecfdad8d9fd269ab1884/out/vs/workbench/api/node/extensionHostProcess.js:63:145)
	at m.deliver (/home/mmihovilovic/.vscode-server/bin/ee2b180d582a7f601fa6ecfdad8d9fd269ab1884/out/vs/workbench/api/node/extensionHostProcess.js:63:2066)
	at d.fire (/home/mmihovilovic/.vscode-server/bin/ee2b180d582a7f601fa6ecfdad8d9fd269ab1884/out/vs/workbench/api/node/extensionHostProcess.js:63:1704)
	at u.acceptChunk (/home/mmihovilovic/.vscode-server/bin/ee2b180d582a7f601fa6ecfdad8d9fd269ab1884/out/vs/workbench/api/node/extensionHostProcess.js:72:12638)
	at /home/mmihovilovic/.vscode-server/bin/ee2b180d582a7f601fa6ecfdad8d9fd269ab1884/out/vs/workbench/api/node/extensionHostProcess.js:72:11925
	at f.invoke (/home/mmihovilovic/.vscode-server/bin/ee2b180d582a7f601fa6ecfdad8d9fd269ab1884/out/vs/workbench/api/node/extensionHostProcess.js:63:145)
	at m.deliver (/home/mmihovilovic/.vscode-server/bin/ee2b180d582a7f601fa6ecfdad8d9fd269ab1884/out/vs/workbench/api/node/extensionHostProcess.js:63:2066)
	at d.fire (/home/mmihovilovic/.vscode-server/bin/ee2b180d582a7f601fa6ecfdad8d9fd269ab1884/out/vs/workbench/api/node/extensionHostProcess.js:63:1704)
	at d.u (/home/mmihovilovic/.vscode-server/bin/ee2b180d582a7f601fa6ecfdad8d9fd269ab1884/out/vs/workbench/api/node/extensionHostProcess.js:72:28891) setContext undefined
2023-03-20 17:24:54.346 [error] Canceled: Canceled
	at new l (/home/mmihovilovic/.vscode-server/bin/ee2b180d582a7f601fa6ecfdad8d9fd269ab1884/out/vs/workbench/api/node/extensionHostProcess.js:96:88793)
	at a.O (/home/mmihovilovic/.vscode-server/bin/ee2b180d582a7f601fa6ecfdad8d9fd269ab1884/out/vs/workbench/api/node/extensionHostProcess.js:106:11260)
	at Proxy.V.<computed>.Q.charCodeAt.V.<computed> (/home/mmihovilovic/.vscode-server/bin/ee2b180d582a7f601fa6ecfdad8d9fd269ab1884/out/vs/workbench/api/node/extensionHostProcess.js:106:8550)
	at c.g (/home/mmihovilovic/.vscode-server/bin/ee2b180d582a7f601fa6ecfdad8d9fd269ab1884/out/vs/workbench/api/node/extensionHostProcess.js:96:108198)
	at c.executeCommand (/home/mmihovilovic/.vscode-server/bin/ee2b180d582a7f601fa6ecfdad8d9fd269ab1884/out/vs/workbench/api/node/extensionHostProcess.js:96:107574)
	at N.registerCommand.description (/home/mmihovilovic/.vscode-server/bin/ee2b180d582a7f601fa6ecfdad8d9fd269ab1884/out/vs/workbench/api/node/extensionHostProcess.js:96:106867)
	at c.h (/home/mmihovilovic/.vscode-server/bin/ee2b180d582a7f601fa6ecfdad8d9fd269ab1884/out/vs/workbench/api/node/extensionHostProcess.js:96:108784)
	at c.g (/home/mmihovilovic/.vscode-server/bin/ee2b180d582a7f601fa6ecfdad8d9fd269ab1884/out/vs/workbench/api/node/extensionHostProcess.js:96:107674)
	at c.executeCommand (/home/mmihovilovic/.vscode-server/bin/ee2b180d582a7f601fa6ecfdad8d9fd269ab1884/out/vs/workbench/api/node/extensionHostProcess.js:96:107574)
	at Object.executeCommand (/home/mmihovilovic/.vscode-server/bin/ee2b180d582a7f601fa6ecfdad8d9fd269ab1884/out/vs/workbench/api/node/extensionHostProcess.js:117:30781)
	at D (/home/mmihovilovic/.vscode-server/bin/ee2b180d582a7f601fa6ecfdad8d9fd269ab1884/extensions/git/dist/main.js:2:1467127)
	at f.invoke (/home/mmihovilovic/.vscode-server/bin/ee2b180d582a7f601fa6ecfdad8d9fd269ab1884/out/vs/workbench/api/node/extensionHostProcess.js:63:145)
	at m.deliver (/home/mmihovilovic/.vscode-server/bin/ee2b180d582a7f601fa6ecfdad8d9fd269ab1884/out/vs/workbench/api/node/extensionHostProcess.js:63:2066)
	at d.fire (/home/mmihovilovic/.vscode-server/bin/ee2b180d582a7f601fa6ecfdad8d9fd269ab1884/out/vs/workbench/api/node/extensionHostProcess.js:63:1704)
	at Object.m [as dispose] (/home/mmihovilovic/.vscode-server/bin/ee2b180d582a7f601fa6ecfdad8d9fd269ab1884/extensions/git/dist/main.js:2:1481856)
	at /home/mmihovilovic/.vscode-server/bin/ee2b180d582a7f601fa6ecfdad8d9fd269ab1884/extensions/git/dist/main.js:2:1485923
	at Array.forEach (<anonymous>)
	at g.dispose (/home/mmihovilovic/.vscode-server/bin/ee2b180d582a7f601fa6ecfdad8d9fd269ab1884/extensions/git/dist/main.js:2:1485909)
	at D.<anonymous> (/home/mmihovilovic/.vscode-server/bin/ee2b180d582a7f601fa6ecfdad8d9fd269ab1884/out/vs/workbench/api/node/extensionHostProcess.js:94:12431)
	at D.dispose (/home/mmihovilovic/.vscode-server/bin/ee2b180d582a7f601fa6ecfdad8d9fd269ab1884/out/vs/workbench/api/node/extensionHostProcess.js:94:12566)
	at D.<anonymous> (/home/mmihovilovic/.vscode-server/bin/ee2b180d582a7f601fa6ecfdad8d9fd269ab1884/extensions/git/dist/main.js:2:1469257)
	at D.dispose (/home/mmihovilovic/.vscode-server/bin/ee2b180d582a7f601fa6ecfdad8d9fd269ab1884/out/vs/workbench/api/node/extensionHostProcess.js:94:12566)
	at k (/home/mmihovilovic/.vscode-server/bin/ee2b180d582a7f601fa6ecfdad8d9fd269ab1884/out/vs/workbench/api/node/extensionHostProcess.js:10:12074)
	at f.X (/home/mmihovilovic/.vscode-server/bin/ee2b180d582a7f601fa6ecfdad8d9fd269ab1884/out/vs/workbench/api/node/extensionHostProcess.js:108:11284)
	at /home/mmihovilovic/.vscode-server/bin/ee2b180d582a7f601fa6ecfdad8d9fd269ab1884/out/vs/workbench/api/node/extensionHostProcess.js:108:9088
	at Array.map (<anonymous>)
	at f.Q (/home/mmihovilovic/.vscode-server/bin/ee2b180d582a7f601fa6ecfdad8d9fd269ab1884/out/vs/workbench/api/node/extensionHostProcess.js:108:9075)
	at f.terminate (/home/mmihovilovic/.vscode-server/bin/ee2b180d582a7f601fa6ecfdad8d9fd269ab1884/out/vs/workbench/api/node/extensionHostProcess.js:108:9347)
	at u.terminate (/home/mmihovilovic/.vscode-server/bin/ee2b180d582a7f601fa6ecfdad8d9fd269ab1884/out/vs/workbench/api/node/extensionHostProcess.js:112:1397)
	at p (/home/mmihovilovic/.vscode-server/bin/ee2b180d582a7f601fa6ecfdad8d9fd269ab1884/out/vs/workbench/api/node/extensionHostProcess.js:122:18592)
	at /home/mmihovilovic/.vscode-server/bin/ee2b180d582a7f601fa6ecfdad8d9fd269ab1884/out/vs/workbench/api/node/extensionHostProcess.js:122:16502
	at f.invoke (/home/mmihovilovic/.vscode-server/bin/ee2b180d582a7f601fa6ecfdad8d9fd269ab1884/out/vs/workbench/api/node/extensionHostProcess.js:63:145)
	at m.deliver (/home/mmihovilovic/.vscode-server/bin/ee2b180d582a7f601fa6ecfdad8d9fd269ab1884/out/vs/workbench/api/node/extensionHostProcess.js:63:2066)
	at d.fire (/home/mmihovilovic/.vscode-server/bin/ee2b180d582a7f601fa6ecfdad8d9fd269ab1884/out/vs/workbench/api/node/extensionHostProcess.js:63:1704)
	at p.fire (/home/mmihovilovic/.vscode-server/bin/ee2b180d582a7f601fa6ecfdad8d9fd269ab1884/out/vs/workbench/api/node/extensionHostProcess.js:72:14907)
	at t.E (/home/mmihovilovic/.vscode-server/bin/ee2b180d582a7f601fa6ecfdad8d9fd269ab1884/out/vs/workbench/api/node/extensionHostProcess.js:72:18973)
	at /home/mmihovilovic/.vscode-server/bin/ee2b180d582a7f601fa6ecfdad8d9fd269ab1884/out/vs/workbench/api/node/extensionHostProcess.js:72:16961
	at f.invoke (/home/mmihovilovic/.vscode-server/bin/ee2b180d582a7f601fa6ecfdad8d9fd269ab1884/out/vs/workbench/api/node/extensionHostProcess.js:63:145)
	at m.deliver (/home/mmihovilovic/.vscode-server/bin/ee2b180d582a7f601fa6ecfdad8d9fd269ab1884/out/vs/workbench/api/node/extensionHostProcess.js:63:2066)
	at d.fire (/home/mmihovilovic/.vscode-server/bin/ee2b180d582a7f601fa6ecfdad8d9fd269ab1884/out/vs/workbench/api/node/extensionHostProcess.js:63:1704)
	at u.acceptChunk (/home/mmihovilovic/.vscode-server/bin/ee2b180d582a7f601fa6ecfdad8d9fd269ab1884/out/vs/workbench/api/node/extensionHostProcess.js:72:12638)
	at /home/mmihovilovic/.vscode-server/bin/ee2b180d582a7f601fa6ecfdad8d9fd269ab1884/out/vs/workbench/api/node/extensionHostProcess.js:72:11925
	at f.invoke (/home/mmihovilovic/.vscode-server/bin/ee2b180d582a7f601fa6ecfdad8d9fd269ab1884/out/vs/workbench/api/node/extensionHostProcess.js:63:145)
	at m.deliver (/home/mmihovilovic/.vscode-server/bin/ee2b180d582a7f601fa6ecfdad8d9fd269ab1884/out/vs/workbench/api/node/extensionHostProcess.js:63:2066)
	at d.fire (/home/mmihovilovic/.vscode-server/bin/ee2b180d582a7f601fa6ecfdad8d9fd269ab1884/out/vs/workbench/api/node/extensionHostProcess.js:63:1704)
	at d.u (/home/mmihovilovic/.vscode-server/bin/ee2b180d582a7f601fa6ecfdad8d9fd269ab1884/out/vs/workbench/api/node/extensionHostProcess.js:72:28891) setContext undefined
2023-03-20 17:24:54.347 [error] Canceled: Canceled
	at new l (/home/mmihovilovic/.vscode-server/bin/ee2b180d582a7f601fa6ecfdad8d9fd269ab1884/out/vs/workbench/api/node/extensionHostProcess.js:96:88793)
	at a.O (/home/mmihovilovic/.vscode-server/bin/ee2b180d582a7f601fa6ecfdad8d9fd269ab1884/out/vs/workbench/api/node/extensionHostProcess.js:106:11260)
	at Proxy.V.<computed>.Q.charCodeAt.V.<computed> (/home/mmihovilovic/.vscode-server/bin/ee2b180d582a7f601fa6ecfdad8d9fd269ab1884/out/vs/workbench/api/node/extensionHostProcess.js:106:8550)
	at c.g (/home/mmihovilovic/.vscode-server/bin/ee2b180d582a7f601fa6ecfdad8d9fd269ab1884/out/vs/workbench/api/node/extensionHostProcess.js:96:108198)
	at c.executeCommand (/home/mmihovilovic/.vscode-server/bin/ee2b180d582a7f601fa6ecfdad8d9fd269ab1884/out/vs/workbench/api/node/extensionHostProcess.js:96:107574)
	at N.registerCommand.description (/home/mmihovilovic/.vscode-server/bin/ee2b180d582a7f601fa6ecfdad8d9fd269ab1884/out/vs/workbench/api/node/extensionHostProcess.js:96:106867)
	at c.h (/home/mmihovilovic/.vscode-server/bin/ee2b180d582a7f601fa6ecfdad8d9fd269ab1884/out/vs/workbench/api/node/extensionHostProcess.js:96:108784)
	at c.g (/home/mmihovilovic/.vscode-server/bin/ee2b180d582a7f601fa6ecfdad8d9fd269ab1884/out/vs/workbench/api/node/extensionHostProcess.js:96:107674)
	at c.executeCommand (/home/mmihovilovic/.vscode-server/bin/ee2b180d582a7f601fa6ecfdad8d9fd269ab1884/out/vs/workbench/api/node/extensionHostProcess.js:96:107574)
	at Object.executeCommand (/home/mmihovilovic/.vscode-server/bin/ee2b180d582a7f601fa6ecfdad8d9fd269ab1884/out/vs/workbench/api/node/extensionHostProcess.js:117:30781)
	at D (/home/mmihovilovic/.vscode-server/bin/ee2b180d582a7f601fa6ecfdad8d9fd269ab1884/extensions/git/dist/main.js:2:1467127)
	at f.invoke (/home/mmihovilovic/.vscode-server/bin/ee2b180d582a7f601fa6ecfdad8d9fd269ab1884/out/vs/workbench/api/node/extensionHostProcess.js:63:145)
	at m.deliver (/home/mmihovilovic/.vscode-server/bin/ee2b180d582a7f601fa6ecfdad8d9fd269ab1884/out/vs/workbench/api/node/extensionHostProcess.js:63:2066)
	at d.fire (/home/mmihovilovic/.vscode-server/bin/ee2b180d582a7f601fa6ecfdad8d9fd269ab1884/out/vs/workbench/api/node/extensionHostProcess.js:63:1704)
	at Object.m [as dispose] (/home/mmihovilovic/.vscode-server/bin/ee2b180d582a7f601fa6ecfdad8d9fd269ab1884/extensions/git/dist/main.js:2:1481856)
	at /home/mmihovilovic/.vscode-server/bin/ee2b180d582a7f601fa6ecfdad8d9fd269ab1884/extensions/git/dist/main.js:2:1485923
	at Array.forEach (<anonymous>)
	at g.dispose (/home/mmihovilovic/.vscode-server/bin/ee2b180d582a7f601fa6ecfdad8d9fd269ab1884/extensions/git/dist/main.js:2:1485909)
	at D.<anonymous> (/home/mmihovilovic/.vscode-server/bin/ee2b180d582a7f601fa6ecfdad8d9fd269ab1884/out/vs/workbench/api/node/extensionHostProcess.js:94:12431)
	at D.dispose (/home/mmihovilovic/.vscode-server/bin/ee2b180d582a7f601fa6ecfdad8d9fd269ab1884/out/vs/workbench/api/node/extensionHostProcess.js:94:12566)
	at D.<anonymous> (/home/mmihovilovic/.vscode-server/bin/ee2b180d582a7f601fa6ecfdad8d9fd269ab1884/extensions/git/dist/main.js:2:1469257)
	at D.dispose (/home/mmihovilovic/.vscode-server/bin/ee2b180d582a7f601fa6ecfdad8d9fd269ab1884/out/vs/workbench/api/node/extensionHostProcess.js:94:12566)
	at k (/home/mmihovilovic/.vscode-server/bin/ee2b180d582a7f601fa6ecfdad8d9fd269ab1884/out/vs/workbench/api/node/extensionHostProcess.js:10:12074)
	at f.X (/home/mmihovilovic/.vscode-server/bin/ee2b180d582a7f601fa6ecfdad8d9fd269ab1884/out/vs/workbench/api/node/extensionHostProcess.js:108:11284)
	at /home/mmihovilovic/.vscode-server/bin/ee2b180d582a7f601fa6ecfdad8d9fd269ab1884/out/vs/workbench/api/node/extensionHostProcess.js:108:9088
	at Array.map (<anonymous>)
	at f.Q (/home/mmihovilovic/.vscode-server/bin/ee2b180d582a7f601fa6ecfdad8d9fd269ab1884/out/vs/workbench/api/node/extensionHostProcess.js:108:9075)
	at f.terminate (/home/mmihovilovic/.vscode-server/bin/ee2b180d582a7f601fa6ecfdad8d9fd269ab1884/out/vs/workbench/api/node/extensionHostProcess.js:108:9347)
	at u.terminate (/home/mmihovilovic/.vscode-server/bin/ee2b180d582a7f601fa6ecfdad8d9fd269ab1884/out/vs/workbench/api/node/extensionHostProcess.js:112:1397)
	at p (/home/mmihovilovic/.vscode-server/bin/ee2b180d582a7f601fa6ecfdad8d9fd269ab1884/out/vs/workbench/api/node/extensionHostProcess.js:122:18592)
	at /home/mmihovilovic/.vscode-server/bin/ee2b180d582a7f601fa6ecfdad8d9fd269ab1884/out/vs/workbench/api/node/extensionHostProcess.js:122:16502
	at f.invoke (/home/mmihovilovic/.vscode-server/bin/ee2b180d582a7f601fa6ecfdad8d9fd269ab1884/out/vs/workbench/api/node/extensionHostProcess.js:63:145)
	at m.deliver (/home/mmihovilovic/.vscode-server/bin/ee2b180d582a7f601fa6ecfdad8d9fd269ab1884/out/vs/workbench/api/node/extensionHostProcess.js:63:2066)
	at d.fire (/home/mmihovilovic/.vscode-server/bin/ee2b180d582a7f601fa6ecfdad8d9fd269ab1884/out/vs/workbench/api/node/extensionHostProcess.js:63:1704)
	at p.fire (/home/mmihovilovic/.vscode-server/bin/ee2b180d582a7f601fa6ecfdad8d9fd269ab1884/out/vs/workbench/api/node/extensionHostProcess.js:72:14907)
	at t.E (/home/mmihovilovic/.vscode-server/bin/ee2b180d582a7f601fa6ecfdad8d9fd269ab1884/out/vs/workbench/api/node/extensionHostProcess.js:72:18973)
	at /home/mmihovilovic/.vscode-server/bin/ee2b180d582a7f601fa6ecfdad8d9fd269ab1884/out/vs/workbench/api/node/extensionHostProcess.js:72:16961
	at f.invoke (/home/mmihovilovic/.vscode-server/bin/ee2b180d582a7f601fa6ecfdad8d9fd269ab1884/out/vs/workbench/api/node/extensionHostProcess.js:63:145)
	at m.deliver (/home/mmihovilovic/.vscode-server/bin/ee2b180d582a7f601fa6ecfdad8d9fd269ab1884/out/vs/workbench/api/node/extensionHostProcess.js:63:2066)
	at d.fire (/home/mmihovilovic/.vscode-server/bin/ee2b180d582a7f601fa6ecfdad8d9fd269ab1884/out/vs/workbench/api/node/extensionHostProcess.js:63:1704)
	at u.acceptChunk (/home/mmihovilovic/.vscode-server/bin/ee2b180d582a7f601fa6ecfdad8d9fd269ab1884/out/vs/workbench/api/node/extensionHostProcess.js:72:12638)
	at /home/mmihovilovic/.vscode-server/bin/ee2b180d582a7f601fa6ecfdad8d9fd269ab1884/out/vs/workbench/api/node/extensionHostProcess.js:72:11925
	at f.invoke (/home/mmihovilovic/.vscode-server/bin/ee2b180d582a7f601fa6ecfdad8d9fd269ab1884/out/vs/workbench/api/node/extensionHostProcess.js:63:145)
	at m.deliver (/home/mmihovilovic/.vscode-server/bin/ee2b180d582a7f601fa6ecfdad8d9fd269ab1884/out/vs/workbench/api/node/extensionHostProcess.js:63:2066)
	at d.fire (/home/mmihovilovic/.vscode-server/bin/ee2b180d582a7f601fa6ecfdad8d9fd269ab1884/out/vs/workbench/api/node/extensionHostProcess.js:63:1704)
	at d.u (/home/mmihovilovic/.vscode-server/bin/ee2b180d582a7f601fa6ecfdad8d9fd269ab1884/out/vs/workbench/api/node/extensionHostProcess.js:72:28891) setContext undefined
2023-03-20 17:24:54.419 [info] Extension host with pid 3271 exiting with code 0
