2023-03-23 15:43:31.885 [info] Log level: Info
2023-03-23 15:43:31.885 [info] Validating found git in: "git"
2023-03-23 15:43:31.885 [info] Using git "1.8.3.1" from "git"
2023-03-23 15:43:31.885 [info] > git rev-parse --show-toplevel [68ms]
2023-03-23 15:43:31.885 [info] > git rev-parse --git-dir --git-common-dir [4ms]
2023-03-23 15:43:31.885 [info] Open repository: /home/mmihovilovic
2023-03-23 15:43:31.885 [warning] getRemotes() - ENOENT: no such file or directory, open '/home/mmihovilovic/--git-common-dir/config'
2023-03-23 15:43:31.885 [info] > git rev-parse --show-toplevel [25ms]
2023-03-23 15:43:31.885 [info] > git config --get commit.template [15ms]
2023-03-23 15:43:31.885 [info] > git remote --verbose [28ms]
2023-03-23 15:43:31.885 [info] > git rev-parse --show-toplevel [6ms]
2023-03-23 15:43:31.885 [info] > git for-each-ref --format=%(refname)%00%(upstream:short)%00%(objectname) refs/heads/main refs/remotes/main [3ms]
2023-03-23 15:43:31.885 [info] > git rev-parse --show-toplevel [26ms]
2023-03-23 15:43:31.885 [info] > git rev-parse --show-toplevel [4ms]
2023-03-23 15:43:31.885 [info] > git rev-list --left-right --count main...origin/main [22ms]
2023-03-23 15:43:31.885 [info] > git rev-parse --show-toplevel [32ms]
2023-03-23 15:43:31.885 [info] > git rev-parse --show-toplevel [15ms]
2023-03-23 15:43:31.885 [info] > git rev-parse --show-toplevel [48ms]
2023-03-23 15:43:31.885 [info] > git rev-parse --show-toplevel [2ms]
2023-03-23 15:43:31.885 [info] > git rev-parse --show-toplevel [4ms]
2023-03-23 15:43:31.885 [info] > git rev-parse --show-toplevel [6ms]
2023-03-23 15:43:31.885 [info] > git rev-parse --show-toplevel [2ms]
2023-03-23 15:43:31.885 [info] > git rev-parse --show-toplevel [2ms]
2023-03-23 15:43:31.885 [info] > git rev-parse --show-toplevel [2ms]
2023-03-23 15:43:31.885 [info] > git rev-parse --show-toplevel [4ms]
2023-03-23 15:43:31.885 [info] > git rev-parse --show-toplevel [5ms]
2023-03-23 15:43:31.887 [info] > git rev-parse --show-toplevel [2ms]
2023-03-23 15:43:31.896 [info] > git rev-parse --show-toplevel [2ms]
2023-03-23 15:43:31.905 [info] > git rev-parse --git-dir --git-common-dir [1ms]
2023-03-23 15:43:31.912 [info] Open repository: /home/mmihovilovic/vj11
2023-03-23 15:43:31.934 [warning] getRemotes() - ENOENT: no such file or directory, open '/home/mmihovilovic/vj11/--git-common-dir/config'
2023-03-23 15:43:31.948 [info] > git remote --verbose [14ms]
2023-03-23 15:43:31.948 [info] > git rev-parse --show-toplevel [25ms]
2023-03-23 15:43:31.960 [info] > git config --get commit.template [14ms]
2023-03-23 15:43:31.972 [info] > git rev-parse --show-toplevel [14ms]
2023-03-23 15:43:31.985 [info] > git for-each-ref --format=%(refname)%00%(upstream:short)%00%(objectname) refs/heads/master refs/remotes/master [14ms]
2023-03-23 15:43:31.996 [info] > git rev-parse --show-toplevel [13ms]
2023-03-23 15:43:32.010 [info] > git status -z -uall [15ms]
2023-03-23 15:43:32.036 [warning] getRemotes() - ENOENT: no such file or directory, open '/home/mmihovilovic/vj11/--git-common-dir/config'
2023-03-23 15:43:32.047 [info] > git rev-parse --show-toplevel [39ms]
2023-03-23 15:43:32.059 [info] > git config --get commit.template [14ms]
2023-03-23 15:43:32.060 [info] > git remote --verbose [23ms]
2023-03-23 15:43:32.060 [info] > git rev-parse --show-toplevel [3ms]
2023-03-23 15:43:32.086 [info] > git rev-parse --show-toplevel [15ms]
2023-03-23 15:43:32.099 [info] > git for-each-ref --format=%(refname)%00%(upstream:short)%00%(objectname) refs/heads/master refs/remotes/master [19ms]
2023-03-23 15:43:32.112 [info] > git rev-parse --show-toplevel [15ms]
2023-03-23 15:43:32.156 [info] > git status -z -uall [46ms]
2023-03-23 15:43:32.156 [info] > git rev-parse --show-toplevel [35ms]
2023-03-23 15:43:32.173 [info] > git rev-parse --git-dir --git-common-dir [6ms]
2023-03-23 15:43:32.181 [info] Open repository: /home/mmihovilovic/vj6
2023-03-23 15:43:32.205 [warning] getRemotes() - ENOENT: no such file or directory, open '/home/mmihovilovic/vj6/--git-common-dir/config'
2023-03-23 15:43:32.225 [info] > git config --get commit.template [9ms]
2023-03-23 15:43:32.225 [info] > git remote --verbose [20ms]
2023-03-23 15:43:32.225 [info] > git rev-parse --show-toplevel [32ms]
2023-03-23 15:43:32.252 [info] > git rev-parse --show-toplevel [16ms]
2023-03-23 15:43:32.266 [info] > git for-each-ref --format=%(refname)%00%(upstream:short)%00%(objectname) refs/heads/master refs/remotes/master [18ms]
2023-03-23 15:43:32.286 [info] > git status -z -uall [9ms]
2023-03-23 15:43:32.293 [info] > git rev-parse --show-toplevel [28ms]
2023-03-23 15:43:32.318 [warning] getRemotes() - ENOENT: no such file or directory, open '/home/mmihovilovic/vj6/--git-common-dir/config'
2023-03-23 15:43:32.331 [info] > git remote --verbose [12ms]
2023-03-23 15:43:32.331 [info] > git rev-parse --show-toplevel [26ms]
2023-03-23 15:43:32.339 [info] > git config --get commit.template [11ms]
2023-03-23 15:43:32.356 [info] > git for-each-ref --format=%(refname)%00%(upstream:short)%00%(objectname) refs/heads/master refs/remotes/master [4ms]
2023-03-23 15:43:32.373 [info] > git status -z -uall [4ms]
2023-03-23 15:43:32.926 [info] > git check-ignore -v -z --stdin [14ms]
2023-03-23 15:43:32.928 [info] > git check-ignore -v -z --stdin [5ms]
2023-03-23 15:43:32.935 [info] > git check-ignore -v -z --stdin [36ms]
2023-03-23 15:43:35.179 [info] > git check-ignore -v -z --stdin [9ms]
2023-03-23 15:43:35.671 [info] > git status -z -uall [3980ms]
2023-03-23 15:43:35.757 [warning] getRemotes() - ENOENT: no such file or directory, open '/home/mmihovilovic/--git-common-dir/config'
2023-03-23 15:43:35.770 [info] > git remote --verbose [13ms]
2023-03-23 15:43:35.771 [info] > git config --get commit.template [3ms]
2023-03-23 15:43:35.784 [info] > git for-each-ref --format=%(refname)%00%(upstream:short)%00%(objectname) refs/heads/main refs/remotes/main [3ms]
2023-03-23 15:43:36.193 [info] > git rev-list --left-right --count main...origin/main [396ms]
2023-03-23 15:43:40.174 [info] > git status -z -uall [3967ms]
2023-03-23 15:43:42.470 [info] > git check-ignore -v -z --stdin [9ms]
2023-03-23 15:43:42.787 [warning] getRemotes() - ENOENT: no such file or directory, open '/home/mmihovilovic/--git-common-dir/config'
2023-03-23 15:43:42.804 [info] > git remote --verbose [17ms]
2023-03-23 15:43:42.805 [info] > git config --get commit.template [2ms]
2023-03-23 15:43:42.822 [info] > git for-each-ref --format=%(refname)%00%(upstream:short)%00%(objectname) refs/heads/main refs/remotes/main [3ms]
2023-03-23 15:43:42.838 [info] > git rev-list --left-right --count main...origin/main [2ms]
2023-03-23 15:43:44.767 [info] > git check-ignore -v -z --stdin [10ms]
2023-03-23 15:43:45.858 [info] > git show --textconv :macbzvz/kol2/Makefile [19ms]
2023-03-23 15:43:45.862 [info] > git ls-files --stage -- /home/mmihovilovic/macbzvz/kol2/Makefile [9ms]
2023-03-23 15:43:45.880 [info] > git cat-file -s 4c57fcac2f947a05507777a1cd47de45898fea67 [2ms]
2023-03-23 15:43:46.822 [info] > git status -z -uall [3968ms]
2023-03-23 15:43:51.880 [warning] getRemotes() - ENOENT: no such file or directory, open '/home/mmihovilovic/--git-common-dir/config'
2023-03-23 15:43:51.896 [info] > git remote --verbose [16ms]
2023-03-23 15:43:51.897 [info] > git config --get commit.template [2ms]
2023-03-23 15:43:51.913 [info] > git for-each-ref --format=%(refname)%00%(upstream:short)%00%(objectname) refs/heads/main refs/remotes/main [3ms]
2023-03-23 15:43:51.929 [info] > git rev-list --left-right --count main...origin/main [3ms]
2023-03-23 15:43:55.562 [info] > git check-ignore -v -z --stdin [9ms]
2023-03-23 15:43:55.944 [info] > git status -z -uall [4001ms]
2023-03-23 15:44:00.988 [warning] getRemotes() - ENOENT: no such file or directory, open '/home/mmihovilovic/--git-common-dir/config'
2023-03-23 15:44:01.005 [info] > git remote --verbose [16ms]
2023-03-23 15:44:01.006 [info] > git config --get commit.template [2ms]
2023-03-23 15:44:01.025 [info] > git for-each-ref --format=%(refname)%00%(upstream:short)%00%(objectname) refs/heads/main refs/remotes/main [3ms]
2023-03-23 15:44:01.042 [info] > git rev-list --left-right --count main...origin/main [2ms]
2023-03-23 15:44:05.021 [info] > git status -z -uall [3964ms]
2023-03-23 15:44:10.071 [warning] getRemotes() - ENOENT: no such file or directory, open '/home/mmihovilovic/--git-common-dir/config'
2023-03-23 15:44:10.085 [info] > git remote --verbose [14ms]
2023-03-23 15:44:10.086 [info] > git config --get commit.template [3ms]
2023-03-23 15:44:10.101 [info] > git for-each-ref --format=%(refname)%00%(upstream:short)%00%(objectname) refs/heads/main refs/remotes/main [3ms]
2023-03-23 15:44:10.119 [info] > git rev-list --left-right --count main...origin/main [5ms]
2023-03-23 15:44:14.103 [info] > git status -z -uall [3969ms]
2023-03-23 15:44:19.151 [warning] getRemotes() - ENOENT: no such file or directory, open '/home/mmihovilovic/--git-common-dir/config'
2023-03-23 15:44:19.164 [info] > git remote --verbose [14ms]
2023-03-23 15:44:19.166 [info] > git config --get commit.template [4ms]
2023-03-23 15:44:19.180 [info] > git for-each-ref --format=%(refname)%00%(upstream:short)%00%(objectname) refs/heads/main refs/remotes/main [2ms]
2023-03-23 15:44:19.193 [info] > git rev-list --left-right --count main...origin/main [3ms]
2023-03-23 15:44:21.343 [info] > git check-ignore -v -z --stdin [10ms]
2023-03-23 15:44:23.167 [info] > git status -z -uall [3963ms]
2023-03-23 15:44:28.219 [warning] getRemotes() - ENOENT: no such file or directory, open '/home/mmihovilovic/--git-common-dir/config'
2023-03-23 15:44:28.232 [info] > git remote --verbose [13ms]
2023-03-23 15:44:28.234 [info] > git config --get commit.template [3ms]
2023-03-23 15:44:28.247 [info] > git for-each-ref --format=%(refname)%00%(upstream:short)%00%(objectname) refs/heads/main refs/remotes/main [2ms]
2023-03-23 15:44:28.261 [info] > git rev-list --left-right --count main...origin/main [3ms]
2023-03-23 15:44:32.236 [info] > git status -z -uall [3962ms]
2023-03-23 15:44:37.282 [warning] getRemotes() - ENOENT: no such file or directory, open '/home/mmihovilovic/--git-common-dir/config'
2023-03-23 15:44:37.295 [info] > git remote --verbose [12ms]
2023-03-23 15:44:37.296 [info] > git config --get commit.template [2ms]
2023-03-23 15:44:37.309 [info] > git for-each-ref --format=%(refname)%00%(upstream:short)%00%(objectname) refs/heads/main refs/remotes/main [3ms]
2023-03-23 15:44:37.322 [info] > git rev-list --left-right --count main...origin/main [3ms]
2023-03-23 15:44:41.295 [info] > git status -z -uall [3962ms]
2023-03-23 15:44:46.345 [warning] getRemotes() - ENOENT: no such file or directory, open '/home/mmihovilovic/--git-common-dir/config'
2023-03-23 15:44:46.358 [info] > git remote --verbose [14ms]
2023-03-23 15:44:46.359 [info] > git config --get commit.template [3ms]
2023-03-23 15:44:46.373 [info] > git for-each-ref --format=%(refname)%00%(upstream:short)%00%(objectname) refs/heads/main refs/remotes/main [2ms]
2023-03-23 15:44:46.387 [info] > git rev-list --left-right --count main...origin/main [2ms]
2023-03-23 15:44:50.363 [info] > git status -z -uall [3962ms]
2023-03-23 15:45:41.431 [warning] getRemotes() - ENOENT: no such file or directory, open '/home/mmihovilovic/--git-common-dir/config'
2023-03-23 15:45:41.443 [info] > git remote --verbose [12ms]
2023-03-23 15:45:41.444 [info] > git config --get commit.template [3ms]
2023-03-23 15:45:41.457 [info] > git for-each-ref --format=%(refname)%00%(upstream:short)%00%(objectname) refs/heads/main refs/remotes/main [2ms]
2023-03-23 15:45:41.469 [info] > git rev-list --left-right --count main...origin/main [2ms]
2023-03-23 15:45:45.441 [info] > git status -z -uall [3963ms]
2023-03-23 15:45:50.483 [warning] getRemotes() - ENOENT: no such file or directory, open '/home/mmihovilovic/--git-common-dir/config'
2023-03-23 15:45:50.495 [info] > git remote --verbose [12ms]
2023-03-23 15:45:50.496 [info] > git config --get commit.template [2ms]
2023-03-23 15:45:50.509 [info] > git for-each-ref --format=%(refname)%00%(upstream:short)%00%(objectname) refs/heads/main refs/remotes/main [2ms]
2023-03-23 15:45:50.522 [info] > git rev-list --left-right --count main...origin/main [3ms]
2023-03-23 15:45:54.496 [info] > git status -z -uall [3964ms]
2023-03-23 15:45:58.758 [info] > git check-ignore -v -z --stdin [8ms]
2023-03-23 15:45:59.541 [warning] getRemotes() - ENOENT: no such file or directory, open '/home/mmihovilovic/--git-common-dir/config'
2023-03-23 15:45:59.560 [info] > git remote --verbose [19ms]
2023-03-23 15:45:59.561 [info] > git config --get commit.template [3ms]
2023-03-23 15:45:59.574 [info] > git for-each-ref --format=%(refname)%00%(upstream:short)%00%(objectname) refs/heads/main refs/remotes/main [3ms]
2023-03-23 15:45:59.587 [info] > git rev-list --left-right --count main...origin/main [4ms]
2023-03-23 15:46:03.566 [info] > git status -z -uall [3967ms]
2023-03-23 15:46:08.608 [warning] getRemotes() - ENOENT: no such file or directory, open '/home/mmihovilovic/--git-common-dir/config'
2023-03-23 15:46:08.625 [info] > git remote --verbose [17ms]
2023-03-23 15:46:08.626 [info] > git config --get commit.template [4ms]
2023-03-23 15:46:08.644 [info] > git for-each-ref --format=%(refname)%00%(upstream:short)%00%(objectname) refs/heads/main refs/remotes/main [2ms]
2023-03-23 15:46:08.657 [info] > git rev-list --left-right --count main...origin/main [2ms]
2023-03-23 15:46:12.638 [info] > git status -z -uall [3968ms]
2023-03-23 15:46:21.691 [warning] getRemotes() - ENOENT: no such file or directory, open '/home/mmihovilovic/--git-common-dir/config'
2023-03-23 15:46:21.703 [info] > git remote --verbose [12ms]
2023-03-23 15:46:21.704 [info] > git config --get commit.template [2ms]
2023-03-23 15:46:21.718 [info] > git for-each-ref --format=%(refname)%00%(upstream:short)%00%(objectname) refs/heads/main refs/remotes/main [2ms]
2023-03-23 15:46:21.731 [info] > git rev-list --left-right --count main...origin/main [3ms]
