2023-03-22 12:09:38.312 [info] Log level: Info
2023-03-22 12:09:38.312 [info] Validating found git in: "git"
2023-03-22 12:09:38.312 [info] Using git "1.8.3.1" from "git"
2023-03-22 12:09:38.312 [info] > git rev-parse --show-toplevel [67ms]
2023-03-22 12:09:38.312 [info] > git rev-parse --git-dir --git-common-dir [2ms]
2023-03-22 12:09:38.312 [info] Open repository: /home/mmihovilovic
2023-03-22 12:09:38.312 [warning] getRemotes() - ENOENT: no such file or directory, open '/home/mmihovilovic/--git-common-dir/config'
2023-03-22 12:09:38.312 [info] > git rev-parse --show-toplevel [27ms]
2023-03-22 12:09:38.312 [info] > git rev-parse --show-toplevel [3ms]
2023-03-22 12:09:38.312 [info] > git config --get commit.template [23ms]
2023-03-22 12:09:38.312 [info] > git remote --verbose [36ms]
2023-03-22 12:09:38.312 [info] > git rev-parse --show-toplevel [4ms]
2023-03-22 12:09:38.312 [info] > git for-each-ref --format=%(refname)%00%(upstream:short)%00%(objectname) refs/heads/main refs/remotes/main [5ms]
2023-03-22 12:09:38.312 [info] > git rev-parse --show-toplevel [26ms]
2023-03-22 12:09:38.312 [info] > git rev-list --left-right --count main...origin/main [20ms]
2023-03-22 12:09:38.312 [info] > git rev-parse --show-toplevel [25ms]
2023-03-22 12:09:38.312 [info] > git rev-parse --show-toplevel [13ms]
2023-03-22 12:09:38.312 [info] > git rev-parse --show-toplevel [6ms]
2023-03-22 12:09:38.312 [info] > git rev-parse --show-toplevel [5ms]
2023-03-22 12:09:38.358 [info] > git rev-parse --show-toplevel [48ms]
2023-03-22 12:09:38.373 [info] > git rev-parse --show-toplevel [3ms]
2023-03-22 12:09:38.390 [info] > git rev-parse --show-toplevel [5ms]
2023-03-22 12:09:38.402 [info] > git rev-parse --show-toplevel [2ms]
2023-03-22 12:09:38.415 [info] > git rev-parse --show-toplevel [2ms]
2023-03-22 12:09:38.428 [info] > git rev-parse --show-toplevel [2ms]
2023-03-22 12:09:38.442 [info] > git rev-parse --show-toplevel [4ms]
2023-03-22 12:09:38.457 [info] > git rev-parse --show-toplevel [4ms]
2023-03-22 12:09:38.470 [info] > git rev-parse --git-dir --git-common-dir [2ms]
2023-03-22 12:09:38.478 [info] Open repository: /home/mmihovilovic/vj11
2023-03-22 12:09:38.500 [warning] getRemotes() - ENOENT: no such file or directory, open '/home/mmihovilovic/vj11/--git-common-dir/config'
2023-03-22 12:09:38.513 [info] > git remote --verbose [13ms]
2023-03-22 12:09:38.514 [info] > git rev-parse --show-toplevel [25ms]
2023-03-22 12:09:38.525 [info] > git config --get commit.template [13ms]
2023-03-22 12:09:38.537 [info] > git rev-parse --show-toplevel [14ms]
2023-03-22 12:09:38.550 [info] > git for-each-ref --format=%(refname)%00%(upstream:short)%00%(objectname) refs/heads/master refs/remotes/master [14ms]
2023-03-22 12:09:38.562 [info] > git rev-parse --show-toplevel [13ms]
2023-03-22 12:09:38.576 [info] > git status -z -uall [16ms]
2023-03-22 12:09:38.602 [warning] getRemotes() - ENOENT: no such file or directory, open '/home/mmihovilovic/vj11/--git-common-dir/config'
2023-03-22 12:09:38.612 [info] > git rev-parse --show-toplevel [39ms]
2023-03-22 12:09:38.625 [info] > git config --get commit.template [13ms]
2023-03-22 12:09:38.625 [info] > git remote --verbose [24ms]
2023-03-22 12:09:38.626 [info] > git rev-parse --show-toplevel [3ms]
2023-03-22 12:09:38.656 [info] > git for-each-ref --format=%(refname)%00%(upstream:short)%00%(objectname) refs/heads/master refs/remotes/master [9ms]
2023-03-22 12:09:38.670 [info] > git rev-parse --show-toplevel [33ms]
2023-03-22 12:09:38.720 [info] > git status -z -uall [51ms]
2023-03-22 12:09:38.720 [info] > git rev-parse --show-toplevel [38ms]
2023-03-22 12:09:38.737 [info] > git status -z -uall [492ms]
2023-03-22 12:09:38.737 [info] > git rev-parse --show-toplevel [6ms]
2023-03-22 12:09:38.797 [warning] getRemotes() - ENOENT: no such file or directory, open '/home/mmihovilovic/--git-common-dir/config'
2023-03-22 12:09:38.809 [info] > git rev-parse --git-dir --git-common-dir [62ms]
2023-03-22 12:09:38.817 [info] Open repository: /home/mmihovilovic/vj6
2023-03-22 12:09:38.841 [warning] getRemotes() - ENOENT: no such file or directory, open '/home/mmihovilovic/vj6/--git-common-dir/config'
2023-03-22 12:09:38.853 [info] > git config --get commit.template [45ms]
2023-03-22 12:09:38.854 [info] > git remote --verbose [56ms]
2023-03-22 12:09:39.013 [info] > git config --get commit.template [161ms]
2023-03-22 12:09:39.013 [info] > git remote --verbose [172ms]
2023-03-22 12:09:39.013 [info] > git rev-parse --show-toplevel [185ms]
2023-03-22 12:09:39.040 [info] > git rev-parse --show-toplevel [15ms]
2023-03-22 12:09:39.066 [info] > git rev-parse --show-toplevel [15ms]
2023-03-22 12:09:39.078 [info] > git for-each-ref --format=%(refname)%00%(upstream:short)%00%(objectname) refs/heads/main refs/remotes/main [40ms]
2023-03-22 12:09:39.095 [info] > git rev-parse --show-toplevel [18ms]
2023-03-22 12:09:39.102 [info] > git for-each-ref --format=%(refname)%00%(upstream:short)%00%(objectname) refs/heads/master refs/remotes/master [38ms]
2023-03-22 12:09:39.115 [info] > git rev-list --left-right --count main...origin/main [23ms]
2023-03-22 12:09:39.131 [info] > git status -z -uall [17ms]
2023-03-22 12:09:39.593 [info] > git status -z -uall [464ms]
2023-03-22 12:09:39.850 [info] > git check-ignore -v -z --stdin [171ms]
2023-03-22 12:09:39.853 [info] > git check-ignore -v -z --stdin [161ms]
2023-03-22 12:09:39.854 [info] > git check-ignore -v -z --stdin [150ms]
2023-03-22 12:09:40.910 [info] > git check-ignore -v -z --stdin [8ms]
2023-03-22 12:09:46.932 [info] > git check-ignore -v -z --stdin [8ms]
2023-03-22 12:09:47.836 [info] > git check-ignore -v -z --stdin [10ms]
2023-03-22 12:10:01.654 [info] > git ls-files --stage -- /home/mmihovilovic/vjezbaispit/kol/Analyzer.h [11ms]
2023-03-22 12:10:01.669 [info] > git show --textconv :vjezbaispit/kol/Analyzer.h [40ms]
2023-03-22 12:10:01.674 [info] > git cat-file -s ff51f5bdcbe793f23e164bde9b45d82e9d499bb5 [8ms]
2023-03-22 12:10:14.662 [info] > git show --textconv :vjezbaispit/kol/Analyzer.cpp [19ms]
2023-03-22 12:10:14.667 [info] > git ls-files --stage -- /home/mmihovilovic/vjezbaispit/kol/Analyzer.cpp [9ms]
2023-03-22 12:10:14.683 [info] > git cat-file -s 634edd78f7f3d09c614aa9a9437740384ac26e13 [2ms]
2023-03-22 12:10:40.278 [info] > git ls-files --stage -- /home/mmihovilovic/vjezbaispit/kol/Analyzer.C [9ms]
2023-03-22 12:10:40.291 [info] > git show --textconv :vjezbaispit/kol/Analyzer.C [37ms]
2023-03-22 12:10:40.293 [info] > git cat-file -s 275b32884cf96aedd895a203abed6e6291f0b29f [3ms]
2023-03-22 12:10:45.167 [info] > git show --textconv :vjezbaispit/kol/Analyzer.h [18ms]
2023-03-22 12:10:45.174 [info] > git ls-files --stage -- /home/mmihovilovic/vjezbaispit/kol/Analyzer.h [9ms]
2023-03-22 12:10:45.193 [info] > git cat-file -s ff51f5bdcbe793f23e164bde9b45d82e9d499bb5 [3ms]
2023-03-22 12:12:17.252 [info] > git show --textconv :vjezbaispit/kol/Analyzer.cpp [17ms]
2023-03-22 12:12:17.261 [info] > git ls-files --stage -- /home/mmihovilovic/vjezbaispit/kol/Analyzer.cpp [9ms]
2023-03-22 12:12:17.280 [info] > git cat-file -s 634edd78f7f3d09c614aa9a9437740384ac26e13 [3ms]
2023-03-22 12:14:39.617 [warning] getRemotes() - ENOENT: no such file or directory, open '/home/mmihovilovic/--git-common-dir/config'
2023-03-22 12:14:39.633 [info] > git remote --verbose [16ms]
2023-03-22 12:14:39.635 [info] > git config --get commit.template [3ms]
2023-03-22 12:14:39.652 [info] > git for-each-ref --format=%(refname)%00%(upstream:short)%00%(objectname) refs/heads/main refs/remotes/main [2ms]
2023-03-22 12:14:39.669 [info] > git rev-list --left-right --count main...origin/main [2ms]
2023-03-22 12:14:40.153 [info] > git status -z -uall [466ms]
2023-03-22 12:14:45.194 [warning] getRemotes() - ENOENT: no such file or directory, open '/home/mmihovilovic/--git-common-dir/config'
2023-03-22 12:14:45.210 [info] > git remote --verbose [16ms]
2023-03-22 12:14:45.212 [info] > git config --get commit.template [2ms]
2023-03-22 12:14:45.229 [info] > git for-each-ref --format=%(refname)%00%(upstream:short)%00%(objectname) refs/heads/main refs/remotes/main [2ms]
2023-03-22 12:14:45.247 [info] > git rev-list --left-right --count main...origin/main [3ms]
2023-03-22 12:14:45.727 [info] > git status -z -uall [466ms]
2023-03-22 12:14:50.759 [warning] getRemotes() - ENOENT: no such file or directory, open '/home/mmihovilovic/--git-common-dir/config'
2023-03-22 12:14:50.775 [info] > git remote --verbose [16ms]
2023-03-22 12:14:50.776 [info] > git config --get commit.template [3ms]
2023-03-22 12:14:50.793 [info] > git for-each-ref --format=%(refname)%00%(upstream:short)%00%(objectname) refs/heads/main refs/remotes/main [2ms]
2023-03-22 12:14:50.810 [info] > git rev-list --left-right --count main...origin/main [2ms]
2023-03-22 12:14:51.290 [info] > git status -z -uall [466ms]
2023-03-22 12:14:56.323 [warning] getRemotes() - ENOENT: no such file or directory, open '/home/mmihovilovic/--git-common-dir/config'
2023-03-22 12:14:56.340 [info] > git remote --verbose [16ms]
2023-03-22 12:14:56.341 [info] > git config --get commit.template [3ms]
2023-03-22 12:14:56.358 [info] > git for-each-ref --format=%(refname)%00%(upstream:short)%00%(objectname) refs/heads/main refs/remotes/main [3ms]
2023-03-22 12:14:56.375 [info] > git rev-list --left-right --count main...origin/main [2ms]
2023-03-22 12:14:56.854 [info] > git status -z -uall [464ms]
2023-03-22 12:15:01.890 [warning] getRemotes() - ENOENT: no such file or directory, open '/home/mmihovilovic/--git-common-dir/config'
2023-03-22 12:15:01.907 [info] > git remote --verbose [17ms]
2023-03-22 12:15:01.909 [info] > git config --get commit.template [3ms]
2023-03-22 12:15:01.927 [info] > git for-each-ref --format=%(refname)%00%(upstream:short)%00%(objectname) refs/heads/main refs/remotes/main [2ms]
2023-03-22 12:15:01.944 [info] > git rev-list --left-right --count main...origin/main [2ms]
2023-03-22 12:15:02.432 [info] > git status -z -uall [470ms]
2023-03-22 12:15:07.474 [warning] getRemotes() - ENOENT: no such file or directory, open '/home/mmihovilovic/--git-common-dir/config'
2023-03-22 12:15:07.490 [info] > git remote --verbose [17ms]
2023-03-22 12:15:07.492 [info] > git config --get commit.template [2ms]
2023-03-22 12:15:07.510 [info] > git for-each-ref --format=%(refname)%00%(upstream:short)%00%(objectname) refs/heads/main refs/remotes/main [3ms]
2023-03-22 12:15:07.528 [info] > git rev-list --left-right --count main...origin/main [3ms]
2023-03-22 12:15:08.008 [info] > git status -z -uall [465ms]
2023-03-22 12:15:13.041 [warning] getRemotes() - ENOENT: no such file or directory, open '/home/mmihovilovic/--git-common-dir/config'
2023-03-22 12:15:13.059 [info] > git config --get commit.template [2ms]
2023-03-22 12:15:13.059 [info] > git remote --verbose [19ms]
2023-03-22 12:15:13.077 [info] > git for-each-ref --format=%(refname)%00%(upstream:short)%00%(objectname) refs/heads/main refs/remotes/main [3ms]
2023-03-22 12:15:13.094 [info] > git rev-list --left-right --count main...origin/main [3ms]
2023-03-22 12:15:13.573 [info] > git status -z -uall [464ms]
2023-03-22 12:15:18.611 [warning] getRemotes() - ENOENT: no such file or directory, open '/home/mmihovilovic/--git-common-dir/config'
2023-03-22 12:15:18.628 [info] > git remote --verbose [16ms]
2023-03-22 12:15:18.629 [info] > git config --get commit.template [2ms]
2023-03-22 12:15:18.646 [info] > git for-each-ref --format=%(refname)%00%(upstream:short)%00%(objectname) refs/heads/main refs/remotes/main [3ms]
2023-03-22 12:15:18.664 [info] > git rev-list --left-right --count main...origin/main [2ms]
2023-03-22 12:15:19.142 [info] > git status -z -uall [463ms]
2023-03-22 12:15:24.171 [warning] getRemotes() - ENOENT: no such file or directory, open '/home/mmihovilovic/--git-common-dir/config'
2023-03-22 12:15:24.188 [info] > git remote --verbose [18ms]
2023-03-22 12:15:24.189 [info] > git config --get commit.template [3ms]
2023-03-22 12:15:24.206 [info] > git for-each-ref --format=%(refname)%00%(upstream:short)%00%(objectname) refs/heads/main refs/remotes/main [2ms]
2023-03-22 12:15:24.224 [info] > git rev-list --left-right --count main...origin/main [3ms]
2023-03-22 12:15:24.708 [info] > git status -z -uall [465ms]
2023-03-22 12:15:29.741 [warning] getRemotes() - ENOENT: no such file or directory, open '/home/mmihovilovic/--git-common-dir/config'
2023-03-22 12:15:29.760 [info] > git remote --verbose [19ms]
2023-03-22 12:15:29.761 [info] > git config --get commit.template [3ms]
2023-03-22 12:15:29.779 [info] > git for-each-ref --format=%(refname)%00%(upstream:short)%00%(objectname) refs/heads/main refs/remotes/main [2ms]
2023-03-22 12:15:29.796 [info] > git rev-list --left-right --count main...origin/main [3ms]
2023-03-22 12:15:30.276 [info] > git status -z -uall [465ms]
2023-03-22 12:15:35.306 [warning] getRemotes() - ENOENT: no such file or directory, open '/home/mmihovilovic/--git-common-dir/config'
2023-03-22 12:15:35.323 [info] > git remote --verbose [17ms]
2023-03-22 12:15:35.324 [info] > git config --get commit.template [2ms]
2023-03-22 12:15:35.341 [info] > git for-each-ref --format=%(refname)%00%(upstream:short)%00%(objectname) refs/heads/main refs/remotes/main [2ms]
2023-03-22 12:15:35.359 [info] > git rev-list --left-right --count main...origin/main [3ms]
2023-03-22 12:15:35.840 [info] > git status -z -uall [463ms]
2023-03-22 12:15:40.870 [warning] getRemotes() - ENOENT: no such file or directory, open '/home/mmihovilovic/--git-common-dir/config'
2023-03-22 12:15:40.891 [info] > git remote --verbose [20ms]
2023-03-22 12:15:40.891 [info] > git config --get commit.template [2ms]
2023-03-22 12:15:40.909 [info] > git for-each-ref --format=%(refname)%00%(upstream:short)%00%(objectname) refs/heads/main refs/remotes/main [3ms]
2023-03-22 12:15:40.927 [info] > git rev-list --left-right --count main...origin/main [2ms]
2023-03-22 12:15:41.406 [info] > git status -z -uall [464ms]
2023-03-22 12:15:46.446 [warning] getRemotes() - ENOENT: no such file or directory, open '/home/mmihovilovic/--git-common-dir/config'
2023-03-22 12:15:46.468 [info] > git remote --verbose [22ms]
2023-03-22 12:15:46.469 [info] > git config --get commit.template [3ms]
2023-03-22 12:15:46.491 [info] > git for-each-ref --format=%(refname)%00%(upstream:short)%00%(objectname) refs/heads/main refs/remotes/main [3ms]
2023-03-22 12:15:46.509 [info] > git rev-list --left-right --count main...origin/main [2ms]
2023-03-22 12:15:46.989 [info] > git status -z -uall [464ms]
2023-03-22 12:15:52.020 [warning] getRemotes() - ENOENT: no such file or directory, open '/home/mmihovilovic/--git-common-dir/config'
2023-03-22 12:15:52.037 [info] > git remote --verbose [18ms]
2023-03-22 12:15:52.038 [info] > git config --get commit.template [3ms]
2023-03-22 12:15:52.058 [info] > git for-each-ref --format=%(refname)%00%(upstream:short)%00%(objectname) refs/heads/main refs/remotes/main [2ms]
2023-03-22 12:15:52.077 [info] > git rev-list --left-right --count main...origin/main [3ms]
2023-03-22 12:15:52.558 [info] > git status -z -uall [464ms]
2023-03-22 12:15:57.587 [warning] getRemotes() - ENOENT: no such file or directory, open '/home/mmihovilovic/--git-common-dir/config'
2023-03-22 12:15:57.604 [info] > git remote --verbose [17ms]
2023-03-22 12:15:57.605 [info] > git config --get commit.template [3ms]
2023-03-22 12:15:57.623 [info] > git for-each-ref --format=%(refname)%00%(upstream:short)%00%(objectname) refs/heads/main refs/remotes/main [2ms]
2023-03-22 12:15:57.641 [info] > git rev-list --left-right --count main...origin/main [2ms]
2023-03-22 12:15:58.121 [info] > git status -z -uall [465ms]
2023-03-22 12:16:03.157 [warning] getRemotes() - ENOENT: no such file or directory, open '/home/mmihovilovic/--git-common-dir/config'
2023-03-22 12:16:03.179 [info] > git remote --verbose [23ms]
2023-03-22 12:16:03.180 [info] > git config --get commit.template [3ms]
2023-03-22 12:16:03.199 [info] > git for-each-ref --format=%(refname)%00%(upstream:short)%00%(objectname) refs/heads/main refs/remotes/main [2ms]
2023-03-22 12:16:03.223 [info] > git rev-list --left-right --count main...origin/main [3ms]
2023-03-22 12:16:03.707 [info] > git status -z -uall [463ms]
2023-03-22 12:16:08.738 [warning] getRemotes() - ENOENT: no such file or directory, open '/home/mmihovilovic/--git-common-dir/config'
2023-03-22 12:16:08.756 [info] > git remote --verbose [18ms]
2023-03-22 12:16:08.757 [info] > git config --get commit.template [3ms]
2023-03-22 12:16:08.775 [info] > git for-each-ref --format=%(refname)%00%(upstream:short)%00%(objectname) refs/heads/main refs/remotes/main [3ms]
2023-03-22 12:16:08.793 [info] > git rev-list --left-right --count main...origin/main [3ms]
2023-03-22 12:16:09.275 [info] > git status -z -uall [465ms]
2023-03-22 12:16:14.304 [warning] getRemotes() - ENOENT: no such file or directory, open '/home/mmihovilovic/--git-common-dir/config'
2023-03-22 12:16:14.324 [info] > git remote --verbose [19ms]
2023-03-22 12:16:14.325 [info] > git config --get commit.template [2ms]
2023-03-22 12:16:14.343 [info] > git for-each-ref --format=%(refname)%00%(upstream:short)%00%(objectname) refs/heads/main refs/remotes/main [3ms]
2023-03-22 12:16:14.362 [info] > git rev-list --left-right --count main...origin/main [2ms]
2023-03-22 12:16:14.844 [info] > git status -z -uall [467ms]
2023-03-22 12:16:19.872 [warning] getRemotes() - ENOENT: no such file or directory, open '/home/mmihovilovic/--git-common-dir/config'
2023-03-22 12:16:19.890 [info] > git remote --verbose [18ms]
2023-03-22 12:16:19.891 [info] > git config --get commit.template [2ms]
2023-03-22 12:16:19.912 [info] > git for-each-ref --format=%(refname)%00%(upstream:short)%00%(objectname) refs/heads/main refs/remotes/main [2ms]
2023-03-22 12:16:19.932 [info] > git rev-list --left-right --count main...origin/main [2ms]
2023-03-22 12:16:20.422 [info] > git status -z -uall [468ms]
2023-03-22 12:16:25.454 [warning] getRemotes() - ENOENT: no such file or directory, open '/home/mmihovilovic/--git-common-dir/config'
2023-03-22 12:16:25.473 [info] > git remote --verbose [18ms]
2023-03-22 12:16:25.473 [info] > git config --get commit.template [2ms]
2023-03-22 12:16:25.492 [info] > git for-each-ref --format=%(refname)%00%(upstream:short)%00%(objectname) refs/heads/main refs/remotes/main [2ms]
2023-03-22 12:16:25.510 [info] > git rev-list --left-right --count main...origin/main [2ms]
2023-03-22 12:16:25.992 [info] > git status -z -uall [465ms]
2023-03-22 12:16:31.021 [warning] getRemotes() - ENOENT: no such file or directory, open '/home/mmihovilovic/--git-common-dir/config'
2023-03-22 12:16:31.039 [info] > git remote --verbose [18ms]
2023-03-22 12:16:31.040 [info] > git config --get commit.template [3ms]
2023-03-22 12:16:31.059 [info] > git for-each-ref --format=%(refname)%00%(upstream:short)%00%(objectname) refs/heads/main refs/remotes/main [3ms]
2023-03-22 12:16:31.082 [info] > git rev-list --left-right --count main...origin/main [2ms]
2023-03-22 12:16:31.566 [info] > git status -z -uall [467ms]
2023-03-22 12:16:36.596 [warning] getRemotes() - ENOENT: no such file or directory, open '/home/mmihovilovic/--git-common-dir/config'
2023-03-22 12:16:36.613 [info] > git remote --verbose [17ms]
2023-03-22 12:16:36.614 [info] > git config --get commit.template [2ms]
2023-03-22 12:16:36.633 [info] > git for-each-ref --format=%(refname)%00%(upstream:short)%00%(objectname) refs/heads/main refs/remotes/main [2ms]
2023-03-22 12:16:36.651 [info] > git rev-list --left-right --count main...origin/main [3ms]
2023-03-22 12:16:37.141 [info] > git status -z -uall [467ms]
2023-03-22 12:16:42.173 [warning] getRemotes() - ENOENT: no such file or directory, open '/home/mmihovilovic/--git-common-dir/config'
2023-03-22 12:16:42.191 [info] > git remote --verbose [18ms]
2023-03-22 12:16:42.192 [info] > git config --get commit.template [3ms]
2023-03-22 12:16:42.211 [info] > git for-each-ref --format=%(refname)%00%(upstream:short)%00%(objectname) refs/heads/main refs/remotes/main [2ms]
2023-03-22 12:16:42.229 [info] > git rev-list --left-right --count main...origin/main [2ms]
2023-03-22 12:16:42.709 [info] > git status -z -uall [463ms]
2023-03-22 12:16:47.743 [warning] getRemotes() - ENOENT: no such file or directory, open '/home/mmihovilovic/--git-common-dir/config'
2023-03-22 12:16:47.761 [info] > git remote --verbose [17ms]
2023-03-22 12:16:47.762 [info] > git config --get commit.template [2ms]
2023-03-22 12:16:47.780 [info] > git for-each-ref --format=%(refname)%00%(upstream:short)%00%(objectname) refs/heads/main refs/remotes/main [3ms]
2023-03-22 12:16:47.799 [info] > git rev-list --left-right --count main...origin/main [2ms]
2023-03-22 12:16:48.285 [info] > git status -z -uall [470ms]
2023-03-22 12:16:53.316 [warning] getRemotes() - ENOENT: no such file or directory, open '/home/mmihovilovic/--git-common-dir/config'
2023-03-22 12:16:53.338 [info] > git config --get commit.template [6ms]
2023-03-22 12:16:53.338 [info] > git remote --verbose [22ms]
2023-03-22 12:16:53.357 [info] > git for-each-ref --format=%(refname)%00%(upstream:short)%00%(objectname) refs/heads/main refs/remotes/main [2ms]
2023-03-22 12:16:53.378 [info] > git rev-list --left-right --count main...origin/main [2ms]
2023-03-22 12:16:53.862 [info] > git status -z -uall [467ms]
2023-03-22 12:16:58.889 [warning] getRemotes() - ENOENT: no such file or directory, open '/home/mmihovilovic/--git-common-dir/config'
2023-03-22 12:16:58.912 [info] > git config --get commit.template [6ms]
2023-03-22 12:16:58.913 [info] > git remote --verbose [24ms]
2023-03-22 12:16:58.936 [info] > git for-each-ref --format=%(refname)%00%(upstream:short)%00%(objectname) refs/heads/main refs/remotes/main [3ms]
2023-03-22 12:16:58.957 [info] > git rev-list --left-right --count main...origin/main [4ms]
2023-03-22 12:16:59.443 [info] > git status -z -uall [466ms]
2023-03-22 12:17:04.471 [warning] getRemotes() - ENOENT: no such file or directory, open '/home/mmihovilovic/--git-common-dir/config'
2023-03-22 12:17:04.488 [info] > git remote --verbose [17ms]
2023-03-22 12:17:04.489 [info] > git config --get commit.template [2ms]
2023-03-22 12:17:04.507 [info] > git for-each-ref --format=%(refname)%00%(upstream:short)%00%(objectname) refs/heads/main refs/remotes/main [3ms]
2023-03-22 12:17:04.525 [info] > git rev-list --left-right --count main...origin/main [2ms]
2023-03-22 12:17:05.007 [info] > git status -z -uall [466ms]
2023-03-22 12:17:10.043 [warning] getRemotes() - ENOENT: no such file or directory, open '/home/mmihovilovic/--git-common-dir/config'
2023-03-22 12:17:10.062 [info] > git config --get commit.template [3ms]
2023-03-22 12:17:10.062 [info] > git remote --verbose [19ms]
2023-03-22 12:17:10.080 [info] > git for-each-ref --format=%(refname)%00%(upstream:short)%00%(objectname) refs/heads/main refs/remotes/main [2ms]
2023-03-22 12:17:10.098 [info] > git rev-list --left-right --count main...origin/main [3ms]
2023-03-22 12:17:10.578 [info] > git status -z -uall [464ms]
2023-03-22 12:17:15.606 [warning] getRemotes() - ENOENT: no such file or directory, open '/home/mmihovilovic/--git-common-dir/config'
2023-03-22 12:17:15.624 [info] > git remote --verbose [17ms]
2023-03-22 12:17:15.624 [info] > git config --get commit.template [2ms]
2023-03-22 12:17:15.642 [info] > git for-each-ref --format=%(refname)%00%(upstream:short)%00%(objectname) refs/heads/main refs/remotes/main [3ms]
2023-03-22 12:17:15.660 [info] > git rev-list --left-right --count main...origin/main [3ms]
2023-03-22 12:17:16.139 [info] > git status -z -uall [464ms]
2023-03-22 12:17:21.171 [warning] getRemotes() - ENOENT: no such file or directory, open '/home/mmihovilovic/--git-common-dir/config'
2023-03-22 12:17:21.188 [info] > git remote --verbose [17ms]
2023-03-22 12:17:21.188 [info] > git config --get commit.template [2ms]
2023-03-22 12:17:21.206 [info] > git for-each-ref --format=%(refname)%00%(upstream:short)%00%(objectname) refs/heads/main refs/remotes/main [2ms]
2023-03-22 12:17:21.224 [info] > git rev-list --left-right --count main...origin/main [2ms]
2023-03-22 12:17:21.709 [info] > git status -z -uall [469ms]
2023-03-22 12:17:26.740 [warning] getRemotes() - ENOENT: no such file or directory, open '/home/mmihovilovic/--git-common-dir/config'
2023-03-22 12:17:26.757 [info] > git remote --verbose [17ms]
2023-03-22 12:17:26.758 [info] > git config --get commit.template [2ms]
2023-03-22 12:17:26.776 [info] > git for-each-ref --format=%(refname)%00%(upstream:short)%00%(objectname) refs/heads/main refs/remotes/main [3ms]
2023-03-22 12:17:26.794 [info] > git rev-list --left-right --count main...origin/main [3ms]
2023-03-22 12:17:27.278 [info] > git status -z -uall [465ms]
2023-03-22 12:17:32.309 [warning] getRemotes() - ENOENT: no such file or directory, open '/home/mmihovilovic/--git-common-dir/config'
2023-03-22 12:17:32.326 [info] > git remote --verbose [17ms]
2023-03-22 12:17:32.327 [info] > git config --get commit.template [3ms]
2023-03-22 12:17:32.345 [info] > git for-each-ref --format=%(refname)%00%(upstream:short)%00%(objectname) refs/heads/main refs/remotes/main [2ms]
2023-03-22 12:17:32.362 [info] > git rev-list --left-right --count main...origin/main [2ms]
2023-03-22 12:17:32.849 [info] > git status -z -uall [469ms]
