2023-03-24 14:55:54.622 [info] Log level: Info
2023-03-24 14:55:54.622 [info] Validating found git in: "git"
2023-03-24 14:55:54.623 [info] Using git "1.8.3.1" from "git"
2023-03-24 14:55:54.623 [info] > git rev-parse --show-toplevel [9ms]
2023-03-24 14:55:54.623 [info] > git rev-parse --git-dir --git-common-dir [16ms]
2023-03-24 14:55:54.623 [info] Open repository: /home/mmihovilovic
2023-03-24 14:55:54.623 [warning] getRemotes() - ENOENT: no such file or directory, open '/home/mmihovilovic/--git-common-dir/config'
2023-03-24 14:55:54.623 [info] > git config --get commit.template [7ms]
2023-03-24 14:55:54.623 [info] > git remote --verbose [22ms]
2023-03-24 14:55:54.623 [info] > git rev-parse --show-toplevel [35ms]
2023-03-24 14:55:54.623 [info] > git rev-parse --show-toplevel [27ms]
2023-03-24 14:55:54.623 [info] > git rev-parse --show-toplevel [11ms]
2023-03-24 14:55:54.623 [info] > git for-each-ref --format=%(refname)%00%(upstream:short)%00%(objectname) refs/heads/main refs/remotes/main [37ms]
2023-03-24 14:55:54.623 [info] > git rev-parse --show-toplevel [18ms]
2023-03-24 14:55:54.623 [info] > git rev-parse --show-toplevel [6ms]
2023-03-24 14:55:54.623 [info] > git rev-list --left-right --count main...origin/main [35ms]
2023-03-24 14:55:54.623 [info] > git rev-parse --show-toplevel [20ms]
2023-03-24 14:55:54.623 [info] > git rev-parse --show-toplevel [72ms]
2023-03-24 14:55:54.623 [info] > git rev-parse --show-toplevel [1ms]
2023-03-24 14:55:54.623 [info] > git rev-parse --show-toplevel [8ms]
2023-03-24 14:55:54.623 [info] > git rev-parse --show-toplevel [254ms]
2023-03-24 14:55:54.623 [info] > git rev-parse --show-toplevel [9ms]
2023-03-24 14:55:54.623 [info] > git rev-parse --show-toplevel [20ms]
2023-03-24 14:55:54.786 [info] > git rev-parse --show-toplevel [164ms]
2023-03-24 14:55:54.835 [info] > git rev-parse --show-toplevel [34ms]
2023-03-24 14:55:54.875 [info] > git check-ignore -v -z --stdin [52ms]
2023-03-24 14:55:54.883 [info] > git rev-parse --show-toplevel [31ms]
2023-03-24 14:55:54.921 [info] > git rev-parse --show-toplevel [24ms]
2023-03-24 14:55:54.941 [info] > git rev-parse --show-toplevel [5ms]
2023-03-24 14:55:54.968 [info] > git rev-parse --git-dir --git-common-dir [12ms]
2023-03-24 14:55:54.977 [info] Open repository: /home/mmihovilovic/vj11
2023-03-24 14:55:55.013 [warning] getRemotes() - ENOENT: no such file or directory, open '/home/mmihovilovic/vj11/--git-common-dir/config'
2023-03-24 14:55:55.032 [info] > git remote --verbose [18ms]
2023-03-24 14:55:55.032 [info] > git rev-parse --show-toplevel [37ms]
2023-03-24 14:55:55.050 [info] > git rev-parse --show-toplevel [4ms]
2023-03-24 14:55:55.064 [info] > git config --get commit.template [37ms]
2023-03-24 14:55:55.085 [info] > git rev-parse --show-toplevel [22ms]
2023-03-24 14:55:55.104 [info] > git for-each-ref --format=%(refname)%00%(upstream:short)%00%(objectname) refs/heads/master refs/remotes/master [25ms]
2023-03-24 14:55:55.123 [info] > git rev-parse --show-toplevel [25ms]
2023-03-24 14:55:55.140 [info] > git status -z -uall [23ms]
2023-03-24 14:55:55.170 [warning] getRemotes() - ENOENT: no such file or directory, open '/home/mmihovilovic/vj11/--git-common-dir/config'
2023-03-24 14:55:55.184 [info] > git rev-parse --show-toplevel [49ms]
2023-03-24 14:55:55.203 [info] > git config --get commit.template [20ms]
2023-03-24 14:55:55.203 [info] > git remote --verbose [33ms]
2023-03-24 14:55:55.210 [info] > git rev-parse --show-toplevel [13ms]
2023-03-24 14:55:55.284 [info] > git for-each-ref --format=%(refname)%00%(upstream:short)%00%(objectname) refs/heads/master refs/remotes/master [37ms]
2023-03-24 14:55:55.299 [info] > git rev-parse --show-toplevel [72ms]
2023-03-24 14:55:55.316 [info] > git status -z -uall [18ms]
2023-03-24 14:55:55.324 [info] > git rev-parse --show-toplevel [12ms]
2023-03-24 14:55:55.341 [info] > git rev-parse --git-dir --git-common-dir [6ms]
2023-03-24 14:55:55.349 [info] Open repository: /home/mmihovilovic/vj6
2023-03-24 14:55:55.380 [warning] getRemotes() - ENOENT: no such file or directory, open '/home/mmihovilovic/vj6/--git-common-dir/config'
2023-03-24 14:55:55.397 [info] > git remote --verbose [17ms]
2023-03-24 14:55:55.398 [info] > git rev-parse --show-toplevel [37ms]
2023-03-24 14:55:55.429 [info] > git rev-parse --show-toplevel [19ms]
2023-03-24 14:55:55.445 [info] > git config --get commit.template [53ms]
2023-03-24 14:55:55.515 [info] > git check-ignore -v -z --stdin [92ms]
2023-03-24 14:55:55.517 [info] > git rev-parse --show-toplevel [73ms]
2023-03-24 14:55:55.535 [info] > git rev-parse --show-toplevel [6ms]
2023-03-24 14:55:55.542 [info] > git for-each-ref --format=%(refname)%00%(upstream:short)%00%(objectname) refs/heads/master refs/remotes/master [28ms]
2023-03-24 14:55:55.570 [info] > git status -z -uall [16ms]
2023-03-24 14:55:55.593 [warning] getRemotes() - ENOENT: no such file or directory, open '/home/mmihovilovic/vj6/--git-common-dir/config'
2023-03-24 14:55:55.610 [info] > git remote --verbose [16ms]
2023-03-24 14:55:55.614 [info] > git config --get commit.template [9ms]
2023-03-24 14:55:55.637 [info] > git for-each-ref --format=%(refname)%00%(upstream:short)%00%(objectname) refs/heads/master refs/remotes/master [10ms]
2023-03-24 14:55:55.666 [info] > git status -z -uall [15ms]
2023-03-24 14:55:56.379 [info] > git check-ignore -v -z --stdin [18ms]
2023-03-24 14:55:56.381 [info] > git check-ignore -v -z --stdin [5ms]
2023-03-24 14:55:56.388 [info] > git check-ignore -v -z --stdin [42ms]
2023-03-24 14:55:56.543 [info] > git status -z -uall [2388ms]
2023-03-24 14:55:56.571 [warning] getRemotes() - ENOENT: no such file or directory, open '/home/mmihovilovic/--git-common-dir/config'
2023-03-24 14:55:56.599 [info] > git remote --verbose [28ms]
2023-03-24 14:55:56.600 [info] > git config --get commit.template [11ms]
2023-03-24 14:55:56.622 [info] > git for-each-ref --format=%(refname)%00%(upstream:short)%00%(objectname) refs/heads/main refs/remotes/main [5ms]
2023-03-24 14:55:56.642 [info] > git rev-list --left-right --count main...origin/main [3ms]
2023-03-24 14:55:56.983 [info] > git check-ignore -v -z --stdin [9ms]
2023-03-24 14:55:58.035 [info] > git check-ignore -v -z --stdin [10ms]
2023-03-24 14:55:59.030 [info] > git status -z -uall [2370ms]
2023-03-24 14:55:59.544 [info] > git show --textconv :Ispit_2rok/z2/Analyzer.cpp [19ms]
2023-03-24 14:55:59.552 [info] > git ls-files --stage -- /home/mmihovilovic/Ispit_2rok/z2/Analyzer.cpp [9ms]
2023-03-24 14:55:59.569 [info] > git cat-file -s a9d84a9933d63378c267c2bc76c7f1b05612cabf [2ms]
2023-03-24 14:56:00.965 [warning] getRemotes() - ENOENT: no such file or directory, open '/home/mmihovilovic/--git-common-dir/config'
2023-03-24 14:56:00.984 [info] > git remote --verbose [20ms]
2023-03-24 14:56:00.986 [info] > git config --get commit.template [2ms]
2023-03-24 14:56:01.005 [info] > git for-each-ref --format=%(refname)%00%(upstream:short)%00%(objectname) refs/heads/main refs/remotes/main [2ms]
2023-03-24 14:56:01.028 [info] > git rev-list --left-right --count main...origin/main [5ms]
2023-03-24 14:56:03.396 [info] > git status -z -uall [2350ms]
2023-03-24 14:56:08.916 [warning] getRemotes() - ENOENT: no such file or directory, open '/home/mmihovilovic/--git-common-dir/config'
2023-03-24 14:56:08.935 [info] > git remote --verbose [20ms]
2023-03-24 14:56:08.937 [info] > git config --get commit.template [4ms]
2023-03-24 14:56:08.957 [info] > git for-each-ref --format=%(refname)%00%(upstream:short)%00%(objectname) refs/heads/main refs/remotes/main [2ms]
2023-03-24 14:56:08.976 [info] > git rev-list --left-right --count main...origin/main [3ms]
2023-03-24 14:56:11.352 [info] > git status -z -uall [2359ms]
2023-03-24 14:56:16.381 [warning] getRemotes() - ENOENT: no such file or directory, open '/home/mmihovilovic/--git-common-dir/config'
2023-03-24 14:56:16.400 [info] > git remote --verbose [19ms]
2023-03-24 14:56:16.401 [info] > git config --get commit.template [2ms]
2023-03-24 14:56:16.423 [info] > git for-each-ref --format=%(refname)%00%(upstream:short)%00%(objectname) refs/heads/main refs/remotes/main [3ms]
2023-03-24 14:56:16.444 [info] > git rev-list --left-right --count main...origin/main [2ms]
2023-03-24 14:56:18.815 [info] > git status -z -uall [2353ms]
2023-03-24 14:56:23.841 [warning] getRemotes() - ENOENT: no such file or directory, open '/home/mmihovilovic/--git-common-dir/config'
2023-03-24 14:56:23.862 [info] > git remote --verbose [22ms]
2023-03-24 14:56:23.863 [info] > git config --get commit.template [3ms]
2023-03-24 14:56:23.885 [info] > git for-each-ref --format=%(refname)%00%(upstream:short)%00%(objectname) refs/heads/main refs/remotes/main [3ms]
2023-03-24 14:56:23.905 [info] > git rev-list --left-right --count main...origin/main [3ms]
2023-03-24 14:56:26.289 [info] > git status -z -uall [2363ms]
2023-03-24 14:56:31.315 [warning] getRemotes() - ENOENT: no such file or directory, open '/home/mmihovilovic/--git-common-dir/config'
2023-03-24 14:56:31.336 [info] > git remote --verbose [21ms]
2023-03-24 14:56:31.337 [info] > git config --get commit.template [3ms]
2023-03-24 14:56:31.358 [info] > git for-each-ref --format=%(refname)%00%(upstream:short)%00%(objectname) refs/heads/main refs/remotes/main [3ms]
2023-03-24 14:56:31.378 [info] > git rev-list --left-right --count main...origin/main [2ms]
2023-03-24 14:56:33.790 [info] > git status -z -uall [2391ms]
2023-03-24 14:56:38.814 [warning] getRemotes() - ENOENT: no such file or directory, open '/home/mmihovilovic/--git-common-dir/config'
2023-03-24 14:56:38.830 [info] > git remote --verbose [17ms]
2023-03-24 14:56:38.832 [info] > git config --get commit.template [3ms]
2023-03-24 14:56:38.848 [info] > git for-each-ref --format=%(refname)%00%(upstream:short)%00%(objectname) refs/heads/main refs/remotes/main [2ms]
2023-03-24 14:56:38.867 [info] > git rev-list --left-right --count main...origin/main [2ms]
2023-03-24 14:56:41.240 [info] > git status -z -uall [2358ms]
2023-03-24 14:56:43.493 [info] > git show --textconv :Ispit_2rok/z2/Analyzer.C [30ms]
2023-03-24 14:56:43.497 [info] > git ls-files --stage -- /home/mmihovilovic/Ispit_2rok/z2/Analyzer.C [8ms]
2023-03-24 14:56:43.518 [info] > git cat-file -s 275b32884cf96aedd895a203abed6e6291f0b29f [3ms]
2023-03-24 14:56:44.685 [info] > git show --textconv :Ispit_2rok/z2/analyze.cpp [16ms]
2023-03-24 14:56:44.693 [info] > git ls-files --stage -- /home/mmihovilovic/Ispit_2rok/z2/analyze.cpp [9ms]
2023-03-24 14:56:44.711 [info] > git cat-file -s f68fcf839d6be3e0b043be9c64f94bd6d9e3bc31 [2ms]
2023-03-24 14:56:46.265 [warning] getRemotes() - ENOENT: no such file or directory, open '/home/mmihovilovic/--git-common-dir/config'
2023-03-24 14:56:46.282 [info] > git remote --verbose [16ms]
2023-03-24 14:56:46.284 [info] > git config --get commit.template [3ms]
2023-03-24 14:56:46.302 [info] > git for-each-ref --format=%(refname)%00%(upstream:short)%00%(objectname) refs/heads/main refs/remotes/main [3ms]
2023-03-24 14:56:46.321 [info] > git rev-list --left-right --count main...origin/main [3ms]
2023-03-24 14:56:48.702 [info] > git status -z -uall [2365ms]
2023-03-24 14:56:53.726 [warning] getRemotes() - ENOENT: no such file or directory, open '/home/mmihovilovic/--git-common-dir/config'
2023-03-24 14:56:53.742 [info] > git remote --verbose [16ms]
2023-03-24 14:56:53.743 [info] > git config --get commit.template [2ms]
2023-03-24 14:56:53.760 [info] > git for-each-ref --format=%(refname)%00%(upstream:short)%00%(objectname) refs/heads/main refs/remotes/main [3ms]
2023-03-24 14:56:53.777 [info] > git rev-list --left-right --count main...origin/main [3ms]
2023-03-24 14:56:55.148 [info] > git ls-files --stage -- /home/mmihovilovic/Ispit_2rok/z2/analyze.cpp [9ms]
2023-03-24 14:56:55.169 [info] > git cat-file -s f68fcf839d6be3e0b043be9c64f94bd6d9e3bc31 [2ms]
2023-03-24 14:56:55.221 [info] > git show --textconv :Ispit_2rok/z2/analyze.cpp [9ms]
2023-03-24 14:56:56.187 [info] > git status -z -uall [2396ms]
2023-03-24 14:57:01.210 [warning] getRemotes() - ENOENT: no such file or directory, open '/home/mmihovilovic/--git-common-dir/config'
2023-03-24 14:57:01.228 [info] > git remote --verbose [17ms]
2023-03-24 14:57:01.228 [info] > git config --get commit.template [2ms]
2023-03-24 14:57:01.246 [info] > git for-each-ref --format=%(refname)%00%(upstream:short)%00%(objectname) refs/heads/main refs/remotes/main [3ms]
2023-03-24 14:57:01.265 [info] > git rev-list --left-right --count main...origin/main [2ms]
2023-03-24 14:57:02.864 [info] > git show --textconv :Ispit_2rok/z2/Analyzer.cpp [18ms]
2023-03-24 14:57:02.872 [info] > git ls-files --stage -- /home/mmihovilovic/Ispit_2rok/z2/Analyzer.cpp [10ms]
2023-03-24 14:57:02.886 [info] > git cat-file -s a9d84a9933d63378c267c2bc76c7f1b05612cabf [2ms]
2023-03-24 14:57:03.649 [info] > git status -z -uall [2369ms]
2023-03-24 14:57:08.675 [warning] getRemotes() - ENOENT: no such file or directory, open '/home/mmihovilovic/--git-common-dir/config'
2023-03-24 14:57:08.691 [info] > git remote --verbose [15ms]
2023-03-24 14:57:08.692 [info] > git config --get commit.template [2ms]
2023-03-24 14:57:08.708 [info] > git for-each-ref --format=%(refname)%00%(upstream:short)%00%(objectname) refs/heads/main refs/remotes/main [3ms]
2023-03-24 14:57:08.726 [info] > git rev-list --left-right --count main...origin/main [4ms]
2023-03-24 14:57:11.095 [info] > git status -z -uall [2354ms]
2023-03-24 14:57:16.116 [warning] getRemotes() - ENOENT: no such file or directory, open '/home/mmihovilovic/--git-common-dir/config'
2023-03-24 14:57:16.133 [info] > git remote --verbose [17ms]
2023-03-24 14:57:16.134 [info] > git config --get commit.template [2ms]
2023-03-24 14:57:16.151 [info] > git for-each-ref --format=%(refname)%00%(upstream:short)%00%(objectname) refs/heads/main refs/remotes/main [3ms]
2023-03-24 14:57:16.167 [info] > git rev-list --left-right --count main...origin/main [2ms]
2023-03-24 14:57:18.535 [info] > git status -z -uall [2354ms]
2023-03-24 14:57:23.558 [warning] getRemotes() - ENOENT: no such file or directory, open '/home/mmihovilovic/--git-common-dir/config'
2023-03-24 14:57:23.573 [info] > git remote --verbose [16ms]
2023-03-24 14:57:23.574 [info] > git config --get commit.template [3ms]
2023-03-24 14:57:23.590 [info] > git for-each-ref --format=%(refname)%00%(upstream:short)%00%(objectname) refs/heads/main refs/remotes/main [2ms]
2023-03-24 14:57:23.607 [info] > git rev-list --left-right --count main...origin/main [2ms]
2023-03-24 14:57:25.987 [info] > git status -z -uall [2366ms]
2023-03-24 14:57:31.008 [warning] getRemotes() - ENOENT: no such file or directory, open '/home/mmihovilovic/--git-common-dir/config'
2023-03-24 14:57:31.024 [info] > git remote --verbose [16ms]
2023-03-24 14:57:31.025 [info] > git config --get commit.template [3ms]
2023-03-24 14:57:31.041 [info] > git for-each-ref --format=%(refname)%00%(upstream:short)%00%(objectname) refs/heads/main refs/remotes/main [3ms]
2023-03-24 14:57:31.058 [info] > git rev-list --left-right --count main...origin/main [3ms]
2023-03-24 14:57:33.437 [info] > git status -z -uall [2365ms]
2023-03-24 14:57:35.320 [info] > git show --textconv :Ispit_2rok/z2/Analyzer.cpp [18ms]
2023-03-24 14:57:35.328 [info] > git ls-files --stage -- /home/mmihovilovic/Ispit_2rok/z2/Analyzer.cpp [9ms]
2023-03-24 14:57:35.346 [info] > git cat-file -s a9d84a9933d63378c267c2bc76c7f1b05612cabf [2ms]
2023-03-24 14:57:38.462 [warning] getRemotes() - ENOENT: no such file or directory, open '/home/mmihovilovic/--git-common-dir/config'
2023-03-24 14:57:38.478 [info] > git remote --verbose [16ms]
2023-03-24 14:57:38.480 [info] > git config --get commit.template [3ms]
2023-03-24 14:57:38.497 [info] > git for-each-ref --format=%(refname)%00%(upstream:short)%00%(objectname) refs/heads/main refs/remotes/main [2ms]
2023-03-24 14:57:38.513 [info] > git rev-list --left-right --count main...origin/main [2ms]
2023-03-24 14:57:40.912 [info] > git status -z -uall [2383ms]
2023-03-24 14:57:45.937 [warning] getRemotes() - ENOENT: no such file or directory, open '/home/mmihovilovic/--git-common-dir/config'
2023-03-24 14:57:45.951 [info] > git remote --verbose [15ms]
2023-03-24 14:57:45.952 [info] > git config --get commit.template [2ms]
2023-03-24 14:57:45.970 [info] > git for-each-ref --format=%(refname)%00%(upstream:short)%00%(objectname) refs/heads/main refs/remotes/main [3ms]
2023-03-24 14:57:45.987 [info] > git rev-list --left-right --count main...origin/main [3ms]
2023-03-24 14:57:47.997 [info] > git show --textconv :Ispit_2rok/z2/analyze.cpp [16ms]
2023-03-24 14:57:48.004 [info] > git ls-files --stage -- /home/mmihovilovic/Ispit_2rok/z2/analyze.cpp [9ms]
2023-03-24 14:57:48.019 [info] > git cat-file -s f68fcf839d6be3e0b043be9c64f94bd6d9e3bc31 [2ms]
2023-03-24 14:57:48.373 [info] > git status -z -uall [2370ms]
2023-03-24 14:57:52.244 [info] > git show --textconv :Ispit_2rok/z2/Analyzer.cpp [18ms]
2023-03-24 14:57:52.252 [info] > git ls-files --stage -- /home/mmihovilovic/Ispit_2rok/z2/Analyzer.cpp [9ms]
2023-03-24 14:57:52.270 [info] > git cat-file -s a9d84a9933d63378c267c2bc76c7f1b05612cabf [2ms]
2023-03-24 14:57:53.397 [warning] getRemotes() - ENOENT: no such file or directory, open '/home/mmihovilovic/--git-common-dir/config'
2023-03-24 14:57:53.415 [info] > git remote --verbose [17ms]
2023-03-24 14:57:53.416 [info] > git config --get commit.template [3ms]
2023-03-24 14:57:53.434 [info] > git for-each-ref --format=%(refname)%00%(upstream:short)%00%(objectname) refs/heads/main refs/remotes/main [2ms]
2023-03-24 14:57:53.452 [info] > git rev-list --left-right --count main...origin/main [2ms]
2023-03-24 14:57:55.841 [info] > git status -z -uall [2373ms]
2023-03-24 14:57:56.890 [info] > git show --textconv :Ispit_2rok/z2/analyze.cpp [18ms]
2023-03-24 14:57:56.897 [info] > git ls-files --stage -- /home/mmihovilovic/Ispit_2rok/z2/analyze.cpp [8ms]
2023-03-24 14:57:56.913 [info] > git cat-file -s f68fcf839d6be3e0b043be9c64f94bd6d9e3bc31 [3ms]
2023-03-24 14:58:00.864 [warning] getRemotes() - ENOENT: no such file or directory, open '/home/mmihovilovic/--git-common-dir/config'
2023-03-24 14:58:00.880 [info] > git remote --verbose [17ms]
2023-03-24 14:58:00.881 [info] > git config --get commit.template [2ms]
2023-03-24 14:58:00.898 [info] > git for-each-ref --format=%(refname)%00%(upstream:short)%00%(objectname) refs/heads/main refs/remotes/main [3ms]
2023-03-24 14:58:00.918 [info] > git rev-list --left-right --count main...origin/main [2ms]
2023-03-24 14:58:03.302 [info] > git status -z -uall [2369ms]
2023-03-24 14:58:08.325 [warning] getRemotes() - ENOENT: no such file or directory, open '/home/mmihovilovic/--git-common-dir/config'
2023-03-24 14:58:08.343 [info] > git remote --verbose [17ms]
2023-03-24 14:58:08.343 [info] > git config --get commit.template [2ms]
2023-03-24 14:58:08.365 [info] > git for-each-ref --format=%(refname)%00%(upstream:short)%00%(objectname) refs/heads/main refs/remotes/main [3ms]
2023-03-24 14:58:08.387 [info] > git rev-list --left-right --count main...origin/main [2ms]
2023-03-24 14:58:10.758 [info] > git status -z -uall [2355ms]
2023-03-24 14:58:13.819 [info] > git show --textconv :Ispit_2rok/z2/Analyzer.cpp [16ms]
2023-03-24 14:58:13.827 [info] > git ls-files --stage -- /home/mmihovilovic/Ispit_2rok/z2/Analyzer.cpp [9ms]
2023-03-24 14:58:13.847 [info] > git cat-file -s a9d84a9933d63378c267c2bc76c7f1b05612cabf [2ms]
2023-03-24 14:58:15.783 [warning] getRemotes() - ENOENT: no such file or directory, open '/home/mmihovilovic/--git-common-dir/config'
2023-03-24 14:58:15.799 [info] > git remote --verbose [17ms]
2023-03-24 14:58:15.800 [info] > git config --get commit.template [3ms]
2023-03-24 14:58:15.819 [info] > git for-each-ref --format=%(refname)%00%(upstream:short)%00%(objectname) refs/heads/main refs/remotes/main [2ms]
2023-03-24 14:58:15.837 [info] > git rev-list --left-right --count main...origin/main [2ms]
2023-03-24 14:58:18.215 [info] > git status -z -uall [2363ms]
2023-03-24 14:58:20.283 [info] > git show --textconv :Ispit_2rok/z2/Analyzer.h [16ms]
2023-03-24 14:58:20.290 [info] > git ls-files --stage -- /home/mmihovilovic/Ispit_2rok/z2/Analyzer.h [9ms]
2023-03-24 14:58:20.305 [info] > git cat-file -s 65e1c3cc4a3ab06672fd41f95ba2c92a206dc790 [2ms]
2023-03-24 14:58:23.236 [warning] getRemotes() - ENOENT: no such file or directory, open '/home/mmihovilovic/--git-common-dir/config'
2023-03-24 14:58:23.252 [info] > git remote --verbose [16ms]
2023-03-24 14:58:23.253 [info] > git config --get commit.template [2ms]
2023-03-24 14:58:23.270 [info] > git for-each-ref --format=%(refname)%00%(upstream:short)%00%(objectname) refs/heads/main refs/remotes/main [2ms]
2023-03-24 14:58:23.290 [info] > git rev-list --left-right --count main...origin/main [2ms]
2023-03-24 14:58:25.667 [info] > git status -z -uall [2362ms]
2023-03-24 14:58:30.691 [warning] getRemotes() - ENOENT: no such file or directory, open '/home/mmihovilovic/--git-common-dir/config'
2023-03-24 14:58:30.708 [info] > git config --get commit.template [3ms]
2023-03-24 14:58:30.708 [info] > git remote --verbose [18ms]
2023-03-24 14:58:30.726 [info] > git for-each-ref --format=%(refname)%00%(upstream:short)%00%(objectname) refs/heads/main refs/remotes/main [2ms]
2023-03-24 14:58:30.743 [info] > git rev-list --left-right --count main...origin/main [2ms]
2023-03-24 14:58:33.121 [info] > git status -z -uall [2363ms]
2023-03-24 14:58:38.145 [warning] getRemotes() - ENOENT: no such file or directory, open '/home/mmihovilovic/--git-common-dir/config'
2023-03-24 14:58:38.161 [info] > git remote --verbose [16ms]
2023-03-24 14:58:38.162 [info] > git config --get commit.template [2ms]
2023-03-24 14:58:38.181 [info] > git for-each-ref --format=%(refname)%00%(upstream:short)%00%(objectname) refs/heads/main refs/remotes/main [2ms]
2023-03-24 14:58:38.199 [info] > git rev-list --left-right --count main...origin/main [3ms]
2023-03-24 14:58:40.575 [info] > git status -z -uall [2361ms]
2023-03-24 14:58:45.600 [warning] getRemotes() - ENOENT: no such file or directory, open '/home/mmihovilovic/--git-common-dir/config'
2023-03-24 14:58:45.618 [info] > git remote --verbose [19ms]
2023-03-24 14:58:45.634 [info] > git config --get commit.template [17ms]
2023-03-24 14:58:45.635 [info] > git for-each-ref --format=%(refname)%00%(upstream:short)%00%(objectname) refs/heads/main refs/remotes/main [2ms]
2023-03-24 14:58:45.653 [info] > git rev-list --left-right --count main...origin/main [2ms]
2023-03-24 14:58:48.043 [info] > git status -z -uall [2373ms]
2023-03-24 14:58:53.066 [warning] getRemotes() - ENOENT: no such file or directory, open '/home/mmihovilovic/--git-common-dir/config'
2023-03-24 14:58:53.082 [info] > git remote --verbose [16ms]
2023-03-24 14:58:53.082 [info] > git config --get commit.template [2ms]
2023-03-24 14:58:53.099 [info] > git for-each-ref --format=%(refname)%00%(upstream:short)%00%(objectname) refs/heads/main refs/remotes/main [2ms]
2023-03-24 14:58:53.117 [info] > git rev-list --left-right --count main...origin/main [2ms]
2023-03-24 14:58:55.486 [info] > git status -z -uall [2355ms]
2023-03-24 14:58:59.467 [info] > git show --textconv :Ispit_2rok/z2/Analyzer.cpp [17ms]
2023-03-24 14:58:59.476 [info] > git ls-files --stage -- /home/mmihovilovic/Ispit_2rok/z2/Analyzer.cpp [10ms]
2023-03-24 14:58:59.493 [info] > git cat-file -s a9d84a9933d63378c267c2bc76c7f1b05612cabf [2ms]
2023-03-24 14:59:00.512 [warning] getRemotes() - ENOENT: no such file or directory, open '/home/mmihovilovic/--git-common-dir/config'
2023-03-24 14:59:00.529 [info] > git remote --verbose [17ms]
2023-03-24 14:59:00.530 [info] > git config --get commit.template [2ms]
2023-03-24 14:59:00.547 [info] > git for-each-ref --format=%(refname)%00%(upstream:short)%00%(objectname) refs/heads/main refs/remotes/main [2ms]
2023-03-24 14:59:00.567 [info] > git rev-list --left-right --count main...origin/main [4ms]
2023-03-24 14:59:02.960 [info] > git status -z -uall [2376ms]
2023-03-24 14:59:07.987 [warning] getRemotes() - ENOENT: no such file or directory, open '/home/mmihovilovic/--git-common-dir/config'
2023-03-24 14:59:08.004 [info] > git remote --verbose [17ms]
2023-03-24 14:59:08.005 [info] > git config --get commit.template [2ms]
2023-03-24 14:59:08.022 [info] > git for-each-ref --format=%(refname)%00%(upstream:short)%00%(objectname) refs/heads/main refs/remotes/main [2ms]
2023-03-24 14:59:08.040 [info] > git rev-list --left-right --count main...origin/main [3ms]
2023-03-24 14:59:10.426 [info] > git status -z -uall [2368ms]
2023-03-24 14:59:15.454 [warning] getRemotes() - ENOENT: no such file or directory, open '/home/mmihovilovic/--git-common-dir/config'
2023-03-24 14:59:15.477 [info] > git remote --verbose [23ms]
2023-03-24 14:59:15.478 [info] > git config --get commit.template [3ms]
2023-03-24 14:59:15.498 [info] > git for-each-ref --format=%(refname)%00%(upstream:short)%00%(objectname) refs/heads/main refs/remotes/main [2ms]
2023-03-24 14:59:15.516 [info] > git rev-list --left-right --count main...origin/main [3ms]
2023-03-24 14:59:17.901 [info] > git status -z -uall [2370ms]
2023-03-24 14:59:22.931 [warning] getRemotes() - ENOENT: no such file or directory, open '/home/mmihovilovic/--git-common-dir/config'
2023-03-24 14:59:22.949 [info] > git remote --verbose [18ms]
2023-03-24 14:59:22.951 [info] > git config --get commit.template [4ms]
2023-03-24 14:59:22.970 [info] > git for-each-ref --format=%(refname)%00%(upstream:short)%00%(objectname) refs/heads/main refs/remotes/main [3ms]
2023-03-24 14:59:22.988 [info] > git rev-list --left-right --count main...origin/main [3ms]
2023-03-24 14:59:25.366 [info] > git status -z -uall [2360ms]
2023-03-24 14:59:30.392 [warning] getRemotes() - ENOENT: no such file or directory, open '/home/mmihovilovic/--git-common-dir/config'
2023-03-24 14:59:30.411 [info] > git remote --verbose [20ms]
2023-03-24 14:59:30.412 [info] > git config --get commit.template [3ms]
2023-03-24 14:59:30.430 [info] > git for-each-ref --format=%(refname)%00%(upstream:short)%00%(objectname) refs/heads/main refs/remotes/main [2ms]
2023-03-24 14:59:30.450 [info] > git rev-list --left-right --count main...origin/main [3ms]
2023-03-24 14:59:32.830 [info] > git status -z -uall [2360ms]
2023-03-24 14:59:35.073 [info] > git show --textconv :Ispit_2rok/z2/Analyzer.cpp [18ms]
2023-03-24 14:59:35.081 [info] > git ls-files --stage -- /home/mmihovilovic/Ispit_2rok/z2/Analyzer.cpp [9ms]
2023-03-24 14:59:35.098 [info] > git cat-file -s a9d84a9933d63378c267c2bc76c7f1b05612cabf [2ms]
2023-03-24 14:59:37.854 [warning] getRemotes() - ENOENT: no such file or directory, open '/home/mmihovilovic/--git-common-dir/config'
2023-03-24 14:59:37.873 [info] > git remote --verbose [19ms]
2023-03-24 14:59:37.875 [info] > git config --get commit.template [4ms]
2023-03-24 14:59:37.895 [info] > git for-each-ref --format=%(refname)%00%(upstream:short)%00%(objectname) refs/heads/main refs/remotes/main [2ms]
2023-03-24 14:59:37.914 [info] > git rev-list --left-right --count main...origin/main [3ms]
2023-03-24 14:59:40.294 [info] > git status -z -uall [2363ms]
2023-03-24 14:59:45.317 [warning] getRemotes() - ENOENT: no such file or directory, open '/home/mmihovilovic/--git-common-dir/config'
2023-03-24 14:59:45.334 [info] > git remote --verbose [17ms]
2023-03-24 14:59:45.335 [info] > git config --get commit.template [2ms]
2023-03-24 14:59:45.353 [info] > git for-each-ref --format=%(refname)%00%(upstream:short)%00%(objectname) refs/heads/main refs/remotes/main [3ms]
2023-03-24 14:59:45.374 [info] > git rev-list --left-right --count main...origin/main [2ms]
2023-03-24 14:59:47.752 [info] > git status -z -uall [2362ms]
2023-03-24 14:59:52.776 [warning] getRemotes() - ENOENT: no such file or directory, open '/home/mmihovilovic/--git-common-dir/config'
2023-03-24 14:59:52.793 [info] > git remote --verbose [18ms]
2023-03-24 14:59:52.794 [info] > git config --get commit.template [3ms]
2023-03-24 14:59:52.812 [info] > git for-each-ref --format=%(refname)%00%(upstream:short)%00%(objectname) refs/heads/main refs/remotes/main [3ms]
2023-03-24 14:59:52.830 [info] > git rev-list --left-right --count main...origin/main [3ms]
2023-03-24 14:59:55.222 [info] > git status -z -uall [2374ms]
2023-03-24 15:00:00.243 [warning] getRemotes() - ENOENT: no such file or directory, open '/home/mmihovilovic/--git-common-dir/config'
2023-03-24 15:00:00.261 [info] > git remote --verbose [17ms]
2023-03-24 15:00:00.261 [info] > git config --get commit.template [2ms]
2023-03-24 15:00:00.280 [info] > git for-each-ref --format=%(refname)%00%(upstream:short)%00%(objectname) refs/heads/main refs/remotes/main [2ms]
2023-03-24 15:00:00.298 [info] > git rev-list --left-right --count main...origin/main [2ms]
2023-03-24 15:00:02.689 [info] > git status -z -uall [2376ms]
2023-03-24 15:00:07.716 [warning] getRemotes() - ENOENT: no such file or directory, open '/home/mmihovilovic/--git-common-dir/config'
2023-03-24 15:00:07.733 [info] > git remote --verbose [17ms]
2023-03-24 15:00:07.733 [info] > git config --get commit.template [2ms]
2023-03-24 15:00:07.752 [info] > git for-each-ref --format=%(refname)%00%(upstream:short)%00%(objectname) refs/heads/main refs/remotes/main [2ms]
2023-03-24 15:00:07.769 [info] > git rev-list --left-right --count main...origin/main [2ms]
2023-03-24 15:00:10.151 [info] > git status -z -uall [2363ms]
2023-03-24 15:00:14.075 [info] > git show --textconv :Ispit_2rok/z2/Analyzer.C [19ms]
2023-03-24 15:00:14.083 [info] > git ls-files --stage -- /home/mmihovilovic/Ispit_2rok/z2/Analyzer.C [10ms]
2023-03-24 15:00:14.102 [info] > git cat-file -s 275b32884cf96aedd895a203abed6e6291f0b29f [2ms]
2023-03-24 15:00:15.174 [warning] getRemotes() - ENOENT: no such file or directory, open '/home/mmihovilovic/--git-common-dir/config'
2023-03-24 15:00:15.193 [info] > git config --get commit.template [4ms]
2023-03-24 15:00:15.194 [info] > git remote --verbose [21ms]
2023-03-24 15:00:15.225 [info] > git for-each-ref --format=%(refname)%00%(upstream:short)%00%(objectname) refs/heads/main refs/remotes/main [10ms]
2023-03-24 15:00:15.248 [info] > git rev-list --left-right --count main...origin/main [4ms]
2023-03-24 15:00:15.440 [info] > git show --textconv :Ispit_2rok/z2/Analyzer.h [17ms]
2023-03-24 15:00:15.448 [info] > git ls-files --stage -- /home/mmihovilovic/Ispit_2rok/z2/Analyzer.h [9ms]
2023-03-24 15:00:15.465 [info] > git cat-file -s 65e1c3cc4a3ab06672fd41f95ba2c92a206dc790 [3ms]
2023-03-24 15:00:17.636 [info] > git status -z -uall [2371ms]
2023-03-24 15:00:22.657 [warning] getRemotes() - ENOENT: no such file or directory, open '/home/mmihovilovic/--git-common-dir/config'
2023-03-24 15:00:22.682 [info] > git remote --verbose [25ms]
2023-03-24 15:00:22.683 [info] > git config --get commit.template [11ms]
2023-03-24 15:00:22.699 [info] > git for-each-ref --format=%(refname)%00%(upstream:short)%00%(objectname) refs/heads/main refs/remotes/main [3ms]
2023-03-24 15:00:22.719 [info] > git rev-list --left-right --count main...origin/main [2ms]
2023-03-24 15:00:25.104 [info] > git status -z -uall [2370ms]
2023-03-24 15:00:30.128 [warning] getRemotes() - ENOENT: no such file or directory, open '/home/mmihovilovic/--git-common-dir/config'
2023-03-24 15:00:30.146 [info] > git remote --verbose [17ms]
2023-03-24 15:00:30.146 [info] > git config --get commit.template [2ms]
2023-03-24 15:00:30.164 [info] > git for-each-ref --format=%(refname)%00%(upstream:short)%00%(objectname) refs/heads/main refs/remotes/main [2ms]
2023-03-24 15:00:30.182 [info] > git rev-list --left-right --count main...origin/main [2ms]
2023-03-24 15:00:32.562 [info] > git status -z -uall [2364ms]
2023-03-24 15:00:37.588 [warning] getRemotes() - ENOENT: no such file or directory, open '/home/mmihovilovic/--git-common-dir/config'
2023-03-24 15:00:37.605 [info] > git remote --verbose [18ms]
2023-03-24 15:00:37.606 [info] > git config --get commit.template [2ms]
2023-03-24 15:00:37.624 [info] > git for-each-ref --format=%(refname)%00%(upstream:short)%00%(objectname) refs/heads/main refs/remotes/main [3ms]
2023-03-24 15:00:37.642 [info] > git rev-list --left-right --count main...origin/main [3ms]
2023-03-24 15:00:40.021 [info] > git status -z -uall [2362ms]
2023-03-24 15:00:45.045 [warning] getRemotes() - ENOENT: no such file or directory, open '/home/mmihovilovic/--git-common-dir/config'
2023-03-24 15:00:45.062 [info] > git remote --verbose [18ms]
2023-03-24 15:00:45.063 [info] > git config --get commit.template [2ms]
2023-03-24 15:00:45.081 [info] > git for-each-ref --format=%(refname)%00%(upstream:short)%00%(objectname) refs/heads/main refs/remotes/main [2ms]
2023-03-24 15:00:45.100 [info] > git rev-list --left-right --count main...origin/main [4ms]
2023-03-24 15:00:47.476 [info] > git status -z -uall [2357ms]
2023-03-24 15:00:52.499 [warning] getRemotes() - ENOENT: no such file or directory, open '/home/mmihovilovic/--git-common-dir/config'
2023-03-24 15:00:52.517 [info] > git remote --verbose [17ms]
2023-03-24 15:00:52.518 [info] > git config --get commit.template [3ms]
2023-03-24 15:00:52.536 [info] > git for-each-ref --format=%(refname)%00%(upstream:short)%00%(objectname) refs/heads/main refs/remotes/main [2ms]
2023-03-24 15:00:52.554 [info] > git rev-list --left-right --count main...origin/main [2ms]
2023-03-24 15:00:54.931 [info] > git status -z -uall [2360ms]
2023-03-24 15:00:59.956 [warning] getRemotes() - ENOENT: no such file or directory, open '/home/mmihovilovic/--git-common-dir/config'
2023-03-24 15:00:59.975 [info] > git remote --verbose [19ms]
2023-03-24 15:00:59.976 [info] > git config --get commit.template [3ms]
2023-03-24 15:00:59.995 [info] > git for-each-ref --format=%(refname)%00%(upstream:short)%00%(objectname) refs/heads/main refs/remotes/main [2ms]
2023-03-24 15:01:00.014 [info] > git rev-list --left-right --count main...origin/main [3ms]
2023-03-24 15:01:02.403 [info] > git status -z -uall [2373ms]
2023-03-24 15:01:07.432 [warning] getRemotes() - ENOENT: no such file or directory, open '/home/mmihovilovic/--git-common-dir/config'
2023-03-24 15:01:07.450 [info] > git remote --verbose [19ms]
2023-03-24 15:01:07.450 [info] > git config --get commit.template [2ms]
2023-03-24 15:01:07.468 [info] > git for-each-ref --format=%(refname)%00%(upstream:short)%00%(objectname) refs/heads/main refs/remotes/main [2ms]
2023-03-24 15:01:07.486 [info] > git rev-list --left-right --count main...origin/main [2ms]
2023-03-24 15:01:09.861 [info] > git status -z -uall [2359ms]
2023-03-24 15:01:14.888 [warning] getRemotes() - ENOENT: no such file or directory, open '/home/mmihovilovic/--git-common-dir/config'
2023-03-24 15:01:14.911 [info] > git remote --verbose [22ms]
2023-03-24 15:01:14.912 [info] > git config --get commit.template [4ms]
2023-03-24 15:01:14.935 [info] > git for-each-ref --format=%(refname)%00%(upstream:short)%00%(objectname) refs/heads/main refs/remotes/main [3ms]
2023-03-24 15:01:14.955 [info] > git rev-list --left-right --count main...origin/main [3ms]
2023-03-24 15:01:17.333 [info] > git status -z -uall [2357ms]
2023-03-24 15:01:22.356 [warning] getRemotes() - ENOENT: no such file or directory, open '/home/mmihovilovic/--git-common-dir/config'
2023-03-24 15:01:22.375 [info] > git remote --verbose [18ms]
2023-03-24 15:01:22.375 [info] > git config --get commit.template [3ms]
2023-03-24 15:01:22.394 [info] > git for-each-ref --format=%(refname)%00%(upstream:short)%00%(objectname) refs/heads/main refs/remotes/main [2ms]
2023-03-24 15:01:22.412 [info] > git rev-list --left-right --count main...origin/main [3ms]
2023-03-24 15:01:24.784 [info] > git status -z -uall [2356ms]
2023-03-24 15:01:29.806 [warning] getRemotes() - ENOENT: no such file or directory, open '/home/mmihovilovic/--git-common-dir/config'
2023-03-24 15:01:29.823 [info] > git remote --verbose [17ms]
2023-03-24 15:01:29.824 [info] > git config --get commit.template [2ms]
2023-03-24 15:01:29.842 [info] > git for-each-ref --format=%(refname)%00%(upstream:short)%00%(objectname) refs/heads/main refs/remotes/main [2ms]
2023-03-24 15:01:29.861 [info] > git rev-list --left-right --count main...origin/main [2ms]
2023-03-24 15:01:32.238 [info] > git status -z -uall [2362ms]
2023-03-24 15:01:37.264 [warning] getRemotes() - ENOENT: no such file or directory, open '/home/mmihovilovic/--git-common-dir/config'
2023-03-24 15:01:37.282 [info] > git remote --verbose [17ms]
2023-03-24 15:01:37.282 [info] > git config --get commit.template [2ms]
2023-03-24 15:01:37.303 [info] > git for-each-ref --format=%(refname)%00%(upstream:short)%00%(objectname) refs/heads/main refs/remotes/main [2ms]
2023-03-24 15:01:37.325 [info] > git rev-list --left-right --count main...origin/main [4ms]
2023-03-24 15:01:39.697 [info] > git status -z -uall [2356ms]
2023-03-24 15:01:44.728 [warning] getRemotes() - ENOENT: no such file or directory, open '/home/mmihovilovic/--git-common-dir/config'
2023-03-24 15:01:44.746 [info] > git remote --verbose [19ms]
2023-03-24 15:01:44.748 [info] > git config --get commit.template [4ms]
2023-03-24 15:01:44.768 [info] > git for-each-ref --format=%(refname)%00%(upstream:short)%00%(objectname) refs/heads/main refs/remotes/main [3ms]
2023-03-24 15:01:44.788 [info] > git rev-list --left-right --count main...origin/main [2ms]
2023-03-24 15:01:47.167 [info] > git status -z -uall [2360ms]
2023-03-24 15:01:52.190 [warning] getRemotes() - ENOENT: no such file or directory, open '/home/mmihovilovic/--git-common-dir/config'
2023-03-24 15:01:52.209 [info] > git remote --verbose [18ms]
2023-03-24 15:01:52.209 [info] > git config --get commit.template [2ms]
2023-03-24 15:01:52.232 [info] > git for-each-ref --format=%(refname)%00%(upstream:short)%00%(objectname) refs/heads/main refs/remotes/main [3ms]
2023-03-24 15:01:52.251 [info] > git rev-list --left-right --count main...origin/main [3ms]
2023-03-24 15:01:54.640 [info] > git status -z -uall [2371ms]
2023-03-24 15:01:59.665 [warning] getRemotes() - ENOENT: no such file or directory, open '/home/mmihovilovic/--git-common-dir/config'
2023-03-24 15:01:59.685 [info] > git remote --verbose [21ms]
2023-03-24 15:01:59.686 [info] > git config --get commit.template [3ms]
2023-03-24 15:01:59.708 [info] > git for-each-ref --format=%(refname)%00%(upstream:short)%00%(objectname) refs/heads/main refs/remotes/main [2ms]
2023-03-24 15:01:59.728 [info] > git rev-list --left-right --count main...origin/main [3ms]
2023-03-24 15:02:02.105 [info] > git status -z -uall [2360ms]
2023-03-24 15:02:07.130 [warning] getRemotes() - ENOENT: no such file or directory, open '/home/mmihovilovic/--git-common-dir/config'
2023-03-24 15:02:07.147 [info] > git remote --verbose [18ms]
2023-03-24 15:02:07.148 [info] > git config --get commit.template [2ms]
2023-03-24 15:02:07.168 [info] > git for-each-ref --format=%(refname)%00%(upstream:short)%00%(objectname) refs/heads/main refs/remotes/main [2ms]
2023-03-24 15:02:07.186 [info] > git rev-list --left-right --count main...origin/main [2ms]
2023-03-24 15:02:09.572 [info] > git status -z -uall [2370ms]
2023-03-24 15:02:14.596 [warning] getRemotes() - ENOENT: no such file or directory, open '/home/mmihovilovic/--git-common-dir/config'
2023-03-24 15:02:14.615 [info] > git remote --verbose [19ms]
2023-03-24 15:02:14.616 [info] > git config --get commit.template [2ms]
2023-03-24 15:02:14.636 [info] > git for-each-ref --format=%(refname)%00%(upstream:short)%00%(objectname) refs/heads/main refs/remotes/main [3ms]
2023-03-24 15:02:14.659 [info] > git rev-list --left-right --count main...origin/main [3ms]
2023-03-24 15:02:17.077 [info] > git status -z -uall [2400ms]
2023-03-24 15:02:22.102 [warning] getRemotes() - ENOENT: no such file or directory, open '/home/mmihovilovic/--git-common-dir/config'
2023-03-24 15:02:22.124 [info] > git config --get commit.template [4ms]
2023-03-24 15:02:22.124 [info] > git remote --verbose [22ms]
2023-03-24 15:02:22.143 [info] > git for-each-ref --format=%(refname)%00%(upstream:short)%00%(objectname) refs/heads/main refs/remotes/main [2ms]
2023-03-24 15:02:22.161 [info] > git rev-list --left-right --count main...origin/main [3ms]
2023-03-24 15:02:24.544 [info] > git status -z -uall [2366ms]
2023-03-24 15:02:29.569 [warning] getRemotes() - ENOENT: no such file or directory, open '/home/mmihovilovic/--git-common-dir/config'
2023-03-24 15:02:29.586 [info] > git remote --verbose [18ms]
2023-03-24 15:02:29.587 [info] > git config --get commit.template [3ms]
2023-03-24 15:02:29.605 [info] > git for-each-ref --format=%(refname)%00%(upstream:short)%00%(objectname) refs/heads/main refs/remotes/main [3ms]
2023-03-24 15:02:29.623 [info] > git rev-list --left-right --count main...origin/main [3ms]
2023-03-24 15:02:32.005 [info] > git status -z -uall [2363ms]
2023-03-24 15:02:37.029 [warning] getRemotes() - ENOENT: no such file or directory, open '/home/mmihovilovic/--git-common-dir/config'
2023-03-24 15:02:37.045 [info] > git remote --verbose [17ms]
2023-03-24 15:02:37.046 [info] > git config --get commit.template [3ms]
2023-03-24 15:02:37.062 [info] > git for-each-ref --format=%(refname)%00%(upstream:short)%00%(objectname) refs/heads/main refs/remotes/main [3ms]
2023-03-24 15:02:37.079 [info] > git rev-list --left-right --count main...origin/main [2ms]
2023-03-24 15:02:39.508 [info] > git status -z -uall [2415ms]
2023-03-24 15:02:44.531 [warning] getRemotes() - ENOENT: no such file or directory, open '/home/mmihovilovic/--git-common-dir/config'
2023-03-24 15:02:44.549 [info] > git remote --verbose [17ms]
2023-03-24 15:02:44.549 [info] > git config --get commit.template [2ms]
2023-03-24 15:02:44.567 [info] > git for-each-ref --format=%(refname)%00%(upstream:short)%00%(objectname) refs/heads/main refs/remotes/main [2ms]
2023-03-24 15:02:44.586 [info] > git rev-list --left-right --count main...origin/main [2ms]
2023-03-24 15:02:46.960 [info] > git status -z -uall [2359ms]
2023-03-24 15:02:51.986 [warning] getRemotes() - ENOENT: no such file or directory, open '/home/mmihovilovic/--git-common-dir/config'
2023-03-24 15:02:52.004 [info] > git remote --verbose [17ms]
2023-03-24 15:02:52.005 [info] > git config --get commit.template [2ms]
2023-03-24 15:02:52.025 [info] > git for-each-ref --format=%(refname)%00%(upstream:short)%00%(objectname) refs/heads/main refs/remotes/main [2ms]
2023-03-24 15:02:52.044 [info] > git rev-list --left-right --count main...origin/main [2ms]
2023-03-24 15:02:54.422 [info] > git status -z -uall [2361ms]
2023-03-24 15:02:59.445 [warning] getRemotes() - ENOENT: no such file or directory, open '/home/mmihovilovic/--git-common-dir/config'
2023-03-24 15:02:59.463 [info] > git remote --verbose [18ms]
2023-03-24 15:02:59.480 [info] > git config --get commit.template [18ms]
2023-03-24 15:02:59.481 [info] > git for-each-ref --format=%(refname)%00%(upstream:short)%00%(objectname) refs/heads/main refs/remotes/main [2ms]
2023-03-24 15:02:59.499 [info] > git rev-list --left-right --count main...origin/main [2ms]
2023-03-24 15:03:01.876 [info] > git status -z -uall [2360ms]
2023-03-24 15:03:06.900 [warning] getRemotes() - ENOENT: no such file or directory, open '/home/mmihovilovic/--git-common-dir/config'
2023-03-24 15:03:06.917 [info] > git remote --verbose [18ms]
2023-03-24 15:03:06.918 [info] > git config --get commit.template [2ms]
2023-03-24 15:03:06.936 [info] > git for-each-ref --format=%(refname)%00%(upstream:short)%00%(objectname) refs/heads/main refs/remotes/main [2ms]
2023-03-24 15:03:06.955 [info] > git rev-list --left-right --count main...origin/main [3ms]
2023-03-24 15:03:09.326 [info] > git status -z -uall [2355ms]
2023-03-24 15:03:14.350 [warning] getRemotes() - ENOENT: no such file or directory, open '/home/mmihovilovic/--git-common-dir/config'
2023-03-24 15:03:14.368 [info] > git remote --verbose [17ms]
2023-03-24 15:03:14.369 [info] > git config --get commit.template [3ms]
2023-03-24 15:03:14.390 [info] > git for-each-ref --format=%(refname)%00%(upstream:short)%00%(objectname) refs/heads/main refs/remotes/main [2ms]
2023-03-24 15:03:14.410 [info] > git rev-list --left-right --count main...origin/main [3ms]
2023-03-24 15:03:16.793 [info] > git status -z -uall [2362ms]
2023-03-24 15:03:21.818 [warning] getRemotes() - ENOENT: no such file or directory, open '/home/mmihovilovic/--git-common-dir/config'
2023-03-24 15:03:21.836 [info] > git remote --verbose [17ms]
2023-03-24 15:03:21.836 [info] > git config --get commit.template [2ms]
2023-03-24 15:03:21.855 [info] > git for-each-ref --format=%(refname)%00%(upstream:short)%00%(objectname) refs/heads/main refs/remotes/main [2ms]
2023-03-24 15:03:21.873 [info] > git rev-list --left-right --count main...origin/main [3ms]
2023-03-24 15:03:24.252 [info] > git status -z -uall [2363ms]
2023-03-24 15:03:29.279 [warning] getRemotes() - ENOENT: no such file or directory, open '/home/mmihovilovic/--git-common-dir/config'
2023-03-24 15:03:29.297 [info] > git remote --verbose [18ms]
2023-03-24 15:03:29.298 [info] > git config --get commit.template [3ms]
2023-03-24 15:03:29.319 [info] > git for-each-ref --format=%(refname)%00%(upstream:short)%00%(objectname) refs/heads/main refs/remotes/main [2ms]
2023-03-24 15:03:29.337 [info] > git rev-list --left-right --count main...origin/main [2ms]
2023-03-24 15:03:31.719 [info] > git status -z -uall [2364ms]
2023-03-24 15:03:36.743 [warning] getRemotes() - ENOENT: no such file or directory, open '/home/mmihovilovic/--git-common-dir/config'
2023-03-24 15:03:36.763 [info] > git remote --verbose [19ms]
2023-03-24 15:03:36.764 [info] > git config --get commit.template [2ms]
2023-03-24 15:03:36.785 [info] > git for-each-ref --format=%(refname)%00%(upstream:short)%00%(objectname) refs/heads/main refs/remotes/main [3ms]
2023-03-24 15:03:36.803 [info] > git rev-list --left-right --count main...origin/main [2ms]
2023-03-24 15:03:39.216 [info] > git status -z -uall [2394ms]
2023-03-24 15:03:44.243 [warning] getRemotes() - ENOENT: no such file or directory, open '/home/mmihovilovic/--git-common-dir/config'
2023-03-24 15:03:44.263 [info] > git remote --verbose [20ms]
2023-03-24 15:03:44.264 [info] > git config --get commit.template [2ms]
2023-03-24 15:03:44.284 [info] > git for-each-ref --format=%(refname)%00%(upstream:short)%00%(objectname) refs/heads/main refs/remotes/main [2ms]
2023-03-24 15:03:44.304 [info] > git rev-list --left-right --count main...origin/main [2ms]
2023-03-24 15:03:46.687 [info] > git status -z -uall [2365ms]
2023-03-24 15:03:51.711 [warning] getRemotes() - ENOENT: no such file or directory, open '/home/mmihovilovic/--git-common-dir/config'
2023-03-24 15:03:51.728 [info] > git remote --verbose [18ms]
2023-03-24 15:03:51.729 [info] > git config --get commit.template [2ms]
2023-03-24 15:03:51.748 [info] > git for-each-ref --format=%(refname)%00%(upstream:short)%00%(objectname) refs/heads/main refs/remotes/main [2ms]
2023-03-24 15:03:51.766 [info] > git rev-list --left-right --count main...origin/main [3ms]
2023-03-24 15:03:54.144 [info] > git status -z -uall [2362ms]
2023-03-24 15:03:59.167 [warning] getRemotes() - ENOENT: no such file or directory, open '/home/mmihovilovic/--git-common-dir/config'
2023-03-24 15:03:59.185 [info] > git remote --verbose [18ms]
2023-03-24 15:03:59.186 [info] > git config --get commit.template [3ms]
2023-03-24 15:03:59.204 [info] > git for-each-ref --format=%(refname)%00%(upstream:short)%00%(objectname) refs/heads/main refs/remotes/main [3ms]
2023-03-24 15:03:59.222 [info] > git rev-list --left-right --count main...origin/main [2ms]
2023-03-24 15:04:01.596 [info] > git status -z -uall [2358ms]
2023-03-24 15:04:06.620 [warning] getRemotes() - ENOENT: no such file or directory, open '/home/mmihovilovic/--git-common-dir/config'
2023-03-24 15:04:06.638 [info] > git remote --verbose [18ms]
2023-03-24 15:04:06.638 [info] > git config --get commit.template [2ms]
2023-03-24 15:04:06.657 [info] > git for-each-ref --format=%(refname)%00%(upstream:short)%00%(objectname) refs/heads/main refs/remotes/main [2ms]
2023-03-24 15:04:06.675 [info] > git rev-list --left-right --count main...origin/main [3ms]
2023-03-24 15:04:09.055 [info] > git status -z -uall [2364ms]
2023-03-24 15:04:32.307 [warning] getRemotes() - ENOENT: no such file or directory, open '/home/mmihovilovic/--git-common-dir/config'
2023-03-24 15:04:32.324 [info] > git remote --verbose [18ms]
2023-03-24 15:04:32.325 [info] > git config --get commit.template [2ms]
2023-03-24 15:04:32.344 [info] > git for-each-ref --format=%(refname)%00%(upstream:short)%00%(objectname) refs/heads/main refs/remotes/main [2ms]
2023-03-24 15:04:32.363 [info] > git rev-list --left-right --count main...origin/main [3ms]
2023-03-24 15:04:34.746 [info] > git status -z -uall [2364ms]
2023-03-24 15:04:39.770 [warning] getRemotes() - ENOENT: no such file or directory, open '/home/mmihovilovic/--git-common-dir/config'
2023-03-24 15:04:39.787 [info] > git remote --verbose [18ms]
2023-03-24 15:04:39.788 [info] > git config --get commit.template [2ms]
2023-03-24 15:04:39.806 [info] > git for-each-ref --format=%(refname)%00%(upstream:short)%00%(objectname) refs/heads/main refs/remotes/main [2ms]
2023-03-24 15:04:39.825 [info] > git rev-list --left-right --count main...origin/main [2ms]
2023-03-24 15:04:42.201 [info] > git status -z -uall [2360ms]
2023-03-24 15:04:47.227 [warning] getRemotes() - ENOENT: no such file or directory, open '/home/mmihovilovic/--git-common-dir/config'
2023-03-24 15:04:47.245 [info] > git remote --verbose [18ms]
2023-03-24 15:04:47.245 [info] > git config --get commit.template [2ms]
2023-03-24 15:04:47.264 [info] > git for-each-ref --format=%(refname)%00%(upstream:short)%00%(objectname) refs/heads/main refs/remotes/main [2ms]
2023-03-24 15:04:47.282 [info] > git rev-list --left-right --count main...origin/main [3ms]
2023-03-24 15:04:49.667 [info] > git status -z -uall [2366ms]
2023-03-24 15:04:54.689 [warning] getRemotes() - ENOENT: no such file or directory, open '/home/mmihovilovic/--git-common-dir/config'
2023-03-24 15:04:54.709 [info] > git remote --verbose [19ms]
2023-03-24 15:04:54.726 [info] > git config --get commit.template [19ms]
2023-03-24 15:04:54.727 [info] > git for-each-ref --format=%(refname)%00%(upstream:short)%00%(objectname) refs/heads/main refs/remotes/main [2ms]
2023-03-24 15:04:54.745 [info] > git rev-list --left-right --count main...origin/main [2ms]
2023-03-24 15:04:57.138 [info] > git status -z -uall [2377ms]
2023-03-24 15:05:02.161 [warning] getRemotes() - ENOENT: no such file or directory, open '/home/mmihovilovic/--git-common-dir/config'
2023-03-24 15:05:02.182 [info] > git remote --verbose [21ms]
2023-03-24 15:05:02.183 [info] > git config --get commit.template [4ms]
2023-03-24 15:05:02.206 [info] > git for-each-ref --format=%(refname)%00%(upstream:short)%00%(objectname) refs/heads/main refs/remotes/main [2ms]
2023-03-24 15:05:02.225 [info] > git rev-list --left-right --count main...origin/main [3ms]
2023-03-24 15:05:04.613 [info] > git status -z -uall [2369ms]
2023-03-24 15:05:09.637 [warning] getRemotes() - ENOENT: no such file or directory, open '/home/mmihovilovic/--git-common-dir/config'
2023-03-24 15:05:09.657 [info] > git remote --verbose [21ms]
2023-03-24 15:05:09.658 [info] > git config --get commit.template [3ms]
2023-03-24 15:05:09.682 [info] > git for-each-ref --format=%(refname)%00%(upstream:short)%00%(objectname) refs/heads/main refs/remotes/main [3ms]
2023-03-24 15:05:09.706 [info] > git rev-list --left-right --count main...origin/main [2ms]
2023-03-24 15:05:12.083 [info] > git status -z -uall [2359ms]
2023-03-24 15:05:17.114 [warning] getRemotes() - ENOENT: no such file or directory, open '/home/mmihovilovic/--git-common-dir/config'
2023-03-24 15:05:17.134 [info] > git remote --verbose [20ms]
2023-03-24 15:05:17.135 [info] > git config --get commit.template [2ms]
2023-03-24 15:05:17.154 [info] > git for-each-ref --format=%(refname)%00%(upstream:short)%00%(objectname) refs/heads/main refs/remotes/main [3ms]
2023-03-24 15:05:17.173 [info] > git rev-list --left-right --count main...origin/main [2ms]
2023-03-24 15:05:19.544 [info] > git status -z -uall [2355ms]
2023-03-24 15:05:24.570 [warning] getRemotes() - ENOENT: no such file or directory, open '/home/mmihovilovic/--git-common-dir/config'
2023-03-24 15:05:24.590 [info] > git remote --verbose [20ms]
2023-03-24 15:05:24.591 [info] > git config --get commit.template [3ms]
2023-03-24 15:05:24.613 [info] > git for-each-ref --format=%(refname)%00%(upstream:short)%00%(objectname) refs/heads/main refs/remotes/main [3ms]
2023-03-24 15:05:24.631 [info] > git rev-list --left-right --count main...origin/main [2ms]
2023-03-24 15:05:27.012 [info] > git status -z -uall [2363ms]
2023-03-24 15:05:32.037 [warning] getRemotes() - ENOENT: no such file or directory, open '/home/mmihovilovic/--git-common-dir/config'
2023-03-24 15:05:32.055 [info] > git remote --verbose [18ms]
2023-03-24 15:05:32.055 [info] > git config --get commit.template [2ms]
2023-03-24 15:05:32.074 [info] > git for-each-ref --format=%(refname)%00%(upstream:short)%00%(objectname) refs/heads/main refs/remotes/main [3ms]
2023-03-24 15:05:32.092 [info] > git rev-list --left-right --count main...origin/main [2ms]
2023-03-24 15:05:34.470 [info] > git status -z -uall [2362ms]
2023-03-24 15:05:42.259 [warning] getRemotes() - ENOENT: no such file or directory, open '/home/mmihovilovic/--git-common-dir/config'
2023-03-24 15:05:42.277 [info] > git remote --verbose [19ms]
2023-03-24 15:05:42.278 [info] > git config --get commit.template [3ms]
2023-03-24 15:05:42.296 [info] > git for-each-ref --format=%(refname)%00%(upstream:short)%00%(objectname) refs/heads/main refs/remotes/main [3ms]
2023-03-24 15:05:42.315 [info] > git rev-list --left-right --count main...origin/main [2ms]
2023-03-24 15:05:44.688 [info] > git status -z -uall [2357ms]
2023-03-24 15:05:56.118 [warning] getRemotes() - ENOENT: no such file or directory, open '/home/mmihovilovic/--git-common-dir/config'
2023-03-24 15:05:56.137 [info] > git remote --verbose [19ms]
2023-03-24 15:05:56.138 [info] > git config --get commit.template [2ms]
2023-03-24 15:05:56.158 [info] > git for-each-ref --format=%(refname)%00%(upstream:short)%00%(objectname) refs/heads/main refs/remotes/main [2ms]
2023-03-24 15:05:56.179 [info] > git rev-list --left-right --count main...origin/main [3ms]
2023-03-24 15:05:58.558 [info] > git status -z -uall [2361ms]
2023-03-24 15:06:03.586 [warning] getRemotes() - ENOENT: no such file or directory, open '/home/mmihovilovic/--git-common-dir/config'
2023-03-24 15:06:03.605 [info] > git remote --verbose [19ms]
2023-03-24 15:06:03.606 [info] > git config --get commit.template [2ms]
2023-03-24 15:06:03.625 [info] > git for-each-ref --format=%(refname)%00%(upstream:short)%00%(objectname) refs/heads/main refs/remotes/main [2ms]
2023-03-24 15:06:03.644 [info] > git rev-list --left-right --count main...origin/main [3ms]
2023-03-24 15:06:06.020 [info] > git status -z -uall [2359ms]
2023-03-24 15:06:11.045 [warning] getRemotes() - ENOENT: no such file or directory, open '/home/mmihovilovic/--git-common-dir/config'
2023-03-24 15:06:11.065 [info] > git remote --verbose [21ms]
2023-03-24 15:06:11.066 [info] > git config --get commit.template [2ms]
2023-03-24 15:06:11.085 [info] > git for-each-ref --format=%(refname)%00%(upstream:short)%00%(objectname) refs/heads/main refs/remotes/main [2ms]
2023-03-24 15:06:11.105 [info] > git rev-list --left-right --count main...origin/main [3ms]
2023-03-24 15:06:13.481 [info] > git status -z -uall [2358ms]
2023-03-24 15:06:19.786 [warning] getRemotes() - ENOENT: no such file or directory, open '/home/mmihovilovic/--git-common-dir/config'
2023-03-24 15:06:19.806 [info] > git remote --verbose [20ms]
2023-03-24 15:06:19.807 [info] > git config --get commit.template [2ms]
2023-03-24 15:06:19.828 [info] > git for-each-ref --format=%(refname)%00%(upstream:short)%00%(objectname) refs/heads/main refs/remotes/main [2ms]
2023-03-24 15:06:19.848 [info] > git rev-list --left-right --count main...origin/main [3ms]
2023-03-24 15:06:22.236 [info] > git status -z -uall [2370ms]
2023-03-24 15:06:27.269 [warning] getRemotes() - ENOENT: no such file or directory, open '/home/mmihovilovic/--git-common-dir/config'
2023-03-24 15:06:27.289 [info] > git remote --verbose [22ms]
2023-03-24 15:06:27.290 [info] > git config --get commit.template [2ms]
2023-03-24 15:06:27.310 [info] > git for-each-ref --format=%(refname)%00%(upstream:short)%00%(objectname) refs/heads/main refs/remotes/main [2ms]
2023-03-24 15:06:27.329 [info] > git rev-list --left-right --count main...origin/main [3ms]
2023-03-24 15:06:29.733 [info] > git status -z -uall [2387ms]
2023-03-24 15:06:34.761 [warning] getRemotes() - ENOENT: no such file or directory, open '/home/mmihovilovic/--git-common-dir/config'
2023-03-24 15:06:34.779 [info] > git remote --verbose [19ms]
2023-03-24 15:06:34.780 [info] > git config --get commit.template [2ms]
2023-03-24 15:06:34.799 [info] > git for-each-ref --format=%(refname)%00%(upstream:short)%00%(objectname) refs/heads/main refs/remotes/main [3ms]
2023-03-24 15:06:34.819 [info] > git rev-list --left-right --count main...origin/main [3ms]
2023-03-24 15:06:37.197 [info] > git status -z -uall [2361ms]
2023-03-24 15:06:42.222 [warning] getRemotes() - ENOENT: no such file or directory, open '/home/mmihovilovic/--git-common-dir/config'
2023-03-24 15:06:42.241 [info] > git remote --verbose [19ms]
2023-03-24 15:06:42.242 [info] > git config --get commit.template [3ms]
2023-03-24 15:06:42.261 [info] > git for-each-ref --format=%(refname)%00%(upstream:short)%00%(objectname) refs/heads/main refs/remotes/main [2ms]
2023-03-24 15:06:42.285 [info] > git rev-list --left-right --count main...origin/main [3ms]
2023-03-24 15:06:44.677 [info] > git status -z -uall [2375ms]
2023-03-24 15:06:49.704 [warning] getRemotes() - ENOENT: no such file or directory, open '/home/mmihovilovic/--git-common-dir/config'
2023-03-24 15:06:49.723 [info] > git remote --verbose [19ms]
2023-03-24 15:06:49.742 [info] > git config --get commit.template [21ms]
2023-03-24 15:06:49.743 [info] > git for-each-ref --format=%(refname)%00%(upstream:short)%00%(objectname) refs/heads/main refs/remotes/main [2ms]
2023-03-24 15:06:49.764 [info] > git rev-list --left-right --count main...origin/main [2ms]
2023-03-24 15:06:52.140 [info] > git status -z -uall [2359ms]
2023-03-24 15:06:57.171 [warning] getRemotes() - ENOENT: no such file or directory, open '/home/mmihovilovic/--git-common-dir/config'
2023-03-24 15:06:57.192 [info] > git config --get commit.template [4ms]
2023-03-24 15:06:57.192 [info] > git remote --verbose [21ms]
2023-03-24 15:06:57.214 [info] > git for-each-ref --format=%(refname)%00%(upstream:short)%00%(objectname) refs/heads/main refs/remotes/main [2ms]
2023-03-24 15:06:57.235 [info] > git rev-list --left-right --count main...origin/main [3ms]
2023-03-24 15:06:59.633 [info] > git status -z -uall [2379ms]
2023-03-24 15:07:04.660 [warning] getRemotes() - ENOENT: no such file or directory, open '/home/mmihovilovic/--git-common-dir/config'
2023-03-24 15:07:04.678 [info] > git remote --verbose [18ms]
2023-03-24 15:07:04.679 [info] > git config --get commit.template [2ms]
2023-03-24 15:07:04.698 [info] > git for-each-ref --format=%(refname)%00%(upstream:short)%00%(objectname) refs/heads/main refs/remotes/main [3ms]
2023-03-24 15:07:04.717 [info] > git rev-list --left-right --count main...origin/main [3ms]
2023-03-24 15:07:07.117 [info] > git status -z -uall [2379ms]
2023-03-24 15:07:22.506 [warning] getRemotes() - ENOENT: no such file or directory, open '/home/mmihovilovic/--git-common-dir/config'
2023-03-24 15:07:22.525 [info] > git remote --verbose [18ms]
2023-03-24 15:07:22.526 [info] > git config --get commit.template [3ms]
2023-03-24 15:07:22.545 [info] > git for-each-ref --format=%(refname)%00%(upstream:short)%00%(objectname) refs/heads/main refs/remotes/main [3ms]
2023-03-24 15:07:22.564 [info] > git rev-list --left-right --count main...origin/main [3ms]
2023-03-24 15:07:24.950 [info] > git status -z -uall [2369ms]
2023-03-24 15:07:29.977 [warning] getRemotes() - ENOENT: no such file or directory, open '/home/mmihovilovic/--git-common-dir/config'
2023-03-24 15:07:29.995 [info] > git remote --verbose [18ms]
2023-03-24 15:07:29.996 [info] > git config --get commit.template [2ms]
2023-03-24 15:07:30.017 [info] > git for-each-ref --format=%(refname)%00%(upstream:short)%00%(objectname) refs/heads/main refs/remotes/main [3ms]
2023-03-24 15:07:30.038 [info] > git rev-list --left-right --count main...origin/main [2ms]
2023-03-24 15:07:32.413 [info] > git status -z -uall [2359ms]
2023-03-24 15:07:39.879 [warning] getRemotes() - ENOENT: no such file or directory, open '/home/mmihovilovic/--git-common-dir/config'
2023-03-24 15:07:39.897 [info] > git remote --verbose [19ms]
2023-03-24 15:07:39.898 [info] > git config --get commit.template [3ms]
2023-03-24 15:07:39.917 [info] > git for-each-ref --format=%(refname)%00%(upstream:short)%00%(objectname) refs/heads/main refs/remotes/main [3ms]
2023-03-24 15:07:39.939 [info] > git rev-list --left-right --count main...origin/main [3ms]
2023-03-24 15:07:42.311 [info] > git status -z -uall [2356ms]
2023-03-24 15:08:36.658 [warning] getRemotes() - ENOENT: no such file or directory, open '/home/mmihovilovic/--git-common-dir/config'
2023-03-24 15:08:36.679 [info] > git remote --verbose [21ms]
2023-03-24 15:08:36.680 [info] > git config --get commit.template [2ms]
2023-03-24 15:08:36.699 [info] > git for-each-ref --format=%(refname)%00%(upstream:short)%00%(objectname) refs/heads/main refs/remotes/main [3ms]
2023-03-24 15:08:36.718 [info] > git rev-list --left-right --count main...origin/main [3ms]
2023-03-24 15:08:39.091 [info] > git status -z -uall [2357ms]
2023-03-24 15:08:44.312 [warning] getRemotes() - ENOENT: no such file or directory, open '/home/mmihovilovic/--git-common-dir/config'
2023-03-24 15:08:44.331 [info] > git remote --verbose [19ms]
2023-03-24 15:08:44.332 [info] > git config --get commit.template [2ms]
2023-03-24 15:08:44.351 [info] > git for-each-ref --format=%(refname)%00%(upstream:short)%00%(objectname) refs/heads/main refs/remotes/main [2ms]
2023-03-24 15:08:44.370 [info] > git rev-list --left-right --count main...origin/main [2ms]
2023-03-24 15:08:46.741 [info] > git status -z -uall [2355ms]
2023-03-24 15:09:02.758 [warning] getRemotes() - ENOENT: no such file or directory, open '/home/mmihovilovic/--git-common-dir/config'
2023-03-24 15:09:02.776 [info] > git remote --verbose [19ms]
2023-03-24 15:09:02.777 [info] > git config --get commit.template [2ms]
2023-03-24 15:09:02.799 [info] > git for-each-ref --format=%(refname)%00%(upstream:short)%00%(objectname) refs/heads/main refs/remotes/main [2ms]
2023-03-24 15:09:02.819 [info] > git rev-list --left-right --count main...origin/main [2ms]
2023-03-24 15:09:05.194 [info] > git status -z -uall [2356ms]
2023-03-24 15:09:10.222 [warning] getRemotes() - ENOENT: no such file or directory, open '/home/mmihovilovic/--git-common-dir/config'
2023-03-24 15:09:10.242 [info] > git remote --verbose [20ms]
2023-03-24 15:09:10.242 [info] > git config --get commit.template [2ms]
2023-03-24 15:09:10.262 [info] > git for-each-ref --format=%(refname)%00%(upstream:short)%00%(objectname) refs/heads/main refs/remotes/main [2ms]
2023-03-24 15:09:10.283 [info] > git rev-list --left-right --count main...origin/main [2ms]
2023-03-24 15:09:12.670 [info] > git status -z -uall [2369ms]
2023-03-24 15:09:38.204 [warning] getRemotes() - ENOENT: no such file or directory, open '/home/mmihovilovic/--git-common-dir/config'
2023-03-24 15:09:38.222 [info] > git remote --verbose [18ms]
2023-03-24 15:09:38.240 [info] > git config --get commit.template [18ms]
2023-03-24 15:09:38.241 [info] > git for-each-ref --format=%(refname)%00%(upstream:short)%00%(objectname) refs/heads/main refs/remotes/main [3ms]
2023-03-24 15:09:38.260 [info] > git rev-list --left-right --count main...origin/main [3ms]
2023-03-24 15:09:40.634 [info] > git status -z -uall [2357ms]
2023-03-24 15:09:45.660 [warning] getRemotes() - ENOENT: no such file or directory, open '/home/mmihovilovic/--git-common-dir/config'
2023-03-24 15:09:45.678 [info] > git remote --verbose [18ms]
2023-03-24 15:09:45.679 [info] > git config --get commit.template [2ms]
2023-03-24 15:09:45.698 [info] > git for-each-ref --format=%(refname)%00%(upstream:short)%00%(objectname) refs/heads/main refs/remotes/main [3ms]
2023-03-24 15:09:45.717 [info] > git rev-list --left-right --count main...origin/main [3ms]
2023-03-24 15:09:48.122 [info] > git status -z -uall [2384ms]
2023-03-24 15:09:53.147 [warning] getRemotes() - ENOENT: no such file or directory, open '/home/mmihovilovic/--git-common-dir/config'
2023-03-24 15:09:53.169 [info] > git config --get commit.template [3ms]
2023-03-24 15:09:53.169 [info] > git remote --verbose [22ms]
2023-03-24 15:09:53.191 [info] > git for-each-ref --format=%(refname)%00%(upstream:short)%00%(objectname) refs/heads/main refs/remotes/main [3ms]
2023-03-24 15:09:53.210 [info] > git rev-list --left-right --count main...origin/main [2ms]
2023-03-24 15:09:55.598 [info] > git status -z -uall [2371ms]
2023-03-24 15:10:00.623 [warning] getRemotes() - ENOENT: no such file or directory, open '/home/mmihovilovic/--git-common-dir/config'
2023-03-24 15:10:00.641 [info] > git remote --verbose [18ms]
2023-03-24 15:10:00.642 [info] > git config --get commit.template [2ms]
2023-03-24 15:10:00.661 [info] > git for-each-ref --format=%(refname)%00%(upstream:short)%00%(objectname) refs/heads/main refs/remotes/main [2ms]
2023-03-24 15:10:00.681 [info] > git rev-list --left-right --count main...origin/main [2ms]
2023-03-24 15:10:03.078 [info] > git status -z -uall [2381ms]
2023-03-24 15:11:19.673 [warning] getRemotes() - ENOENT: no such file or directory, open '/home/mmihovilovic/--git-common-dir/config'
2023-03-24 15:11:19.693 [info] > git config --get commit.template [2ms]
2023-03-24 15:11:19.694 [info] > git remote --verbose [21ms]
2023-03-24 15:11:19.713 [info] > git for-each-ref --format=%(refname)%00%(upstream:short)%00%(objectname) refs/heads/main refs/remotes/main [3ms]
2023-03-24 15:11:19.732 [info] > git rev-list --left-right --count main...origin/main [2ms]
2023-03-24 15:11:22.114 [info] > git status -z -uall [2365ms]
2023-03-24 15:11:29.506 [warning] getRemotes() - ENOENT: no such file or directory, open '/home/mmihovilovic/--git-common-dir/config'
2023-03-24 15:11:29.524 [info] > git remote --verbose [18ms]
2023-03-24 15:11:29.525 [info] > git config --get commit.template [2ms]
2023-03-24 15:11:29.544 [info] > git for-each-ref --format=%(refname)%00%(upstream:short)%00%(objectname) refs/heads/main refs/remotes/main [2ms]
2023-03-24 15:11:29.564 [info] > git rev-list --left-right --count main...origin/main [3ms]
2023-03-24 15:11:31.943 [info] > git status -z -uall [2362ms]
2023-03-24 15:11:36.967 [warning] getRemotes() - ENOENT: no such file or directory, open '/home/mmihovilovic/--git-common-dir/config'
2023-03-24 15:11:36.986 [info] > git remote --verbose [19ms]
2023-03-24 15:11:36.987 [info] > git config --get commit.template [3ms]
2023-03-24 15:11:37.007 [info] > git for-each-ref --format=%(refname)%00%(upstream:short)%00%(objectname) refs/heads/main refs/remotes/main [2ms]
2023-03-24 15:11:37.026 [info] > git rev-list --left-right --count main...origin/main [2ms]
2023-03-24 15:11:39.400 [info] > git status -z -uall [2357ms]
2023-03-24 15:11:44.426 [warning] getRemotes() - ENOENT: no such file or directory, open '/home/mmihovilovic/--git-common-dir/config'
2023-03-24 15:11:44.445 [info] > git remote --verbose [18ms]
2023-03-24 15:11:44.446 [info] > git config --get commit.template [2ms]
2023-03-24 15:11:44.465 [info] > git for-each-ref --format=%(refname)%00%(upstream:short)%00%(objectname) refs/heads/main refs/remotes/main [3ms]
2023-03-24 15:11:44.484 [info] > git rev-list --left-right --count main...origin/main [2ms]
2023-03-24 15:11:46.866 [info] > git status -z -uall [2361ms]
2023-03-24 15:11:51.894 [warning] getRemotes() - ENOENT: no such file or directory, open '/home/mmihovilovic/--git-common-dir/config'
2023-03-24 15:11:51.913 [info] > git remote --verbose [18ms]
2023-03-24 15:11:51.913 [info] > git config --get commit.template [2ms]
2023-03-24 15:11:51.933 [info] > git for-each-ref --format=%(refname)%00%(upstream:short)%00%(objectname) refs/heads/main refs/remotes/main [2ms]
2023-03-24 15:11:51.954 [info] > git rev-list --left-right --count main...origin/main [3ms]
2023-03-24 15:11:54.331 [info] > git status -z -uall [2355ms]
2023-03-24 15:11:59.362 [warning] getRemotes() - ENOENT: no such file or directory, open '/home/mmihovilovic/--git-common-dir/config'
2023-03-24 15:11:59.385 [info] > git remote --verbose [23ms]
2023-03-24 15:11:59.386 [info] > git config --get commit.template [3ms]
2023-03-24 15:11:59.406 [info] > git for-each-ref --format=%(refname)%00%(upstream:short)%00%(objectname) refs/heads/main refs/remotes/main [3ms]
2023-03-24 15:11:59.426 [info] > git rev-list --left-right --count main...origin/main [2ms]
2023-03-24 15:12:01.799 [info] > git status -z -uall [2353ms]
2023-03-24 15:12:06.829 [warning] getRemotes() - ENOENT: no such file or directory, open '/home/mmihovilovic/--git-common-dir/config'
2023-03-24 15:12:06.847 [info] > git remote --verbose [19ms]
2023-03-24 15:12:06.865 [info] > git config --get commit.template [19ms]
2023-03-24 15:12:06.866 [info] > git for-each-ref --format=%(refname)%00%(upstream:short)%00%(objectname) refs/heads/main refs/remotes/main [2ms]
2023-03-24 15:12:06.887 [info] > git rev-list --left-right --count main...origin/main [2ms]
2023-03-24 15:12:09.264 [info] > git status -z -uall [2355ms]
2023-03-24 15:12:14.289 [warning] getRemotes() - ENOENT: no such file or directory, open '/home/mmihovilovic/--git-common-dir/config'
2023-03-24 15:12:14.311 [info] > git remote --verbose [22ms]
2023-03-24 15:12:14.312 [info] > git config --get commit.template [2ms]
2023-03-24 15:12:14.331 [info] > git for-each-ref --format=%(refname)%00%(upstream:short)%00%(objectname) refs/heads/main refs/remotes/main [2ms]
2023-03-24 15:12:14.351 [info] > git rev-list --left-right --count main...origin/main [2ms]
2023-03-24 15:12:16.731 [info] > git status -z -uall [2363ms]
2023-03-24 15:12:21.761 [warning] getRemotes() - ENOENT: no such file or directory, open '/home/mmihovilovic/--git-common-dir/config'
2023-03-24 15:12:21.780 [info] > git remote --verbose [19ms]
2023-03-24 15:12:21.781 [info] > git config --get commit.template [3ms]
2023-03-24 15:12:21.800 [info] > git for-each-ref --format=%(refname)%00%(upstream:short)%00%(objectname) refs/heads/main refs/remotes/main [2ms]
2023-03-24 15:12:21.820 [info] > git rev-list --left-right --count main...origin/main [3ms]
2023-03-24 15:12:24.191 [info] > git status -z -uall [2354ms]
2023-03-24 15:12:29.223 [warning] getRemotes() - ENOENT: no such file or directory, open '/home/mmihovilovic/--git-common-dir/config'
2023-03-24 15:12:29.241 [info] > git remote --verbose [19ms]
2023-03-24 15:12:29.242 [info] > git config --get commit.template [2ms]
2023-03-24 15:12:29.262 [info] > git for-each-ref --format=%(refname)%00%(upstream:short)%00%(objectname) refs/heads/main refs/remotes/main [3ms]
2023-03-24 15:12:29.281 [info] > git rev-list --left-right --count main...origin/main [2ms]
2023-03-24 15:12:31.667 [info] > git status -z -uall [2365ms]
2023-03-24 15:12:36.700 [warning] getRemotes() - ENOENT: no such file or directory, open '/home/mmihovilovic/--git-common-dir/config'
2023-03-24 15:12:36.719 [info] > git remote --verbose [19ms]
2023-03-24 15:12:36.720 [info] > git config --get commit.template [2ms]
2023-03-24 15:12:36.740 [info] > git for-each-ref --format=%(refname)%00%(upstream:short)%00%(objectname) refs/heads/main refs/remotes/main [2ms]
2023-03-24 15:12:36.759 [info] > git rev-list --left-right --count main...origin/main [2ms]
2023-03-24 15:12:39.133 [info] > git status -z -uall [2356ms]
2023-03-24 15:12:44.158 [warning] getRemotes() - ENOENT: no such file or directory, open '/home/mmihovilovic/--git-common-dir/config'
2023-03-24 15:12:44.177 [info] > git remote --verbose [19ms]
2023-03-24 15:12:44.178 [info] > git config --get commit.template [2ms]
2023-03-24 15:12:44.198 [info] > git for-each-ref --format=%(refname)%00%(upstream:short)%00%(objectname) refs/heads/main refs/remotes/main [2ms]
2023-03-24 15:12:44.217 [info] > git rev-list --left-right --count main...origin/main [2ms]
2023-03-24 15:12:46.588 [info] > git status -z -uall [2354ms]
2023-03-24 15:12:51.615 [warning] getRemotes() - ENOENT: no such file or directory, open '/home/mmihovilovic/--git-common-dir/config'
2023-03-24 15:12:51.634 [info] > git remote --verbose [19ms]
2023-03-24 15:12:51.634 [info] > git config --get commit.template [2ms]
2023-03-24 15:12:51.656 [info] > git for-each-ref --format=%(refname)%00%(upstream:short)%00%(objectname) refs/heads/main refs/remotes/main [2ms]
2023-03-24 15:12:51.675 [info] > git rev-list --left-right --count main...origin/main [2ms]
2023-03-24 15:12:54.060 [info] > git status -z -uall [2367ms]
2023-03-24 15:12:59.088 [warning] getRemotes() - ENOENT: no such file or directory, open '/home/mmihovilovic/--git-common-dir/config'
2023-03-24 15:12:59.107 [info] > git remote --verbose [19ms]
2023-03-24 15:12:59.108 [info] > git config --get commit.template [2ms]
2023-03-24 15:12:59.128 [info] > git for-each-ref --format=%(refname)%00%(upstream:short)%00%(objectname) refs/heads/main refs/remotes/main [3ms]
2023-03-24 15:12:59.148 [info] > git rev-list --left-right --count main...origin/main [2ms]
2023-03-24 15:13:01.518 [info] > git status -z -uall [2353ms]
2023-03-24 15:13:15.375 [warning] getRemotes() - ENOENT: no such file or directory, open '/home/mmihovilovic/--git-common-dir/config'
2023-03-24 15:13:15.397 [info] > git config --get commit.template [4ms]
2023-03-24 15:13:15.398 [info] > git remote --verbose [22ms]
2023-03-24 15:13:15.417 [info] > git for-each-ref --format=%(refname)%00%(upstream:short)%00%(objectname) refs/heads/main refs/remotes/main [2ms]
2023-03-24 15:13:15.437 [info] > git rev-list --left-right --count main...origin/main [3ms]
2023-03-24 15:13:17.810 [info] > git status -z -uall [2356ms]
2023-03-24 15:13:22.836 [warning] getRemotes() - ENOENT: no such file or directory, open '/home/mmihovilovic/--git-common-dir/config'
2023-03-24 15:13:22.855 [info] > git remote --verbose [19ms]
2023-03-24 15:13:22.856 [info] > git config --get commit.template [2ms]
2023-03-24 15:13:22.876 [info] > git for-each-ref --format=%(refname)%00%(upstream:short)%00%(objectname) refs/heads/main refs/remotes/main [2ms]
2023-03-24 15:13:22.895 [info] > git rev-list --left-right --count main...origin/main [3ms]
2023-03-24 15:13:25.296 [info] > git status -z -uall [2384ms]
2023-03-24 15:13:30.322 [warning] getRemotes() - ENOENT: no such file or directory, open '/home/mmihovilovic/--git-common-dir/config'
2023-03-24 15:13:30.341 [info] > git remote --verbose [19ms]
2023-03-24 15:13:30.342 [info] > git config --get commit.template [2ms]
2023-03-24 15:13:30.362 [info] > git for-each-ref --format=%(refname)%00%(upstream:short)%00%(objectname) refs/heads/main refs/remotes/main [3ms]
2023-03-24 15:13:30.382 [info] > git rev-list --left-right --count main...origin/main [2ms]
2023-03-24 15:13:32.755 [info] > git status -z -uall [2356ms]
2023-03-24 15:13:37.782 [warning] getRemotes() - ENOENT: no such file or directory, open '/home/mmihovilovic/--git-common-dir/config'
2023-03-24 15:13:37.809 [info] > git remote --verbose [27ms]
2023-03-24 15:13:37.833 [info] > git config --get commit.template [26ms]
2023-03-24 15:13:37.838 [info] > git for-each-ref --format=%(refname)%00%(upstream:short)%00%(objectname) refs/heads/main refs/remotes/main [5ms]
2023-03-24 15:13:37.861 [info] > git rev-list --left-right --count main...origin/main [5ms]
2023-03-24 15:13:40.247 [info] > git status -z -uall [2369ms]
2023-03-24 15:13:45.277 [warning] getRemotes() - ENOENT: no such file or directory, open '/home/mmihovilovic/--git-common-dir/config'
2023-03-24 15:13:45.298 [info] > git remote --verbose [21ms]
2023-03-24 15:13:45.299 [info] > git config --get commit.template [2ms]
2023-03-24 15:13:45.319 [info] > git for-each-ref --format=%(refname)%00%(upstream:short)%00%(objectname) refs/heads/main refs/remotes/main [3ms]
2023-03-24 15:13:45.339 [info] > git rev-list --left-right --count main...origin/main [3ms]
2023-03-24 15:13:47.718 [info] > git status -z -uall [2362ms]
2023-03-24 15:13:52.744 [warning] getRemotes() - ENOENT: no such file or directory, open '/home/mmihovilovic/--git-common-dir/config'
2023-03-24 15:13:52.763 [info] > git remote --verbose [18ms]
2023-03-24 15:13:52.763 [info] > git config --get commit.template [2ms]
2023-03-24 15:13:52.783 [info] > git for-each-ref --format=%(refname)%00%(upstream:short)%00%(objectname) refs/heads/main refs/remotes/main [3ms]
2023-03-24 15:13:52.803 [info] > git rev-list --left-right --count main...origin/main [2ms]
2023-03-24 15:13:55.177 [info] > git status -z -uall [2357ms]
2023-03-24 15:14:00.203 [warning] getRemotes() - ENOENT: no such file or directory, open '/home/mmihovilovic/--git-common-dir/config'
2023-03-24 15:14:00.222 [info] > git remote --verbose [19ms]
2023-03-24 15:14:00.223 [info] > git config --get commit.template [2ms]
2023-03-24 15:14:00.245 [info] > git for-each-ref --format=%(refname)%00%(upstream:short)%00%(objectname) refs/heads/main refs/remotes/main [2ms]
2023-03-24 15:14:00.265 [info] > git rev-list --left-right --count main...origin/main [2ms]
2023-03-24 15:14:02.639 [info] > git status -z -uall [2357ms]
2023-03-24 15:14:07.664 [warning] getRemotes() - ENOENT: no such file or directory, open '/home/mmihovilovic/--git-common-dir/config'
2023-03-24 15:14:07.685 [info] > git remote --verbose [21ms]
2023-03-24 15:14:07.686 [info] > git config --get commit.template [3ms]
2023-03-24 15:14:07.706 [info] > git for-each-ref --format=%(refname)%00%(upstream:short)%00%(objectname) refs/heads/main refs/remotes/main [3ms]
2023-03-24 15:14:07.726 [info] > git rev-list --left-right --count main...origin/main [2ms]
2023-03-24 15:14:10.111 [info] > git status -z -uall [2365ms]
2023-03-24 15:14:15.136 [warning] getRemotes() - ENOENT: no such file or directory, open '/home/mmihovilovic/--git-common-dir/config'
2023-03-24 15:14:15.156 [info] > git remote --verbose [19ms]
2023-03-24 15:14:15.157 [info] > git config --get commit.template [3ms]
2023-03-24 15:14:15.179 [info] > git for-each-ref --format=%(refname)%00%(upstream:short)%00%(objectname) refs/heads/main refs/remotes/main [6ms]
2023-03-24 15:14:15.200 [info] > git rev-list --left-right --count main...origin/main [2ms]
2023-03-24 15:14:17.576 [info] > git status -z -uall [2357ms]
2023-03-24 15:14:22.604 [warning] getRemotes() - ENOENT: no such file or directory, open '/home/mmihovilovic/--git-common-dir/config'
2023-03-24 15:14:22.623 [info] > git remote --verbose [19ms]
2023-03-24 15:14:22.624 [info] > git config --get commit.template [3ms]
2023-03-24 15:14:22.644 [info] > git for-each-ref --format=%(refname)%00%(upstream:short)%00%(objectname) refs/heads/main refs/remotes/main [3ms]
2023-03-24 15:14:22.664 [info] > git rev-list --left-right --count main...origin/main [3ms]
2023-03-24 15:14:25.045 [info] > git status -z -uall [2364ms]
2023-03-24 15:14:30.074 [warning] getRemotes() - ENOENT: no such file or directory, open '/home/mmihovilovic/--git-common-dir/config'
2023-03-24 15:14:30.095 [info] > git remote --verbose [21ms]
2023-03-24 15:14:30.114 [info] > git config --get commit.template [20ms]
2023-03-24 15:14:30.115 [info] > git for-each-ref --format=%(refname)%00%(upstream:short)%00%(objectname) refs/heads/main refs/remotes/main [2ms]
2023-03-24 15:14:30.137 [info] > git rev-list --left-right --count main...origin/main [2ms]
2023-03-24 15:14:32.543 [info] > git status -z -uall [2384ms]
2023-03-24 15:14:37.570 [warning] getRemotes() - ENOENT: no such file or directory, open '/home/mmihovilovic/--git-common-dir/config'
2023-03-24 15:14:37.590 [info] > git remote --verbose [20ms]
2023-03-24 15:14:37.591 [info] > git config --get commit.template [2ms]
2023-03-24 15:14:37.611 [info] > git for-each-ref --format=%(refname)%00%(upstream:short)%00%(objectname) refs/heads/main refs/remotes/main [2ms]
2023-03-24 15:14:37.633 [info] > git rev-list --left-right --count main...origin/main [3ms]
2023-03-24 15:14:40.018 [info] > git status -z -uall [2366ms]
2023-03-24 15:14:45.045 [warning] getRemotes() - ENOENT: no such file or directory, open '/home/mmihovilovic/--git-common-dir/config'
2023-03-24 15:14:45.064 [info] > git remote --verbose [19ms]
2023-03-24 15:14:45.065 [info] > git config --get commit.template [3ms]
2023-03-24 15:14:45.084 [info] > git for-each-ref --format=%(refname)%00%(upstream:short)%00%(objectname) refs/heads/main refs/remotes/main [2ms]
2023-03-24 15:14:45.104 [info] > git rev-list --left-right --count main...origin/main [3ms]
2023-03-24 15:14:47.495 [info] > git status -z -uall [2369ms]
2023-03-24 15:14:52.523 [warning] getRemotes() - ENOENT: no such file or directory, open '/home/mmihovilovic/--git-common-dir/config'
2023-03-24 15:14:52.542 [info] > git remote --verbose [19ms]
2023-03-24 15:14:52.543 [info] > git config --get commit.template [2ms]
2023-03-24 15:14:52.562 [info] > git for-each-ref --format=%(refname)%00%(upstream:short)%00%(objectname) refs/heads/main refs/remotes/main [3ms]
2023-03-24 15:14:52.582 [info] > git rev-list --left-right --count main...origin/main [2ms]
2023-03-24 15:14:54.968 [info] > git status -z -uall [2369ms]
2023-03-24 15:14:59.994 [warning] getRemotes() - ENOENT: no such file or directory, open '/home/mmihovilovic/--git-common-dir/config'
2023-03-24 15:15:00.014 [info] > git remote --verbose [20ms]
2023-03-24 15:15:00.015 [info] > git config --get commit.template [2ms]
2023-03-24 15:15:00.035 [info] > git for-each-ref --format=%(refname)%00%(upstream:short)%00%(objectname) refs/heads/main refs/remotes/main [3ms]
2023-03-24 15:15:00.055 [info] > git rev-list --left-right --count main...origin/main [2ms]
2023-03-24 15:15:02.427 [info] > git status -z -uall [2354ms]
2023-03-24 15:15:07.456 [warning] getRemotes() - ENOENT: no such file or directory, open '/home/mmihovilovic/--git-common-dir/config'
2023-03-24 15:15:07.477 [info] > git config --get commit.template [3ms]
2023-03-24 15:15:07.478 [info] > git remote --verbose [22ms]
2023-03-24 15:15:07.500 [info] > git for-each-ref --format=%(refname)%00%(upstream:short)%00%(objectname) refs/heads/main refs/remotes/main [2ms]
2023-03-24 15:15:07.521 [info] > git rev-list --left-right --count main...origin/main [2ms]
2023-03-24 15:15:09.896 [info] > git status -z -uall [2357ms]
2023-03-24 15:15:14.925 [warning] getRemotes() - ENOENT: no such file or directory, open '/home/mmihovilovic/--git-common-dir/config'
2023-03-24 15:15:14.945 [info] > git remote --verbose [21ms]
2023-03-24 15:15:14.946 [info] > git config --get commit.template [2ms]
2023-03-24 15:15:14.968 [info] > git for-each-ref --format=%(refname)%00%(upstream:short)%00%(objectname) refs/heads/main refs/remotes/main [2ms]
2023-03-24 15:15:14.988 [info] > git rev-list --left-right --count main...origin/main [3ms]
2023-03-24 15:15:17.388 [info] > git status -z -uall [2381ms]
2023-03-24 15:15:22.416 [warning] getRemotes() - ENOENT: no such file or directory, open '/home/mmihovilovic/--git-common-dir/config'
2023-03-24 15:15:22.437 [info] > git remote --verbose [21ms]
2023-03-24 15:15:22.438 [info] > git config --get commit.template [2ms]
2023-03-24 15:15:22.459 [info] > git for-each-ref --format=%(refname)%00%(upstream:short)%00%(objectname) refs/heads/main refs/remotes/main [2ms]
2023-03-24 15:15:22.482 [info] > git rev-list --left-right --count main...origin/main [3ms]
2023-03-24 15:15:24.854 [info] > git status -z -uall [2354ms]
2023-03-24 15:15:29.879 [warning] getRemotes() - ENOENT: no such file or directory, open '/home/mmihovilovic/--git-common-dir/config'
2023-03-24 15:15:29.904 [info] > git remote --verbose [25ms]
2023-03-24 15:15:29.908 [info] > git config --get commit.template [3ms]
2023-03-24 15:15:29.932 [info] > git for-each-ref --format=%(refname)%00%(upstream:short)%00%(objectname) refs/heads/main refs/remotes/main [4ms]
2023-03-24 15:15:29.954 [info] > git rev-list --left-right --count main...origin/main [3ms]
2023-03-24 15:15:32.341 [info] > git status -z -uall [2365ms]
2023-03-24 15:15:37.371 [warning] getRemotes() - ENOENT: no such file or directory, open '/home/mmihovilovic/--git-common-dir/config'
2023-03-24 15:15:37.390 [info] > git remote --verbose [19ms]
2023-03-24 15:15:37.391 [info] > git config --get commit.template [2ms]
2023-03-24 15:15:37.413 [info] > git for-each-ref --format=%(refname)%00%(upstream:short)%00%(objectname) refs/heads/main refs/remotes/main [3ms]
2023-03-24 15:15:37.436 [info] > git rev-list --left-right --count main...origin/main [4ms]
2023-03-24 15:15:39.825 [info] > git status -z -uall [2374ms]
2023-03-24 15:15:44.853 [warning] getRemotes() - ENOENT: no such file or directory, open '/home/mmihovilovic/--git-common-dir/config'
2023-03-24 15:15:44.871 [info] > git remote --verbose [18ms]
2023-03-24 15:15:44.872 [info] > git config --get commit.template [3ms]
2023-03-24 15:15:44.895 [info] > git for-each-ref --format=%(refname)%00%(upstream:short)%00%(objectname) refs/heads/main refs/remotes/main [3ms]
2023-03-24 15:15:44.920 [info] > git rev-list --left-right --count main...origin/main [3ms]
2023-03-24 15:15:47.311 [info] > git status -z -uall [2370ms]
2023-03-24 15:15:52.342 [warning] getRemotes() - ENOENT: no such file or directory, open '/home/mmihovilovic/--git-common-dir/config'
2023-03-24 15:15:52.364 [info] > git remote --verbose [21ms]
2023-03-24 15:15:52.365 [info] > git config --get commit.template [2ms]
2023-03-24 15:15:52.385 [info] > git for-each-ref --format=%(refname)%00%(upstream:short)%00%(objectname) refs/heads/main refs/remotes/main [2ms]
2023-03-24 15:15:52.404 [info] > git rev-list --left-right --count main...origin/main [2ms]
2023-03-24 15:15:54.783 [info] > git status -z -uall [2359ms]
2023-03-24 15:15:59.811 [warning] getRemotes() - ENOENT: no such file or directory, open '/home/mmihovilovic/--git-common-dir/config'
2023-03-24 15:15:59.832 [info] > git remote --verbose [20ms]
2023-03-24 15:15:59.832 [info] > git config --get commit.template [2ms]
2023-03-24 15:15:59.852 [info] > git for-each-ref --format=%(refname)%00%(upstream:short)%00%(objectname) refs/heads/main refs/remotes/main [2ms]
2023-03-24 15:15:59.874 [info] > git rev-list --left-right --count main...origin/main [3ms]
2023-03-24 15:16:02.259 [info] > git status -z -uall [2366ms]
2023-03-24 15:16:07.286 [warning] getRemotes() - ENOENT: no such file or directory, open '/home/mmihovilovic/--git-common-dir/config'
2023-03-24 15:16:07.305 [info] > git remote --verbose [20ms]
2023-03-24 15:16:07.306 [info] > git config --get commit.template [3ms]
2023-03-24 15:16:07.326 [info] > git for-each-ref --format=%(refname)%00%(upstream:short)%00%(objectname) refs/heads/main refs/remotes/main [2ms]
2023-03-24 15:16:07.345 [info] > git rev-list --left-right --count main...origin/main [2ms]
2023-03-24 15:16:09.733 [info] > git status -z -uall [2367ms]
2023-03-24 15:16:14.763 [warning] getRemotes() - ENOENT: no such file or directory, open '/home/mmihovilovic/--git-common-dir/config'
2023-03-24 15:16:14.780 [info] > git remote --verbose [17ms]
2023-03-24 15:16:14.781 [info] > git config --get commit.template [3ms]
2023-03-24 15:16:14.800 [info] > git for-each-ref --format=%(refname)%00%(upstream:short)%00%(objectname) refs/heads/main refs/remotes/main [2ms]
2023-03-24 15:16:14.818 [info] > git rev-list --left-right --count main...origin/main [2ms]
2023-03-24 15:16:17.230 [info] > git status -z -uall [2397ms]
2023-03-24 15:16:22.257 [warning] getRemotes() - ENOENT: no such file or directory, open '/home/mmihovilovic/--git-common-dir/config'
2023-03-24 15:16:22.275 [info] > git remote --verbose [19ms]
2023-03-24 15:16:22.276 [info] > git config --get commit.template [2ms]
2023-03-24 15:16:22.296 [info] > git for-each-ref --format=%(refname)%00%(upstream:short)%00%(objectname) refs/heads/main refs/remotes/main [3ms]
2023-03-24 15:16:22.316 [info] > git rev-list --left-right --count main...origin/main [2ms]
2023-03-24 15:16:24.693 [info] > git status -z -uall [2360ms]
2023-03-24 15:16:29.720 [warning] getRemotes() - ENOENT: no such file or directory, open '/home/mmihovilovic/--git-common-dir/config'
2023-03-24 15:16:29.745 [info] > git remote --verbose [25ms]
2023-03-24 15:16:29.746 [info] > git config --get commit.template [3ms]
2023-03-24 15:16:29.771 [info] > git for-each-ref --format=%(refname)%00%(upstream:short)%00%(objectname) refs/heads/main refs/remotes/main [3ms]
2023-03-24 15:16:29.791 [info] > git rev-list --left-right --count main...origin/main [2ms]
2023-03-24 15:16:32.166 [info] > git status -z -uall [2358ms]
2023-03-24 15:16:37.192 [warning] getRemotes() - ENOENT: no such file or directory, open '/home/mmihovilovic/--git-common-dir/config'
2023-03-24 15:16:37.211 [info] > git remote --verbose [19ms]
2023-03-24 15:16:37.212 [info] > git config --get commit.template [2ms]
2023-03-24 15:16:37.232 [info] > git for-each-ref --format=%(refname)%00%(upstream:short)%00%(objectname) refs/heads/main refs/remotes/main [3ms]
2023-03-24 15:16:37.252 [info] > git rev-list --left-right --count main...origin/main [2ms]
2023-03-24 15:16:39.627 [info] > git status -z -uall [2357ms]
2023-03-24 15:16:44.654 [warning] getRemotes() - ENOENT: no such file or directory, open '/home/mmihovilovic/--git-common-dir/config'
2023-03-24 15:16:44.675 [info] > git remote --verbose [21ms]
2023-03-24 15:16:44.676 [info] > git config --get commit.template [3ms]
2023-03-24 15:16:44.696 [info] > git for-each-ref --format=%(refname)%00%(upstream:short)%00%(objectname) refs/heads/main refs/remotes/main [3ms]
2023-03-24 15:16:44.716 [info] > git rev-list --left-right --count main...origin/main [3ms]
2023-03-24 15:16:47.091 [info] > git status -z -uall [2358ms]
2023-03-24 15:16:52.119 [warning] getRemotes() - ENOENT: no such file or directory, open '/home/mmihovilovic/--git-common-dir/config'
2023-03-24 15:16:52.138 [info] > git remote --verbose [19ms]
2023-03-24 15:16:52.139 [info] > git config --get commit.template [2ms]
2023-03-24 15:16:52.159 [info] > git for-each-ref --format=%(refname)%00%(upstream:short)%00%(objectname) refs/heads/main refs/remotes/main [2ms]
2023-03-24 15:16:52.179 [info] > git rev-list --left-right --count main...origin/main [2ms]
2023-03-24 15:16:54.556 [info] > git status -z -uall [2359ms]
2023-03-24 15:16:55.386 [info] > git ls-files --stage -- /home/mmihovilovic/Ispit_2rok/z2/Analyzer.cpp [19ms]
2023-03-24 15:16:55.404 [info] > git ls-files --stage -- /home/mmihovilovic/Ispit_2rok/z2/Analyzer.h [20ms]
2023-03-24 15:16:55.423 [info] > git cat-file -s a9d84a9933d63378c267c2bc76c7f1b05612cabf [20ms]
2023-03-24 15:16:55.424 [info] > git cat-file -s 65e1c3cc4a3ab06672fd41f95ba2c92a206dc790 [3ms]
2023-03-24 15:16:55.510 [info] > git show --textconv :Ispit_2rok/z2/Analyzer.cpp [19ms]
2023-03-24 15:16:55.518 [info] > git show --textconv :Ispit_2rok/z2/Analyzer.h [10ms]
2023-03-24 15:16:59.583 [warning] getRemotes() - ENOENT: no such file or directory, open '/home/mmihovilovic/--git-common-dir/config'
2023-03-24 15:16:59.603 [info] > git config --get commit.template [2ms]
2023-03-24 15:16:59.604 [info] > git remote --verbose [21ms]
2023-03-24 15:16:59.624 [info] > git for-each-ref --format=%(refname)%00%(upstream:short)%00%(objectname) refs/heads/main refs/remotes/main [2ms]
2023-03-24 15:16:59.643 [info] > git rev-list --left-right --count main...origin/main [2ms]
2023-03-24 15:17:02.018 [info] > git status -z -uall [2357ms]
2023-03-24 15:17:07.048 [warning] getRemotes() - ENOENT: no such file or directory, open '/home/mmihovilovic/--git-common-dir/config'
2023-03-24 15:17:07.070 [info] > git config --get commit.template [4ms]
2023-03-24 15:17:07.070 [info] > git remote --verbose [22ms]
2023-03-24 15:17:07.090 [info] > git for-each-ref --format=%(refname)%00%(upstream:short)%00%(objectname) refs/heads/main refs/remotes/main [2ms]
2023-03-24 15:17:07.110 [info] > git rev-list --left-right --count main...origin/main [3ms]
2023-03-24 15:17:09.486 [info] > git status -z -uall [2358ms]
2023-03-24 15:17:10.973 [info] > git ls-files --stage -- /home/mmihovilovic/Ispit_2rok/z2/Analyzer.cpp [21ms]
2023-03-24 15:17:10.993 [info] > git ls-files --stage -- /home/mmihovilovic/Ispit_2rok/z2/Analyzer.h [20ms]
2023-03-24 15:17:11.014 [info] > git cat-file -s a9d84a9933d63378c267c2bc76c7f1b05612cabf [23ms]
2023-03-24 15:17:11.016 [info] > git cat-file -s 65e1c3cc4a3ab06672fd41f95ba2c92a206dc790 [3ms]
2023-03-24 15:17:11.087 [info] > git show --textconv :Ispit_2rok/z2/Analyzer.cpp [21ms]
2023-03-24 15:17:11.096 [info] > git show --textconv :Ispit_2rok/z2/Analyzer.h [10ms]
2023-03-24 15:17:14.514 [warning] getRemotes() - ENOENT: no such file or directory, open '/home/mmihovilovic/--git-common-dir/config'
2023-03-24 15:17:14.533 [info] > git remote --verbose [18ms]
2023-03-24 15:17:14.533 [info] > git config --get commit.template [2ms]
2023-03-24 15:17:14.553 [info] > git for-each-ref --format=%(refname)%00%(upstream:short)%00%(objectname) refs/heads/main refs/remotes/main [3ms]
2023-03-24 15:17:14.573 [info] > git rev-list --left-right --count main...origin/main [3ms]
2023-03-24 15:17:14.675 [info] > git status -z -uall [84ms]
