2023-03-24 14:55:52.641 [info] Extension host with pid 24726 started
2023-03-24 14:55:52.684 [info] Lock '/home/mmihovilovic/.vscode-server/data/User/workspaceStorage/0a7a0945d1fa5cc71b7545ccaee6a01e/vscode.lock': Lock acquired.
2023-03-24 14:55:52.915 [info] ExtensionService#_doActivateExtension vscode.emmet, startup: false, activationEvent: 'onLanguage'
2023-03-24 14:55:52.917 [info] ExtensionService#_doActivateExtension ms-vscode.cpptools, startup: false, activationEvent: 'onLanguage:cpp'
2023-03-24 14:55:52.918 [info] ExtensionService#_doActivateExtension vscode.git-base, startup: true, activationEvent: '*', root cause: vscode.git
2023-03-24 14:55:53.523 [info] ExtensionService#_doActivateExtension vscode.git, startup: true, activationEvent: '*'
2023-03-24 14:55:53.524 [info] ExtensionService#_doActivateExtension vscode.github, startup: true, activationEvent: '*'
2023-03-24 14:55:54.187 [info] Eager extensions activated
2023-03-24 14:55:54.188 [info] ExtensionService#_doActivateExtension vscode.debug-auto-launch, startup: false, activationEvent: 'onStartupFinished'
2023-03-24 14:55:54.189 [info] ExtensionService#_doActivateExtension vscode.merge-conflict, startup: false, activationEvent: 'onStartupFinished'
2023-03-24 14:56:02.492 [warning] DiagnosticCollection with name 'C/C++' does already exist.
2023-03-24 14:57:47.127 [info] ExtensionService#_doActivateExtension vscode.npm, startup: false, activationEvent: 'onTerminalQuickFixRequest:ms-vscode.npm-command'
2023-03-24 15:05:45.988 [info] ExtensionService#_doActivateExtension vscode.configuration-editing, startup: false, activationEvent: 'onLanguage:jsonc'
2023-03-24 15:05:45.989 [info] ExtensionService#_doActivateExtension vscode.json-language-features, startup: false, activationEvent: 'onLanguage:jsonc'
2023-03-24 15:05:45.990 [info] ExtensionService#_doActivateExtension vscode.typescript-language-features, startup: false, activationEvent: 'onLanguage:jsonc'
2023-03-24 15:12:24.664 [info] ExtensionService#_doActivateExtension zhang-renyang.chat-gpt, startup: false, activationEvent: 'onView:chat-gpt.view'
2023-03-24 15:12:25.841 [error] SyntaxError: Unexpected token u in JSON at position 0
    at JSON.parse (<anonymous>)
    at D (vscode-file://vscode-app/Applications/Visual%20Studio%20Code.app/Contents/Resources/app/out/vs/workbench/workbench.desktop.main.js:747:6202)
    at Qa.$postMessage (vscode-file://vscode-app/Applications/Visual%20Studio%20Code.app/Contents/Resources/app/out/vs/workbench/workbench.desktop.main.js:1566:69766)
    at m.N (vscode-file://vscode-app/Applications/Visual%20Studio%20Code.app/Contents/Resources/app/out/vs/workbench/workbench.desktop.main.js:1573:15220)
    at m.M (vscode-file://vscode-app/Applications/Visual%20Studio%20Code.app/Contents/Resources/app/out/vs/workbench/workbench.desktop.main.js:1573:14938)
    at m.H (vscode-file://vscode-app/Applications/Visual%20Studio%20Code.app/Contents/Resources/app/out/vs/workbench/workbench.desktop.main.js:1573:14031)
    at m.G (vscode-file://vscode-app/Applications/Visual%20Studio%20Code.app/Contents/Resources/app/out/vs/workbench/workbench.desktop.main.js:1573:13169)
    at vscode-file://vscode-app/Applications/Visual%20Studio%20Code.app/Contents/Resources/app/out/vs/workbench/workbench.desktop.main.js:1573:11800
    at g.invoke (vscode-file://vscode-app/Applications/Visual%20Studio%20Code.app/Contents/Resources/app/out/vs/workbench/workbench.desktop.main.js:86:145)
    at n.deliver (vscode-file://vscode-app/Applications/Visual%20Studio%20Code.app/Contents/Resources/app/out/vs/workbench/workbench.desktop.main.js:86:2066)
    at h.fire (vscode-file://vscode-app/Applications/Visual%20Studio%20Code.app/Contents/Resources/app/out/vs/workbench/workbench.desktop.main.js:86:1704)
    at a.fire (vscode-file://vscode-app/Applications/Visual%20Studio%20Code.app/Contents/Resources/app/out/vs/workbench/workbench.desktop.main.js:553:15221)
    at E (vscode-file://vscode-app/Applications/Visual%20Studio%20Code.app/Contents/Resources/app/out/vs/workbench/workbench.desktop.main.js:553:19287)
    at vscode-file://vscode-app/Applications/Visual%20Studio%20Code.app/Contents/Resources/app/out/vs/workbench/workbench.desktop.main.js:553:17275
    at g.invoke (vscode-file://vscode-app/Applications/Visual%20Studio%20Code.app/Contents/Resources/app/out/vs/workbench/workbench.desktop.main.js:86:145)
    at n.deliver (vscode-file://vscode-app/Applications/Visual%20Studio%20Code.app/Contents/Resources/app/out/vs/workbench/workbench.desktop.main.js:86:2066)
    at h.fire (vscode-file://vscode-app/Applications/Visual%20Studio%20Code.app/Contents/Resources/app/out/vs/workbench/workbench.desktop.main.js:86:1704)
    at f.acceptChunk (vscode-file://vscode-app/Applications/Visual%20Studio%20Code.app/Contents/Resources/app/out/vs/workbench/workbench.desktop.main.js:553:12952)
    at vscode-file://vscode-app/Applications/Visual%20Studio%20Code.app/Contents/Resources/app/out/vs/workbench/workbench.desktop.main.js:553:12239
    at vscode-file://vscode-app/Applications/Visual%20Studio%20Code.app/Contents/Resources/app/out/vs/workbench/workbench.desktop.main.js:642:38972
    at g.invoke (vscode-file://vscode-app/Applications/Visual%20Studio%20Code.app/Contents/Resources/app/out/vs/workbench/workbench.desktop.main.js:86:145)
    at n.deliver (vscode-file://vscode-app/Applications/Visual%20Studio%20Code.app/Contents/Resources/app/out/vs/workbench/workbench.desktop.main.js:86:2066)
    at h.fire (vscode-file://vscode-app/Applications/Visual%20Studio%20Code.app/Contents/Resources/app/out/vs/workbench/workbench.desktop.main.js:86:1704)
    at i.onload (vscode-file://vscode-app/Applications/Visual%20Studio%20Code.app/Contents/Resources/app/out/vs/workbench/workbench.desktop.main.js:642:37239)
2023-03-24 15:25:50.494 [info] Extension host terminating: received terminate message from renderer
2023-03-24 15:25:50.495 [info] Lock '/home/mmihovilovic/.vscode-server/data/User/workspaceStorage/0a7a0945d1fa5cc71b7545ccaee6a01e/vscode.lock': Marking the lockfile as scheduled to be released in 6000 ms.
2023-03-24 15:25:50.574 [error] Canceled: Canceled
	at new l (/home/mmihovilovic/.vscode-server/bin/ee2b180d582a7f601fa6ecfdad8d9fd269ab1884/out/vs/workbench/api/node/extensionHostProcess.js:96:88793)
	at a.O (/home/mmihovilovic/.vscode-server/bin/ee2b180d582a7f601fa6ecfdad8d9fd269ab1884/out/vs/workbench/api/node/extensionHostProcess.js:106:11260)
	at Proxy.V.<computed>.Q.charCodeAt.V.<computed> (/home/mmihovilovic/.vscode-server/bin/ee2b180d582a7f601fa6ecfdad8d9fd269ab1884/out/vs/workbench/api/node/extensionHostProcess.js:106:8550)
	at c.g (/home/mmihovilovic/.vscode-server/bin/ee2b180d582a7f601fa6ecfdad8d9fd269ab1884/out/vs/workbench/api/node/extensionHostProcess.js:96:108198)
	at c.executeCommand (/home/mmihovilovic/.vscode-server/bin/ee2b180d582a7f601fa6ecfdad8d9fd269ab1884/out/vs/workbench/api/node/extensionHostProcess.js:96:107574)
	at N.registerCommand.description (/home/mmihovilovic/.vscode-server/bin/ee2b180d582a7f601fa6ecfdad8d9fd269ab1884/out/vs/workbench/api/node/extensionHostProcess.js:96:106867)
	at c.h (/home/mmihovilovic/.vscode-server/bin/ee2b180d582a7f601fa6ecfdad8d9fd269ab1884/out/vs/workbench/api/node/extensionHostProcess.js:96:108784)
	at c.g (/home/mmihovilovic/.vscode-server/bin/ee2b180d582a7f601fa6ecfdad8d9fd269ab1884/out/vs/workbench/api/node/extensionHostProcess.js:96:107674)
	at c.executeCommand (/home/mmihovilovic/.vscode-server/bin/ee2b180d582a7f601fa6ecfdad8d9fd269ab1884/out/vs/workbench/api/node/extensionHostProcess.js:96:107574)
	at Object.executeCommand (/home/mmihovilovic/.vscode-server/bin/ee2b180d582a7f601fa6ecfdad8d9fd269ab1884/out/vs/workbench/api/node/extensionHostProcess.js:117:30781)
	at D (/home/mmihovilovic/.vscode-server/bin/ee2b180d582a7f601fa6ecfdad8d9fd269ab1884/extensions/git/dist/main.js:2:1467127)
	at f.invoke (/home/mmihovilovic/.vscode-server/bin/ee2b180d582a7f601fa6ecfdad8d9fd269ab1884/out/vs/workbench/api/node/extensionHostProcess.js:63:145)
	at m.deliver (/home/mmihovilovic/.vscode-server/bin/ee2b180d582a7f601fa6ecfdad8d9fd269ab1884/out/vs/workbench/api/node/extensionHostProcess.js:63:2066)
	at d.fire (/home/mmihovilovic/.vscode-server/bin/ee2b180d582a7f601fa6ecfdad8d9fd269ab1884/out/vs/workbench/api/node/extensionHostProcess.js:63:1704)
	at Object.m [as dispose] (/home/mmihovilovic/.vscode-server/bin/ee2b180d582a7f601fa6ecfdad8d9fd269ab1884/extensions/git/dist/main.js:2:1481856)
	at /home/mmihovilovic/.vscode-server/bin/ee2b180d582a7f601fa6ecfdad8d9fd269ab1884/extensions/git/dist/main.js:2:1485923
	at Array.forEach (<anonymous>)
	at g.dispose (/home/mmihovilovic/.vscode-server/bin/ee2b180d582a7f601fa6ecfdad8d9fd269ab1884/extensions/git/dist/main.js:2:1485909)
	at D.<anonymous> (/home/mmihovilovic/.vscode-server/bin/ee2b180d582a7f601fa6ecfdad8d9fd269ab1884/out/vs/workbench/api/node/extensionHostProcess.js:94:12431)
	at D.dispose (/home/mmihovilovic/.vscode-server/bin/ee2b180d582a7f601fa6ecfdad8d9fd269ab1884/out/vs/workbench/api/node/extensionHostProcess.js:94:12566)
	at D.<anonymous> (/home/mmihovilovic/.vscode-server/bin/ee2b180d582a7f601fa6ecfdad8d9fd269ab1884/extensions/git/dist/main.js:2:1469257)
	at D.dispose (/home/mmihovilovic/.vscode-server/bin/ee2b180d582a7f601fa6ecfdad8d9fd269ab1884/out/vs/workbench/api/node/extensionHostProcess.js:94:12566)
	at k (/home/mmihovilovic/.vscode-server/bin/ee2b180d582a7f601fa6ecfdad8d9fd269ab1884/out/vs/workbench/api/node/extensionHostProcess.js:10:12074)
	at f.X (/home/mmihovilovic/.vscode-server/bin/ee2b180d582a7f601fa6ecfdad8d9fd269ab1884/out/vs/workbench/api/node/extensionHostProcess.js:108:11284)
	at /home/mmihovilovic/.vscode-server/bin/ee2b180d582a7f601fa6ecfdad8d9fd269ab1884/out/vs/workbench/api/node/extensionHostProcess.js:108:9088
	at Array.map (<anonymous>)
	at f.Q (/home/mmihovilovic/.vscode-server/bin/ee2b180d582a7f601fa6ecfdad8d9fd269ab1884/out/vs/workbench/api/node/extensionHostProcess.js:108:9075)
	at f.terminate (/home/mmihovilovic/.vscode-server/bin/ee2b180d582a7f601fa6ecfdad8d9fd269ab1884/out/vs/workbench/api/node/extensionHostProcess.js:108:9347)
	at u.terminate (/home/mmihovilovic/.vscode-server/bin/ee2b180d582a7f601fa6ecfdad8d9fd269ab1884/out/vs/workbench/api/node/extensionHostProcess.js:112:1397)
	at p (/home/mmihovilovic/.vscode-server/bin/ee2b180d582a7f601fa6ecfdad8d9fd269ab1884/out/vs/workbench/api/node/extensionHostProcess.js:122:18592)
	at /home/mmihovilovic/.vscode-server/bin/ee2b180d582a7f601fa6ecfdad8d9fd269ab1884/out/vs/workbench/api/node/extensionHostProcess.js:122:16502
	at f.invoke (/home/mmihovilovic/.vscode-server/bin/ee2b180d582a7f601fa6ecfdad8d9fd269ab1884/out/vs/workbench/api/node/extensionHostProcess.js:63:145)
	at m.deliver (/home/mmihovilovic/.vscode-server/bin/ee2b180d582a7f601fa6ecfdad8d9fd269ab1884/out/vs/workbench/api/node/extensionHostProcess.js:63:2066)
	at d.fire (/home/mmihovilovic/.vscode-server/bin/ee2b180d582a7f601fa6ecfdad8d9fd269ab1884/out/vs/workbench/api/node/extensionHostProcess.js:63:1704)
	at p.fire (/home/mmihovilovic/.vscode-server/bin/ee2b180d582a7f601fa6ecfdad8d9fd269ab1884/out/vs/workbench/api/node/extensionHostProcess.js:72:14907)
	at t.E (/home/mmihovilovic/.vscode-server/bin/ee2b180d582a7f601fa6ecfdad8d9fd269ab1884/out/vs/workbench/api/node/extensionHostProcess.js:72:18973)
	at /home/mmihovilovic/.vscode-server/bin/ee2b180d582a7f601fa6ecfdad8d9fd269ab1884/out/vs/workbench/api/node/extensionHostProcess.js:72:16961
	at f.invoke (/home/mmihovilovic/.vscode-server/bin/ee2b180d582a7f601fa6ecfdad8d9fd269ab1884/out/vs/workbench/api/node/extensionHostProcess.js:63:145)
	at m.deliver (/home/mmihovilovic/.vscode-server/bin/ee2b180d582a7f601fa6ecfdad8d9fd269ab1884/out/vs/workbench/api/node/extensionHostProcess.js:63:2066)
	at d.fire (/home/mmihovilovic/.vscode-server/bin/ee2b180d582a7f601fa6ecfdad8d9fd269ab1884/out/vs/workbench/api/node/extensionHostProcess.js:63:1704)
	at u.acceptChunk (/home/mmihovilovic/.vscode-server/bin/ee2b180d582a7f601fa6ecfdad8d9fd269ab1884/out/vs/workbench/api/node/extensionHostProcess.js:72:12638)
	at /home/mmihovilovic/.vscode-server/bin/ee2b180d582a7f601fa6ecfdad8d9fd269ab1884/out/vs/workbench/api/node/extensionHostProcess.js:72:11925
	at f.invoke (/home/mmihovilovic/.vscode-server/bin/ee2b180d582a7f601fa6ecfdad8d9fd269ab1884/out/vs/workbench/api/node/extensionHostProcess.js:63:145)
	at m.deliver (/home/mmihovilovic/.vscode-server/bin/ee2b180d582a7f601fa6ecfdad8d9fd269ab1884/out/vs/workbench/api/node/extensionHostProcess.js:63:2066)
	at d.fire (/home/mmihovilovic/.vscode-server/bin/ee2b180d582a7f601fa6ecfdad8d9fd269ab1884/out/vs/workbench/api/node/extensionHostProcess.js:63:1704)
	at d.u (/home/mmihovilovic/.vscode-server/bin/ee2b180d582a7f601fa6ecfdad8d9fd269ab1884/out/vs/workbench/api/node/extensionHostProcess.js:72:28891) setContext undefined
2023-03-24 15:25:50.574 [error] Canceled: Canceled
	at new l (/home/mmihovilovic/.vscode-server/bin/ee2b180d582a7f601fa6ecfdad8d9fd269ab1884/out/vs/workbench/api/node/extensionHostProcess.js:96:88793)
	at a.O (/home/mmihovilovic/.vscode-server/bin/ee2b180d582a7f601fa6ecfdad8d9fd269ab1884/out/vs/workbench/api/node/extensionHostProcess.js:106:11260)
	at Proxy.V.<computed>.Q.charCodeAt.V.<computed> (/home/mmihovilovic/.vscode-server/bin/ee2b180d582a7f601fa6ecfdad8d9fd269ab1884/out/vs/workbench/api/node/extensionHostProcess.js:106:8550)
	at c.g (/home/mmihovilovic/.vscode-server/bin/ee2b180d582a7f601fa6ecfdad8d9fd269ab1884/out/vs/workbench/api/node/extensionHostProcess.js:96:108198)
	at c.executeCommand (/home/mmihovilovic/.vscode-server/bin/ee2b180d582a7f601fa6ecfdad8d9fd269ab1884/out/vs/workbench/api/node/extensionHostProcess.js:96:107574)
	at N.registerCommand.description (/home/mmihovilovic/.vscode-server/bin/ee2b180d582a7f601fa6ecfdad8d9fd269ab1884/out/vs/workbench/api/node/extensionHostProcess.js:96:106867)
	at c.h (/home/mmihovilovic/.vscode-server/bin/ee2b180d582a7f601fa6ecfdad8d9fd269ab1884/out/vs/workbench/api/node/extensionHostProcess.js:96:108784)
	at c.g (/home/mmihovilovic/.vscode-server/bin/ee2b180d582a7f601fa6ecfdad8d9fd269ab1884/out/vs/workbench/api/node/extensionHostProcess.js:96:107674)
	at c.executeCommand (/home/mmihovilovic/.vscode-server/bin/ee2b180d582a7f601fa6ecfdad8d9fd269ab1884/out/vs/workbench/api/node/extensionHostProcess.js:96:107574)
	at Object.executeCommand (/home/mmihovilovic/.vscode-server/bin/ee2b180d582a7f601fa6ecfdad8d9fd269ab1884/out/vs/workbench/api/node/extensionHostProcess.js:117:30781)
	at D (/home/mmihovilovic/.vscode-server/bin/ee2b180d582a7f601fa6ecfdad8d9fd269ab1884/extensions/git/dist/main.js:2:1467127)
	at f.invoke (/home/mmihovilovic/.vscode-server/bin/ee2b180d582a7f601fa6ecfdad8d9fd269ab1884/out/vs/workbench/api/node/extensionHostProcess.js:63:145)
	at m.deliver (/home/mmihovilovic/.vscode-server/bin/ee2b180d582a7f601fa6ecfdad8d9fd269ab1884/out/vs/workbench/api/node/extensionHostProcess.js:63:2066)
	at d.fire (/home/mmihovilovic/.vscode-server/bin/ee2b180d582a7f601fa6ecfdad8d9fd269ab1884/out/vs/workbench/api/node/extensionHostProcess.js:63:1704)
	at Object.m [as dispose] (/home/mmihovilovic/.vscode-server/bin/ee2b180d582a7f601fa6ecfdad8d9fd269ab1884/extensions/git/dist/main.js:2:1481856)
	at /home/mmihovilovic/.vscode-server/bin/ee2b180d582a7f601fa6ecfdad8d9fd269ab1884/extensions/git/dist/main.js:2:1485923
	at Array.forEach (<anonymous>)
	at g.dispose (/home/mmihovilovic/.vscode-server/bin/ee2b180d582a7f601fa6ecfdad8d9fd269ab1884/extensions/git/dist/main.js:2:1485909)
	at D.<anonymous> (/home/mmihovilovic/.vscode-server/bin/ee2b180d582a7f601fa6ecfdad8d9fd269ab1884/out/vs/workbench/api/node/extensionHostProcess.js:94:12431)
	at D.dispose (/home/mmihovilovic/.vscode-server/bin/ee2b180d582a7f601fa6ecfdad8d9fd269ab1884/out/vs/workbench/api/node/extensionHostProcess.js:94:12566)
	at D.<anonymous> (/home/mmihovilovic/.vscode-server/bin/ee2b180d582a7f601fa6ecfdad8d9fd269ab1884/extensions/git/dist/main.js:2:1469257)
	at D.dispose (/home/mmihovilovic/.vscode-server/bin/ee2b180d582a7f601fa6ecfdad8d9fd269ab1884/out/vs/workbench/api/node/extensionHostProcess.js:94:12566)
	at k (/home/mmihovilovic/.vscode-server/bin/ee2b180d582a7f601fa6ecfdad8d9fd269ab1884/out/vs/workbench/api/node/extensionHostProcess.js:10:12074)
	at f.X (/home/mmihovilovic/.vscode-server/bin/ee2b180d582a7f601fa6ecfdad8d9fd269ab1884/out/vs/workbench/api/node/extensionHostProcess.js:108:11284)
	at /home/mmihovilovic/.vscode-server/bin/ee2b180d582a7f601fa6ecfdad8d9fd269ab1884/out/vs/workbench/api/node/extensionHostProcess.js:108:9088
	at Array.map (<anonymous>)
	at f.Q (/home/mmihovilovic/.vscode-server/bin/ee2b180d582a7f601fa6ecfdad8d9fd269ab1884/out/vs/workbench/api/node/extensionHostProcess.js:108:9075)
	at f.terminate (/home/mmihovilovic/.vscode-server/bin/ee2b180d582a7f601fa6ecfdad8d9fd269ab1884/out/vs/workbench/api/node/extensionHostProcess.js:108:9347)
	at u.terminate (/home/mmihovilovic/.vscode-server/bin/ee2b180d582a7f601fa6ecfdad8d9fd269ab1884/out/vs/workbench/api/node/extensionHostProcess.js:112:1397)
	at p (/home/mmihovilovic/.vscode-server/bin/ee2b180d582a7f601fa6ecfdad8d9fd269ab1884/out/vs/workbench/api/node/extensionHostProcess.js:122:18592)
	at /home/mmihovilovic/.vscode-server/bin/ee2b180d582a7f601fa6ecfdad8d9fd269ab1884/out/vs/workbench/api/node/extensionHostProcess.js:122:16502
	at f.invoke (/home/mmihovilovic/.vscode-server/bin/ee2b180d582a7f601fa6ecfdad8d9fd269ab1884/out/vs/workbench/api/node/extensionHostProcess.js:63:145)
	at m.deliver (/home/mmihovilovic/.vscode-server/bin/ee2b180d582a7f601fa6ecfdad8d9fd269ab1884/out/vs/workbench/api/node/extensionHostProcess.js:63:2066)
	at d.fire (/home/mmihovilovic/.vscode-server/bin/ee2b180d582a7f601fa6ecfdad8d9fd269ab1884/out/vs/workbench/api/node/extensionHostProcess.js:63:1704)
	at p.fire (/home/mmihovilovic/.vscode-server/bin/ee2b180d582a7f601fa6ecfdad8d9fd269ab1884/out/vs/workbench/api/node/extensionHostProcess.js:72:14907)
	at t.E (/home/mmihovilovic/.vscode-server/bin/ee2b180d582a7f601fa6ecfdad8d9fd269ab1884/out/vs/workbench/api/node/extensionHostProcess.js:72:18973)
	at /home/mmihovilovic/.vscode-server/bin/ee2b180d582a7f601fa6ecfdad8d9fd269ab1884/out/vs/workbench/api/node/extensionHostProcess.js:72:16961
	at f.invoke (/home/mmihovilovic/.vscode-server/bin/ee2b180d582a7f601fa6ecfdad8d9fd269ab1884/out/vs/workbench/api/node/extensionHostProcess.js:63:145)
	at m.deliver (/home/mmihovilovic/.vscode-server/bin/ee2b180d582a7f601fa6ecfdad8d9fd269ab1884/out/vs/workbench/api/node/extensionHostProcess.js:63:2066)
	at d.fire (/home/mmihovilovic/.vscode-server/bin/ee2b180d582a7f601fa6ecfdad8d9fd269ab1884/out/vs/workbench/api/node/extensionHostProcess.js:63:1704)
	at u.acceptChunk (/home/mmihovilovic/.vscode-server/bin/ee2b180d582a7f601fa6ecfdad8d9fd269ab1884/out/vs/workbench/api/node/extensionHostProcess.js:72:12638)
	at /home/mmihovilovic/.vscode-server/bin/ee2b180d582a7f601fa6ecfdad8d9fd269ab1884/out/vs/workbench/api/node/extensionHostProcess.js:72:11925
	at f.invoke (/home/mmihovilovic/.vscode-server/bin/ee2b180d582a7f601fa6ecfdad8d9fd269ab1884/out/vs/workbench/api/node/extensionHostProcess.js:63:145)
	at m.deliver (/home/mmihovilovic/.vscode-server/bin/ee2b180d582a7f601fa6ecfdad8d9fd269ab1884/out/vs/workbench/api/node/extensionHostProcess.js:63:2066)
	at d.fire (/home/mmihovilovic/.vscode-server/bin/ee2b180d582a7f601fa6ecfdad8d9fd269ab1884/out/vs/workbench/api/node/extensionHostProcess.js:63:1704)
	at d.u (/home/mmihovilovic/.vscode-server/bin/ee2b180d582a7f601fa6ecfdad8d9fd269ab1884/out/vs/workbench/api/node/extensionHostProcess.js:72:28891) setContext undefined
2023-03-24 15:25:50.575 [error] Canceled: Canceled
	at new l (/home/mmihovilovic/.vscode-server/bin/ee2b180d582a7f601fa6ecfdad8d9fd269ab1884/out/vs/workbench/api/node/extensionHostProcess.js:96:88793)
	at a.O (/home/mmihovilovic/.vscode-server/bin/ee2b180d582a7f601fa6ecfdad8d9fd269ab1884/out/vs/workbench/api/node/extensionHostProcess.js:106:11260)
	at Proxy.V.<computed>.Q.charCodeAt.V.<computed> (/home/mmihovilovic/.vscode-server/bin/ee2b180d582a7f601fa6ecfdad8d9fd269ab1884/out/vs/workbench/api/node/extensionHostProcess.js:106:8550)
	at c.g (/home/mmihovilovic/.vscode-server/bin/ee2b180d582a7f601fa6ecfdad8d9fd269ab1884/out/vs/workbench/api/node/extensionHostProcess.js:96:108198)
	at c.executeCommand (/home/mmihovilovic/.vscode-server/bin/ee2b180d582a7f601fa6ecfdad8d9fd269ab1884/out/vs/workbench/api/node/extensionHostProcess.js:96:107574)
	at N.registerCommand.description (/home/mmihovilovic/.vscode-server/bin/ee2b180d582a7f601fa6ecfdad8d9fd269ab1884/out/vs/workbench/api/node/extensionHostProcess.js:96:106867)
	at c.h (/home/mmihovilovic/.vscode-server/bin/ee2b180d582a7f601fa6ecfdad8d9fd269ab1884/out/vs/workbench/api/node/extensionHostProcess.js:96:108784)
	at c.g (/home/mmihovilovic/.vscode-server/bin/ee2b180d582a7f601fa6ecfdad8d9fd269ab1884/out/vs/workbench/api/node/extensionHostProcess.js:96:107674)
	at c.executeCommand (/home/mmihovilovic/.vscode-server/bin/ee2b180d582a7f601fa6ecfdad8d9fd269ab1884/out/vs/workbench/api/node/extensionHostProcess.js:96:107574)
	at Object.executeCommand (/home/mmihovilovic/.vscode-server/bin/ee2b180d582a7f601fa6ecfdad8d9fd269ab1884/out/vs/workbench/api/node/extensionHostProcess.js:117:30781)
	at D (/home/mmihovilovic/.vscode-server/bin/ee2b180d582a7f601fa6ecfdad8d9fd269ab1884/extensions/git/dist/main.js:2:1467127)
	at f.invoke (/home/mmihovilovic/.vscode-server/bin/ee2b180d582a7f601fa6ecfdad8d9fd269ab1884/out/vs/workbench/api/node/extensionHostProcess.js:63:145)
	at m.deliver (/home/mmihovilovic/.vscode-server/bin/ee2b180d582a7f601fa6ecfdad8d9fd269ab1884/out/vs/workbench/api/node/extensionHostProcess.js:63:2066)
	at d.fire (/home/mmihovilovic/.vscode-server/bin/ee2b180d582a7f601fa6ecfdad8d9fd269ab1884/out/vs/workbench/api/node/extensionHostProcess.js:63:1704)
	at Object.m [as dispose] (/home/mmihovilovic/.vscode-server/bin/ee2b180d582a7f601fa6ecfdad8d9fd269ab1884/extensions/git/dist/main.js:2:1481856)
	at /home/mmihovilovic/.vscode-server/bin/ee2b180d582a7f601fa6ecfdad8d9fd269ab1884/extensions/git/dist/main.js:2:1485923
	at Array.forEach (<anonymous>)
	at g.dispose (/home/mmihovilovic/.vscode-server/bin/ee2b180d582a7f601fa6ecfdad8d9fd269ab1884/extensions/git/dist/main.js:2:1485909)
	at D.<anonymous> (/home/mmihovilovic/.vscode-server/bin/ee2b180d582a7f601fa6ecfdad8d9fd269ab1884/out/vs/workbench/api/node/extensionHostProcess.js:94:12431)
	at D.dispose (/home/mmihovilovic/.vscode-server/bin/ee2b180d582a7f601fa6ecfdad8d9fd269ab1884/out/vs/workbench/api/node/extensionHostProcess.js:94:12566)
	at D.<anonymous> (/home/mmihovilovic/.vscode-server/bin/ee2b180d582a7f601fa6ecfdad8d9fd269ab1884/extensions/git/dist/main.js:2:1469257)
	at D.dispose (/home/mmihovilovic/.vscode-server/bin/ee2b180d582a7f601fa6ecfdad8d9fd269ab1884/out/vs/workbench/api/node/extensionHostProcess.js:94:12566)
	at k (/home/mmihovilovic/.vscode-server/bin/ee2b180d582a7f601fa6ecfdad8d9fd269ab1884/out/vs/workbench/api/node/extensionHostProcess.js:10:12074)
	at f.X (/home/mmihovilovic/.vscode-server/bin/ee2b180d582a7f601fa6ecfdad8d9fd269ab1884/out/vs/workbench/api/node/extensionHostProcess.js:108:11284)
	at /home/mmihovilovic/.vscode-server/bin/ee2b180d582a7f601fa6ecfdad8d9fd269ab1884/out/vs/workbench/api/node/extensionHostProcess.js:108:9088
	at Array.map (<anonymous>)
	at f.Q (/home/mmihovilovic/.vscode-server/bin/ee2b180d582a7f601fa6ecfdad8d9fd269ab1884/out/vs/workbench/api/node/extensionHostProcess.js:108:9075)
	at f.terminate (/home/mmihovilovic/.vscode-server/bin/ee2b180d582a7f601fa6ecfdad8d9fd269ab1884/out/vs/workbench/api/node/extensionHostProcess.js:108:9347)
	at u.terminate (/home/mmihovilovic/.vscode-server/bin/ee2b180d582a7f601fa6ecfdad8d9fd269ab1884/out/vs/workbench/api/node/extensionHostProcess.js:112:1397)
	at p (/home/mmihovilovic/.vscode-server/bin/ee2b180d582a7f601fa6ecfdad8d9fd269ab1884/out/vs/workbench/api/node/extensionHostProcess.js:122:18592)
	at /home/mmihovilovic/.vscode-server/bin/ee2b180d582a7f601fa6ecfdad8d9fd269ab1884/out/vs/workbench/api/node/extensionHostProcess.js:122:16502
	at f.invoke (/home/mmihovilovic/.vscode-server/bin/ee2b180d582a7f601fa6ecfdad8d9fd269ab1884/out/vs/workbench/api/node/extensionHostProcess.js:63:145)
	at m.deliver (/home/mmihovilovic/.vscode-server/bin/ee2b180d582a7f601fa6ecfdad8d9fd269ab1884/out/vs/workbench/api/node/extensionHostProcess.js:63:2066)
	at d.fire (/home/mmihovilovic/.vscode-server/bin/ee2b180d582a7f601fa6ecfdad8d9fd269ab1884/out/vs/workbench/api/node/extensionHostProcess.js:63:1704)
	at p.fire (/home/mmihovilovic/.vscode-server/bin/ee2b180d582a7f601fa6ecfdad8d9fd269ab1884/out/vs/workbench/api/node/extensionHostProcess.js:72:14907)
	at t.E (/home/mmihovilovic/.vscode-server/bin/ee2b180d582a7f601fa6ecfdad8d9fd269ab1884/out/vs/workbench/api/node/extensionHostProcess.js:72:18973)
	at /home/mmihovilovic/.vscode-server/bin/ee2b180d582a7f601fa6ecfdad8d9fd269ab1884/out/vs/workbench/api/node/extensionHostProcess.js:72:16961
	at f.invoke (/home/mmihovilovic/.vscode-server/bin/ee2b180d582a7f601fa6ecfdad8d9fd269ab1884/out/vs/workbench/api/node/extensionHostProcess.js:63:145)
	at m.deliver (/home/mmihovilovic/.vscode-server/bin/ee2b180d582a7f601fa6ecfdad8d9fd269ab1884/out/vs/workbench/api/node/extensionHostProcess.js:63:2066)
	at d.fire (/home/mmihovilovic/.vscode-server/bin/ee2b180d582a7f601fa6ecfdad8d9fd269ab1884/out/vs/workbench/api/node/extensionHostProcess.js:63:1704)
	at u.acceptChunk (/home/mmihovilovic/.vscode-server/bin/ee2b180d582a7f601fa6ecfdad8d9fd269ab1884/out/vs/workbench/api/node/extensionHostProcess.js:72:12638)
	at /home/mmihovilovic/.vscode-server/bin/ee2b180d582a7f601fa6ecfdad8d9fd269ab1884/out/vs/workbench/api/node/extensionHostProcess.js:72:11925
	at f.invoke (/home/mmihovilovic/.vscode-server/bin/ee2b180d582a7f601fa6ecfdad8d9fd269ab1884/out/vs/workbench/api/node/extensionHostProcess.js:63:145)
	at m.deliver (/home/mmihovilovic/.vscode-server/bin/ee2b180d582a7f601fa6ecfdad8d9fd269ab1884/out/vs/workbench/api/node/extensionHostProcess.js:63:2066)
	at d.fire (/home/mmihovilovic/.vscode-server/bin/ee2b180d582a7f601fa6ecfdad8d9fd269ab1884/out/vs/workbench/api/node/extensionHostProcess.js:63:1704)
	at d.u (/home/mmihovilovic/.vscode-server/bin/ee2b180d582a7f601fa6ecfdad8d9fd269ab1884/out/vs/workbench/api/node/extensionHostProcess.js:72:28891) setContext undefined
2023-03-24 15:25:50.643 [info] Extension host with pid 24726 exiting with code 0
