2023-03-17 11:24:01.114 [info] Log level: Info
2023-03-17 11:24:01.114 [info] Validating found git in: "git"
2023-03-17 11:24:01.114 [info] Using git "1.8.3.1" from "git"
2023-03-17 11:24:01.114 [info] > git rev-parse --show-toplevel [67ms]
2023-03-17 11:24:01.114 [info] > git rev-parse --git-dir --git-common-dir [3ms]
2023-03-17 11:24:01.114 [info] Open repository: /home/mmihovilovic
2023-03-17 11:24:01.114 [warning] getRemotes() - ENOENT: no such file or directory, open '/home/mmihovilovic/--git-common-dir/config'
2023-03-17 11:24:01.114 [info] > git rev-parse --show-toplevel [23ms]
2023-03-17 11:24:01.114 [info] > git config --get commit.template [14ms]
2023-03-17 11:24:01.114 [info] > git remote --verbose [24ms]
2023-03-17 11:24:01.114 [info] > git rev-parse --show-toplevel [7ms]
2023-03-17 11:24:01.114 [info] > git rev-parse --show-toplevel [13ms]
2023-03-17 11:24:01.114 [info] > git rev-parse --show-toplevel [4ms]
2023-03-17 11:24:01.114 [info] > git for-each-ref --format=%(refname)%00%(upstream:short)%00%(objectname) refs/heads/main refs/remotes/main [26ms]
2023-03-17 11:24:01.114 [info] > git rev-parse --show-toplevel [13ms]
2023-03-17 11:24:01.114 [info] > git rev-list --left-right --count main...origin/main [30ms]
2023-03-17 11:24:01.114 [info] > git rev-parse --show-toplevel [36ms]
2023-03-17 11:24:01.114 [info] > git rev-parse --show-toplevel [16ms]
2023-03-17 11:24:01.116 [info] > git rev-parse --show-toplevel [3ms]
2023-03-17 11:24:01.173 [info] > git rev-parse --show-toplevel [48ms]
2023-03-17 11:24:01.184 [info] > git rev-parse --show-toplevel [4ms]
2023-03-17 11:24:01.196 [info] > git rev-parse --show-toplevel [4ms]
2023-03-17 11:24:01.205 [info] > git rev-parse --show-toplevel [2ms]
2023-03-17 11:24:01.214 [info] > git rev-parse --show-toplevel [2ms]
2023-03-17 11:24:01.227 [info] > git rev-parse --show-toplevel [4ms]
2023-03-17 11:24:01.236 [info] > git rev-parse --show-toplevel [2ms]
2023-03-17 11:24:01.246 [info] > git rev-parse --git-dir --git-common-dir [2ms]
2023-03-17 11:24:01.254 [info] Open repository: /home/mmihovilovic/vj11
2023-03-17 11:24:01.278 [warning] getRemotes() - ENOENT: no such file or directory, open '/home/mmihovilovic/vj11/--git-common-dir/config'
2023-03-17 11:24:01.289 [info] > git remote --verbose [12ms]
2023-03-17 11:24:01.290 [info] > git rev-parse --show-toplevel [23ms]
2023-03-17 11:24:01.303 [info] > git config --get commit.template [15ms]
2023-03-17 11:24:01.314 [info] > git rev-parse --show-toplevel [13ms]
2023-03-17 11:24:01.323 [info] > git for-each-ref --format=%(refname)%00%(upstream:short)%00%(objectname) refs/heads/master refs/remotes/master [11ms]
2023-03-17 11:24:01.336 [info] > git status -z -uall [3ms]
2023-03-17 11:24:01.336 [info] > git rev-parse --show-toplevel [14ms]
2023-03-17 11:24:01.399 [warning] getRemotes() - ENOENT: no such file or directory, open '/home/mmihovilovic/vj11/--git-common-dir/config'
2023-03-17 11:24:01.411 [info] > git rev-parse --show-toplevel [66ms]
2023-03-17 11:24:01.422 [info] > git config --get commit.template [13ms]
2023-03-17 11:24:01.423 [info] > git remote --verbose [24ms]
2023-03-17 11:24:01.426 [info] > git rev-parse --show-toplevel [6ms]
2023-03-17 11:24:01.451 [info] > git rev-parse --show-toplevel [12ms]
2023-03-17 11:24:01.462 [info] > git for-each-ref --format=%(refname)%00%(upstream:short)%00%(objectname) refs/heads/master refs/remotes/master [13ms]
2023-03-17 11:24:01.475 [info] > git rev-parse --show-toplevel [14ms]
2023-03-17 11:24:01.487 [info] > git status -z -uall [14ms]
2023-03-17 11:24:01.492 [info] > git rev-parse --show-toplevel [7ms]
2023-03-17 11:24:01.504 [info] > git rev-parse --git-dir --git-common-dir [4ms]
2023-03-17 11:24:01.513 [info] Open repository: /home/mmihovilovic/vj6
2023-03-17 11:24:01.529 [warning] getRemotes() - ENOENT: no such file or directory, open '/home/mmihovilovic/vj6/--git-common-dir/config'
2023-03-17 11:24:01.538 [info] > git remote --verbose [9ms]
2023-03-17 11:24:01.539 [info] > git rev-parse --show-toplevel [18ms]
2023-03-17 11:24:01.547 [info] > git config --get commit.template [11ms]
2023-03-17 11:24:01.568 [info] > git for-each-ref --format=%(refname)%00%(upstream:short)%00%(objectname) refs/heads/master refs/remotes/master [9ms]
2023-03-17 11:24:01.582 [info] > git rev-parse --show-toplevel [36ms]
2023-03-17 11:24:01.603 [info] > git status -z -uall [22ms]
2023-03-17 11:24:01.603 [info] > git rev-parse --show-toplevel [9ms]
2023-03-17 11:24:01.633 [warning] getRemotes() - ENOENT: no such file or directory, open '/home/mmihovilovic/vj6/--git-common-dir/config'
2023-03-17 11:24:01.646 [info] > git rev-parse --show-toplevel [32ms]
2023-03-17 11:24:01.657 [info] > git config --get commit.template [12ms]
2023-03-17 11:24:01.657 [info] > git remote --verbose [25ms]
2023-03-17 11:24:01.672 [info] > git for-each-ref --format=%(refname)%00%(upstream:short)%00%(objectname) refs/heads/master refs/remotes/master [3ms]
2023-03-17 11:24:01.688 [info] > git status -z -uall [4ms]
2023-03-17 11:24:01.954 [info] > git status -z -uall [879ms]
2023-03-17 11:24:01.980 [warning] getRemotes() - ENOENT: no such file or directory, open '/home/mmihovilovic/--git-common-dir/config'
2023-03-17 11:24:01.993 [info] > git remote --verbose [12ms]
2023-03-17 11:24:01.994 [info] > git config --get commit.template [4ms]
2023-03-17 11:24:02.007 [info] > git for-each-ref --format=%(refname)%00%(upstream:short)%00%(objectname) refs/heads/main refs/remotes/main [3ms]
2023-03-17 11:24:02.021 [info] > git rev-list --left-right --count main...origin/main [3ms]
2023-03-17 11:24:02.239 [info] > git check-ignore -v -z --stdin [13ms]
2023-03-17 11:24:02.241 [info] > git check-ignore -v -z --stdin [4ms]
2023-03-17 11:24:02.246 [info] > git check-ignore -v -z --stdin [35ms]
2023-03-17 11:24:02.901 [info] > git status -z -uall [869ms]
2023-03-17 11:24:02.971 [info] > git check-ignore -v -z --stdin [8ms]
2023-03-17 11:24:04.025 [info] > git check-ignore -v -z --stdin [9ms]
2023-03-17 11:24:26.561 [info] > git check-ignore -v -z --stdin [9ms]
2023-03-17 11:24:28.563 [info] > git check-ignore -v -z --stdin [9ms]
