2023-03-22 11:30:26.798 [info] Log level: Info
2023-03-22 11:30:26.798 [info] Validating found git in: "git"
2023-03-22 11:30:26.798 [info] Using git "1.8.3.1" from "git"
2023-03-22 11:30:26.798 [info] > git rev-parse --show-toplevel [13ms]
2023-03-22 11:30:26.798 [info] > git rev-parse --git-dir --git-common-dir [3ms]
2023-03-22 11:30:26.798 [info] Open repository: /home/mmihovilovic
2023-03-22 11:30:26.798 [warning] getRemotes() - ENOENT: no such file or directory, open '/home/mmihovilovic/--git-common-dir/config'
2023-03-22 11:30:26.798 [info] > git config --get commit.template [11ms]
2023-03-22 11:30:26.798 [info] > git remote --verbose [24ms]
2023-03-22 11:30:26.798 [info] > git rev-parse --show-toplevel [41ms]
2023-03-22 11:30:26.798 [info] > git rev-parse --show-toplevel [5ms]
2023-03-22 11:30:26.799 [info] > git rev-parse --show-toplevel [17ms]
2023-03-22 11:30:26.799 [info] > git for-each-ref --format=%(refname)%00%(upstream:short)%00%(objectname) refs/heads/main refs/remotes/main [16ms]
2023-03-22 11:30:26.799 [info] > git rev-parse --show-toplevel [16ms]
2023-03-22 11:30:26.799 [info] > git rev-list --left-right --count main...origin/main [26ms]
2023-03-22 11:30:26.799 [info] > git rev-parse --show-toplevel [25ms]
2023-03-22 11:30:26.799 [info] > git rev-parse --show-toplevel [18ms]
2023-03-22 11:30:26.799 [info] > git rev-parse --show-toplevel [6ms]
2023-03-22 11:30:26.799 [info] > git rev-parse --show-toplevel [3ms]
2023-03-22 11:30:26.799 [info] > git rev-parse --show-toplevel [69ms]
2023-03-22 11:30:26.799 [info] > git rev-parse --show-toplevel [2ms]
2023-03-22 11:30:26.799 [info] > git rev-parse --show-toplevel [11ms]
2023-03-22 11:30:26.799 [info] > git rev-parse --show-toplevel [222ms]
2023-03-22 11:30:26.799 [info] > git status -z -uall [481ms]
2023-03-22 11:30:26.799 [info] > git rev-parse --show-toplevel [33ms]
2023-03-22 11:30:26.799 [warning] getRemotes() - ENOENT: no such file or directory, open '/home/mmihovilovic/--git-common-dir/config'
2023-03-22 11:30:26.799 [info] > git rev-parse --show-toplevel [82ms]
2023-03-22 11:30:26.799 [info] > git config --get commit.template [40ms]
2023-03-22 11:30:26.799 [info] > git remote --verbose [55ms]
2023-03-22 11:30:26.799 [info] > git rev-parse --show-toplevel [190ms]
2023-03-22 11:30:26.799 [info] > git rev-parse --show-toplevel [234ms]
2023-03-22 11:30:26.799 [info] > git check-ignore -v -z --stdin [239ms]
2023-03-22 11:30:26.799 [info] > git rev-parse --show-toplevel [8ms]
2023-03-22 11:30:26.799 [info] > git for-each-ref --format=%(refname)%00%(upstream:short)%00%(objectname) refs/heads/main refs/remotes/main [234ms]
2023-03-22 11:30:26.799 [info] > git rev-parse --git-dir --git-common-dir [29ms]
2023-03-22 11:30:26.799 [info] Open repository: /home/mmihovilovic/vj11
2023-03-22 11:30:26.799 [warning] getRemotes() - ENOENT: no such file or directory, open '/home/mmihovilovic/vj11/--git-common-dir/config'
2023-03-22 11:30:26.799 [info] > git rev-list --left-right --count main...origin/main [66ms]
2023-03-22 11:30:26.799 [info] > git config --get commit.template [22ms]
2023-03-22 11:30:26.799 [info] > git remote --verbose [38ms]
2023-03-22 11:30:26.799 [info] > git rev-parse --show-toplevel [55ms]
2023-03-22 11:30:26.799 [info] > git rev-parse --show-toplevel [39ms]
2023-03-22 11:30:26.799 [info] > git for-each-ref --format=%(refname)%00%(upstream:short)%00%(objectname) refs/heads/master refs/remotes/master [29ms]
2023-03-22 11:30:26.799 [info] > git rev-parse --show-toplevel [31ms]
2023-03-22 11:30:26.801 [info] > git status -z -uall [27ms]
2023-03-22 11:30:26.814 [info] > git rev-parse --show-toplevel [19ms]
2023-03-22 11:30:26.836 [info] > git rev-parse --show-toplevel [8ms]
2023-03-22 11:30:26.859 [info] > git rev-parse --show-toplevel [10ms]
2023-03-22 11:30:26.891 [info] > git rev-parse --show-toplevel [18ms]
2023-03-22 11:30:26.918 [info] > git rev-parse --show-toplevel [10ms]
2023-03-22 11:30:26.943 [info] > git rev-parse --git-dir --git-common-dir [12ms]
2023-03-22 11:30:26.950 [info] Open repository: /home/mmihovilovic/vj6
2023-03-22 11:30:26.984 [warning] getRemotes() - ENOENT: no such file or directory, open '/home/mmihovilovic/vj6/--git-common-dir/config'
2023-03-22 11:30:27.002 [info] > git remote --verbose [18ms]
2023-03-22 11:30:27.002 [info] > git rev-parse --show-toplevel [38ms]
2023-03-22 11:30:27.020 [info] > git config --get commit.template [23ms]
2023-03-22 11:30:27.038 [info] > git rev-parse --show-toplevel [23ms]
2023-03-22 11:30:27.057 [info] > git rev-parse --show-toplevel [6ms]
2023-03-22 11:30:27.070 [info] > git for-each-ref --format=%(refname)%00%(upstream:short)%00%(objectname) refs/heads/master refs/remotes/master [34ms]
2023-03-22 11:30:27.137 [info] > git status -z -uall [466ms]
2023-03-22 11:30:27.137 [info] > git status -z -uall [53ms]
2023-03-22 11:30:27.137 [info] > git rev-parse --show-toplevel [67ms]
2023-03-22 11:30:27.647 [info] > git show --textconv :vj9/Analyzer.cpp [26ms]
2023-03-22 11:30:27.654 [info] > git ls-files --stage -- /home/mmihovilovic/vj9/Analyzer.cpp [13ms]
2023-03-22 11:30:27.676 [info] > git cat-file -s 6d4d7ab2e72319a1b3f5009db66561d91112cf79 [7ms]
2023-03-22 11:30:28.022 [info] > git check-ignore -v -z --stdin [23ms]
2023-03-22 11:30:28.024 [info] > git check-ignore -v -z --stdin [3ms]
2023-03-22 11:30:28.030 [info] > git check-ignore -v -z --stdin [52ms]
2023-03-22 11:30:28.364 [info] > git ls-files --stage -- /home/mmihovilovic/vj9/Analyzer.cpp [8ms]
2023-03-22 11:30:28.387 [info] > git cat-file -s 6d4d7ab2e72319a1b3f5009db66561d91112cf79 [3ms]
2023-03-22 11:30:28.443 [info] > git show --textconv :vj9/Analyzer.cpp [9ms]
2023-03-22 11:30:35.527 [warning] getRemotes() - ENOENT: no such file or directory, open '/home/mmihovilovic/--git-common-dir/config'
2023-03-22 11:30:35.547 [info] > git remote --verbose [20ms]
2023-03-22 11:30:35.549 [info] > git config --get commit.template [3ms]
2023-03-22 11:30:35.569 [info] > git for-each-ref --format=%(refname)%00%(upstream:short)%00%(objectname) refs/heads/main refs/remotes/main [2ms]
2023-03-22 11:30:35.590 [info] > git rev-list --left-right --count main...origin/main [3ms]
2023-03-22 11:30:36.077 [info] > git status -z -uall [469ms]
2023-03-22 11:30:41.113 [warning] getRemotes() - ENOENT: no such file or directory, open '/home/mmihovilovic/--git-common-dir/config'
2023-03-22 11:30:41.133 [info] > git remote --verbose [20ms]
2023-03-22 11:30:41.134 [info] > git config --get commit.template [3ms]
2023-03-22 11:30:41.154 [info] > git for-each-ref --format=%(refname)%00%(upstream:short)%00%(objectname) refs/heads/main refs/remotes/main [2ms]
2023-03-22 11:30:41.175 [info] > git rev-list --left-right --count main...origin/main [3ms]
2023-03-22 11:30:41.668 [info] > git status -z -uall [467ms]
2023-03-22 11:30:46.705 [warning] getRemotes() - ENOENT: no such file or directory, open '/home/mmihovilovic/--git-common-dir/config'
2023-03-22 11:30:46.726 [info] > git remote --verbose [21ms]
2023-03-22 11:30:46.727 [info] > git config --get commit.template [3ms]
2023-03-22 11:30:46.749 [info] > git for-each-ref --format=%(refname)%00%(upstream:short)%00%(objectname) refs/heads/main refs/remotes/main [2ms]
2023-03-22 11:30:46.769 [info] > git rev-list --left-right --count main...origin/main [2ms]
2023-03-22 11:30:47.252 [info] > git status -z -uall [464ms]
2023-03-22 11:30:52.288 [warning] getRemotes() - ENOENT: no such file or directory, open '/home/mmihovilovic/--git-common-dir/config'
2023-03-22 11:30:52.308 [info] > git remote --verbose [21ms]
2023-03-22 11:30:52.309 [info] > git config --get commit.template [3ms]
2023-03-22 11:30:52.330 [info] > git for-each-ref --format=%(refname)%00%(upstream:short)%00%(objectname) refs/heads/main refs/remotes/main [2ms]
2023-03-22 11:30:52.351 [info] > git rev-list --left-right --count main...origin/main [2ms]
2023-03-22 11:30:52.837 [info] > git status -z -uall [467ms]
2023-03-22 11:30:57.872 [warning] getRemotes() - ENOENT: no such file or directory, open '/home/mmihovilovic/--git-common-dir/config'
2023-03-22 11:30:57.893 [info] > git remote --verbose [21ms]
2023-03-22 11:30:57.894 [info] > git config --get commit.template [3ms]
2023-03-22 11:30:57.916 [info] > git for-each-ref --format=%(refname)%00%(upstream:short)%00%(objectname) refs/heads/main refs/remotes/main [2ms]
2023-03-22 11:30:57.937 [info] > git rev-list --left-right --count main...origin/main [3ms]
2023-03-22 11:30:58.429 [info] > git status -z -uall [466ms]
2023-03-22 11:31:03.470 [warning] getRemotes() - ENOENT: no such file or directory, open '/home/mmihovilovic/--git-common-dir/config'
2023-03-22 11:31:03.492 [info] > git remote --verbose [21ms]
2023-03-22 11:31:03.493 [info] > git config --get commit.template [3ms]
2023-03-22 11:31:03.514 [info] > git for-each-ref --format=%(refname)%00%(upstream:short)%00%(objectname) refs/heads/main refs/remotes/main [3ms]
2023-03-22 11:31:03.535 [info] > git rev-list --left-right --count main...origin/main [3ms]
2023-03-22 11:31:04.017 [info] > git status -z -uall [463ms]
2023-03-22 11:31:09.050 [warning] getRemotes() - ENOENT: no such file or directory, open '/home/mmihovilovic/--git-common-dir/config'
2023-03-22 11:31:09.071 [info] > git remote --verbose [21ms]
2023-03-22 11:31:09.072 [info] > git config --get commit.template [3ms]
2023-03-22 11:31:09.093 [info] > git for-each-ref --format=%(refname)%00%(upstream:short)%00%(objectname) refs/heads/main refs/remotes/main [2ms]
2023-03-22 11:31:09.118 [info] > git rev-list --left-right --count main...origin/main [2ms]
2023-03-22 11:31:09.603 [info] > git status -z -uall [466ms]
2023-03-22 11:31:14.645 [warning] getRemotes() - ENOENT: no such file or directory, open '/home/mmihovilovic/--git-common-dir/config'
2023-03-22 11:31:14.668 [info] > git remote --verbose [23ms]
2023-03-22 11:31:14.669 [info] > git config --get commit.template [2ms]
2023-03-22 11:31:14.691 [info] > git for-each-ref --format=%(refname)%00%(upstream:short)%00%(objectname) refs/heads/main refs/remotes/main [2ms]
2023-03-22 11:31:14.714 [info] > git rev-list --left-right --count main...origin/main [3ms]
2023-03-22 11:31:15.207 [info] > git status -z -uall [467ms]
2023-03-22 11:31:20.238 [warning] getRemotes() - ENOENT: no such file or directory, open '/home/mmihovilovic/--git-common-dir/config'
2023-03-22 11:31:20.256 [info] > git remote --verbose [18ms]
2023-03-22 11:31:20.257 [info] > git config --get commit.template [3ms]
2023-03-22 11:31:20.275 [info] > git for-each-ref --format=%(refname)%00%(upstream:short)%00%(objectname) refs/heads/main refs/remotes/main [3ms]
2023-03-22 11:31:20.293 [info] > git rev-list --left-right --count main...origin/main [2ms]
2023-03-22 11:31:20.778 [info] > git status -z -uall [470ms]
2023-03-22 11:31:25.810 [warning] getRemotes() - ENOENT: no such file or directory, open '/home/mmihovilovic/--git-common-dir/config'
2023-03-22 11:31:25.827 [info] > git remote --verbose [17ms]
2023-03-22 11:31:25.828 [info] > git config --get commit.template [3ms]
2023-03-22 11:31:25.846 [info] > git for-each-ref --format=%(refname)%00%(upstream:short)%00%(objectname) refs/heads/main refs/remotes/main [2ms]
2023-03-22 11:31:25.866 [info] > git rev-list --left-right --count main...origin/main [3ms]
2023-03-22 11:31:26.346 [info] > git status -z -uall [464ms]
2023-03-22 11:31:31.377 [warning] getRemotes() - ENOENT: no such file or directory, open '/home/mmihovilovic/--git-common-dir/config'
2023-03-22 11:31:31.394 [info] > git remote --verbose [17ms]
2023-03-22 11:31:31.395 [info] > git config --get commit.template [2ms]
2023-03-22 11:31:31.413 [info] > git for-each-ref --format=%(refname)%00%(upstream:short)%00%(objectname) refs/heads/main refs/remotes/main [3ms]
2023-03-22 11:31:31.430 [info] > git rev-list --left-right --count main...origin/main [3ms]
2023-03-22 11:31:31.919 [info] > git status -z -uall [471ms]
2023-03-22 11:31:36.953 [warning] getRemotes() - ENOENT: no such file or directory, open '/home/mmihovilovic/--git-common-dir/config'
2023-03-22 11:31:36.970 [info] > git remote --verbose [17ms]
2023-03-22 11:31:36.971 [info] > git config --get commit.template [2ms]
2023-03-22 11:31:36.989 [info] > git for-each-ref --format=%(refname)%00%(upstream:short)%00%(objectname) refs/heads/main refs/remotes/main [3ms]
2023-03-22 11:31:37.006 [info] > git rev-list --left-right --count main...origin/main [2ms]
2023-03-22 11:31:37.484 [info] > git status -z -uall [463ms]
2023-03-22 11:31:42.519 [warning] getRemotes() - ENOENT: no such file or directory, open '/home/mmihovilovic/--git-common-dir/config'
2023-03-22 11:31:42.535 [info] > git remote --verbose [17ms]
2023-03-22 11:31:42.536 [info] > git config --get commit.template [2ms]
2023-03-22 11:31:42.554 [info] > git for-each-ref --format=%(refname)%00%(upstream:short)%00%(objectname) refs/heads/main refs/remotes/main [2ms]
2023-03-22 11:31:42.571 [info] > git rev-list --left-right --count main...origin/main [3ms]
2023-03-22 11:31:43.052 [info] > git status -z -uall [466ms]
2023-03-22 11:31:48.086 [warning] getRemotes() - ENOENT: no such file or directory, open '/home/mmihovilovic/--git-common-dir/config'
2023-03-22 11:31:48.103 [info] > git remote --verbose [17ms]
2023-03-22 11:31:48.104 [info] > git config --get commit.template [2ms]
2023-03-22 11:31:48.121 [info] > git for-each-ref --format=%(refname)%00%(upstream:short)%00%(objectname) refs/heads/main refs/remotes/main [3ms]
2023-03-22 11:31:48.138 [info] > git rev-list --left-right --count main...origin/main [2ms]
2023-03-22 11:31:48.620 [info] > git status -z -uall [466ms]
2023-03-22 11:31:53.650 [warning] getRemotes() - ENOENT: no such file or directory, open '/home/mmihovilovic/--git-common-dir/config'
2023-03-22 11:31:53.668 [info] > git remote --verbose [17ms]
2023-03-22 11:31:53.668 [info] > git config --get commit.template [2ms]
2023-03-22 11:31:53.687 [info] > git for-each-ref --format=%(refname)%00%(upstream:short)%00%(objectname) refs/heads/main refs/remotes/main [3ms]
2023-03-22 11:31:53.713 [info] > git rev-list --left-right --count main...origin/main [7ms]
2023-03-22 11:31:54.196 [info] > git status -z -uall [464ms]
2023-03-22 11:31:59.226 [warning] getRemotes() - ENOENT: no such file or directory, open '/home/mmihovilovic/--git-common-dir/config'
2023-03-22 11:31:59.244 [info] > git remote --verbose [19ms]
2023-03-22 11:31:59.245 [info] > git config --get commit.template [3ms]
2023-03-22 11:31:59.263 [info] > git for-each-ref --format=%(refname)%00%(upstream:short)%00%(objectname) refs/heads/main refs/remotes/main [2ms]
2023-03-22 11:31:59.281 [info] > git rev-list --left-right --count main...origin/main [2ms]
2023-03-22 11:31:59.762 [info] > git status -z -uall [466ms]
2023-03-22 11:32:04.791 [warning] getRemotes() - ENOENT: no such file or directory, open '/home/mmihovilovic/--git-common-dir/config'
2023-03-22 11:32:04.808 [info] > git remote --verbose [17ms]
2023-03-22 11:32:04.809 [info] > git config --get commit.template [2ms]
2023-03-22 11:32:04.827 [info] > git for-each-ref --format=%(refname)%00%(upstream:short)%00%(objectname) refs/heads/main refs/remotes/main [3ms]
2023-03-22 11:32:04.847 [info] > git rev-list --left-right --count main...origin/main [4ms]
2023-03-22 11:32:05.331 [info] > git status -z -uall [464ms]
2023-03-22 11:32:10.367 [warning] getRemotes() - ENOENT: no such file or directory, open '/home/mmihovilovic/--git-common-dir/config'
2023-03-22 11:32:10.384 [info] > git remote --verbose [17ms]
2023-03-22 11:32:10.385 [info] > git config --get commit.template [3ms]
2023-03-22 11:32:10.402 [info] > git for-each-ref --format=%(refname)%00%(upstream:short)%00%(objectname) refs/heads/main refs/remotes/main [2ms]
2023-03-22 11:32:10.420 [info] > git rev-list --left-right --count main...origin/main [3ms]
2023-03-22 11:32:10.900 [info] > git status -z -uall [465ms]
2023-03-22 11:32:15.930 [warning] getRemotes() - ENOENT: no such file or directory, open '/home/mmihovilovic/--git-common-dir/config'
2023-03-22 11:32:15.948 [info] > git remote --verbose [19ms]
2023-03-22 11:32:15.949 [info] > git config --get commit.template [3ms]
2023-03-22 11:32:15.967 [info] > git for-each-ref --format=%(refname)%00%(upstream:short)%00%(objectname) refs/heads/main refs/remotes/main [2ms]
2023-03-22 11:32:15.984 [info] > git rev-list --left-right --count main...origin/main [2ms]
2023-03-22 11:32:16.463 [info] > git status -z -uall [463ms]
2023-03-22 11:32:21.494 [warning] getRemotes() - ENOENT: no such file or directory, open '/home/mmihovilovic/--git-common-dir/config'
2023-03-22 11:32:21.512 [info] > git remote --verbose [17ms]
2023-03-22 11:32:21.512 [info] > git config --get commit.template [2ms]
2023-03-22 11:32:21.531 [info] > git for-each-ref --format=%(refname)%00%(upstream:short)%00%(objectname) refs/heads/main refs/remotes/main [2ms]
2023-03-22 11:32:21.548 [info] > git rev-list --left-right --count main...origin/main [2ms]
2023-03-22 11:32:22.032 [info] > git status -z -uall [468ms]
2023-03-22 11:32:27.064 [warning] getRemotes() - ENOENT: no such file or directory, open '/home/mmihovilovic/--git-common-dir/config'
2023-03-22 11:32:27.082 [info] > git remote --verbose [17ms]
2023-03-22 11:32:27.083 [info] > git config --get commit.template [2ms]
2023-03-22 11:32:27.101 [info] > git for-each-ref --format=%(refname)%00%(upstream:short)%00%(objectname) refs/heads/main refs/remotes/main [2ms]
2023-03-22 11:32:27.119 [info] > git rev-list --left-right --count main...origin/main [2ms]
2023-03-22 11:32:27.601 [info] > git status -z -uall [463ms]
2023-03-22 11:32:32.633 [warning] getRemotes() - ENOENT: no such file or directory, open '/home/mmihovilovic/--git-common-dir/config'
2023-03-22 11:32:32.651 [info] > git remote --verbose [17ms]
2023-03-22 11:32:32.652 [info] > git config --get commit.template [2ms]
2023-03-22 11:32:32.670 [info] > git for-each-ref --format=%(refname)%00%(upstream:short)%00%(objectname) refs/heads/main refs/remotes/main [2ms]
2023-03-22 11:32:32.688 [info] > git rev-list --left-right --count main...origin/main [2ms]
2023-03-22 11:32:33.167 [info] > git status -z -uall [463ms]
2023-03-22 11:32:38.199 [warning] getRemotes() - ENOENT: no such file or directory, open '/home/mmihovilovic/--git-common-dir/config'
2023-03-22 11:32:38.217 [info] > git remote --verbose [17ms]
2023-03-22 11:32:38.217 [info] > git config --get commit.template [2ms]
2023-03-22 11:32:38.235 [info] > git for-each-ref --format=%(refname)%00%(upstream:short)%00%(objectname) refs/heads/main refs/remotes/main [2ms]
2023-03-22 11:32:38.253 [info] > git rev-list --left-right --count main...origin/main [3ms]
2023-03-22 11:32:38.734 [info] > git status -z -uall [465ms]
2023-03-22 11:32:43.766 [warning] getRemotes() - ENOENT: no such file or directory, open '/home/mmihovilovic/--git-common-dir/config'
2023-03-22 11:32:43.788 [info] > git remote --verbose [22ms]
2023-03-22 11:32:43.788 [info] > git config --get commit.template [2ms]
2023-03-22 11:32:43.807 [info] > git for-each-ref --format=%(refname)%00%(upstream:short)%00%(objectname) refs/heads/main refs/remotes/main [2ms]
2023-03-22 11:32:43.824 [info] > git rev-list --left-right --count main...origin/main [2ms]
2023-03-22 11:32:44.304 [info] > git status -z -uall [463ms]
2023-03-22 11:32:49.336 [warning] getRemotes() - ENOENT: no such file or directory, open '/home/mmihovilovic/--git-common-dir/config'
2023-03-22 11:32:49.353 [info] > git remote --verbose [17ms]
2023-03-22 11:32:49.354 [info] > git config --get commit.template [3ms]
2023-03-22 11:32:49.372 [info] > git for-each-ref --format=%(refname)%00%(upstream:short)%00%(objectname) refs/heads/main refs/remotes/main [2ms]
2023-03-22 11:32:49.389 [info] > git rev-list --left-right --count main...origin/main [2ms]
2023-03-22 11:32:49.867 [info] > git status -z -uall [462ms]
2023-03-22 11:32:54.896 [warning] getRemotes() - ENOENT: no such file or directory, open '/home/mmihovilovic/--git-common-dir/config'
2023-03-22 11:32:54.913 [info] > git remote --verbose [17ms]
2023-03-22 11:32:54.914 [info] > git config --get commit.template [2ms]
2023-03-22 11:32:54.932 [info] > git for-each-ref --format=%(refname)%00%(upstream:short)%00%(objectname) refs/heads/main refs/remotes/main [3ms]
2023-03-22 11:32:54.950 [info] > git rev-list --left-right --count main...origin/main [3ms]
2023-03-22 11:32:55.432 [info] > git status -z -uall [464ms]
2023-03-22 11:33:00.466 [warning] getRemotes() - ENOENT: no such file or directory, open '/home/mmihovilovic/--git-common-dir/config'
2023-03-22 11:33:00.490 [info] > git remote --verbose [25ms]
2023-03-22 11:33:00.512 [info] > git config --get commit.template [24ms]
2023-03-22 11:33:00.513 [info] > git for-each-ref --format=%(refname)%00%(upstream:short)%00%(objectname) refs/heads/main refs/remotes/main [2ms]
2023-03-22 11:33:00.533 [info] > git rev-list --left-right --count main...origin/main [2ms]
2023-03-22 11:33:01.014 [info] > git status -z -uall [465ms]
2023-03-22 11:33:06.045 [warning] getRemotes() - ENOENT: no such file or directory, open '/home/mmihovilovic/--git-common-dir/config'
2023-03-22 11:33:06.064 [info] > git remote --verbose [18ms]
2023-03-22 11:33:06.065 [info] > git config --get commit.template [3ms]
2023-03-22 11:33:06.083 [info] > git for-each-ref --format=%(refname)%00%(upstream:short)%00%(objectname) refs/heads/main refs/remotes/main [2ms]
2023-03-22 11:33:06.104 [info] > git rev-list --left-right --count main...origin/main [5ms]
2023-03-22 11:33:06.585 [info] > git status -z -uall [465ms]
2023-03-22 11:33:11.617 [warning] getRemotes() - ENOENT: no such file or directory, open '/home/mmihovilovic/--git-common-dir/config'
2023-03-22 11:33:11.638 [info] > git remote --verbose [20ms]
2023-03-22 11:33:11.639 [info] > git config --get commit.template [5ms]
2023-03-22 11:33:11.659 [info] > git for-each-ref --format=%(refname)%00%(upstream:short)%00%(objectname) refs/heads/main refs/remotes/main [3ms]
2023-03-22 11:33:11.679 [info] > git rev-list --left-right --count main...origin/main [2ms]
2023-03-22 11:33:12.160 [info] > git status -z -uall [464ms]
2023-03-22 11:33:17.188 [warning] getRemotes() - ENOENT: no such file or directory, open '/home/mmihovilovic/--git-common-dir/config'
2023-03-22 11:33:17.207 [info] > git remote --verbose [19ms]
2023-03-22 11:33:17.208 [info] > git config --get commit.template [3ms]
2023-03-22 11:33:17.230 [info] > git for-each-ref --format=%(refname)%00%(upstream:short)%00%(objectname) refs/heads/main refs/remotes/main [2ms]
2023-03-22 11:33:17.250 [info] > git rev-list --left-right --count main...origin/main [3ms]
2023-03-22 11:33:17.737 [info] > git status -z -uall [467ms]
2023-03-22 11:33:22.767 [warning] getRemotes() - ENOENT: no such file or directory, open '/home/mmihovilovic/--git-common-dir/config'
2023-03-22 11:33:22.784 [info] > git remote --verbose [18ms]
2023-03-22 11:33:22.785 [info] > git config --get commit.template [3ms]
2023-03-22 11:33:22.803 [info] > git for-each-ref --format=%(refname)%00%(upstream:short)%00%(objectname) refs/heads/main refs/remotes/main [3ms]
2023-03-22 11:33:22.821 [info] > git rev-list --left-right --count main...origin/main [2ms]
2023-03-22 11:33:23.301 [info] > git status -z -uall [464ms]
2023-03-22 11:33:28.329 [warning] getRemotes() - ENOENT: no such file or directory, open '/home/mmihovilovic/--git-common-dir/config'
2023-03-22 11:33:28.346 [info] > git remote --verbose [17ms]
2023-03-22 11:33:28.347 [info] > git config --get commit.template [2ms]
2023-03-22 11:33:28.365 [info] > git for-each-ref --format=%(refname)%00%(upstream:short)%00%(objectname) refs/heads/main refs/remotes/main [3ms]
2023-03-22 11:33:28.383 [info] > git rev-list --left-right --count main...origin/main [3ms]
2023-03-22 11:33:28.866 [info] > git status -z -uall [467ms]
2023-03-22 11:33:33.897 [warning] getRemotes() - ENOENT: no such file or directory, open '/home/mmihovilovic/--git-common-dir/config'
2023-03-22 11:33:33.915 [info] > git remote --verbose [17ms]
2023-03-22 11:33:33.916 [info] > git config --get commit.template [4ms]
2023-03-22 11:33:33.934 [info] > git for-each-ref --format=%(refname)%00%(upstream:short)%00%(objectname) refs/heads/main refs/remotes/main [3ms]
2023-03-22 11:33:33.952 [info] > git rev-list --left-right --count main...origin/main [3ms]
2023-03-22 11:33:34.437 [info] > git status -z -uall [464ms]
2023-03-22 11:33:39.466 [warning] getRemotes() - ENOENT: no such file or directory, open '/home/mmihovilovic/--git-common-dir/config'
2023-03-22 11:33:39.484 [info] > git remote --verbose [17ms]
2023-03-22 11:33:39.484 [info] > git config --get commit.template [2ms]
2023-03-22 11:33:39.503 [info] > git for-each-ref --format=%(refname)%00%(upstream:short)%00%(objectname) refs/heads/main refs/remotes/main [2ms]
2023-03-22 11:33:39.521 [info] > git rev-list --left-right --count main...origin/main [3ms]
2023-03-22 11:33:40.001 [info] > git status -z -uall [465ms]
2023-03-22 11:33:45.032 [warning] getRemotes() - ENOENT: no such file or directory, open '/home/mmihovilovic/--git-common-dir/config'
2023-03-22 11:33:45.052 [info] > git remote --verbose [19ms]
2023-03-22 11:33:45.053 [info] > git config --get commit.template [2ms]
2023-03-22 11:33:45.071 [info] > git for-each-ref --format=%(refname)%00%(upstream:short)%00%(objectname) refs/heads/main refs/remotes/main [2ms]
2023-03-22 11:33:45.089 [info] > git rev-list --left-right --count main...origin/main [3ms]
2023-03-22 11:33:45.579 [info] > git status -z -uall [474ms]
2023-03-22 11:33:50.607 [warning] getRemotes() - ENOENT: no such file or directory, open '/home/mmihovilovic/--git-common-dir/config'
2023-03-22 11:33:50.627 [info] > git remote --verbose [20ms]
2023-03-22 11:33:50.628 [info] > git config --get commit.template [3ms]
2023-03-22 11:33:50.647 [info] > git for-each-ref --format=%(refname)%00%(upstream:short)%00%(objectname) refs/heads/main refs/remotes/main [2ms]
2023-03-22 11:33:50.669 [info] > git rev-list --left-right --count main...origin/main [2ms]
2023-03-22 11:33:51.155 [info] > git status -z -uall [467ms]
2023-03-22 11:33:56.185 [warning] getRemotes() - ENOENT: no such file or directory, open '/home/mmihovilovic/--git-common-dir/config'
2023-03-22 11:33:56.203 [info] > git remote --verbose [17ms]
2023-03-22 11:33:56.203 [info] > git config --get commit.template [2ms]
2023-03-22 11:33:56.222 [info] > git for-each-ref --format=%(refname)%00%(upstream:short)%00%(objectname) refs/heads/main refs/remotes/main [2ms]
2023-03-22 11:33:56.241 [info] > git rev-list --left-right --count main...origin/main [3ms]
2023-03-22 11:33:56.721 [info] > git status -z -uall [463ms]
2023-03-22 11:34:01.752 [warning] getRemotes() - ENOENT: no such file or directory, open '/home/mmihovilovic/--git-common-dir/config'
2023-03-22 11:34:01.770 [info] > git remote --verbose [17ms]
2023-03-22 11:34:01.770 [info] > git config --get commit.template [2ms]
2023-03-22 11:34:01.789 [info] > git for-each-ref --format=%(refname)%00%(upstream:short)%00%(objectname) refs/heads/main refs/remotes/main [3ms]
2023-03-22 11:34:01.807 [info] > git rev-list --left-right --count main...origin/main [2ms]
2023-03-22 11:34:02.292 [info] > git status -z -uall [468ms]
2023-03-22 11:34:07.326 [warning] getRemotes() - ENOENT: no such file or directory, open '/home/mmihovilovic/--git-common-dir/config'
2023-03-22 11:34:07.344 [info] > git remote --verbose [17ms]
2023-03-22 11:34:07.344 [info] > git config --get commit.template [2ms]
2023-03-22 11:34:07.363 [info] > git for-each-ref --format=%(refname)%00%(upstream:short)%00%(objectname) refs/heads/main refs/remotes/main [3ms]
2023-03-22 11:34:07.381 [info] > git rev-list --left-right --count main...origin/main [2ms]
2023-03-22 11:34:07.865 [info] > git status -z -uall [468ms]
2023-03-22 11:34:12.895 [warning] getRemotes() - ENOENT: no such file or directory, open '/home/mmihovilovic/--git-common-dir/config'
2023-03-22 11:34:12.913 [info] > git remote --verbose [18ms]
2023-03-22 11:34:12.915 [info] > git config --get commit.template [4ms]
2023-03-22 11:34:12.934 [info] > git for-each-ref --format=%(refname)%00%(upstream:short)%00%(objectname) refs/heads/main refs/remotes/main [2ms]
2023-03-22 11:34:12.952 [info] > git rev-list --left-right --count main...origin/main [2ms]
2023-03-22 11:34:13.432 [info] > git status -z -uall [464ms]
2023-03-22 11:34:18.463 [warning] getRemotes() - ENOENT: no such file or directory, open '/home/mmihovilovic/--git-common-dir/config'
2023-03-22 11:34:18.480 [info] > git remote --verbose [18ms]
2023-03-22 11:34:18.481 [info] > git config --get commit.template [2ms]
2023-03-22 11:34:18.500 [info] > git for-each-ref --format=%(refname)%00%(upstream:short)%00%(objectname) refs/heads/main refs/remotes/main [2ms]
2023-03-22 11:34:18.518 [info] > git rev-list --left-right --count main...origin/main [2ms]
2023-03-22 11:34:19.004 [info] > git status -z -uall [468ms]
2023-03-22 11:34:24.034 [warning] getRemotes() - ENOENT: no such file or directory, open '/home/mmihovilovic/--git-common-dir/config'
2023-03-22 11:34:24.051 [info] > git remote --verbose [17ms]
2023-03-22 11:34:24.052 [info] > git config --get commit.template [2ms]
2023-03-22 11:34:24.070 [info] > git for-each-ref --format=%(refname)%00%(upstream:short)%00%(objectname) refs/heads/main refs/remotes/main [3ms]
2023-03-22 11:34:24.088 [info] > git rev-list --left-right --count main...origin/main [3ms]
2023-03-22 11:34:24.567 [info] > git status -z -uall [464ms]
2023-03-22 11:34:29.601 [warning] getRemotes() - ENOENT: no such file or directory, open '/home/mmihovilovic/--git-common-dir/config'
2023-03-22 11:34:29.618 [info] > git remote --verbose [18ms]
2023-03-22 11:34:29.619 [info] > git config --get commit.template [3ms]
2023-03-22 11:34:29.637 [info] > git for-each-ref --format=%(refname)%00%(upstream:short)%00%(objectname) refs/heads/main refs/remotes/main [2ms]
2023-03-22 11:34:29.655 [info] > git rev-list --left-right --count main...origin/main [3ms]
2023-03-22 11:34:30.134 [info] > git status -z -uall [464ms]
2023-03-22 11:34:35.166 [warning] getRemotes() - ENOENT: no such file or directory, open '/home/mmihovilovic/--git-common-dir/config'
2023-03-22 11:34:35.184 [info] > git remote --verbose [17ms]
2023-03-22 11:34:35.184 [info] > git config --get commit.template [2ms]
2023-03-22 11:34:35.202 [info] > git for-each-ref --format=%(refname)%00%(upstream:short)%00%(objectname) refs/heads/main refs/remotes/main [2ms]
2023-03-22 11:34:35.220 [info] > git rev-list --left-right --count main...origin/main [3ms]
2023-03-22 11:34:35.700 [info] > git status -z -uall [464ms]
2023-03-22 11:34:40.736 [warning] getRemotes() - ENOENT: no such file or directory, open '/home/mmihovilovic/--git-common-dir/config'
2023-03-22 11:34:40.754 [info] > git remote --verbose [17ms]
2023-03-22 11:34:40.755 [info] > git config --get commit.template [2ms]
2023-03-22 11:34:40.772 [info] > git for-each-ref --format=%(refname)%00%(upstream:short)%00%(objectname) refs/heads/main refs/remotes/main [2ms]
2023-03-22 11:34:40.790 [info] > git rev-list --left-right --count main...origin/main [3ms]
2023-03-22 11:34:41.274 [info] > git status -z -uall [464ms]
2023-03-22 11:34:46.305 [warning] getRemotes() - ENOENT: no such file or directory, open '/home/mmihovilovic/--git-common-dir/config'
2023-03-22 11:34:46.323 [info] > git remote --verbose [19ms]
2023-03-22 11:34:46.323 [info] > git config --get commit.template [2ms]
2023-03-22 11:34:46.341 [info] > git for-each-ref --format=%(refname)%00%(upstream:short)%00%(objectname) refs/heads/main refs/remotes/main [2ms]
2023-03-22 11:34:46.359 [info] > git rev-list --left-right --count main...origin/main [2ms]
2023-03-22 11:34:46.838 [info] > git status -z -uall [463ms]
2023-03-22 11:34:51.867 [warning] getRemotes() - ENOENT: no such file or directory, open '/home/mmihovilovic/--git-common-dir/config'
2023-03-22 11:34:51.885 [info] > git remote --verbose [18ms]
2023-03-22 11:34:51.886 [info] > git config --get commit.template [3ms]
2023-03-22 11:34:51.904 [info] > git for-each-ref --format=%(refname)%00%(upstream:short)%00%(objectname) refs/heads/main refs/remotes/main [3ms]
2023-03-22 11:34:51.922 [info] > git rev-list --left-right --count main...origin/main [2ms]
2023-03-22 11:34:52.401 [info] > git status -z -uall [463ms]
2023-03-22 11:34:57.430 [warning] getRemotes() - ENOENT: no such file or directory, open '/home/mmihovilovic/--git-common-dir/config'
2023-03-22 11:34:57.448 [info] > git remote --verbose [18ms]
2023-03-22 11:34:57.449 [info] > git config --get commit.template [3ms]
2023-03-22 11:34:57.467 [info] > git for-each-ref --format=%(refname)%00%(upstream:short)%00%(objectname) refs/heads/main refs/remotes/main [2ms]
2023-03-22 11:34:57.485 [info] > git rev-list --left-right --count main...origin/main [3ms]
2023-03-22 11:34:57.965 [info] > git status -z -uall [464ms]
2023-03-22 11:35:03.003 [warning] getRemotes() - ENOENT: no such file or directory, open '/home/mmihovilovic/--git-common-dir/config'
2023-03-22 11:35:03.024 [info] > git remote --verbose [21ms]
2023-03-22 11:35:03.025 [info] > git config --get commit.template [2ms]
2023-03-22 11:35:03.048 [info] > git for-each-ref --format=%(refname)%00%(upstream:short)%00%(objectname) refs/heads/main refs/remotes/main [2ms]
2023-03-22 11:35:03.067 [info] > git rev-list --left-right --count main...origin/main [2ms]
2023-03-22 11:35:03.547 [info] > git status -z -uall [464ms]
2023-03-22 11:35:08.579 [warning] getRemotes() - ENOENT: no such file or directory, open '/home/mmihovilovic/--git-common-dir/config'
2023-03-22 11:35:08.596 [info] > git remote --verbose [17ms]
2023-03-22 11:35:08.597 [info] > git config --get commit.template [3ms]
2023-03-22 11:35:08.615 [info] > git for-each-ref --format=%(refname)%00%(upstream:short)%00%(objectname) refs/heads/main refs/remotes/main [2ms]
2023-03-22 11:35:08.632 [info] > git rev-list --left-right --count main...origin/main [2ms]
2023-03-22 11:35:09.114 [info] > git status -z -uall [463ms]
2023-03-22 11:35:14.144 [warning] getRemotes() - ENOENT: no such file or directory, open '/home/mmihovilovic/--git-common-dir/config'
2023-03-22 11:35:14.162 [info] > git remote --verbose [18ms]
2023-03-22 11:35:14.163 [info] > git config --get commit.template [3ms]
2023-03-22 11:35:14.181 [info] > git for-each-ref --format=%(refname)%00%(upstream:short)%00%(objectname) refs/heads/main refs/remotes/main [3ms]
2023-03-22 11:35:14.202 [info] > git rev-list --left-right --count main...origin/main [3ms]
2023-03-22 11:35:14.683 [info] > git status -z -uall [464ms]
2023-03-22 11:35:19.718 [warning] getRemotes() - ENOENT: no such file or directory, open '/home/mmihovilovic/--git-common-dir/config'
2023-03-22 11:35:19.741 [info] > git remote --verbose [23ms]
2023-03-22 11:35:19.742 [info] > git config --get commit.template [3ms]
2023-03-22 11:35:19.762 [info] > git for-each-ref --format=%(refname)%00%(upstream:short)%00%(objectname) refs/heads/main refs/remotes/main [2ms]
2023-03-22 11:35:19.786 [info] > git rev-list --left-right --count main...origin/main [3ms]
2023-03-22 11:35:20.271 [info] > git status -z -uall [464ms]
