2023-03-20 17:25:40.834 [info] Log level: Info
2023-03-20 17:25:40.834 [info] Validating found git in: "git"
2023-03-20 17:25:40.834 [info] Using git "1.8.3.1" from "git"
2023-03-20 17:25:40.834 [info] > git rev-parse --show-toplevel [75ms]
2023-03-20 17:25:40.834 [info] > git rev-parse --git-dir --git-common-dir [2ms]
2023-03-20 17:25:40.834 [info] Open repository: /home/mmihovilovic
2023-03-20 17:25:40.834 [warning] getRemotes() - ENOENT: no such file or directory, open '/home/mmihovilovic/--git-common-dir/config'
2023-03-20 17:25:40.834 [info] > git remote --verbose [27ms]
2023-03-20 17:25:40.834 [info] > git rev-parse --show-toplevel [45ms]
2023-03-20 17:25:40.834 [info] > git config --get commit.template [30ms]
2023-03-20 17:25:40.834 [info] > git rev-parse --show-toplevel [20ms]
2023-03-20 17:25:40.834 [info] > git rev-parse --show-toplevel [4ms]
2023-03-20 17:25:40.834 [info] > git for-each-ref --format=%(refname)%00%(upstream:short)%00%(objectname) refs/heads/main refs/remotes/main [33ms]
2023-03-20 17:25:40.834 [info] > git rev-parse --show-toplevel [18ms]
2023-03-20 17:25:40.834 [info] > git rev-list --left-right --count main...origin/main [19ms]
2023-03-20 17:25:40.834 [info] > git rev-parse --show-toplevel [19ms]
2023-03-20 17:25:40.834 [info] > git rev-parse --show-toplevel [2ms]
2023-03-20 17:25:40.834 [info] > git rev-parse --show-toplevel [300ms]
2023-03-20 17:25:40.834 [info] > git rev-parse --show-toplevel [36ms]
2023-03-20 17:25:40.834 [info] > git rev-parse --show-toplevel [10ms]
2023-03-20 17:25:40.834 [info] > git rev-parse --show-toplevel [19ms]
2023-03-20 17:25:40.834 [info] > git status -z -uall [635ms]
2023-03-20 17:25:40.834 [info] > git rev-parse --show-toplevel [210ms]
2023-03-20 17:25:40.834 [warning] getRemotes() - ENOENT: no such file or directory, open '/home/mmihovilovic/--git-common-dir/config'
2023-03-20 17:25:40.834 [info] > git remote --verbose [20ms]
2023-03-20 17:25:40.834 [info] > git rev-parse --show-toplevel [42ms]
2023-03-20 17:25:40.834 [info] > git rev-parse --show-toplevel [145ms]
2023-03-20 17:25:40.834 [info] > git config --get commit.template [185ms]
2023-03-20 17:25:40.834 [info] > git rev-parse --show-toplevel [41ms]
2023-03-20 17:25:40.834 [info] > git for-each-ref --format=%(refname)%00%(upstream:short)%00%(objectname) refs/heads/main refs/remotes/main [51ms]
2023-03-20 17:25:40.834 [info] > git rev-parse --show-toplevel [43ms]
2023-03-20 17:25:40.834 [info] > git rev-parse --show-toplevel [6ms]
2023-03-20 17:25:40.835 [info] > git rev-list --left-right --count main...origin/main [53ms]
2023-03-20 17:25:40.835 [info] > git rev-parse --show-toplevel [31ms]
2023-03-20 17:25:40.835 [info] > git rev-parse --git-dir --git-common-dir [10ms]
2023-03-20 17:25:40.835 [info] Open repository: /home/mmihovilovic/vj11
2023-03-20 17:25:40.835 [warning] getRemotes() - ENOENT: no such file or directory, open '/home/mmihovilovic/vj11/--git-common-dir/config'
2023-03-20 17:25:40.835 [info] > git config --get commit.template [9ms]
2023-03-20 17:25:40.835 [info] > git remote --verbose [23ms]
2023-03-20 17:25:40.835 [info] > git rev-parse --show-toplevel [85ms]
2023-03-20 17:25:40.835 [info] > git rev-parse --show-toplevel [6ms]
2023-03-20 17:25:40.835 [info] > git for-each-ref --format=%(refname)%00%(upstream:short)%00%(objectname) refs/heads/master refs/remotes/master [6ms]
2023-03-20 17:25:40.835 [info] > git rev-parse --show-toplevel [42ms]
2023-03-20 17:25:40.835 [info] > git status -z -uall [19ms]
2023-03-20 17:25:40.835 [info] > git rev-parse --show-toplevel [15ms]
2023-03-20 17:25:40.835 [info] > git rev-parse --show-toplevel [17ms]
2023-03-20 17:25:40.835 [info] > git rev-parse --show-toplevel [6ms]
2023-03-20 17:25:40.835 [info] > git rev-parse --show-toplevel [7ms]
2023-03-20 17:25:40.835 [info] > git rev-parse --show-toplevel [6ms]
2023-03-20 17:25:40.835 [info] > git rev-parse --git-dir --git-common-dir [9ms]
2023-03-20 17:25:40.835 [info] Open repository: /home/mmihovilovic/vj6
2023-03-20 17:25:40.835 [warning] getRemotes() - ENOENT: no such file or directory, open '/home/mmihovilovic/vj6/--git-common-dir/config'
2023-03-20 17:25:40.835 [info] > git remote --verbose [18ms]
2023-03-20 17:25:40.835 [info] > git rev-parse --show-toplevel [36ms]
2023-03-20 17:25:40.835 [info] > git config --get commit.template [22ms]
2023-03-20 17:25:40.835 [info] > git rev-parse --show-toplevel [21ms]
2023-03-20 17:25:40.835 [info] > git status -z -uall [474ms]
2023-03-20 17:25:40.835 [info] > git rev-parse --show-toplevel [5ms]
2023-03-20 17:25:40.835 [info] > git for-each-ref --format=%(refname)%00%(upstream:short)%00%(objectname) refs/heads/master refs/remotes/master [39ms]
2023-03-20 17:25:40.835 [info] > git status -z -uall [5ms]
2023-03-20 17:25:40.835 [info] > git rev-parse --show-toplevel [24ms]
2023-03-20 17:25:40.835 [info] > git check-ignore -v -z --stdin [31ms]
2023-03-20 17:25:41.371 [info] > git show --textconv :macbzvz/zadatak1ispit/Analyzer.cpp [23ms]
2023-03-20 17:25:41.380 [info] > git ls-files --stage -- /home/mmihovilovic/macbzvz/zadatak1ispit/Analyzer.cpp [14ms]
2023-03-20 17:25:41.953 [info] > git check-ignore -v -z --stdin [11ms]
2023-03-20 17:25:42.248 [info] > git ls-files --stage -- /home/mmihovilovic/macbzvz/zadatak1ispit/Analyzer.cpp [9ms]
2023-03-20 17:25:42.314 [info] > git show --textconv :macbzvz/zadatak1ispit/Analyzer.cpp [8ms]
2023-03-20 17:25:44.195 [warning] getRemotes() - ENOENT: no such file or directory, open '/home/mmihovilovic/--git-common-dir/config'
2023-03-20 17:25:44.214 [info] > git remote --verbose [18ms]
2023-03-20 17:25:44.216 [info] > git config --get commit.template [3ms]
2023-03-20 17:25:44.240 [info] > git for-each-ref --format=%(refname)%00%(upstream:short)%00%(objectname) refs/heads/main refs/remotes/main [8ms]
2023-03-20 17:25:44.261 [info] > git rev-list --left-right --count main...origin/main [4ms]
2023-03-20 17:25:44.745 [info] > git status -z -uall [464ms]
2023-03-20 17:25:45.578 [info] > git check-ignore -v -z --stdin [2ms]
2023-03-20 17:25:45.584 [info] > git check-ignore -v -z --stdin [27ms]
2023-03-20 17:25:49.785 [warning] getRemotes() - ENOENT: no such file or directory, open '/home/mmihovilovic/--git-common-dir/config'
2023-03-20 17:25:49.805 [info] > git remote --verbose [20ms]
2023-03-20 17:25:49.807 [info] > git config --get commit.template [2ms]
2023-03-20 17:25:49.828 [info] > git for-each-ref --format=%(refname)%00%(upstream:short)%00%(objectname) refs/heads/main refs/remotes/main [2ms]
2023-03-20 17:25:49.849 [info] > git rev-list --left-right --count main...origin/main [2ms]
2023-03-20 17:25:50.337 [info] > git status -z -uall [470ms]
2023-03-20 17:25:55.374 [warning] getRemotes() - ENOENT: no such file or directory, open '/home/mmihovilovic/--git-common-dir/config'
2023-03-20 17:25:55.395 [info] > git remote --verbose [20ms]
2023-03-20 17:25:55.395 [info] > git config --get commit.template [2ms]
2023-03-20 17:25:55.416 [info] > git for-each-ref --format=%(refname)%00%(upstream:short)%00%(objectname) refs/heads/main refs/remotes/main [3ms]
2023-03-20 17:25:55.440 [info] > git rev-list --left-right --count main...origin/main [3ms]
2023-03-20 17:25:55.925 [info] > git status -z -uall [466ms]
2023-03-20 17:26:00.963 [warning] getRemotes() - ENOENT: no such file or directory, open '/home/mmihovilovic/--git-common-dir/config'
2023-03-20 17:26:00.984 [info] > git remote --verbose [20ms]
2023-03-20 17:26:00.985 [info] > git config --get commit.template [2ms]
2023-03-20 17:26:01.005 [info] > git for-each-ref --format=%(refname)%00%(upstream:short)%00%(objectname) refs/heads/main refs/remotes/main [2ms]
2023-03-20 17:26:01.026 [info] > git rev-list --left-right --count main...origin/main [3ms]
2023-03-20 17:26:01.508 [info] > git status -z -uall [462ms]
2023-03-20 17:26:06.541 [warning] getRemotes() - ENOENT: no such file or directory, open '/home/mmihovilovic/--git-common-dir/config'
2023-03-20 17:26:06.561 [info] > git remote --verbose [21ms]
2023-03-20 17:26:06.562 [info] > git config --get commit.template [3ms]
2023-03-20 17:26:06.583 [info] > git for-each-ref --format=%(refname)%00%(upstream:short)%00%(objectname) refs/heads/main refs/remotes/main [3ms]
2023-03-20 17:26:06.604 [info] > git rev-list --left-right --count main...origin/main [3ms]
2023-03-20 17:26:07.094 [info] > git status -z -uall [471ms]
2023-03-20 17:26:12.128 [warning] getRemotes() - ENOENT: no such file or directory, open '/home/mmihovilovic/--git-common-dir/config'
2023-03-20 17:26:12.149 [info] > git remote --verbose [21ms]
2023-03-20 17:26:12.150 [info] > git config --get commit.template [3ms]
2023-03-20 17:26:12.172 [info] > git for-each-ref --format=%(refname)%00%(upstream:short)%00%(objectname) refs/heads/main refs/remotes/main [2ms]
2023-03-20 17:26:12.193 [info] > git rev-list --left-right --count main...origin/main [2ms]
2023-03-20 17:26:12.680 [info] > git status -z -uall [465ms]
2023-03-20 17:26:17.719 [warning] getRemotes() - ENOENT: no such file or directory, open '/home/mmihovilovic/--git-common-dir/config'
2023-03-20 17:26:17.739 [info] > git remote --verbose [20ms]
2023-03-20 17:26:17.740 [info] > git config --get commit.template [2ms]
2023-03-20 17:26:17.761 [info] > git for-each-ref --format=%(refname)%00%(upstream:short)%00%(objectname) refs/heads/main refs/remotes/main [2ms]
2023-03-20 17:26:17.783 [info] > git rev-list --left-right --count main...origin/main [2ms]
2023-03-20 17:26:18.269 [info] > git status -z -uall [467ms]
