2023-03-18 12:41:40.125 [info] Log level: Info
2023-03-18 12:41:40.125 [info] Validating found git in: "git"
2023-03-18 12:41:40.125 [info] Using git "1.8.3.1" from "git"
2023-03-18 12:41:40.125 [info] > git rev-parse --show-toplevel [12ms]
2023-03-18 12:41:40.125 [info] > git rev-parse --git-dir --git-common-dir [3ms]
2023-03-18 12:41:40.125 [info] Open repository: /home/mmihovilovic
2023-03-18 12:41:40.125 [warning] getRemotes() - ENOENT: no such file or directory, open '/home/mmihovilovic/--git-common-dir/config'
2023-03-18 12:41:40.125 [info] > git config --get commit.template [15ms]
2023-03-18 12:41:40.125 [info] > git remote --verbose [29ms]
2023-03-18 12:41:40.125 [info] > git rev-parse --show-toplevel [44ms]
2023-03-18 12:41:40.125 [info] > git rev-parse --show-toplevel [5ms]
2023-03-18 12:41:40.125 [info] > git rev-parse --show-toplevel [18ms]
2023-03-18 12:41:40.125 [info] > git for-each-ref --format=%(refname)%00%(upstream:short)%00%(objectname) refs/heads/main refs/remotes/main [18ms]
2023-03-18 12:41:40.125 [info] > git rev-parse --show-toplevel [30ms]
2023-03-18 12:41:40.125 [info] > git rev-list --left-right --count main...origin/main [29ms]
2023-03-18 12:41:40.125 [info] > git rev-parse --show-toplevel [21ms]
2023-03-18 12:41:40.125 [info] > git rev-parse --show-toplevel [3ms]
2023-03-18 12:41:40.125 [info] > git rev-parse --show-toplevel [2ms]
2023-03-18 12:41:40.125 [info] > git rev-parse --show-toplevel [2ms]
2023-03-18 12:41:40.125 [info] > git rev-parse --show-toplevel [353ms]
2023-03-18 12:41:40.125 [info] > git rev-parse --show-toplevel [43ms]
2023-03-18 12:41:40.125 [info] > git rev-parse --show-toplevel [11ms]
2023-03-18 12:41:40.125 [info] > git rev-parse --show-toplevel [21ms]
2023-03-18 12:41:40.125 [info] > git rev-parse --show-toplevel [159ms]
2023-03-18 12:41:40.125 [info] > git rev-parse --show-toplevel [95ms]
2023-03-18 12:41:40.125 [info] > git rev-parse --show-toplevel [15ms]
2023-03-18 12:41:40.125 [info] > git rev-parse --show-toplevel [7ms]
2023-03-18 12:41:40.125 [info] > git status -z -uall [900ms]
2023-03-18 12:41:40.125 [warning] getRemotes() - ENOENT: no such file or directory, open '/home/mmihovilovic/--git-common-dir/config'
2023-03-18 12:41:40.125 [info] > git rev-parse --show-toplevel [85ms]
2023-03-18 12:41:40.125 [info] > git rev-parse --show-toplevel [29ms]
2023-03-18 12:41:40.125 [info] > git config --get commit.template [63ms]
2023-03-18 12:41:40.125 [info] > git remote --verbose [80ms]
2023-03-18 12:41:40.125 [info] > git rev-parse --git-dir --git-common-dir [83ms]
2023-03-18 12:41:40.125 [info] Open repository: /home/mmihovilovic/vj11
2023-03-18 12:41:40.125 [warning] getRemotes() - ENOENT: no such file or directory, open '/home/mmihovilovic/vj11/--git-common-dir/config'
2023-03-18 12:41:40.125 [info] > git config --get commit.template [11ms]
2023-03-18 12:41:40.126 [info] > git remote --verbose [30ms]
2023-03-18 12:41:40.126 [info] > git for-each-ref --format=%(refname)%00%(upstream:short)%00%(objectname) refs/heads/main refs/remotes/main [47ms]
2023-03-18 12:41:40.126 [info] > git rev-parse --show-toplevel [76ms]
2023-03-18 12:41:40.126 [info] > git rev-list --left-right --count main...origin/main [19ms]
2023-03-18 12:41:40.126 [info] > git rev-parse --show-toplevel [43ms]
2023-03-18 12:41:40.126 [info] > git for-each-ref --format=%(refname)%00%(upstream:short)%00%(objectname) refs/heads/master refs/remotes/master [22ms]
2023-03-18 12:41:40.126 [info] > git rev-parse --show-toplevel [26ms]
2023-03-18 12:41:40.126 [info] > git status -z -uall [21ms]
2023-03-18 12:41:40.126 [info] > git rev-parse --show-toplevel [15ms]
2023-03-18 12:41:40.126 [info] > git rev-parse --show-toplevel [14ms]
2023-03-18 12:41:40.126 [info] > git rev-parse --show-toplevel [9ms]
2023-03-18 12:41:40.126 [info] > git rev-parse --show-toplevel [7ms]
2023-03-18 12:41:40.126 [info] > git rev-parse --show-toplevel [5ms]
2023-03-18 12:41:40.126 [info] > git rev-parse --git-dir --git-common-dir [8ms]
2023-03-18 12:41:40.126 [info] Open repository: /home/mmihovilovic/vj6
2023-03-18 12:41:40.126 [warning] getRemotes() - ENOENT: no such file or directory, open '/home/mmihovilovic/vj6/--git-common-dir/config'
2023-03-18 12:41:40.126 [info] > git remote --verbose [18ms]
2023-03-18 12:41:40.126 [info] > git rev-parse --show-toplevel [39ms]
2023-03-18 12:41:40.129 [info] > git config --get commit.template [24ms]
2023-03-18 12:41:40.147 [info] > git rev-parse --show-toplevel [23ms]
2023-03-18 12:41:40.166 [info] > git rev-parse --show-toplevel [6ms]
2023-03-18 12:41:40.180 [info] > git for-each-ref --format=%(refname)%00%(upstream:short)%00%(objectname) refs/heads/master refs/remotes/master [35ms]
2023-03-18 12:41:40.197 [info] > git status -z -uall [4ms]
2023-03-18 12:41:40.198 [info] > git rev-parse --show-toplevel [19ms]
2023-03-18 12:41:40.501 [info] > git check-ignore -v -z --stdin [9ms]
2023-03-18 12:41:40.509 [info] > git check-ignore -v -z --stdin [30ms]
2023-03-18 12:41:40.730 [info] > git status -z -uall [873ms]
