2023-03-20 17:04:50.434 [info] Log level: Info
2023-03-20 17:04:50.434 [info] Validating found git in: "git"
2023-03-20 17:04:50.434 [info] Using git "1.8.3.1" from "git"
2023-03-20 17:04:50.434 [info] > git rev-parse --show-toplevel [72ms]
2023-03-20 17:04:50.434 [info] > git rev-parse --git-dir --git-common-dir [3ms]
2023-03-20 17:04:50.434 [info] Open repository: /home/mmihovilovic
2023-03-20 17:04:50.434 [warning] getRemotes() - ENOENT: no such file or directory, open '/home/mmihovilovic/--git-common-dir/config'
2023-03-20 17:04:50.434 [info] > git remote --verbose [16ms]
2023-03-20 17:04:50.434 [info] > git rev-parse --show-toplevel [44ms]
2023-03-20 17:04:50.434 [info] > git config --get commit.template [19ms]
2023-03-20 17:04:50.434 [info] > git rev-parse --show-toplevel [21ms]
2023-03-20 17:04:50.434 [info] > git rev-parse --show-toplevel [3ms]
2023-03-20 17:04:50.434 [info] > git for-each-ref --format=%(refname)%00%(upstream:short)%00%(objectname) refs/heads/main refs/remotes/main [31ms]
2023-03-20 17:04:50.434 [info] > git rev-parse --show-toplevel [31ms]
2023-03-20 17:04:50.434 [info] > git rev-list --left-right --count main...origin/main [42ms]
2023-03-20 17:04:50.434 [info] > git rev-parse --show-toplevel [29ms]
2023-03-20 17:04:50.434 [info] > git rev-parse --show-toplevel [2ms]
2023-03-20 17:04:50.434 [info] > git rev-parse --show-toplevel [223ms]
2023-03-20 17:04:50.434 [info] > git rev-parse --show-toplevel [33ms]
2023-03-20 17:04:50.434 [info] > git rev-parse --show-toplevel [6ms]
2023-03-20 17:04:50.434 [info] > git rev-parse --show-toplevel [144ms]
2023-03-20 17:04:50.434 [info] > git status -z -uall [512ms]
2023-03-20 17:04:50.434 [warning] getRemotes() - ENOENT: no such file or directory, open '/home/mmihovilovic/--git-common-dir/config'
2023-03-20 17:04:50.435 [info] > git rev-parse --show-toplevel [246ms]
2023-03-20 17:04:50.435 [info] > git rev-parse --show-toplevel [142ms]
2023-03-20 17:04:50.435 [info] > git config --get commit.template [327ms]
2023-03-20 17:04:50.435 [info] > git remote --verbose [343ms]
2023-03-20 17:04:50.435 [info] > git rev-parse --show-toplevel [30ms]
2023-03-20 17:04:50.435 [info] > git check-ignore -v -z --stdin [41ms]
2023-03-20 17:04:50.435 [info] > git for-each-ref --format=%(refname)%00%(upstream:short)%00%(objectname) refs/heads/main refs/remotes/main [9ms]
2023-03-20 17:04:50.435 [info] > git rev-parse --show-toplevel [43ms]
2023-03-20 17:04:50.435 [info] > git rev-list --left-right --count main...origin/main [20ms]
2023-03-20 17:04:50.435 [info] > git rev-parse --show-toplevel [139ms]
2023-03-20 17:04:50.435 [info] > git rev-parse --show-toplevel [18ms]
2023-03-20 17:04:50.435 [info] > git rev-parse --show-toplevel [62ms]
2023-03-20 17:04:50.435 [info] > git rev-parse --git-dir --git-common-dir [8ms]
2023-03-20 17:04:50.435 [info] Open repository: /home/mmihovilovic/vj11
2023-03-20 17:04:50.435 [warning] getRemotes() - ENOENT: no such file or directory, open '/home/mmihovilovic/vj11/--git-common-dir/config'
2023-03-20 17:04:50.435 [info] > git config --get commit.template [8ms]
2023-03-20 17:04:50.435 [info] > git remote --verbose [21ms]
2023-03-20 17:04:50.435 [info] > git rev-parse --show-toplevel [38ms]
2023-03-20 17:04:50.435 [info] > git rev-parse --show-toplevel [7ms]
2023-03-20 17:04:50.435 [info] > git for-each-ref --format=%(refname)%00%(upstream:short)%00%(objectname) refs/heads/master refs/remotes/master [7ms]
2023-03-20 17:04:50.435 [info] > git rev-parse --show-toplevel [37ms]
2023-03-20 17:04:50.435 [info] > git status -z -uall [19ms]
2023-03-20 17:04:50.435 [info] > git rev-parse --show-toplevel [25ms]
2023-03-20 17:04:50.435 [info] > git rev-parse --show-toplevel [17ms]
2023-03-20 17:04:50.435 [info] > git rev-parse --show-toplevel [4ms]
2023-03-20 17:04:50.435 [info] > git status -z -uall [495ms]
2023-03-20 17:04:50.435 [info] > git rev-parse --show-toplevel [30ms]
2023-03-20 17:04:50.435 [info] > git rev-parse --show-toplevel [7ms]
2023-03-20 17:04:50.435 [info] > git rev-parse --git-dir --git-common-dir [7ms]
2023-03-20 17:04:50.435 [info] Open repository: /home/mmihovilovic/vj6
2023-03-20 17:04:50.435 [warning] getRemotes() - ENOENT: no such file or directory, open '/home/mmihovilovic/vj6/--git-common-dir/config'
2023-03-20 17:04:50.435 [info] > git config --get commit.template [123ms]
2023-03-20 17:04:50.435 [info] > git remote --verbose [135ms]
2023-03-20 17:04:50.435 [info] > git rev-parse --show-toplevel [151ms]
2023-03-20 17:04:50.435 [info] > git rev-parse --show-toplevel [6ms]
2023-03-20 17:04:50.435 [info] > git rev-parse --show-toplevel [27ms]
2023-03-20 17:04:50.435 [info] > git for-each-ref --format=%(refname)%00%(upstream:short)%00%(objectname) refs/heads/master refs/remotes/master [26ms]
2023-03-20 17:04:50.435 [info] > git status -z -uall [6ms]
2023-03-20 17:04:50.435 [info] > git rev-parse --show-toplevel [26ms]
2023-03-20 17:04:51.095 [info] > git show --textconv :bzvz/Analyzer.cpp [26ms]
2023-03-20 17:04:51.101 [info] > git ls-files --stage -- /home/mmihovilovic/bzvz/Analyzer.cpp [9ms]
2023-03-20 17:04:51.122 [info] > git cat-file -s 55a8716792dbc3cae883e91bfde976a14160673d [2ms]
2023-03-20 17:04:51.226 [info] > git check-ignore -v -z --stdin [24ms]
2023-03-20 17:04:51.227 [info] > git check-ignore -v -z --stdin [5ms]
2023-03-20 17:04:51.233 [info] > git check-ignore -v -z --stdin [49ms]
2023-03-20 17:04:51.718 [info] > git ls-files --stage -- /home/mmihovilovic/bzvz/Analyzer.cpp [8ms]
2023-03-20 17:04:51.738 [info] > git cat-file -s 55a8716792dbc3cae883e91bfde976a14160673d [2ms]
2023-03-20 17:04:51.784 [info] > git show --textconv :bzvz/Analyzer.cpp [9ms]
2023-03-20 17:04:53.854 [info] > git check-ignore -v -z --stdin [9ms]
2023-03-20 17:04:54.159 [warning] getRemotes() - ENOENT: no such file or directory, open '/home/mmihovilovic/--git-common-dir/config'
2023-03-20 17:04:54.180 [info] > git remote --verbose [21ms]
2023-03-20 17:04:54.181 [info] > git config --get commit.template [3ms]
2023-03-20 17:04:54.203 [info] > git for-each-ref --format=%(refname)%00%(upstream:short)%00%(objectname) refs/heads/main refs/remotes/main [4ms]
2023-03-20 17:04:54.224 [info] > git rev-list --left-right --count main...origin/main [2ms]
2023-03-20 17:04:54.705 [info] > git status -z -uall [464ms]
2023-03-20 17:04:57.124 [info] > git show --textconv :macbzvz/zadatak1ispit/Analyzer.cpp [21ms]
2023-03-20 17:04:57.131 [info] > git ls-files --stage -- /home/mmihovilovic/macbzvz/zadatak1ispit/Analyzer.cpp [9ms]
2023-03-20 17:04:59.741 [warning] getRemotes() - ENOENT: no such file or directory, open '/home/mmihovilovic/--git-common-dir/config'
2023-03-20 17:04:59.763 [info] > git remote --verbose [21ms]
2023-03-20 17:04:59.764 [info] > git config --get commit.template [3ms]
2023-03-20 17:04:59.786 [info] > git for-each-ref --format=%(refname)%00%(upstream:short)%00%(objectname) refs/heads/main refs/remotes/main [2ms]
2023-03-20 17:04:59.809 [info] > git rev-list --left-right --count main...origin/main [3ms]
2023-03-20 17:05:00.291 [info] > git status -z -uall [464ms]
2023-03-20 17:05:05.325 [warning] getRemotes() - ENOENT: no such file or directory, open '/home/mmihovilovic/--git-common-dir/config'
2023-03-20 17:05:05.345 [info] > git remote --verbose [20ms]
2023-03-20 17:05:05.346 [info] > git config --get commit.template [3ms]
2023-03-20 17:05:05.368 [info] > git for-each-ref --format=%(refname)%00%(upstream:short)%00%(objectname) refs/heads/main refs/remotes/main [2ms]
2023-03-20 17:05:05.388 [info] > git rev-list --left-right --count main...origin/main [3ms]
2023-03-20 17:05:05.872 [info] > git status -z -uall [466ms]
2023-03-20 17:05:52.446 [warning] getRemotes() - ENOENT: no such file or directory, open '/home/mmihovilovic/--git-common-dir/config'
2023-03-20 17:05:52.462 [info] > git remote --verbose [16ms]
2023-03-20 17:05:52.464 [info] > git config --get commit.template [4ms]
2023-03-20 17:05:52.481 [info] > git for-each-ref --format=%(refname)%00%(upstream:short)%00%(objectname) refs/heads/main refs/remotes/main [3ms]
2023-03-20 17:05:52.503 [info] > git rev-list --left-right --count main...origin/main [3ms]
2023-03-20 17:05:52.982 [info] > git status -z -uall [465ms]
2023-03-20 17:05:58.016 [warning] getRemotes() - ENOENT: no such file or directory, open '/home/mmihovilovic/--git-common-dir/config'
2023-03-20 17:05:58.033 [info] > git remote --verbose [18ms]
2023-03-20 17:05:58.035 [info] > git config --get commit.template [4ms]
2023-03-20 17:05:58.062 [info] > git for-each-ref --format=%(refname)%00%(upstream:short)%00%(objectname) refs/heads/main refs/remotes/main [1ms]
2023-03-20 17:05:58.081 [info] > git rev-list --left-right --count main...origin/main [3ms]
2023-03-20 17:05:58.564 [info] > git status -z -uall [463ms]
2023-03-20 17:06:03.595 [warning] getRemotes() - ENOENT: no such file or directory, open '/home/mmihovilovic/--git-common-dir/config'
2023-03-20 17:06:03.612 [info] > git remote --verbose [17ms]
2023-03-20 17:06:03.613 [info] > git config --get commit.template [3ms]
2023-03-20 17:06:03.632 [info] > git for-each-ref --format=%(refname)%00%(upstream:short)%00%(objectname) refs/heads/main refs/remotes/main [2ms]
2023-03-20 17:06:03.649 [info] > git rev-list --left-right --count main...origin/main [3ms]
2023-03-20 17:06:04.126 [info] > git status -z -uall [463ms]
2023-03-20 17:06:09.162 [warning] getRemotes() - ENOENT: no such file or directory, open '/home/mmihovilovic/--git-common-dir/config'
2023-03-20 17:06:09.178 [info] > git remote --verbose [16ms]
2023-03-20 17:06:09.179 [info] > git config --get commit.template [3ms]
2023-03-20 17:06:09.195 [info] > git for-each-ref --format=%(refname)%00%(upstream:short)%00%(objectname) refs/heads/main refs/remotes/main [2ms]
2023-03-20 17:06:09.212 [info] > git rev-list --left-right --count main...origin/main [3ms]
2023-03-20 17:06:09.692 [info] > git status -z -uall [466ms]
2023-03-20 17:06:14.721 [warning] getRemotes() - ENOENT: no such file or directory, open '/home/mmihovilovic/--git-common-dir/config'
2023-03-20 17:06:14.737 [info] > git remote --verbose [16ms]
2023-03-20 17:06:14.738 [info] > git config --get commit.template [3ms]
2023-03-20 17:06:14.755 [info] > git for-each-ref --format=%(refname)%00%(upstream:short)%00%(objectname) refs/heads/main refs/remotes/main [2ms]
2023-03-20 17:06:14.776 [info] > git rev-list --left-right --count main...origin/main [3ms]
2023-03-20 17:06:15.261 [info] > git status -z -uall [466ms]
2023-03-20 17:06:20.290 [warning] getRemotes() - ENOENT: no such file or directory, open '/home/mmihovilovic/--git-common-dir/config'
2023-03-20 17:06:20.307 [info] > git remote --verbose [17ms]
2023-03-20 17:06:20.307 [info] > git config --get commit.template [2ms]
2023-03-20 17:06:20.324 [info] > git for-each-ref --format=%(refname)%00%(upstream:short)%00%(objectname) refs/heads/main refs/remotes/main [3ms]
2023-03-20 17:06:20.341 [info] > git rev-list --left-right --count main...origin/main [3ms]
2023-03-20 17:06:20.822 [info] > git status -z -uall [465ms]
2023-03-20 17:06:25.857 [warning] getRemotes() - ENOENT: no such file or directory, open '/home/mmihovilovic/--git-common-dir/config'
2023-03-20 17:06:25.873 [info] > git remote --verbose [16ms]
2023-03-20 17:06:25.879 [info] > git config --get commit.template [7ms]
2023-03-20 17:06:25.896 [info] > git for-each-ref --format=%(refname)%00%(upstream:short)%00%(objectname) refs/heads/main refs/remotes/main [3ms]
2023-03-20 17:06:25.914 [info] > git rev-list --left-right --count main...origin/main [2ms]
2023-03-20 17:06:26.397 [info] > git status -z -uall [469ms]
2023-03-20 17:06:31.424 [warning] getRemotes() - ENOENT: no such file or directory, open '/home/mmihovilovic/--git-common-dir/config'
2023-03-20 17:06:31.440 [info] > git remote --verbose [17ms]
2023-03-20 17:06:31.441 [info] > git config --get commit.template [3ms]
2023-03-20 17:06:31.459 [info] > git for-each-ref --format=%(refname)%00%(upstream:short)%00%(objectname) refs/heads/main refs/remotes/main [2ms]
2023-03-20 17:06:31.476 [info] > git rev-list --left-right --count main...origin/main [3ms]
2023-03-20 17:06:31.956 [info] > git status -z -uall [465ms]
2023-03-20 17:06:36.982 [warning] getRemotes() - ENOENT: no such file or directory, open '/home/mmihovilovic/--git-common-dir/config'
2023-03-20 17:06:37.000 [info] > git remote --verbose [18ms]
2023-03-20 17:06:37.001 [info] > git config --get commit.template [2ms]
2023-03-20 17:06:37.020 [info] > git for-each-ref --format=%(refname)%00%(upstream:short)%00%(objectname) refs/heads/main refs/remotes/main [3ms]
2023-03-20 17:06:37.038 [info] > git rev-list --left-right --count main...origin/main [2ms]
2023-03-20 17:06:37.517 [info] > git status -z -uall [465ms]
2023-03-20 17:06:42.544 [warning] getRemotes() - ENOENT: no such file or directory, open '/home/mmihovilovic/--git-common-dir/config'
2023-03-20 17:06:42.561 [info] > git remote --verbose [17ms]
2023-03-20 17:06:42.562 [info] > git config --get commit.template [3ms]
2023-03-20 17:06:42.579 [info] > git for-each-ref --format=%(refname)%00%(upstream:short)%00%(objectname) refs/heads/main refs/remotes/main [3ms]
2023-03-20 17:06:42.596 [info] > git rev-list --left-right --count main...origin/main [3ms]
2023-03-20 17:06:43.083 [info] > git status -z -uall [471ms]
2023-03-20 17:06:48.112 [warning] getRemotes() - ENOENT: no such file or directory, open '/home/mmihovilovic/--git-common-dir/config'
2023-03-20 17:06:48.128 [info] > git remote --verbose [17ms]
2023-03-20 17:06:48.129 [info] > git config --get commit.template [2ms]
2023-03-20 17:06:48.146 [info] > git for-each-ref --format=%(refname)%00%(upstream:short)%00%(objectname) refs/heads/main refs/remotes/main [2ms]
2023-03-20 17:06:48.163 [info] > git rev-list --left-right --count main...origin/main [2ms]
2023-03-20 17:06:48.643 [info] > git status -z -uall [465ms]
2023-03-20 17:06:56.910 [warning] getRemotes() - ENOENT: no such file or directory, open '/home/mmihovilovic/--git-common-dir/config'
2023-03-20 17:06:56.927 [info] > git remote --verbose [16ms]
2023-03-20 17:06:56.928 [info] > git config --get commit.template [3ms]
2023-03-20 17:06:56.946 [info] > git for-each-ref --format=%(refname)%00%(upstream:short)%00%(objectname) refs/heads/main refs/remotes/main [2ms]
2023-03-20 17:06:56.967 [info] > git rev-list --left-right --count main...origin/main [5ms]
2023-03-20 17:06:57.448 [info] > git status -z -uall [464ms]
2023-03-20 17:07:02.475 [warning] getRemotes() - ENOENT: no such file or directory, open '/home/mmihovilovic/--git-common-dir/config'
2023-03-20 17:07:02.491 [info] > git remote --verbose [17ms]
2023-03-20 17:07:02.492 [info] > git config --get commit.template [3ms]
2023-03-20 17:07:02.509 [info] > git for-each-ref --format=%(refname)%00%(upstream:short)%00%(objectname) refs/heads/main refs/remotes/main [2ms]
2023-03-20 17:07:02.526 [info] > git rev-list --left-right --count main...origin/main [3ms]
2023-03-20 17:07:03.012 [info] > git status -z -uall [471ms]
2023-03-20 17:07:08.039 [warning] getRemotes() - ENOENT: no such file or directory, open '/home/mmihovilovic/--git-common-dir/config'
2023-03-20 17:07:08.055 [info] > git remote --verbose [16ms]
2023-03-20 17:07:08.056 [info] > git config --get commit.template [2ms]
2023-03-20 17:07:08.073 [info] > git for-each-ref --format=%(refname)%00%(upstream:short)%00%(objectname) refs/heads/main refs/remotes/main [2ms]
2023-03-20 17:07:08.091 [info] > git rev-list --left-right --count main...origin/main [2ms]
2023-03-20 17:07:08.570 [info] > git status -z -uall [465ms]
2023-03-20 17:07:13.602 [warning] getRemotes() - ENOENT: no such file or directory, open '/home/mmihovilovic/--git-common-dir/config'
2023-03-20 17:07:13.619 [info] > git remote --verbose [17ms]
2023-03-20 17:07:13.620 [info] > git config --get commit.template [3ms]
2023-03-20 17:07:13.637 [info] > git for-each-ref --format=%(refname)%00%(upstream:short)%00%(objectname) refs/heads/main refs/remotes/main [3ms]
2023-03-20 17:07:13.654 [info] > git rev-list --left-right --count main...origin/main [3ms]
2023-03-20 17:07:14.133 [info] > git status -z -uall [464ms]
2023-03-20 17:07:19.159 [warning] getRemotes() - ENOENT: no such file or directory, open '/home/mmihovilovic/--git-common-dir/config'
2023-03-20 17:07:19.175 [info] > git remote --verbose [17ms]
2023-03-20 17:07:19.176 [info] > git config --get commit.template [2ms]
2023-03-20 17:07:19.193 [info] > git for-each-ref --format=%(refname)%00%(upstream:short)%00%(objectname) refs/heads/main refs/remotes/main [3ms]
2023-03-20 17:07:19.210 [info] > git rev-list --left-right --count main...origin/main [2ms]
2023-03-20 17:07:19.698 [info] > git status -z -uall [470ms]
2023-03-20 17:07:24.725 [warning] getRemotes() - ENOENT: no such file or directory, open '/home/mmihovilovic/--git-common-dir/config'
2023-03-20 17:07:24.743 [info] > git remote --verbose [17ms]
2023-03-20 17:07:24.743 [info] > git config --get commit.template [2ms]
2023-03-20 17:07:24.762 [info] > git for-each-ref --format=%(refname)%00%(upstream:short)%00%(objectname) refs/heads/main refs/remotes/main [4ms]
2023-03-20 17:07:24.780 [info] > git rev-list --left-right --count main...origin/main [3ms]
2023-03-20 17:07:25.261 [info] > git status -z -uall [465ms]
2023-03-20 17:07:30.286 [warning] getRemotes() - ENOENT: no such file or directory, open '/home/mmihovilovic/--git-common-dir/config'
2023-03-20 17:07:30.304 [info] > git remote --verbose [18ms]
2023-03-20 17:07:30.305 [info] > git config --get commit.template [2ms]
2023-03-20 17:07:30.323 [info] > git for-each-ref --format=%(refname)%00%(upstream:short)%00%(objectname) refs/heads/main refs/remotes/main [3ms]
2023-03-20 17:07:30.340 [info] > git rev-list --left-right --count main...origin/main [2ms]
2023-03-20 17:07:30.819 [info] > git status -z -uall [463ms]
2023-03-20 17:07:35.849 [warning] getRemotes() - ENOENT: no such file or directory, open '/home/mmihovilovic/--git-common-dir/config'
2023-03-20 17:07:35.866 [info] > git remote --verbose [17ms]
2023-03-20 17:07:35.867 [info] > git config --get commit.template [2ms]
2023-03-20 17:07:35.884 [info] > git for-each-ref --format=%(refname)%00%(upstream:short)%00%(objectname) refs/heads/main refs/remotes/main [3ms]
2023-03-20 17:07:35.902 [info] > git rev-list --left-right --count main...origin/main [2ms]
2023-03-20 17:07:36.381 [info] > git status -z -uall [463ms]
2023-03-20 17:07:41.409 [warning] getRemotes() - ENOENT: no such file or directory, open '/home/mmihovilovic/--git-common-dir/config'
2023-03-20 17:07:41.425 [info] > git remote --verbose [17ms]
2023-03-20 17:07:41.426 [info] > git config --get commit.template [2ms]
2023-03-20 17:07:41.443 [info] > git for-each-ref --format=%(refname)%00%(upstream:short)%00%(objectname) refs/heads/main refs/remotes/main [2ms]
2023-03-20 17:07:41.462 [info] > git rev-list --left-right --count main...origin/main [2ms]
2023-03-20 17:07:41.946 [info] > git status -z -uall [466ms]
2023-03-20 17:07:46.977 [warning] getRemotes() - ENOENT: no such file or directory, open '/home/mmihovilovic/--git-common-dir/config'
2023-03-20 17:07:46.994 [info] > git remote --verbose [17ms]
2023-03-20 17:07:46.996 [info] > git config --get commit.template [3ms]
2023-03-20 17:07:47.014 [info] > git for-each-ref --format=%(refname)%00%(upstream:short)%00%(objectname) refs/heads/main refs/remotes/main [2ms]
2023-03-20 17:07:47.032 [info] > git rev-list --left-right --count main...origin/main [3ms]
2023-03-20 17:07:47.511 [info] > git status -z -uall [463ms]
2023-03-20 17:07:52.538 [warning] getRemotes() - ENOENT: no such file or directory, open '/home/mmihovilovic/--git-common-dir/config'
2023-03-20 17:07:52.556 [info] > git remote --verbose [17ms]
2023-03-20 17:07:52.558 [info] > git config --get commit.template [4ms]
2023-03-20 17:07:52.576 [info] > git for-each-ref --format=%(refname)%00%(upstream:short)%00%(objectname) refs/heads/main refs/remotes/main [2ms]
2023-03-20 17:07:52.593 [info] > git rev-list --left-right --count main...origin/main [3ms]
2023-03-20 17:07:53.072 [info] > git status -z -uall [463ms]
2023-03-20 17:09:22.309 [warning] getRemotes() - ENOENT: no such file or directory, open '/home/mmihovilovic/--git-common-dir/config'
2023-03-20 17:09:22.328 [info] > git remote --verbose [18ms]
2023-03-20 17:09:22.328 [info] > git config --get commit.template [2ms]
2023-03-20 17:09:22.346 [info] > git for-each-ref --format=%(refname)%00%(upstream:short)%00%(objectname) refs/heads/main refs/remotes/main [3ms]
2023-03-20 17:09:22.365 [info] > git rev-list --left-right --count main...origin/main [2ms]
2023-03-20 17:09:22.845 [info] > git status -z -uall [465ms]
2023-03-20 17:09:27.875 [warning] getRemotes() - ENOENT: no such file or directory, open '/home/mmihovilovic/--git-common-dir/config'
2023-03-20 17:09:27.891 [info] > git remote --verbose [17ms]
2023-03-20 17:09:27.892 [info] > git config --get commit.template [2ms]
2023-03-20 17:09:27.910 [info] > git for-each-ref --format=%(refname)%00%(upstream:short)%00%(objectname) refs/heads/main refs/remotes/main [2ms]
2023-03-20 17:09:27.927 [info] > git rev-list --left-right --count main...origin/main [3ms]
2023-03-20 17:09:28.101 [info] > git check-ignore -v -z --stdin [9ms]
2023-03-20 17:09:28.409 [info] > git status -z -uall [464ms]
2023-03-20 17:09:31.648 [info] > git check-ignore -v -z --stdin [9ms]
2023-03-20 17:09:32.713 [info] > git ls-files --stage -- /home/mmihovilovic/vj7/Analyzer.cpp [8ms]
2023-03-20 17:09:32.732 [info] > git show --textconv :vj7/Analyzer.cpp [45ms]
2023-03-20 17:09:32.734 [info] > git cat-file -s ea3525078d27bfe401654ff728d05e121328eab8 [3ms]
2023-03-20 17:09:33.433 [warning] getRemotes() - ENOENT: no such file or directory, open '/home/mmihovilovic/--git-common-dir/config'
2023-03-20 17:09:33.448 [info] > git remote --verbose [15ms]
2023-03-20 17:09:33.450 [info] > git config --get commit.template [2ms]
2023-03-20 17:09:33.465 [info] > git for-each-ref --format=%(refname)%00%(upstream:short)%00%(objectname) refs/heads/main refs/remotes/main [2ms]
2023-03-20 17:09:33.483 [info] > git rev-list --left-right --count main...origin/main [4ms]
2023-03-20 17:09:33.966 [info] > git status -z -uall [466ms]
2023-03-20 17:09:38.996 [warning] getRemotes() - ENOENT: no such file or directory, open '/home/mmihovilovic/--git-common-dir/config'
2023-03-20 17:09:39.013 [info] > git remote --verbose [17ms]
2023-03-20 17:09:39.014 [info] > git config --get commit.template [2ms]
2023-03-20 17:09:39.033 [info] > git for-each-ref --format=%(refname)%00%(upstream:short)%00%(objectname) refs/heads/main refs/remotes/main [4ms]
2023-03-20 17:09:39.051 [info] > git rev-list --left-right --count main...origin/main [2ms]
2023-03-20 17:09:39.530 [info] > git status -z -uall [465ms]
2023-03-20 17:09:44.560 [warning] getRemotes() - ENOENT: no such file or directory, open '/home/mmihovilovic/--git-common-dir/config'
2023-03-20 17:09:44.578 [info] > git remote --verbose [19ms]
2023-03-20 17:09:44.579 [info] > git config --get commit.template [2ms]
2023-03-20 17:09:44.597 [info] > git for-each-ref --format=%(refname)%00%(upstream:short)%00%(objectname) refs/heads/main refs/remotes/main [3ms]
2023-03-20 17:09:44.615 [info] > git rev-list --left-right --count main...origin/main [3ms]
2023-03-20 17:09:45.094 [info] > git status -z -uall [464ms]
2023-03-20 17:09:50.125 [warning] getRemotes() - ENOENT: no such file or directory, open '/home/mmihovilovic/--git-common-dir/config'
2023-03-20 17:09:50.142 [info] > git remote --verbose [17ms]
2023-03-20 17:09:50.143 [info] > git config --get commit.template [2ms]
2023-03-20 17:09:50.160 [info] > git for-each-ref --format=%(refname)%00%(upstream:short)%00%(objectname) refs/heads/main refs/remotes/main [2ms]
2023-03-20 17:09:50.178 [info] > git rev-list --left-right --count main...origin/main [3ms]
2023-03-20 17:09:50.659 [info] > git status -z -uall [466ms]
2023-03-20 17:09:55.696 [warning] getRemotes() - ENOENT: no such file or directory, open '/home/mmihovilovic/--git-common-dir/config'
2023-03-20 17:09:55.718 [info] > git remote --verbose [22ms]
2023-03-20 17:09:55.719 [info] > git config --get commit.template [3ms]
2023-03-20 17:09:55.737 [info] > git for-each-ref --format=%(refname)%00%(upstream:short)%00%(objectname) refs/heads/main refs/remotes/main [3ms]
2023-03-20 17:09:55.755 [info] > git rev-list --left-right --count main...origin/main [2ms]
2023-03-20 17:09:56.238 [info] > git status -z -uall [465ms]
2023-03-20 17:10:01.269 [warning] getRemotes() - ENOENT: no such file or directory, open '/home/mmihovilovic/--git-common-dir/config'
2023-03-20 17:10:01.291 [info] > git remote --verbose [22ms]
2023-03-20 17:10:01.292 [info] > git config --get commit.template [3ms]
2023-03-20 17:10:01.313 [info] > git for-each-ref --format=%(refname)%00%(upstream:short)%00%(objectname) refs/heads/main refs/remotes/main [2ms]
2023-03-20 17:10:01.332 [info] > git rev-list --left-right --count main...origin/main [2ms]
2023-03-20 17:10:01.815 [info] > git status -z -uall [467ms]
2023-03-20 17:10:06.848 [warning] getRemotes() - ENOENT: no such file or directory, open '/home/mmihovilovic/--git-common-dir/config'
2023-03-20 17:10:06.865 [info] > git remote --verbose [17ms]
2023-03-20 17:10:06.866 [info] > git config --get commit.template [2ms]
2023-03-20 17:10:06.884 [info] > git for-each-ref --format=%(refname)%00%(upstream:short)%00%(objectname) refs/heads/main refs/remotes/main [2ms]
2023-03-20 17:10:06.902 [info] > git rev-list --left-right --count main...origin/main [3ms]
2023-03-20 17:10:07.384 [info] > git status -z -uall [466ms]
2023-03-20 17:10:12.418 [warning] getRemotes() - ENOENT: no such file or directory, open '/home/mmihovilovic/--git-common-dir/config'
2023-03-20 17:10:12.442 [info] > git remote --verbose [23ms]
2023-03-20 17:10:12.443 [info] > git config --get commit.template [5ms]
2023-03-20 17:10:12.466 [info] > git for-each-ref --format=%(refname)%00%(upstream:short)%00%(objectname) refs/heads/main refs/remotes/main [3ms]
2023-03-20 17:10:12.484 [info] > git rev-list --left-right --count main...origin/main [3ms]
2023-03-20 17:10:12.967 [info] > git status -z -uall [465ms]
2023-03-20 17:10:17.997 [warning] getRemotes() - ENOENT: no such file or directory, open '/home/mmihovilovic/--git-common-dir/config'
2023-03-20 17:10:18.015 [info] > git remote --verbose [17ms]
2023-03-20 17:10:18.016 [info] > git config --get commit.template [2ms]
2023-03-20 17:10:18.034 [info] > git for-each-ref --format=%(refname)%00%(upstream:short)%00%(objectname) refs/heads/main refs/remotes/main [3ms]
2023-03-20 17:10:18.052 [info] > git rev-list --left-right --count main...origin/main [2ms]
2023-03-20 17:10:18.531 [info] > git status -z -uall [464ms]
2023-03-20 17:10:23.567 [warning] getRemotes() - ENOENT: no such file or directory, open '/home/mmihovilovic/--git-common-dir/config'
2023-03-20 17:10:23.582 [info] > git remote --verbose [16ms]
2023-03-20 17:10:23.583 [info] > git config --get commit.template [3ms]
2023-03-20 17:10:23.602 [info] > git for-each-ref --format=%(refname)%00%(upstream:short)%00%(objectname) refs/heads/main refs/remotes/main [3ms]
2023-03-20 17:10:23.620 [info] > git rev-list --left-right --count main...origin/main [2ms]
2023-03-20 17:10:24.098 [info] > git status -z -uall [463ms]
2023-03-20 17:10:29.133 [warning] getRemotes() - ENOENT: no such file or directory, open '/home/mmihovilovic/--git-common-dir/config'
2023-03-20 17:10:29.155 [info] > git remote --verbose [22ms]
2023-03-20 17:10:29.156 [info] > git config --get commit.template [3ms]
2023-03-20 17:10:29.179 [info] > git for-each-ref --format=%(refname)%00%(upstream:short)%00%(objectname) refs/heads/main refs/remotes/main [3ms]
2023-03-20 17:10:29.202 [info] > git rev-list --left-right --count main...origin/main [3ms]
2023-03-20 17:10:29.685 [info] > git status -z -uall [465ms]
2023-03-20 17:10:34.715 [warning] getRemotes() - ENOENT: no such file or directory, open '/home/mmihovilovic/--git-common-dir/config'
2023-03-20 17:10:34.733 [info] > git remote --verbose [18ms]
2023-03-20 17:10:34.734 [info] > git config --get commit.template [3ms]
2023-03-20 17:10:34.753 [info] > git for-each-ref --format=%(refname)%00%(upstream:short)%00%(objectname) refs/heads/main refs/remotes/main [2ms]
2023-03-20 17:10:34.770 [info] > git rev-list --left-right --count main...origin/main [2ms]
2023-03-20 17:10:35.250 [info] > git status -z -uall [464ms]
2023-03-20 17:10:40.279 [warning] getRemotes() - ENOENT: no such file or directory, open '/home/mmihovilovic/--git-common-dir/config'
2023-03-20 17:10:40.297 [info] > git remote --verbose [18ms]
2023-03-20 17:10:40.297 [info] > git config --get commit.template [3ms]
2023-03-20 17:10:40.315 [info] > git for-each-ref --format=%(refname)%00%(upstream:short)%00%(objectname) refs/heads/main refs/remotes/main [2ms]
2023-03-20 17:10:40.333 [info] > git rev-list --left-right --count main...origin/main [2ms]
2023-03-20 17:10:40.818 [info] > git status -z -uall [465ms]
2023-03-20 17:10:45.847 [warning] getRemotes() - ENOENT: no such file or directory, open '/home/mmihovilovic/--git-common-dir/config'
2023-03-20 17:10:45.864 [info] > git remote --verbose [17ms]
2023-03-20 17:10:45.865 [info] > git config --get commit.template [2ms]
2023-03-20 17:10:45.888 [info] > git for-each-ref --format=%(refname)%00%(upstream:short)%00%(objectname) refs/heads/main refs/remotes/main [3ms]
2023-03-20 17:10:45.913 [info] > git rev-list --left-right --count main...origin/main [3ms]
2023-03-20 17:10:46.399 [info] > git status -z -uall [467ms]
2023-03-20 17:10:51.428 [warning] getRemotes() - ENOENT: no such file or directory, open '/home/mmihovilovic/--git-common-dir/config'
2023-03-20 17:10:51.445 [info] > git remote --verbose [18ms]
2023-03-20 17:10:51.446 [info] > git config --get commit.template [3ms]
2023-03-20 17:10:51.464 [info] > git for-each-ref --format=%(refname)%00%(upstream:short)%00%(objectname) refs/heads/main refs/remotes/main [2ms]
2023-03-20 17:10:51.481 [info] > git rev-list --left-right --count main...origin/main [2ms]
2023-03-20 17:10:51.960 [info] > git status -z -uall [463ms]
2023-03-20 17:10:56.990 [warning] getRemotes() - ENOENT: no such file or directory, open '/home/mmihovilovic/--git-common-dir/config'
2023-03-20 17:10:57.008 [info] > git remote --verbose [17ms]
2023-03-20 17:10:57.008 [info] > git config --get commit.template [2ms]
2023-03-20 17:10:57.026 [info] > git for-each-ref --format=%(refname)%00%(upstream:short)%00%(objectname) refs/heads/main refs/remotes/main [2ms]
2023-03-20 17:10:57.044 [info] > git rev-list --left-right --count main...origin/main [3ms]
2023-03-20 17:10:57.528 [info] > git status -z -uall [466ms]
2023-03-20 17:11:02.557 [warning] getRemotes() - ENOENT: no such file or directory, open '/home/mmihovilovic/--git-common-dir/config'
2023-03-20 17:11:02.574 [info] > git remote --verbose [17ms]
2023-03-20 17:11:02.574 [info] > git config --get commit.template [2ms]
2023-03-20 17:11:02.592 [info] > git for-each-ref --format=%(refname)%00%(upstream:short)%00%(objectname) refs/heads/main refs/remotes/main [2ms]
2023-03-20 17:11:02.610 [info] > git rev-list --left-right --count main...origin/main [2ms]
2023-03-20 17:11:03.091 [info] > git status -z -uall [465ms]
2023-03-20 17:11:08.124 [warning] getRemotes() - ENOENT: no such file or directory, open '/home/mmihovilovic/--git-common-dir/config'
2023-03-20 17:11:08.142 [info] > git remote --verbose [18ms]
2023-03-20 17:11:08.142 [info] > git config --get commit.template [2ms]
2023-03-20 17:11:08.161 [info] > git for-each-ref --format=%(refname)%00%(upstream:short)%00%(objectname) refs/heads/main refs/remotes/main [2ms]
2023-03-20 17:11:08.179 [info] > git rev-list --left-right --count main...origin/main [2ms]
2023-03-20 17:11:08.658 [info] > git status -z -uall [464ms]
2023-03-20 17:11:13.688 [warning] getRemotes() - ENOENT: no such file or directory, open '/home/mmihovilovic/--git-common-dir/config'
2023-03-20 17:11:13.714 [info] > git config --get commit.template [10ms]
2023-03-20 17:11:13.714 [info] > git remote --verbose [27ms]
2023-03-20 17:11:13.733 [info] > git for-each-ref --format=%(refname)%00%(upstream:short)%00%(objectname) refs/heads/main refs/remotes/main [2ms]
2023-03-20 17:11:13.751 [info] > git rev-list --left-right --count main...origin/main [2ms]
2023-03-20 17:11:14.241 [info] > git status -z -uall [475ms]
2023-03-20 17:11:19.269 [warning] getRemotes() - ENOENT: no such file or directory, open '/home/mmihovilovic/--git-common-dir/config'
2023-03-20 17:11:19.287 [info] > git remote --verbose [17ms]
2023-03-20 17:11:19.287 [info] > git config --get commit.template [2ms]
2023-03-20 17:11:19.305 [info] > git for-each-ref --format=%(refname)%00%(upstream:short)%00%(objectname) refs/heads/main refs/remotes/main [3ms]
2023-03-20 17:11:19.323 [info] > git rev-list --left-right --count main...origin/main [3ms]
2023-03-20 17:11:19.803 [info] > git status -z -uall [463ms]
2023-03-20 17:11:24.830 [warning] getRemotes() - ENOENT: no such file or directory, open '/home/mmihovilovic/--git-common-dir/config'
2023-03-20 17:11:24.847 [info] > git remote --verbose [17ms]
2023-03-20 17:11:24.848 [info] > git config --get commit.template [2ms]
2023-03-20 17:11:24.866 [info] > git for-each-ref --format=%(refname)%00%(upstream:short)%00%(objectname) refs/heads/main refs/remotes/main [2ms]
2023-03-20 17:11:24.886 [info] > git rev-list --left-right --count main...origin/main [2ms]
2023-03-20 17:11:25.367 [info] > git status -z -uall [465ms]
2023-03-20 17:12:31.795 [warning] getRemotes() - ENOENT: no such file or directory, open '/home/mmihovilovic/--git-common-dir/config'
2023-03-20 17:12:31.812 [info] > git remote --verbose [17ms]
2023-03-20 17:12:31.828 [info] > git config --get commit.template [18ms]
2023-03-20 17:12:31.830 [info] > git for-each-ref --format=%(refname)%00%(upstream:short)%00%(objectname) refs/heads/main refs/remotes/main [2ms]
2023-03-20 17:12:31.847 [info] > git rev-list --left-right --count main...origin/main [2ms]
2023-03-20 17:12:32.330 [info] > git status -z -uall [463ms]
2023-03-20 17:12:37.358 [warning] getRemotes() - ENOENT: no such file or directory, open '/home/mmihovilovic/--git-common-dir/config'
2023-03-20 17:12:37.375 [info] > git remote --verbose [18ms]
2023-03-20 17:12:37.378 [info] > git config --get commit.template [3ms]
2023-03-20 17:12:37.396 [info] > git for-each-ref --format=%(refname)%00%(upstream:short)%00%(objectname) refs/heads/main refs/remotes/main [2ms]
2023-03-20 17:12:37.413 [info] > git rev-list --left-right --count main...origin/main [2ms]
2023-03-20 17:12:37.898 [info] > git status -z -uall [469ms]
2023-03-20 17:12:42.927 [warning] getRemotes() - ENOENT: no such file or directory, open '/home/mmihovilovic/--git-common-dir/config'
2023-03-20 17:12:42.944 [info] > git remote --verbose [18ms]
2023-03-20 17:12:42.945 [info] > git config --get commit.template [3ms]
2023-03-20 17:12:42.963 [info] > git for-each-ref --format=%(refname)%00%(upstream:short)%00%(objectname) refs/heads/main refs/remotes/main [2ms]
2023-03-20 17:12:42.981 [info] > git rev-list --left-right --count main...origin/main [3ms]
2023-03-20 17:12:43.465 [info] > git status -z -uall [468ms]
2023-03-20 17:12:48.494 [warning] getRemotes() - ENOENT: no such file or directory, open '/home/mmihovilovic/--git-common-dir/config'
2023-03-20 17:12:48.512 [info] > git remote --verbose [17ms]
2023-03-20 17:12:48.513 [info] > git config --get commit.template [2ms]
2023-03-20 17:12:48.534 [info] > git for-each-ref --format=%(refname)%00%(upstream:short)%00%(objectname) refs/heads/main refs/remotes/main [2ms]
2023-03-20 17:12:48.552 [info] > git rev-list --left-right --count main...origin/main [3ms]
2023-03-20 17:12:49.031 [info] > git status -z -uall [463ms]
2023-03-20 17:12:54.059 [warning] getRemotes() - ENOENT: no such file or directory, open '/home/mmihovilovic/--git-common-dir/config'
2023-03-20 17:12:54.077 [info] > git remote --verbose [18ms]
2023-03-20 17:12:54.078 [info] > git config --get commit.template [3ms]
2023-03-20 17:12:54.096 [info] > git for-each-ref --format=%(refname)%00%(upstream:short)%00%(objectname) refs/heads/main refs/remotes/main [3ms]
2023-03-20 17:12:54.114 [info] > git rev-list --left-right --count main...origin/main [3ms]
2023-03-20 17:12:54.594 [info] > git status -z -uall [464ms]
2023-03-20 17:12:59.622 [warning] getRemotes() - ENOENT: no such file or directory, open '/home/mmihovilovic/--git-common-dir/config'
2023-03-20 17:12:59.640 [info] > git remote --verbose [18ms]
2023-03-20 17:12:59.640 [info] > git config --get commit.template [2ms]
2023-03-20 17:12:59.659 [info] > git for-each-ref --format=%(refname)%00%(upstream:short)%00%(objectname) refs/heads/main refs/remotes/main [3ms]
2023-03-20 17:12:59.683 [info] > git rev-list --left-right --count main...origin/main [5ms]
2023-03-20 17:13:00.167 [info] > git status -z -uall [466ms]
2023-03-20 17:13:05.198 [warning] getRemotes() - ENOENT: no such file or directory, open '/home/mmihovilovic/--git-common-dir/config'
2023-03-20 17:13:05.216 [info] > git remote --verbose [18ms]
2023-03-20 17:13:05.217 [info] > git config --get commit.template [3ms]
2023-03-20 17:13:05.235 [info] > git for-each-ref --format=%(refname)%00%(upstream:short)%00%(objectname) refs/heads/main refs/remotes/main [2ms]
2023-03-20 17:13:05.254 [info] > git rev-list --left-right --count main...origin/main [3ms]
2023-03-20 17:13:05.735 [info] > git status -z -uall [464ms]
2023-03-20 17:13:10.765 [warning] getRemotes() - ENOENT: no such file or directory, open '/home/mmihovilovic/--git-common-dir/config'
2023-03-20 17:13:10.784 [info] > git config --get commit.template [2ms]
2023-03-20 17:13:10.784 [info] > git remote --verbose [20ms]
2023-03-20 17:13:10.803 [info] > git for-each-ref --format=%(refname)%00%(upstream:short)%00%(objectname) refs/heads/main refs/remotes/main [3ms]
2023-03-20 17:13:10.821 [info] > git rev-list --left-right --count main...origin/main [2ms]
2023-03-20 17:13:11.306 [info] > git status -z -uall [466ms]
2023-03-20 17:13:16.336 [warning] getRemotes() - ENOENT: no such file or directory, open '/home/mmihovilovic/--git-common-dir/config'
2023-03-20 17:13:16.354 [info] > git remote --verbose [19ms]
2023-03-20 17:13:16.355 [info] > git config --get commit.template [3ms]
2023-03-20 17:13:16.373 [info] > git for-each-ref --format=%(refname)%00%(upstream:short)%00%(objectname) refs/heads/main refs/remotes/main [3ms]
2023-03-20 17:13:16.392 [info] > git rev-list --left-right --count main...origin/main [2ms]
2023-03-20 17:13:16.876 [info] > git status -z -uall [466ms]
2023-03-20 17:13:21.910 [warning] getRemotes() - ENOENT: no such file or directory, open '/home/mmihovilovic/--git-common-dir/config'
2023-03-20 17:13:21.933 [info] > git remote --verbose [23ms]
2023-03-20 17:13:21.934 [info] > git config --get commit.template [2ms]
2023-03-20 17:13:21.953 [info] > git for-each-ref --format=%(refname)%00%(upstream:short)%00%(objectname) refs/heads/main refs/remotes/main [2ms]
2023-03-20 17:13:21.973 [info] > git rev-list --left-right --count main...origin/main [2ms]
2023-03-20 17:13:22.454 [info] > git status -z -uall [464ms]
2023-03-20 17:13:27.485 [warning] getRemotes() - ENOENT: no such file or directory, open '/home/mmihovilovic/--git-common-dir/config'
2023-03-20 17:13:27.505 [info] > git remote --verbose [20ms]
2023-03-20 17:13:27.506 [info] > git config --get commit.template [3ms]
2023-03-20 17:13:27.525 [info] > git for-each-ref --format=%(refname)%00%(upstream:short)%00%(objectname) refs/heads/main refs/remotes/main [2ms]
2023-03-20 17:13:27.544 [info] > git rev-list --left-right --count main...origin/main [3ms]
2023-03-20 17:13:28.024 [info] > git status -z -uall [464ms]
2023-03-20 17:13:33.051 [warning] getRemotes() - ENOENT: no such file or directory, open '/home/mmihovilovic/--git-common-dir/config'
2023-03-20 17:13:33.069 [info] > git remote --verbose [18ms]
2023-03-20 17:13:33.070 [info] > git config --get commit.template [2ms]
2023-03-20 17:13:33.089 [info] > git for-each-ref --format=%(refname)%00%(upstream:short)%00%(objectname) refs/heads/main refs/remotes/main [2ms]
2023-03-20 17:13:33.107 [info] > git rev-list --left-right --count main...origin/main [3ms]
2023-03-20 17:13:33.588 [info] > git status -z -uall [464ms]
2023-03-20 17:13:38.623 [warning] getRemotes() - ENOENT: no such file or directory, open '/home/mmihovilovic/--git-common-dir/config'
2023-03-20 17:13:38.646 [info] > git remote --verbose [23ms]
2023-03-20 17:13:38.647 [info] > git config --get commit.template [3ms]
2023-03-20 17:13:38.667 [info] > git for-each-ref --format=%(refname)%00%(upstream:short)%00%(objectname) refs/heads/main refs/remotes/main [3ms]
2023-03-20 17:13:38.690 [info] > git rev-list --left-right --count main...origin/main [7ms]
2023-03-20 17:13:39.173 [info] > git status -z -uall [464ms]
2023-03-20 17:13:44.203 [warning] getRemotes() - ENOENT: no such file or directory, open '/home/mmihovilovic/--git-common-dir/config'
2023-03-20 17:13:44.221 [info] > git remote --verbose [18ms]
2023-03-20 17:13:44.222 [info] > git config --get commit.template [3ms]
2023-03-20 17:13:44.240 [info] > git for-each-ref --format=%(refname)%00%(upstream:short)%00%(objectname) refs/heads/main refs/remotes/main [2ms]
2023-03-20 17:13:44.259 [info] > git rev-list --left-right --count main...origin/main [2ms]
2023-03-20 17:13:44.742 [info] > git status -z -uall [464ms]
2023-03-20 17:13:49.772 [warning] getRemotes() - ENOENT: no such file or directory, open '/home/mmihovilovic/--git-common-dir/config'
2023-03-20 17:13:49.791 [info] > git remote --verbose [19ms]
2023-03-20 17:13:49.792 [info] > git config --get commit.template [3ms]
2023-03-20 17:13:49.810 [info] > git for-each-ref --format=%(refname)%00%(upstream:short)%00%(objectname) refs/heads/main refs/remotes/main [2ms]
2023-03-20 17:13:49.829 [info] > git rev-list --left-right --count main...origin/main [3ms]
2023-03-20 17:13:50.308 [info] > git status -z -uall [463ms]
2023-03-20 17:13:55.343 [warning] getRemotes() - ENOENT: no such file or directory, open '/home/mmihovilovic/--git-common-dir/config'
2023-03-20 17:13:55.363 [info] > git remote --verbose [19ms]
2023-03-20 17:13:55.364 [info] > git config --get commit.template [2ms]
2023-03-20 17:13:55.388 [info] > git for-each-ref --format=%(refname)%00%(upstream:short)%00%(objectname) refs/heads/main refs/remotes/main [3ms]
2023-03-20 17:13:55.411 [info] > git rev-list --left-right --count main...origin/main [2ms]
2023-03-20 17:13:55.890 [info] > git status -z -uall [463ms]
2023-03-20 17:14:00.920 [warning] getRemotes() - ENOENT: no such file or directory, open '/home/mmihovilovic/--git-common-dir/config'
2023-03-20 17:14:00.939 [info] > git remote --verbose [19ms]
2023-03-20 17:14:00.939 [info] > git config --get commit.template [3ms]
2023-03-20 17:14:00.958 [info] > git for-each-ref --format=%(refname)%00%(upstream:short)%00%(objectname) refs/heads/main refs/remotes/main [3ms]
2023-03-20 17:14:00.976 [info] > git rev-list --left-right --count main...origin/main [2ms]
2023-03-20 17:14:01.458 [info] > git status -z -uall [466ms]
2023-03-20 17:14:06.488 [warning] getRemotes() - ENOENT: no such file or directory, open '/home/mmihovilovic/--git-common-dir/config'
2023-03-20 17:14:06.504 [info] > git remote --verbose [17ms]
2023-03-20 17:14:06.505 [info] > git config --get commit.template [2ms]
2023-03-20 17:14:06.525 [info] > git for-each-ref --format=%(refname)%00%(upstream:short)%00%(objectname) refs/heads/main refs/remotes/main [2ms]
2023-03-20 17:14:06.544 [info] > git rev-list --left-right --count main...origin/main [2ms]
2023-03-20 17:14:07.024 [info] > git status -z -uall [464ms]
2023-03-20 17:14:12.059 [warning] getRemotes() - ENOENT: no such file or directory, open '/home/mmihovilovic/--git-common-dir/config'
2023-03-20 17:14:12.080 [info] > git config --get commit.template [1ms]
2023-03-20 17:14:12.080 [info] > git remote --verbose [21ms]
2023-03-20 17:14:12.104 [info] > git for-each-ref --format=%(refname)%00%(upstream:short)%00%(objectname) refs/heads/main refs/remotes/main [2ms]
2023-03-20 17:14:12.125 [info] > git rev-list --left-right --count main...origin/main [2ms]
2023-03-20 17:14:12.616 [info] > git status -z -uall [468ms]
2023-03-20 17:18:28.368 [warning] getRemotes() - ENOENT: no such file or directory, open '/home/mmihovilovic/--git-common-dir/config'
2023-03-20 17:18:28.385 [info] > git remote --verbose [16ms]
2023-03-20 17:18:28.386 [info] > git config --get commit.template [2ms]
2023-03-20 17:18:28.402 [info] > git for-each-ref --format=%(refname)%00%(upstream:short)%00%(objectname) refs/heads/main refs/remotes/main [2ms]
2023-03-20 17:18:28.420 [info] > git rev-list --left-right --count main...origin/main [2ms]
2023-03-20 17:18:28.902 [info] > git status -z -uall [465ms]
2023-03-20 17:18:33.930 [warning] getRemotes() - ENOENT: no such file or directory, open '/home/mmihovilovic/--git-common-dir/config'
2023-03-20 17:18:33.947 [info] > git remote --verbose [17ms]
2023-03-20 17:18:33.948 [info] > git config --get commit.template [3ms]
2023-03-20 17:18:33.965 [info] > git for-each-ref --format=%(refname)%00%(upstream:short)%00%(objectname) refs/heads/main refs/remotes/main [3ms]
2023-03-20 17:18:33.982 [info] > git rev-list --left-right --count main...origin/main [2ms]
2023-03-20 17:18:34.462 [info] > git status -z -uall [464ms]
2023-03-20 17:18:38.459 [info] > git check-ignore -v -z --stdin [9ms]
2023-03-20 17:18:39.491 [warning] getRemotes() - ENOENT: no such file or directory, open '/home/mmihovilovic/--git-common-dir/config'
2023-03-20 17:18:39.508 [info] > git remote --verbose [17ms]
2023-03-20 17:18:39.509 [info] > git config --get commit.template [3ms]
2023-03-20 17:18:39.526 [info] > git for-each-ref --format=%(refname)%00%(upstream:short)%00%(objectname) refs/heads/main refs/remotes/main [2ms]
2023-03-20 17:18:39.544 [info] > git rev-list --left-right --count main...origin/main [2ms]
2023-03-20 17:18:40.024 [info] > git status -z -uall [464ms]
2023-03-20 17:18:41.153 [info] > git check-ignore -v -z --stdin [9ms]
2023-03-20 17:18:45.053 [warning] getRemotes() - ENOENT: no such file or directory, open '/home/mmihovilovic/--git-common-dir/config'
2023-03-20 17:18:45.070 [info] > git remote --verbose [17ms]
2023-03-20 17:18:45.071 [info] > git config --get commit.template [3ms]
2023-03-20 17:18:45.088 [info] > git for-each-ref --format=%(refname)%00%(upstream:short)%00%(objectname) refs/heads/main refs/remotes/main [2ms]
2023-03-20 17:18:45.106 [info] > git rev-list --left-right --count main...origin/main [2ms]
2023-03-20 17:18:45.587 [info] > git status -z -uall [466ms]
2023-03-20 17:18:50.617 [warning] getRemotes() - ENOENT: no such file or directory, open '/home/mmihovilovic/--git-common-dir/config'
2023-03-20 17:18:50.636 [info] > git remote --verbose [18ms]
2023-03-20 17:18:50.636 [info] > git config --get commit.template [2ms]
2023-03-20 17:18:50.654 [info] > git for-each-ref --format=%(refname)%00%(upstream:short)%00%(objectname) refs/heads/main refs/remotes/main [3ms]
2023-03-20 17:18:50.675 [info] > git rev-list --left-right --count main...origin/main [6ms]
2023-03-20 17:18:51.158 [info] > git status -z -uall [463ms]
2023-03-20 17:18:56.191 [warning] getRemotes() - ENOENT: no such file or directory, open '/home/mmihovilovic/--git-common-dir/config'
2023-03-20 17:18:56.209 [info] > git remote --verbose [20ms]
2023-03-20 17:18:56.210 [info] > git config --get commit.template [2ms]
2023-03-20 17:18:56.227 [info] > git for-each-ref --format=%(refname)%00%(upstream:short)%00%(objectname) refs/heads/main refs/remotes/main [2ms]
2023-03-20 17:18:56.245 [info] > git rev-list --left-right --count main...origin/main [2ms]
2023-03-20 17:18:56.724 [info] > git status -z -uall [464ms]
2023-03-20 17:19:01.750 [warning] getRemotes() - ENOENT: no such file or directory, open '/home/mmihovilovic/--git-common-dir/config'
2023-03-20 17:19:01.767 [info] > git remote --verbose [17ms]
2023-03-20 17:19:01.768 [info] > git config --get commit.template [3ms]
2023-03-20 17:19:01.785 [info] > git for-each-ref --format=%(refname)%00%(upstream:short)%00%(objectname) refs/heads/main refs/remotes/main [2ms]
2023-03-20 17:19:01.803 [info] > git rev-list --left-right --count main...origin/main [3ms]
2023-03-20 17:19:02.283 [info] > git status -z -uall [465ms]
2023-03-20 17:19:07.318 [warning] getRemotes() - ENOENT: no such file or directory, open '/home/mmihovilovic/--git-common-dir/config'
2023-03-20 17:19:07.339 [info] > git remote --verbose [20ms]
2023-03-20 17:19:07.340 [info] > git config --get commit.template [3ms]
2023-03-20 17:19:07.358 [info] > git for-each-ref --format=%(refname)%00%(upstream:short)%00%(objectname) refs/heads/main refs/remotes/main [2ms]
2023-03-20 17:19:07.375 [info] > git rev-list --left-right --count main...origin/main [3ms]
2023-03-20 17:19:07.854 [info] > git status -z -uall [464ms]
2023-03-20 17:19:12.882 [warning] getRemotes() - ENOENT: no such file or directory, open '/home/mmihovilovic/--git-common-dir/config'
2023-03-20 17:19:12.899 [info] > git remote --verbose [17ms]
2023-03-20 17:19:12.900 [info] > git config --get commit.template [3ms]
2023-03-20 17:19:12.918 [info] > git for-each-ref --format=%(refname)%00%(upstream:short)%00%(objectname) refs/heads/main refs/remotes/main [3ms]
2023-03-20 17:19:12.936 [info] > git rev-list --left-right --count main...origin/main [2ms]
2023-03-20 17:19:13.417 [info] > git status -z -uall [463ms]
2023-03-20 17:19:20.766 [warning] getRemotes() - ENOENT: no such file or directory, open '/home/mmihovilovic/--git-common-dir/config'
2023-03-20 17:19:20.783 [info] > git remote --verbose [17ms]
2023-03-20 17:19:20.786 [info] > git config --get commit.template [4ms]
2023-03-20 17:19:20.804 [info] > git for-each-ref --format=%(refname)%00%(upstream:short)%00%(objectname) refs/heads/main refs/remotes/main [3ms]
2023-03-20 17:19:20.822 [info] > git rev-list --left-right --count main...origin/main [3ms]
2023-03-20 17:19:21.309 [info] > git status -z -uall [465ms]
2023-03-20 17:20:57.090 [warning] getRemotes() - ENOENT: no such file or directory, open '/home/mmihovilovic/--git-common-dir/config'
2023-03-20 17:20:57.109 [info] > git remote --verbose [18ms]
2023-03-20 17:20:57.109 [info] > git config --get commit.template [2ms]
2023-03-20 17:20:57.131 [info] > git for-each-ref --format=%(refname)%00%(upstream:short)%00%(objectname) refs/heads/main refs/remotes/main [3ms]
2023-03-20 17:20:57.150 [info] > git rev-list --left-right --count main...origin/main [3ms]
2023-03-20 17:20:57.639 [info] > git status -z -uall [469ms]
2023-03-20 17:21:02.669 [warning] getRemotes() - ENOENT: no such file or directory, open '/home/mmihovilovic/--git-common-dir/config'
2023-03-20 17:21:02.687 [info] > git remote --verbose [17ms]
2023-03-20 17:21:02.687 [info] > git config --get commit.template [2ms]
2023-03-20 17:21:02.705 [info] > git for-each-ref --format=%(refname)%00%(upstream:short)%00%(objectname) refs/heads/main refs/remotes/main [3ms]
2023-03-20 17:21:02.723 [info] > git rev-list --left-right --count main...origin/main [2ms]
2023-03-20 17:21:03.202 [info] > git status -z -uall [464ms]
2023-03-20 17:21:08.231 [warning] getRemotes() - ENOENT: no such file or directory, open '/home/mmihovilovic/--git-common-dir/config'
2023-03-20 17:21:08.251 [info] > git remote --verbose [19ms]
2023-03-20 17:21:08.251 [info] > git config --get commit.template [2ms]
2023-03-20 17:21:08.269 [info] > git for-each-ref --format=%(refname)%00%(upstream:short)%00%(objectname) refs/heads/main refs/remotes/main [3ms]
2023-03-20 17:21:08.287 [info] > git rev-list --left-right --count main...origin/main [2ms]
2023-03-20 17:21:08.770 [info] > git status -z -uall [468ms]
2023-03-20 17:21:13.796 [warning] getRemotes() - ENOENT: no such file or directory, open '/home/mmihovilovic/--git-common-dir/config'
2023-03-20 17:21:13.815 [info] > git remote --verbose [18ms]
2023-03-20 17:21:13.816 [info] > git config --get commit.template [2ms]
2023-03-20 17:21:13.833 [info] > git for-each-ref --format=%(refname)%00%(upstream:short)%00%(objectname) refs/heads/main refs/remotes/main [2ms]
2023-03-20 17:21:13.851 [info] > git rev-list --left-right --count main...origin/main [3ms]
2023-03-20 17:21:14.335 [info] > git status -z -uall [468ms]
2023-03-20 17:21:19.366 [warning] getRemotes() - ENOENT: no such file or directory, open '/home/mmihovilovic/--git-common-dir/config'
2023-03-20 17:21:19.384 [info] > git remote --verbose [17ms]
2023-03-20 17:21:19.384 [info] > git config --get commit.template [2ms]
2023-03-20 17:21:19.402 [info] > git for-each-ref --format=%(refname)%00%(upstream:short)%00%(objectname) refs/heads/main refs/remotes/main [3ms]
2023-03-20 17:21:19.420 [info] > git rev-list --left-right --count main...origin/main [2ms]
2023-03-20 17:21:19.900 [info] > git status -z -uall [465ms]
2023-03-20 17:21:24.927 [warning] getRemotes() - ENOENT: no such file or directory, open '/home/mmihovilovic/--git-common-dir/config'
2023-03-20 17:21:24.944 [info] > git remote --verbose [17ms]
2023-03-20 17:21:24.945 [info] > git config --get commit.template [3ms]
2023-03-20 17:21:24.963 [info] > git for-each-ref --format=%(refname)%00%(upstream:short)%00%(objectname) refs/heads/main refs/remotes/main [2ms]
2023-03-20 17:21:24.980 [info] > git rev-list --left-right --count main...origin/main [3ms]
2023-03-20 17:21:25.462 [info] > git status -z -uall [467ms]
2023-03-20 17:21:30.489 [warning] getRemotes() - ENOENT: no such file or directory, open '/home/mmihovilovic/--git-common-dir/config'
2023-03-20 17:21:30.507 [info] > git remote --verbose [18ms]
2023-03-20 17:21:30.508 [info] > git config --get commit.template [3ms]
2023-03-20 17:21:30.526 [info] > git for-each-ref --format=%(refname)%00%(upstream:short)%00%(objectname) refs/heads/main refs/remotes/main [2ms]
2023-03-20 17:21:30.543 [info] > git rev-list --left-right --count main...origin/main [2ms]
2023-03-20 17:21:31.023 [info] > git status -z -uall [464ms]
2023-03-20 17:21:36.050 [warning] getRemotes() - ENOENT: no such file or directory, open '/home/mmihovilovic/--git-common-dir/config'
2023-03-20 17:21:36.067 [info] > git remote --verbose [17ms]
2023-03-20 17:21:36.068 [info] > git config --get commit.template [2ms]
2023-03-20 17:21:36.086 [info] > git for-each-ref --format=%(refname)%00%(upstream:short)%00%(objectname) refs/heads/main refs/remotes/main [3ms]
2023-03-20 17:21:36.104 [info] > git rev-list --left-right --count main...origin/main [3ms]
2023-03-20 17:21:36.586 [info] > git status -z -uall [464ms]
2023-03-20 17:21:41.614 [warning] getRemotes() - ENOENT: no such file or directory, open '/home/mmihovilovic/--git-common-dir/config'
2023-03-20 17:21:41.631 [info] > git remote --verbose [17ms]
2023-03-20 17:21:41.632 [info] > git config --get commit.template [2ms]
2023-03-20 17:21:41.650 [info] > git for-each-ref --format=%(refname)%00%(upstream:short)%00%(objectname) refs/heads/main refs/remotes/main [2ms]
2023-03-20 17:21:41.667 [info] > git rev-list --left-right --count main...origin/main [2ms]
2023-03-20 17:21:42.151 [info] > git status -z -uall [465ms]
2023-03-20 17:21:47.179 [warning] getRemotes() - ENOENT: no such file or directory, open '/home/mmihovilovic/--git-common-dir/config'
2023-03-20 17:21:47.196 [info] > git remote --verbose [17ms]
2023-03-20 17:21:47.197 [info] > git config --get commit.template [2ms]
2023-03-20 17:21:47.215 [info] > git for-each-ref --format=%(refname)%00%(upstream:short)%00%(objectname) refs/heads/main refs/remotes/main [2ms]
2023-03-20 17:21:47.234 [info] > git rev-list --left-right --count main...origin/main [4ms]
2023-03-20 17:21:47.713 [info] > git status -z -uall [464ms]
2023-03-20 17:21:52.748 [warning] getRemotes() - ENOENT: no such file or directory, open '/home/mmihovilovic/--git-common-dir/config'
2023-03-20 17:21:52.765 [info] > git remote --verbose [18ms]
2023-03-20 17:21:52.766 [info] > git config --get commit.template [3ms]
2023-03-20 17:21:52.783 [info] > git for-each-ref --format=%(refname)%00%(upstream:short)%00%(objectname) refs/heads/main refs/remotes/main [2ms]
2023-03-20 17:21:52.803 [info] > git rev-list --left-right --count main...origin/main [2ms]
2023-03-20 17:21:53.284 [info] > git status -z -uall [465ms]
2023-03-20 17:21:58.312 [warning] getRemotes() - ENOENT: no such file or directory, open '/home/mmihovilovic/--git-common-dir/config'
2023-03-20 17:21:58.329 [info] > git remote --verbose [17ms]
2023-03-20 17:21:58.331 [info] > git config --get commit.template [2ms]
2023-03-20 17:21:58.349 [info] > git for-each-ref --format=%(refname)%00%(upstream:short)%00%(objectname) refs/heads/main refs/remotes/main [2ms]
2023-03-20 17:21:58.367 [info] > git rev-list --left-right --count main...origin/main [3ms]
2023-03-20 17:21:58.846 [info] > git status -z -uall [464ms]
2023-03-20 17:22:03.875 [warning] getRemotes() - ENOENT: no such file or directory, open '/home/mmihovilovic/--git-common-dir/config'
2023-03-20 17:22:03.892 [info] > git remote --verbose [17ms]
2023-03-20 17:22:03.893 [info] > git config --get commit.template [2ms]
2023-03-20 17:22:03.911 [info] > git for-each-ref --format=%(refname)%00%(upstream:short)%00%(objectname) refs/heads/main refs/remotes/main [3ms]
2023-03-20 17:22:03.929 [info] > git rev-list --left-right --count main...origin/main [3ms]
2023-03-20 17:22:04.410 [info] > git status -z -uall [466ms]
2023-03-20 17:22:09.438 [warning] getRemotes() - ENOENT: no such file or directory, open '/home/mmihovilovic/--git-common-dir/config'
2023-03-20 17:22:09.455 [info] > git remote --verbose [17ms]
2023-03-20 17:22:09.456 [info] > git config --get commit.template [2ms]
2023-03-20 17:22:09.474 [info] > git for-each-ref --format=%(refname)%00%(upstream:short)%00%(objectname) refs/heads/main refs/remotes/main [3ms]
2023-03-20 17:22:09.492 [info] > git rev-list --left-right --count main...origin/main [3ms]
2023-03-20 17:22:09.975 [info] > git status -z -uall [464ms]
2023-03-20 17:22:15.002 [warning] getRemotes() - ENOENT: no such file or directory, open '/home/mmihovilovic/--git-common-dir/config'
2023-03-20 17:22:15.020 [info] > git remote --verbose [17ms]
2023-03-20 17:22:15.022 [info] > git config --get commit.template [3ms]
2023-03-20 17:22:15.039 [info] > git for-each-ref --format=%(refname)%00%(upstream:short)%00%(objectname) refs/heads/main refs/remotes/main [2ms]
2023-03-20 17:22:15.057 [info] > git rev-list --left-right --count main...origin/main [3ms]
2023-03-20 17:22:15.539 [info] > git status -z -uall [466ms]
2023-03-20 17:22:20.568 [warning] getRemotes() - ENOENT: no such file or directory, open '/home/mmihovilovic/--git-common-dir/config'
2023-03-20 17:22:20.585 [info] > git remote --verbose [17ms]
2023-03-20 17:22:20.586 [info] > git config --get commit.template [3ms]
2023-03-20 17:22:20.604 [info] > git for-each-ref --format=%(refname)%00%(upstream:short)%00%(objectname) refs/heads/main refs/remotes/main [2ms]
2023-03-20 17:22:20.621 [info] > git rev-list --left-right --count main...origin/main [2ms]
2023-03-20 17:22:21.104 [info] > git status -z -uall [465ms]
2023-03-20 17:22:26.138 [warning] getRemotes() - ENOENT: no such file or directory, open '/home/mmihovilovic/--git-common-dir/config'
2023-03-20 17:22:26.157 [info] > git remote --verbose [19ms]
2023-03-20 17:22:26.158 [info] > git config --get commit.template [3ms]
2023-03-20 17:22:26.179 [info] > git for-each-ref --format=%(refname)%00%(upstream:short)%00%(objectname) refs/heads/main refs/remotes/main [3ms]
2023-03-20 17:22:26.202 [info] > git rev-list --left-right --count main...origin/main [6ms]
2023-03-20 17:22:26.687 [info] > git status -z -uall [467ms]
2023-03-20 17:22:31.714 [warning] getRemotes() - ENOENT: no such file or directory, open '/home/mmihovilovic/--git-common-dir/config'
2023-03-20 17:22:31.735 [info] > git config --get commit.template [4ms]
2023-03-20 17:22:31.735 [info] > git remote --verbose [21ms]
2023-03-20 17:22:31.755 [info] > git for-each-ref --format=%(refname)%00%(upstream:short)%00%(objectname) refs/heads/main refs/remotes/main [2ms]
2023-03-20 17:22:31.773 [info] > git rev-list --left-right --count main...origin/main [2ms]
2023-03-20 17:22:32.252 [info] > git status -z -uall [463ms]
2023-03-20 17:22:37.279 [warning] getRemotes() - ENOENT: no such file or directory, open '/home/mmihovilovic/--git-common-dir/config'
2023-03-20 17:22:37.298 [info] > git remote --verbose [19ms]
2023-03-20 17:22:37.299 [info] > git config --get commit.template [2ms]
2023-03-20 17:22:37.318 [info] > git for-each-ref --format=%(refname)%00%(upstream:short)%00%(objectname) refs/heads/main refs/remotes/main [2ms]
2023-03-20 17:22:37.336 [info] > git rev-list --left-right --count main...origin/main [3ms]
2023-03-20 17:22:37.816 [info] > git status -z -uall [464ms]
2023-03-20 17:22:42.848 [warning] getRemotes() - ENOENT: no such file or directory, open '/home/mmihovilovic/--git-common-dir/config'
2023-03-20 17:22:42.867 [info] > git remote --verbose [18ms]
2023-03-20 17:22:42.868 [info] > git config --get commit.template [3ms]
2023-03-20 17:22:42.892 [info] > git for-each-ref --format=%(refname)%00%(upstream:short)%00%(objectname) refs/heads/main refs/remotes/main [3ms]
2023-03-20 17:22:42.915 [info] > git rev-list --left-right --count main...origin/main [3ms]
2023-03-20 17:22:43.397 [info] > git status -z -uall [464ms]
2023-03-20 17:22:48.424 [warning] getRemotes() - ENOENT: no such file or directory, open '/home/mmihovilovic/--git-common-dir/config'
2023-03-20 17:22:48.442 [info] > git remote --verbose [17ms]
2023-03-20 17:22:48.443 [info] > git config --get commit.template [2ms]
2023-03-20 17:22:48.461 [info] > git for-each-ref --format=%(refname)%00%(upstream:short)%00%(objectname) refs/heads/main refs/remotes/main [2ms]
2023-03-20 17:22:48.479 [info] > git rev-list --left-right --count main...origin/main [2ms]
2023-03-20 17:22:48.961 [info] > git status -z -uall [464ms]
2023-03-20 17:22:49.452 [info] > git show --textconv :macbzvz/zadatak1ispit/Analyzer.cpp [20ms]
2023-03-20 17:22:49.460 [info] > git ls-files --stage -- /home/mmihovilovic/macbzvz/zadatak1ispit/Analyzer.cpp [9ms]
2023-03-20 17:22:53.990 [warning] getRemotes() - ENOENT: no such file or directory, open '/home/mmihovilovic/--git-common-dir/config'
2023-03-20 17:22:54.008 [info] > git remote --verbose [17ms]
2023-03-20 17:22:54.009 [info] > git config --get commit.template [2ms]
2023-03-20 17:22:54.028 [info] > git for-each-ref --format=%(refname)%00%(upstream:short)%00%(objectname) refs/heads/main refs/remotes/main [4ms]
2023-03-20 17:22:54.049 [info] > git rev-list --left-right --count main...origin/main [4ms]
2023-03-20 17:22:54.532 [info] > git status -z -uall [465ms]
2023-03-20 17:22:59.561 [warning] getRemotes() - ENOENT: no such file or directory, open '/home/mmihovilovic/--git-common-dir/config'
2023-03-20 17:22:59.581 [info] > git remote --verbose [21ms]
2023-03-20 17:22:59.582 [info] > git config --get commit.template [3ms]
2023-03-20 17:22:59.603 [info] > git for-each-ref --format=%(refname)%00%(upstream:short)%00%(objectname) refs/heads/main refs/remotes/main [4ms]
2023-03-20 17:22:59.624 [info] > git rev-list --left-right --count main...origin/main [2ms]
2023-03-20 17:23:00.110 [info] > git status -z -uall [466ms]
2023-03-20 17:23:05.137 [warning] getRemotes() - ENOENT: no such file or directory, open '/home/mmihovilovic/--git-common-dir/config'
2023-03-20 17:23:05.156 [info] > git remote --verbose [19ms]
2023-03-20 17:23:05.157 [info] > git config --get commit.template [2ms]
2023-03-20 17:23:05.175 [info] > git for-each-ref --format=%(refname)%00%(upstream:short)%00%(objectname) refs/heads/main refs/remotes/main [2ms]
2023-03-20 17:23:05.193 [info] > git rev-list --left-right --count main...origin/main [2ms]
2023-03-20 17:23:05.673 [info] > git status -z -uall [464ms]
2023-03-20 17:23:10.703 [warning] getRemotes() - ENOENT: no such file or directory, open '/home/mmihovilovic/--git-common-dir/config'
2023-03-20 17:23:10.722 [info] > git remote --verbose [19ms]
2023-03-20 17:23:10.723 [info] > git config --get commit.template [3ms]
2023-03-20 17:23:10.741 [info] > git for-each-ref --format=%(refname)%00%(upstream:short)%00%(objectname) refs/heads/main refs/remotes/main [2ms]
2023-03-20 17:23:10.760 [info] > git rev-list --left-right --count main...origin/main [2ms]
2023-03-20 17:23:11.241 [info] > git status -z -uall [465ms]
2023-03-20 17:23:16.270 [warning] getRemotes() - ENOENT: no such file or directory, open '/home/mmihovilovic/--git-common-dir/config'
2023-03-20 17:23:16.287 [info] > git remote --verbose [18ms]
2023-03-20 17:23:16.288 [info] > git config --get commit.template [3ms]
2023-03-20 17:23:16.306 [info] > git for-each-ref --format=%(refname)%00%(upstream:short)%00%(objectname) refs/heads/main refs/remotes/main [2ms]
2023-03-20 17:23:16.324 [info] > git rev-list --left-right --count main...origin/main [3ms]
2023-03-20 17:23:16.808 [info] > git status -z -uall [467ms]
2023-03-20 17:23:21.837 [warning] getRemotes() - ENOENT: no such file or directory, open '/home/mmihovilovic/--git-common-dir/config'
2023-03-20 17:23:21.856 [info] > git remote --verbose [17ms]
2023-03-20 17:23:21.857 [info] > git config --get commit.template [4ms]
2023-03-20 17:23:21.875 [info] > git for-each-ref --format=%(refname)%00%(upstream:short)%00%(objectname) refs/heads/main refs/remotes/main [2ms]
2023-03-20 17:23:21.893 [info] > git rev-list --left-right --count main...origin/main [2ms]
2023-03-20 17:23:22.373 [info] > git status -z -uall [464ms]
2023-03-20 17:23:27.400 [warning] getRemotes() - ENOENT: no such file or directory, open '/home/mmihovilovic/--git-common-dir/config'
2023-03-20 17:23:27.418 [info] > git remote --verbose [17ms]
2023-03-20 17:23:27.419 [info] > git config --get commit.template [3ms]
2023-03-20 17:23:27.439 [info] > git for-each-ref --format=%(refname)%00%(upstream:short)%00%(objectname) refs/heads/main refs/remotes/main [3ms]
2023-03-20 17:23:27.459 [info] > git rev-list --left-right --count main...origin/main [3ms]
2023-03-20 17:23:27.949 [info] > git status -z -uall [475ms]
2023-03-20 17:23:32.980 [warning] getRemotes() - ENOENT: no such file or directory, open '/home/mmihovilovic/--git-common-dir/config'
2023-03-20 17:23:32.997 [info] > git remote --verbose [18ms]
2023-03-20 17:23:32.998 [info] > git config --get commit.template [3ms]
2023-03-20 17:23:33.016 [info] > git for-each-ref --format=%(refname)%00%(upstream:short)%00%(objectname) refs/heads/main refs/remotes/main [2ms]
2023-03-20 17:23:33.034 [info] > git rev-list --left-right --count main...origin/main [2ms]
2023-03-20 17:23:33.514 [info] > git status -z -uall [464ms]
2023-03-20 17:23:38.541 [warning] getRemotes() - ENOENT: no such file or directory, open '/home/mmihovilovic/--git-common-dir/config'
2023-03-20 17:23:38.562 [info] > git config --get commit.template [2ms]
2023-03-20 17:23:38.562 [info] > git remote --verbose [21ms]
2023-03-20 17:23:38.581 [info] > git for-each-ref --format=%(refname)%00%(upstream:short)%00%(objectname) refs/heads/main refs/remotes/main [2ms]
2023-03-20 17:23:38.599 [info] > git rev-list --left-right --count main...origin/main [3ms]
2023-03-20 17:23:39.081 [info] > git status -z -uall [466ms]
2023-03-20 17:23:44.109 [warning] getRemotes() - ENOENT: no such file or directory, open '/home/mmihovilovic/--git-common-dir/config'
2023-03-20 17:23:44.126 [info] > git remote --verbose [17ms]
2023-03-20 17:23:44.127 [info] > git config --get commit.template [3ms]
2023-03-20 17:23:44.145 [info] > git for-each-ref --format=%(refname)%00%(upstream:short)%00%(objectname) refs/heads/main refs/remotes/main [2ms]
2023-03-20 17:23:44.163 [info] > git rev-list --left-right --count main...origin/main [3ms]
2023-03-20 17:23:44.642 [info] > git status -z -uall [464ms]
2023-03-20 17:23:49.671 [warning] getRemotes() - ENOENT: no such file or directory, open '/home/mmihovilovic/--git-common-dir/config'
2023-03-20 17:23:49.689 [info] > git remote --verbose [17ms]
2023-03-20 17:23:49.689 [info] > git config --get commit.template [2ms]
2023-03-20 17:23:49.707 [info] > git for-each-ref --format=%(refname)%00%(upstream:short)%00%(objectname) refs/heads/main refs/remotes/main [3ms]
2023-03-20 17:23:49.725 [info] > git rev-list --left-right --count main...origin/main [3ms]
2023-03-20 17:23:50.205 [info] > git status -z -uall [464ms]
2023-03-20 17:23:55.232 [warning] getRemotes() - ENOENT: no such file or directory, open '/home/mmihovilovic/--git-common-dir/config'
2023-03-20 17:23:55.249 [info] > git remote --verbose [17ms]
2023-03-20 17:23:55.250 [info] > git config --get commit.template [2ms]
2023-03-20 17:23:55.268 [info] > git for-each-ref --format=%(refname)%00%(upstream:short)%00%(objectname) refs/heads/main refs/remotes/main [2ms]
2023-03-20 17:23:55.286 [info] > git rev-list --left-right --count main...origin/main [2ms]
2023-03-20 17:23:55.765 [info] > git status -z -uall [463ms]
2023-03-20 17:24:00.797 [warning] getRemotes() - ENOENT: no such file or directory, open '/home/mmihovilovic/--git-common-dir/config'
2023-03-20 17:24:00.814 [info] > git remote --verbose [17ms]
2023-03-20 17:24:00.815 [info] > git config --get commit.template [2ms]
2023-03-20 17:24:00.833 [info] > git for-each-ref --format=%(refname)%00%(upstream:short)%00%(objectname) refs/heads/main refs/remotes/main [3ms]
2023-03-20 17:24:00.851 [info] > git rev-list --left-right --count main...origin/main [3ms]
2023-03-20 17:24:01.330 [info] > git status -z -uall [464ms]
2023-03-20 17:24:03.129 [info] > git check-ignore -v -z --stdin [8ms]
2023-03-20 17:24:06.359 [warning] getRemotes() - ENOENT: no such file or directory, open '/home/mmihovilovic/--git-common-dir/config'
2023-03-20 17:24:06.376 [info] > git remote --verbose [17ms]
2023-03-20 17:24:06.377 [info] > git config --get commit.template [2ms]
2023-03-20 17:24:06.395 [info] > git for-each-ref --format=%(refname)%00%(upstream:short)%00%(objectname) refs/heads/main refs/remotes/main [3ms]
2023-03-20 17:24:06.413 [info] > git rev-list --left-right --count main...origin/main [3ms]
2023-03-20 17:24:06.894 [info] > git status -z -uall [465ms]
2023-03-20 17:24:11.922 [warning] getRemotes() - ENOENT: no such file or directory, open '/home/mmihovilovic/--git-common-dir/config'
2023-03-20 17:24:11.940 [info] > git remote --verbose [18ms]
2023-03-20 17:24:11.941 [info] > git config --get commit.template [3ms]
2023-03-20 17:24:11.959 [info] > git for-each-ref --format=%(refname)%00%(upstream:short)%00%(objectname) refs/heads/main refs/remotes/main [3ms]
2023-03-20 17:24:11.977 [info] > git rev-list --left-right --count main...origin/main [2ms]
2023-03-20 17:24:12.460 [info] > git status -z -uall [464ms]
2023-03-20 17:24:53.789 [warning] getRemotes() - ENOENT: no such file or directory, open '/home/mmihovilovic/--git-common-dir/config'
2023-03-20 17:24:53.807 [info] > git config --get commit.template [3ms]
2023-03-20 17:24:53.807 [info] > git remote --verbose [19ms]
2023-03-20 17:24:53.825 [info] > git for-each-ref --format=%(refname)%00%(upstream:short)%00%(objectname) refs/heads/main refs/remotes/main [2ms]
2023-03-20 17:24:53.843 [info] > git rev-list --left-right --count main...origin/main [2ms]
