2023-03-17 10:26:01.707 [info] Log level: Info
2023-03-17 10:26:01.707 [info] Validating found git in: "git"
2023-03-17 10:26:01.707 [info] Using git "1.8.3.1" from "git"
2023-03-17 10:26:01.707 [info] > git rev-parse --show-toplevel [66ms]
2023-03-17 10:26:01.707 [info] > git rev-parse --git-dir --git-common-dir [3ms]
2023-03-17 10:26:01.707 [info] Open repository: /home/mmihovilovic
2023-03-17 10:26:01.707 [warning] getRemotes() - ENOENT: no such file or directory, open '/home/mmihovilovic/--git-common-dir/config'
2023-03-17 10:26:01.707 [info] > git rev-parse --show-toplevel [27ms]
2023-03-17 10:26:01.707 [info] > git config --get commit.template [14ms]
2023-03-17 10:26:01.707 [info] > git remote --verbose [27ms]
2023-03-17 10:26:01.707 [info] > git rev-parse --show-toplevel [6ms]
2023-03-17 10:26:01.707 [info] > git rev-parse --show-toplevel [16ms]
2023-03-17 10:26:01.707 [info] > git rev-parse --show-toplevel [4ms]
2023-03-17 10:26:01.707 [info] > git for-each-ref --format=%(refname)%00%(upstream:short)%00%(objectname) refs/heads/main refs/remotes/main [31ms]
2023-03-17 10:26:01.708 [info] > git rev-parse --show-toplevel [15ms]
2023-03-17 10:26:01.720 [info] > git rev-list --left-right --count main...origin/main [14ms]
2023-03-17 10:26:01.755 [info] > git rev-parse --show-toplevel [37ms]
2023-03-17 10:26:01.766 [info] > git rev-parse --show-toplevel [3ms]
2023-03-17 10:26:01.776 [info] > git rev-parse --show-toplevel [2ms]
2023-03-17 10:26:01.831 [info] > git rev-parse --show-toplevel [46ms]
2023-03-17 10:26:01.845 [info] > git rev-parse --show-toplevel [3ms]
2023-03-17 10:26:01.858 [info] > git rev-parse --show-toplevel [1ms]
2023-03-17 10:26:01.872 [info] > git rev-parse --show-toplevel [1ms]
2023-03-17 10:26:01.883 [info] > git rev-parse --show-toplevel [2ms]
2023-03-17 10:26:01.899 [info] > git rev-parse --show-toplevel [4ms]
2023-03-17 10:26:01.910 [info] > git rev-parse --show-toplevel [2ms]
2023-03-17 10:26:01.922 [info] > git rev-parse --git-dir --git-common-dir [2ms]
2023-03-17 10:26:01.930 [info] Open repository: /home/mmihovilovic/vj11
2023-03-17 10:26:01.952 [warning] getRemotes() - ENOENT: no such file or directory, open '/home/mmihovilovic/vj11/--git-common-dir/config'
2023-03-17 10:26:01.965 [info] > git remote --verbose [13ms]
2023-03-17 10:26:01.966 [info] > git rev-parse --show-toplevel [26ms]
2023-03-17 10:26:01.981 [info] > git config --get commit.template [18ms]
2023-03-17 10:26:01.993 [info] > git rev-parse --show-toplevel [16ms]
2023-03-17 10:26:02.004 [info] > git for-each-ref --format=%(refname)%00%(upstream:short)%00%(objectname) refs/heads/master refs/remotes/master [13ms]
2023-03-17 10:26:02.016 [info] > git rev-parse --show-toplevel [13ms]
2023-03-17 10:26:02.028 [info] > git status -z -uall [15ms]
2023-03-17 10:26:02.056 [warning] getRemotes() - ENOENT: no such file or directory, open '/home/mmihovilovic/vj11/--git-common-dir/config'
2023-03-17 10:26:02.068 [info] > git rev-parse --show-toplevel [43ms]
2023-03-17 10:26:02.080 [info] > git config --get commit.template [13ms]
2023-03-17 10:26:02.080 [info] > git remote --verbose [24ms]
2023-03-17 10:26:02.081 [info] > git rev-parse --show-toplevel [3ms]
2023-03-17 10:26:02.106 [info] > git for-each-ref --format=%(refname)%00%(upstream:short)%00%(objectname) refs/heads/master refs/remotes/master [3ms]
2023-03-17 10:26:02.117 [info] > git rev-parse --show-toplevel [25ms]
2023-03-17 10:26:02.130 [info] > git status -z -uall [14ms]
2023-03-17 10:26:02.135 [info] > git rev-parse --show-toplevel [7ms]
2023-03-17 10:26:02.148 [info] > git rev-parse --show-toplevel [2ms]
2023-03-17 10:26:02.160 [info] > git rev-parse --git-dir --git-common-dir [2ms]
2023-03-17 10:26:02.168 [info] Open repository: /home/mmihovilovic/vj6
2023-03-17 10:26:02.192 [warning] getRemotes() - ENOENT: no such file or directory, open '/home/mmihovilovic/vj6/--git-common-dir/config'
2023-03-17 10:26:02.206 [info] > git remote --verbose [15ms]
2023-03-17 10:26:02.207 [info] > git rev-parse --show-toplevel [27ms]
2023-03-17 10:26:02.220 [info] > git config --get commit.template [18ms]
2023-03-17 10:26:02.232 [info] > git rev-parse --show-toplevel [14ms]
2023-03-17 10:26:02.279 [info] > git rev-parse --show-toplevel [36ms]
2023-03-17 10:26:02.291 [info] > git for-each-ref --format=%(refname)%00%(upstream:short)%00%(objectname) refs/heads/master refs/remotes/master [60ms]
2023-03-17 10:26:02.305 [info] > git rev-parse --show-toplevel [15ms]
2023-03-17 10:26:02.312 [info] > git status -z -uall [10ms]
2023-03-17 10:26:02.328 [warning] getRemotes() - ENOENT: no such file or directory, open '/home/mmihovilovic/vj6/--git-common-dir/config'
2023-03-17 10:26:02.348 [info] > git config --get commit.template [9ms]
2023-03-17 10:26:02.348 [info] > git remote --verbose [20ms]
2023-03-17 10:26:02.369 [info] > git for-each-ref --format=%(refname)%00%(upstream:short)%00%(objectname) refs/heads/master refs/remotes/master [2ms]
2023-03-17 10:26:02.384 [info] > git status -z -uall [4ms]
2023-03-17 10:26:02.612 [info] > git status -z -uall [880ms]
2023-03-17 10:26:02.634 [warning] getRemotes() - ENOENT: no such file or directory, open '/home/mmihovilovic/--git-common-dir/config'
2023-03-17 10:26:02.648 [info] > git remote --verbose [13ms]
2023-03-17 10:26:02.649 [info] > git config --get commit.template [3ms]
2023-03-17 10:26:02.662 [info] > git for-each-ref --format=%(refname)%00%(upstream:short)%00%(objectname) refs/heads/main refs/remotes/main [3ms]
2023-03-17 10:26:02.676 [info] > git rev-list --left-right --count main...origin/main [4ms]
2023-03-17 10:26:03.552 [info] > git status -z -uall [865ms]
2023-03-17 10:28:24.584 [warning] getRemotes() - ENOENT: no such file or directory, open '/home/mmihovilovic/--git-common-dir/config'
2023-03-17 10:28:24.595 [info] > git remote --verbose [11ms]
2023-03-17 10:28:24.598 [info] > git config --get commit.template [3ms]
2023-03-17 10:28:24.610 [info] > git for-each-ref --format=%(refname)%00%(upstream:short)%00%(objectname) refs/heads/main refs/remotes/main [2ms]
2023-03-17 10:28:24.621 [info] > git rev-list --left-right --count main...origin/main [2ms]
2023-03-17 10:28:25.497 [info] > git status -z -uall [866ms]
2023-03-17 10:28:28.532 [info] > git check-ignore -v -z --stdin [14ms]
2023-03-17 10:28:28.534 [info] > git check-ignore -v -z --stdin [4ms]
2023-03-17 10:28:28.540 [info] > git check-ignore -v -z --stdin [32ms]
2023-03-17 10:28:30.519 [warning] getRemotes() - ENOENT: no such file or directory, open '/home/mmihovilovic/--git-common-dir/config'
2023-03-17 10:28:30.533 [info] > git remote --verbose [14ms]
2023-03-17 10:28:30.535 [info] > git config --get commit.template [4ms]
2023-03-17 10:28:30.550 [info] > git for-each-ref --format=%(refname)%00%(upstream:short)%00%(objectname) refs/heads/main refs/remotes/main [2ms]
2023-03-17 10:28:30.563 [info] > git rev-list --left-right --count main...origin/main [3ms]
2023-03-17 10:28:31.441 [info] > git status -z -uall [865ms]
2023-03-17 10:28:36.458 [warning] getRemotes() - ENOENT: no such file or directory, open '/home/mmihovilovic/--git-common-dir/config'
2023-03-17 10:28:36.470 [info] > git remote --verbose [13ms]
2023-03-17 10:28:36.471 [info] > git config --get commit.template [3ms]
2023-03-17 10:28:36.483 [info] > git for-each-ref --format=%(refname)%00%(upstream:short)%00%(objectname) refs/heads/main refs/remotes/main [3ms]
2023-03-17 10:28:36.495 [info] > git rev-list --left-right --count main...origin/main [3ms]
2023-03-17 10:28:37.369 [info] > git status -z -uall [865ms]
2023-03-17 10:28:38.388 [info] > git check-ignore -v -z --stdin [9ms]
2023-03-17 10:28:39.727 [info] > git ls-files --stage -- /home/mmihovilovic/vj8/Analyzer.cpp [11ms]
2023-03-17 10:28:39.743 [info] > git show --textconv :vj8/Analyzer.cpp [41ms]
2023-03-17 10:28:39.744 [info] > git cat-file -s ecee96401ec1ac96afe9e5ace1b7c3016d9570c2 [4ms]
2023-03-17 10:28:42.394 [warning] getRemotes() - ENOENT: no such file or directory, open '/home/mmihovilovic/--git-common-dir/config'
2023-03-17 10:28:42.409 [info] > git remote --verbose [16ms]
2023-03-17 10:28:42.426 [info] > git config --get commit.template [18ms]
2023-03-17 10:28:42.427 [info] > git for-each-ref --format=%(refname)%00%(upstream:short)%00%(objectname) refs/heads/main refs/remotes/main [3ms]
2023-03-17 10:28:42.444 [info] > git rev-list --left-right --count main...origin/main [4ms]
2023-03-17 10:28:43.326 [info] > git status -z -uall [868ms]
2023-03-17 10:28:46.042 [info] > git show --textconv :vj8/Analyzer.h [35ms]
2023-03-17 10:28:46.043 [info] > git ls-files --stage -- /home/mmihovilovic/vj8/Analyzer.h [15ms]
2023-03-17 10:28:46.063 [info] > git cat-file -s 8a8280b75a8567533ac441559ae32372f46f3f2e [2ms]
2023-03-17 10:28:48.360 [warning] getRemotes() - ENOENT: no such file or directory, open '/home/mmihovilovic/--git-common-dir/config'
2023-03-17 10:28:48.386 [info] > git remote --verbose [26ms]
2023-03-17 10:28:48.388 [info] > git config --get commit.template [4ms]
2023-03-17 10:28:48.416 [info] > git for-each-ref --format=%(refname)%00%(upstream:short)%00%(objectname) refs/heads/main refs/remotes/main [3ms]
2023-03-17 10:28:48.435 [info] > git rev-list --left-right --count main...origin/main [2ms]
2023-03-17 10:28:49.315 [info] > git status -z -uall [864ms]
2023-03-17 10:28:54.343 [warning] getRemotes() - ENOENT: no such file or directory, open '/home/mmihovilovic/--git-common-dir/config'
2023-03-17 10:28:54.365 [info] > git remote --verbose [22ms]
2023-03-17 10:28:54.366 [info] > git config --get commit.template [3ms]
2023-03-17 10:28:54.387 [info] > git for-each-ref --format=%(refname)%00%(upstream:short)%00%(objectname) refs/heads/main refs/remotes/main [3ms]
2023-03-17 10:28:54.410 [info] > git rev-list --left-right --count main...origin/main [1ms]
2023-03-17 10:28:55.301 [info] > git status -z -uall [873ms]
2023-03-17 10:29:00.328 [warning] getRemotes() - ENOENT: no such file or directory, open '/home/mmihovilovic/--git-common-dir/config'
2023-03-17 10:29:00.375 [info] > git config --get commit.template [30ms]
2023-03-17 10:29:00.375 [info] > git remote --verbose [47ms]
2023-03-17 10:29:00.398 [info] > git for-each-ref --format=%(refname)%00%(upstream:short)%00%(objectname) refs/heads/main refs/remotes/main [2ms]
2023-03-17 10:29:00.422 [info] > git rev-list --left-right --count main...origin/main [2ms]
2023-03-17 10:29:01.315 [info] > git status -z -uall [872ms]
2023-03-17 10:32:56.001 [warning] getRemotes() - ENOENT: no such file or directory, open '/home/mmihovilovic/--git-common-dir/config'
2023-03-17 10:32:56.018 [info] > git remote --verbose [16ms]
2023-03-17 10:32:56.019 [info] > git config --get commit.template [3ms]
2023-03-17 10:32:56.036 [info] > git for-each-ref --format=%(refname)%00%(upstream:short)%00%(objectname) refs/heads/main refs/remotes/main [2ms]
2023-03-17 10:32:56.053 [info] > git rev-list --left-right --count main...origin/main [3ms]
2023-03-17 10:32:56.936 [info] > git status -z -uall [868ms]
2023-03-17 10:43:07.548 [warning] getRemotes() - ENOENT: no such file or directory, open '/home/mmihovilovic/--git-common-dir/config'
2023-03-17 10:43:07.565 [info] > git remote --verbose [16ms]
2023-03-17 10:43:07.566 [info] > git config --get commit.template [3ms]
2023-03-17 10:43:07.583 [info] > git for-each-ref --format=%(refname)%00%(upstream:short)%00%(objectname) refs/heads/main refs/remotes/main [3ms]
2023-03-17 10:43:07.600 [info] > git rev-list --left-right --count main...origin/main [3ms]
2023-03-17 10:43:08.483 [info] > git status -z -uall [869ms]
2023-03-17 10:43:13.510 [warning] getRemotes() - ENOENT: no such file or directory, open '/home/mmihovilovic/--git-common-dir/config'
2023-03-17 10:43:13.528 [info] > git remote --verbose [17ms]
2023-03-17 10:43:13.528 [info] > git config --get commit.template [2ms]
2023-03-17 10:43:13.546 [info] > git for-each-ref --format=%(refname)%00%(upstream:short)%00%(objectname) refs/heads/main refs/remotes/main [2ms]
2023-03-17 10:43:13.563 [info] > git rev-list --left-right --count main...origin/main [3ms]
2023-03-17 10:43:14.443 [info] > git status -z -uall [866ms]
2023-03-17 10:43:19.465 [warning] getRemotes() - ENOENT: no such file or directory, open '/home/mmihovilovic/--git-common-dir/config'
2023-03-17 10:43:19.482 [info] > git config --get commit.template [2ms]
2023-03-17 10:43:19.482 [info] > git remote --verbose [17ms]
2023-03-17 10:43:19.502 [info] > git for-each-ref --format=%(refname)%00%(upstream:short)%00%(objectname) refs/heads/main refs/remotes/main [3ms]
2023-03-17 10:43:19.519 [info] > git rev-list --left-right --count main...origin/main [2ms]
2023-03-17 10:43:20.398 [info] > git status -z -uall [864ms]
2023-03-17 10:43:27.463 [warning] getRemotes() - ENOENT: no such file or directory, open '/home/mmihovilovic/--git-common-dir/config'
2023-03-17 10:43:27.479 [info] > git remote --verbose [16ms]
2023-03-17 10:43:27.480 [info] > git config --get commit.template [2ms]
2023-03-17 10:43:27.497 [info] > git for-each-ref --format=%(refname)%00%(upstream:short)%00%(objectname) refs/heads/main refs/remotes/main [2ms]
2023-03-17 10:43:27.516 [info] > git rev-list --left-right --count main...origin/main [3ms]
2023-03-17 10:43:28.395 [info] > git status -z -uall [864ms]
2023-03-17 10:43:33.417 [warning] getRemotes() - ENOENT: no such file or directory, open '/home/mmihovilovic/--git-common-dir/config'
2023-03-17 10:43:33.433 [info] > git remote --verbose [17ms]
2023-03-17 10:43:33.434 [info] > git config --get commit.template [2ms]
2023-03-17 10:43:33.451 [info] > git for-each-ref --format=%(refname)%00%(upstream:short)%00%(objectname) refs/heads/main refs/remotes/main [2ms]
2023-03-17 10:43:33.467 [info] > git rev-list --left-right --count main...origin/main [2ms]
2023-03-17 10:43:34.345 [info] > git status -z -uall [863ms]
2023-03-17 10:43:39.367 [warning] getRemotes() - ENOENT: no such file or directory, open '/home/mmihovilovic/--git-common-dir/config'
2023-03-17 10:43:39.385 [info] > git remote --verbose [17ms]
2023-03-17 10:43:39.385 [info] > git config --get commit.template [2ms]
2023-03-17 10:43:39.402 [info] > git for-each-ref --format=%(refname)%00%(upstream:short)%00%(objectname) refs/heads/main refs/remotes/main [3ms]
2023-03-17 10:43:39.419 [info] > git rev-list --left-right --count main...origin/main [2ms]
2023-03-17 10:43:40.303 [info] > git status -z -uall [865ms]
2023-03-17 10:43:45.323 [warning] getRemotes() - ENOENT: no such file or directory, open '/home/mmihovilovic/--git-common-dir/config'
2023-03-17 10:43:45.340 [info] > git remote --verbose [16ms]
2023-03-17 10:43:45.340 [info] > git config --get commit.template [2ms]
2023-03-17 10:43:45.357 [info] > git for-each-ref --format=%(refname)%00%(upstream:short)%00%(objectname) refs/heads/main refs/remotes/main [3ms]
2023-03-17 10:43:45.374 [info] > git rev-list --left-right --count main...origin/main [3ms]
2023-03-17 10:43:46.257 [info] > git status -z -uall [865ms]
2023-03-17 10:43:51.277 [warning] getRemotes() - ENOENT: no such file or directory, open '/home/mmihovilovic/--git-common-dir/config'
2023-03-17 10:43:51.294 [info] > git remote --verbose [16ms]
2023-03-17 10:43:51.295 [info] > git config --get commit.template [2ms]
2023-03-17 10:43:51.311 [info] > git for-each-ref --format=%(refname)%00%(upstream:short)%00%(objectname) refs/heads/main refs/remotes/main [2ms]
2023-03-17 10:43:51.328 [info] > git rev-list --left-right --count main...origin/main [3ms]
2023-03-17 10:43:52.212 [info] > git status -z -uall [868ms]
2023-03-17 10:46:40.759 [warning] getRemotes() - ENOENT: no such file or directory, open '/home/mmihovilovic/--git-common-dir/config'
2023-03-17 10:46:40.777 [info] > git remote --verbose [18ms]
2023-03-17 10:46:40.778 [info] > git config --get commit.template [2ms]
2023-03-17 10:46:40.795 [info] > git for-each-ref --format=%(refname)%00%(upstream:short)%00%(objectname) refs/heads/main refs/remotes/main [3ms]
2023-03-17 10:46:40.813 [info] > git rev-list --left-right --count main...origin/main [2ms]
2023-03-17 10:46:41.702 [info] > git status -z -uall [872ms]
2023-03-17 10:46:47.335 [warning] getRemotes() - ENOENT: no such file or directory, open '/home/mmihovilovic/--git-common-dir/config'
2023-03-17 10:46:47.351 [info] > git remote --verbose [16ms]
2023-03-17 10:46:47.352 [info] > git config --get commit.template [2ms]
2023-03-17 10:46:47.368 [info] > git for-each-ref --format=%(refname)%00%(upstream:short)%00%(objectname) refs/heads/main refs/remotes/main [2ms]
2023-03-17 10:46:47.386 [info] > git rev-list --left-right --count main...origin/main [2ms]
2023-03-17 10:46:48.263 [info] > git status -z -uall [863ms]
2023-03-17 10:56:03.658 [warning] getRemotes() - ENOENT: no such file or directory, open '/home/mmihovilovic/--git-common-dir/config'
2023-03-17 10:56:03.676 [info] > git remote --verbose [18ms]
2023-03-17 10:56:03.677 [info] > git config --get commit.template [2ms]
2023-03-17 10:56:03.695 [info] > git for-each-ref --format=%(refname)%00%(upstream:short)%00%(objectname) refs/heads/main refs/remotes/main [3ms]
2023-03-17 10:56:03.712 [info] > git rev-list --left-right --count main...origin/main [3ms]
2023-03-17 10:56:04.598 [info] > git status -z -uall [870ms]
2023-03-17 10:56:09.622 [warning] getRemotes() - ENOENT: no such file or directory, open '/home/mmihovilovic/--git-common-dir/config'
2023-03-17 10:56:09.639 [info] > git remote --verbose [17ms]
2023-03-17 10:56:09.640 [info] > git config --get commit.template [2ms]
2023-03-17 10:56:09.657 [info] > git for-each-ref --format=%(refname)%00%(upstream:short)%00%(objectname) refs/heads/main refs/remotes/main [2ms]
2023-03-17 10:56:09.675 [info] > git rev-list --left-right --count main...origin/main [2ms]
2023-03-17 10:56:10.557 [info] > git status -z -uall [868ms]
2023-03-17 10:56:15.579 [warning] getRemotes() - ENOENT: no such file or directory, open '/home/mmihovilovic/--git-common-dir/config'
2023-03-17 10:56:15.596 [info] > git remote --verbose [17ms]
2023-03-17 10:56:15.597 [info] > git config --get commit.template [3ms]
2023-03-17 10:56:15.615 [info] > git for-each-ref --format=%(refname)%00%(upstream:short)%00%(objectname) refs/heads/main refs/remotes/main [2ms]
2023-03-17 10:56:15.632 [info] > git rev-list --left-right --count main...origin/main [3ms]
2023-03-17 10:56:16.513 [info] > git status -z -uall [866ms]
2023-03-17 10:56:21.534 [warning] getRemotes() - ENOENT: no such file or directory, open '/home/mmihovilovic/--git-common-dir/config'
2023-03-17 10:56:21.551 [info] > git remote --verbose [16ms]
2023-03-17 10:56:21.552 [info] > git config --get commit.template [3ms]
2023-03-17 10:56:21.570 [info] > git for-each-ref --format=%(refname)%00%(upstream:short)%00%(objectname) refs/heads/main refs/remotes/main [2ms]
2023-03-17 10:56:21.587 [info] > git rev-list --left-right --count main...origin/main [3ms]
2023-03-17 10:56:22.467 [info] > git status -z -uall [865ms]
2023-03-17 10:56:27.487 [warning] getRemotes() - ENOENT: no such file or directory, open '/home/mmihovilovic/--git-common-dir/config'
2023-03-17 10:56:27.504 [info] > git remote --verbose [16ms]
2023-03-17 10:56:27.504 [info] > git config --get commit.template [2ms]
2023-03-17 10:56:27.522 [info] > git for-each-ref --format=%(refname)%00%(upstream:short)%00%(objectname) refs/heads/main refs/remotes/main [2ms]
2023-03-17 10:56:27.545 [info] > git rev-list --left-right --count main...origin/main [2ms]
2023-03-17 10:56:28.433 [info] > git status -z -uall [868ms]
2023-03-17 10:56:33.454 [warning] getRemotes() - ENOENT: no such file or directory, open '/home/mmihovilovic/--git-common-dir/config'
2023-03-17 10:56:33.473 [info] > git remote --verbose [18ms]
2023-03-17 10:56:33.474 [info] > git config --get commit.template [2ms]
2023-03-17 10:56:33.491 [info] > git for-each-ref --format=%(refname)%00%(upstream:short)%00%(objectname) refs/heads/main refs/remotes/main [2ms]
2023-03-17 10:56:33.508 [info] > git rev-list --left-right --count main...origin/main [3ms]
2023-03-17 10:56:34.389 [info] > git status -z -uall [866ms]
2023-03-17 11:03:33.750 [warning] getRemotes() - ENOENT: no such file or directory, open '/home/mmihovilovic/--git-common-dir/config'
2023-03-17 11:03:33.766 [info] > git remote --verbose [16ms]
2023-03-17 11:03:33.767 [info] > git config --get commit.template [2ms]
2023-03-17 11:03:33.785 [info] > git for-each-ref --format=%(refname)%00%(upstream:short)%00%(objectname) refs/heads/main refs/remotes/main [2ms]
2023-03-17 11:03:33.804 [info] > git rev-list --left-right --count main...origin/main [2ms]
2023-03-17 11:03:34.684 [info] > git status -z -uall [865ms]
2023-03-17 11:03:39.706 [warning] getRemotes() - ENOENT: no such file or directory, open '/home/mmihovilovic/--git-common-dir/config'
2023-03-17 11:03:39.726 [info] > git config --get commit.template [3ms]
2023-03-17 11:03:39.727 [info] > git remote --verbose [20ms]
2023-03-17 11:03:39.745 [info] > git for-each-ref --format=%(refname)%00%(upstream:short)%00%(objectname) refs/heads/main refs/remotes/main [2ms]
2023-03-17 11:03:39.762 [info] > git rev-list --left-right --count main...origin/main [3ms]
2023-03-17 11:03:40.644 [info] > git status -z -uall [867ms]
2023-03-17 11:03:45.665 [warning] getRemotes() - ENOENT: no such file or directory, open '/home/mmihovilovic/--git-common-dir/config'
2023-03-17 11:03:45.682 [info] > git remote --verbose [16ms]
2023-03-17 11:03:45.683 [info] > git config --get commit.template [3ms]
2023-03-17 11:03:45.700 [info] > git for-each-ref --format=%(refname)%00%(upstream:short)%00%(objectname) refs/heads/main refs/remotes/main [3ms]
2023-03-17 11:03:45.720 [info] > git rev-list --left-right --count main...origin/main [3ms]
2023-03-17 11:03:46.601 [info] > git status -z -uall [865ms]
2023-03-17 11:03:51.624 [warning] getRemotes() - ENOENT: no such file or directory, open '/home/mmihovilovic/--git-common-dir/config'
2023-03-17 11:03:51.640 [info] > git remote --verbose [17ms]
2023-03-17 11:03:51.641 [info] > git config --get commit.template [2ms]
2023-03-17 11:03:51.658 [info] > git for-each-ref --format=%(refname)%00%(upstream:short)%00%(objectname) refs/heads/main refs/remotes/main [2ms]
2023-03-17 11:03:51.678 [info] > git rev-list --left-right --count main...origin/main [3ms]
2023-03-17 11:03:52.559 [info] > git status -z -uall [865ms]
2023-03-17 11:03:57.581 [warning] getRemotes() - ENOENT: no such file or directory, open '/home/mmihovilovic/--git-common-dir/config'
2023-03-17 11:03:57.598 [info] > git remote --verbose [17ms]
2023-03-17 11:03:57.599 [info] > git config --get commit.template [2ms]
2023-03-17 11:03:57.619 [info] > git for-each-ref --format=%(refname)%00%(upstream:short)%00%(objectname) refs/heads/main refs/remotes/main [3ms]
2023-03-17 11:03:57.636 [info] > git rev-list --left-right --count main...origin/main [2ms]
2023-03-17 11:03:58.519 [info] > git status -z -uall [868ms]
