2023-03-16 20:58:55.549 [info] Log level: Info
2023-03-16 20:58:55.549 [info] Validating found git in: "git"
2023-03-16 20:58:55.549 [info] Using git "1.8.3.1" from "git"
2023-03-16 20:58:55.549 [info] > git rev-parse --show-toplevel [9ms]
2023-03-16 20:58:55.549 [info] > git rev-parse --git-dir --git-common-dir [65ms]
2023-03-16 20:58:55.549 [info] Open repository: /home/mmihovilovic
2023-03-16 20:58:55.549 [warning] getRemotes() - ENOENT: no such file or directory, open '/home/mmihovilovic/--git-common-dir/config'
2023-03-16 20:58:55.549 [info] > git remote --verbose [10ms]
2023-03-16 20:58:55.549 [info] > git rev-parse --show-toplevel [20ms]
2023-03-16 20:58:55.549 [info] > git config --get commit.template [15ms]
2023-03-16 20:58:55.549 [info] > git rev-parse --show-toplevel [17ms]
2023-03-16 20:58:55.549 [info] > git for-each-ref --format=%(refname)%00%(upstream:short)%00%(objectname) refs/heads/main refs/remotes/main [21ms]
2023-03-16 20:58:55.549 [info] > git rev-list --left-right --count main...origin/main [5ms]
2023-03-16 20:58:55.549 [info] > git rev-parse --show-toplevel [35ms]
2023-03-16 20:58:55.549 [info] > git rev-parse --show-toplevel [2ms]
2023-03-16 20:58:55.549 [info] > git rev-parse --show-toplevel [2ms]
2023-03-16 20:58:55.549 [info] > git rev-parse --show-toplevel [2ms]
2023-03-16 20:58:55.549 [info] > git rev-parse --show-toplevel [12ms]
2023-03-16 20:58:55.549 [info] > git rev-parse --show-toplevel [3ms]
2023-03-16 20:58:55.549 [info] > git rev-parse --show-toplevel [50ms]
2023-03-16 20:58:55.549 [info] > git rev-parse --show-toplevel [3ms]
2023-03-16 20:58:55.549 [info] > git rev-parse --show-toplevel [2ms]
2023-03-16 20:58:55.549 [info] > git rev-parse --show-toplevel [4ms]
2023-03-16 20:58:55.549 [info] > git rev-parse --show-toplevel [2ms]
2023-03-16 20:58:55.549 [info] > git rev-parse --show-toplevel [20ms]
2023-03-16 20:58:55.549 [info] > git rev-parse --show-toplevel [2ms]
2023-03-16 20:58:55.549 [info] > git rev-parse --git-dir --git-common-dir [2ms]
2023-03-16 20:58:55.549 [info] Open repository: /home/mmihovilovic/vj11
2023-03-16 20:58:55.549 [warning] getRemotes() - ENOENT: no such file or directory, open '/home/mmihovilovic/vj11/--git-common-dir/config'
2023-03-16 20:58:55.549 [info] > git remote --verbose [14ms]
2023-03-16 20:58:55.549 [info] > git rev-parse --show-toplevel [36ms]
2023-03-16 20:58:55.549 [info] > git config --get commit.template [15ms]
2023-03-16 20:58:55.549 [info] > git rev-parse --show-toplevel [20ms]
2023-03-16 20:58:55.550 [info] > git for-each-ref --format=%(refname)%00%(upstream:short)%00%(objectname) refs/heads/master refs/remotes/master [23ms]
2023-03-16 20:58:55.550 [info] > git status -z -uall [3ms]
2023-03-16 20:58:55.550 [info] > git rev-parse --show-toplevel [16ms]
2023-03-16 20:58:55.550 [warning] getRemotes() - ENOENT: no such file or directory, open '/home/mmihovilovic/vj11/--git-common-dir/config'
2023-03-16 20:58:55.550 [info] > git rev-parse --show-toplevel [41ms]
2023-03-16 20:58:55.550 [info] > git config --get commit.template [13ms]
2023-03-16 20:58:55.550 [info] > git remote --verbose [25ms]
2023-03-16 20:58:55.550 [info] > git rev-parse --show-toplevel [3ms]
2023-03-16 20:58:55.550 [info] > git rev-parse --show-toplevel [13ms]
2023-03-16 20:58:55.550 [info] > git for-each-ref --format=%(refname)%00%(upstream:short)%00%(objectname) refs/heads/master refs/remotes/master [13ms]
2023-03-16 20:58:55.550 [info] > git status -z -uall [494ms]
2023-03-16 20:58:55.550 [info] > git status -z -uall [26ms]
2023-03-16 20:58:55.550 [info] > git rev-parse --show-toplevel [54ms]
2023-03-16 20:58:55.550 [warning] getRemotes() - ENOENT: no such file or directory, open '/home/mmihovilovic/--git-common-dir/config'
2023-03-16 20:58:55.550 [info] > git rev-parse --show-toplevel [56ms]
2023-03-16 20:58:55.550 [info] > git rev-parse --git-dir --git-common-dir [22ms]
2023-03-16 20:58:55.550 [info] Open repository: /home/mmihovilovic/vj6
2023-03-16 20:58:55.550 [info] > git config --get commit.template [58ms]
2023-03-16 20:58:55.550 [info] > git remote --verbose [68ms]
2023-03-16 20:58:55.550 [warning] getRemotes() - ENOENT: no such file or directory, open '/home/mmihovilovic/vj6/--git-common-dir/config'
2023-03-16 20:58:55.550 [info] > git rev-parse --show-toplevel [27ms]
2023-03-16 20:58:55.550 [info] > git config --get commit.template [26ms]
2023-03-16 20:58:55.550 [info] > git remote --verbose [35ms]
2023-03-16 20:58:55.550 [info] > git for-each-ref --format=%(refname)%00%(upstream:short)%00%(objectname) refs/heads/main refs/remotes/main [4ms]
2023-03-16 20:58:55.550 [info] > git rev-parse --show-toplevel [27ms]
2023-03-16 20:58:55.550 [info] > git rev-parse --show-toplevel [19ms]
2023-03-16 20:58:55.550 [info] > git rev-list --left-right --count main...origin/main [45ms]
2023-03-16 20:58:55.550 [info] > git rev-parse --show-toplevel [16ms]
2023-03-16 20:58:55.550 [info] > git for-each-ref --format=%(refname)%00%(upstream:short)%00%(objectname) refs/heads/master refs/remotes/master [38ms]
2023-03-16 20:58:55.550 [info] > git status -z -uall [3ms]
2023-03-16 20:58:55.976 [info] > git status -z -uall [462ms]
2023-03-16 20:58:57.475 [info] > git check-ignore -v -z --stdin [14ms]
2023-03-16 20:58:57.477 [info] > git check-ignore -v -z --stdin [5ms]
2023-03-16 20:58:57.484 [info] > git check-ignore -v -z --stdin [37ms]
2023-03-16 20:58:59.146 [info] > git check-ignore -v -z --stdin [8ms]
2023-03-16 20:59:00.616 [warning] getRemotes() - ENOENT: no such file or directory, open '/home/mmihovilovic/--git-common-dir/config'
2023-03-16 20:59:00.628 [info] > git remote --verbose [13ms]
2023-03-16 20:59:00.629 [info] > git config --get commit.template [2ms]
2023-03-16 20:59:00.643 [info] > git for-each-ref --format=%(refname)%00%(upstream:short)%00%(objectname) refs/heads/main refs/remotes/main [3ms]
2023-03-16 20:59:00.657 [info] > git rev-list --left-right --count main...origin/main [2ms]
2023-03-16 20:59:01.128 [info] > git status -z -uall [459ms]
2023-03-16 20:59:06.147 [warning] getRemotes() - ENOENT: no such file or directory, open '/home/mmihovilovic/--git-common-dir/config'
2023-03-16 20:59:06.160 [info] > git remote --verbose [13ms]
2023-03-16 20:59:06.161 [info] > git config --get commit.template [3ms]
2023-03-16 20:59:06.176 [info] > git for-each-ref --format=%(refname)%00%(upstream:short)%00%(objectname) refs/heads/main refs/remotes/main [3ms]
2023-03-16 20:59:06.190 [info] > git rev-list --left-right --count main...origin/main [2ms]
2023-03-16 20:59:06.659 [info] > git status -z -uall [457ms]
2023-03-16 20:59:11.678 [warning] getRemotes() - ENOENT: no such file or directory, open '/home/mmihovilovic/--git-common-dir/config'
2023-03-16 20:59:11.704 [info] > git config --get commit.template [14ms]
2023-03-16 20:59:11.705 [info] > git remote --verbose [27ms]
2023-03-16 20:59:11.719 [info] > git check-ignore -v -z --stdin [17ms]
2023-03-16 20:59:11.722 [info] > git for-each-ref --format=%(refname)%00%(upstream:short)%00%(objectname) refs/heads/main refs/remotes/main [4ms]
2023-03-16 20:59:11.736 [info] > git rev-list --left-right --count main...origin/main [3ms]
2023-03-16 20:59:12.206 [info] > git status -z -uall [459ms]
2023-03-16 20:59:15.357 [info] > git check-ignore -v -z --stdin [10ms]
2023-03-16 20:59:17.231 [warning] getRemotes() - ENOENT: no such file or directory, open '/home/mmihovilovic/--git-common-dir/config'
2023-03-16 20:59:17.245 [info] > git remote --verbose [15ms]
2023-03-16 20:59:17.248 [info] > git config --get commit.template [4ms]
2023-03-16 20:59:17.260 [info] > git for-each-ref --format=%(refname)%00%(upstream:short)%00%(objectname) refs/heads/main refs/remotes/main [2ms]
2023-03-16 20:59:17.276 [info] > git rev-list --left-right --count main...origin/main [3ms]
2023-03-16 20:59:17.748 [info] > git status -z -uall [460ms]
2023-03-16 20:59:18.335 [info] > git check-ignore -v -z --stdin [11ms]
