2023-03-16 20:16:52.612 [info] Log level: Info
2023-03-16 20:16:52.612 [info] Validating found git in: "git"
2023-03-16 20:16:52.612 [info] Using git "1.8.3.1" from "git"
2023-03-16 20:16:52.612 [info] > git rev-parse --show-toplevel [19ms]
2023-03-16 20:17:04.417 [info] > git rev-parse --show-toplevel [9ms]
2023-03-16 20:17:04.434 [info] > git rev-parse --git-dir --git-common-dir [4ms]
2023-03-16 20:17:04.456 [info] Open repository: /home/mmihovilovic
2023-03-16 20:17:04.470 [warning] getRemotes() - ENOENT: no such file or directory, open '/home/mmihovilovic/--git-common-dir/config'
2023-03-16 20:17:04.491 [info] > git config --get commit.template [7ms]
2023-03-16 20:17:04.491 [info] > git remote --verbose [21ms]
2023-03-16 20:17:04.516 [info] > git for-each-ref --format=%(refname)%00%(upstream:short)%00%(objectname) refs/heads/main refs/remotes/main [7ms]
2023-03-16 20:17:04.531 [info] > git rev-list --left-right --count main...origin/main [3ms]
2023-03-16 20:17:04.674 [info] > git status -z -uall [129ms]
2023-03-16 20:17:06.132 [warning] getRemotes() - ENOENT: no such file or directory, open '/home/mmihovilovic/--git-common-dir/config'
2023-03-16 20:17:06.177 [info] > git config --get commit.template [28ms]
2023-03-16 20:17:06.178 [info] > git remote --verbose [45ms]
2023-03-16 20:17:06.179 [info] > git check-ignore -v -z --stdin [12ms]
2023-03-16 20:17:06.201 [info] > git for-each-ref --format=%(refname)%00%(upstream:short)%00%(objectname) refs/heads/main refs/remotes/main [5ms]
2023-03-16 20:17:06.218 [info] > git rev-list --left-right --count main...origin/main [3ms]
2023-03-16 20:17:06.349 [info] > git status -z -uall [116ms]
2023-03-16 20:17:09.902 [warning] getRemotes() - ENOENT: no such file or directory, open '/home/mmihovilovic/--git-common-dir/config'
2023-03-16 20:17:09.923 [info] > git remote --verbose [21ms]
2023-03-16 20:17:09.924 [info] > git config --get commit.template [4ms]
2023-03-16 20:17:09.945 [info] > git for-each-ref --format=%(refname)%00%(upstream:short)%00%(objectname) refs/heads/main refs/remotes/main [3ms]
2023-03-16 20:17:09.967 [info] > git rev-list --left-right --count main...origin/main [2ms]
2023-03-16 20:17:10.105 [info] > git status -z -uall [120ms]
2023-03-16 20:17:14.946 [info] > git check-ignore -v -z --stdin [3ms]
2023-03-16 20:17:15.255 [warning] getRemotes() - ENOENT: no such file or directory, open '/home/mmihovilovic/--git-common-dir/config'
2023-03-16 20:17:15.277 [info] > git remote --verbose [22ms]
2023-03-16 20:17:15.278 [info] > git config --get commit.template [3ms]
2023-03-16 20:17:15.301 [info] > git for-each-ref --format=%(refname)%00%(upstream:short)%00%(objectname) refs/heads/main refs/remotes/main [3ms]
2023-03-16 20:17:15.323 [info] > git rev-list --left-right --count main...origin/main [3ms]
2023-03-16 20:17:15.455 [info] > git status -z -uall [112ms]
2023-03-16 20:17:20.608 [warning] getRemotes() - ENOENT: no such file or directory, open '/home/mmihovilovic/--git-common-dir/config'
2023-03-16 20:17:20.639 [info] > git remote --verbose [32ms]
2023-03-16 20:17:20.640 [info] > git config --get commit.template [4ms]
2023-03-16 20:17:20.672 [info] > git for-each-ref --format=%(refname)%00%(upstream:short)%00%(objectname) refs/heads/main refs/remotes/main [2ms]
2023-03-16 20:17:20.696 [info] > git rev-list --left-right --count main...origin/main [3ms]
2023-03-16 20:17:20.824 [info] > git status -z -uall [106ms]
2023-03-16 20:17:23.624 [info] > git show --textconv :ispit/z1/Makefile [27ms]
2023-03-16 20:17:23.627 [info] > git ls-files --stage -- /home/mmihovilovic/ispit/z1/Makefile [4ms]
2023-03-16 20:17:23.653 [info] > git cat-file -s 2d1aa9bb283c4502149dbdcaadba13cbb3926ec2 [2ms]
2023-03-16 20:17:25.266 [info] > git show --textconv :ispit/z1/Analyzer.h [25ms]
2023-03-16 20:17:25.268 [info] > git ls-files --stage -- /home/mmihovilovic/ispit/z1/Analyzer.h [4ms]
2023-03-16 20:17:25.293 [info] > git cat-file -s 17c6f775c7ee2fe52610a715984e5d0d00ccdbe9 [2ms]
2023-03-16 20:17:25.952 [warning] getRemotes() - ENOENT: no such file or directory, open '/home/mmihovilovic/--git-common-dir/config'
2023-03-16 20:17:25.980 [info] > git config --get commit.template [1ms]
2023-03-16 20:17:25.980 [info] > git remote --verbose [28ms]
2023-03-16 20:17:26.006 [info] > git for-each-ref --format=%(refname)%00%(upstream:short)%00%(objectname) refs/heads/main refs/remotes/main [2ms]
2023-03-16 20:17:26.032 [info] > git rev-list --left-right --count main...origin/main [2ms]
2023-03-16 20:17:26.172 [info] > git status -z -uall [115ms]
2023-03-16 20:17:31.331 [warning] getRemotes() - ENOENT: no such file or directory, open '/home/mmihovilovic/--git-common-dir/config'
2023-03-16 20:17:31.349 [info] > git remote --verbose [18ms]
2023-03-16 20:17:31.351 [info] > git config --get commit.template [4ms]
2023-03-16 20:17:31.370 [info] > git for-each-ref --format=%(refname)%00%(upstream:short)%00%(objectname) refs/heads/main refs/remotes/main [4ms]
2023-03-16 20:17:31.389 [info] > git rev-list --left-right --count main...origin/main [2ms]
2023-03-16 20:17:31.515 [info] > git status -z -uall [108ms]
2023-03-16 20:17:36.635 [warning] getRemotes() - ENOENT: no such file or directory, open '/home/mmihovilovic/--git-common-dir/config'
2023-03-16 20:17:36.653 [info] > git remote --verbose [18ms]
2023-03-16 20:17:36.654 [info] > git config --get commit.template [3ms]
2023-03-16 20:17:36.672 [info] > git for-each-ref --format=%(refname)%00%(upstream:short)%00%(objectname) refs/heads/main refs/remotes/main [2ms]
2023-03-16 20:17:36.692 [info] > git rev-list --left-right --count main...origin/main [4ms]
2023-03-16 20:17:36.833 [info] > git status -z -uall [125ms]
2023-03-16 20:17:42.012 [warning] getRemotes() - ENOENT: no such file or directory, open '/home/mmihovilovic/--git-common-dir/config'
2023-03-16 20:17:42.029 [info] > git remote --verbose [18ms]
2023-03-16 20:17:42.031 [info] > git config --get commit.template [3ms]
2023-03-16 20:17:42.051 [info] > git for-each-ref --format=%(refname)%00%(upstream:short)%00%(objectname) refs/heads/main refs/remotes/main [2ms]
2023-03-16 20:17:42.073 [info] > git rev-list --left-right --count main...origin/main [2ms]
2023-03-16 20:17:42.223 [info] > git status -z -uall [130ms]
2023-03-16 20:17:47.377 [warning] getRemotes() - ENOENT: no such file or directory, open '/home/mmihovilovic/--git-common-dir/config'
2023-03-16 20:17:47.400 [info] > git remote --verbose [23ms]
2023-03-16 20:17:47.402 [info] > git config --get commit.template [3ms]
2023-03-16 20:17:47.426 [info] > git for-each-ref --format=%(refname)%00%(upstream:short)%00%(objectname) refs/heads/main refs/remotes/main [3ms]
2023-03-16 20:17:47.449 [info] > git rev-list --left-right --count main...origin/main [2ms]
2023-03-16 20:17:47.603 [info] > git status -z -uall [127ms]
2023-03-16 20:17:52.750 [warning] getRemotes() - ENOENT: no such file or directory, open '/home/mmihovilovic/--git-common-dir/config'
2023-03-16 20:17:52.777 [info] > git remote --verbose [26ms]
2023-03-16 20:17:52.778 [info] > git config --get commit.template [3ms]
2023-03-16 20:17:52.804 [info] > git for-each-ref --format=%(refname)%00%(upstream:short)%00%(objectname) refs/heads/main refs/remotes/main [3ms]
2023-03-16 20:17:52.831 [info] > git rev-list --left-right --count main...origin/main [3ms]
2023-03-16 20:17:52.979 [info] > git status -z -uall [123ms]
2023-03-16 20:17:58.136 [warning] getRemotes() - ENOENT: no such file or directory, open '/home/mmihovilovic/--git-common-dir/config'
2023-03-16 20:17:58.169 [info] > git remote --verbose [34ms]
2023-03-16 20:17:58.200 [info] > git config --get commit.template [33ms]
2023-03-16 20:17:58.201 [info] > git for-each-ref --format=%(refname)%00%(upstream:short)%00%(objectname) refs/heads/main refs/remotes/main [2ms]
2023-03-16 20:17:58.236 [info] > git rev-list --left-right --count main...origin/main [5ms]
2023-03-16 20:17:58.389 [info] > git status -z -uall [122ms]
2023-03-16 20:18:03.542 [warning] getRemotes() - ENOENT: no such file or directory, open '/home/mmihovilovic/--git-common-dir/config'
2023-03-16 20:18:03.578 [info] > git remote --verbose [36ms]
2023-03-16 20:18:03.579 [info] > git config --get commit.template [2ms]
2023-03-16 20:18:03.621 [info] > git for-each-ref --format=%(refname)%00%(upstream:short)%00%(objectname) refs/heads/main refs/remotes/main [3ms]
2023-03-16 20:18:03.667 [info] > git rev-list --left-right --count main...origin/main [4ms]
2023-03-16 20:18:03.828 [info] > git status -z -uall [126ms]
2023-03-16 20:18:08.976 [warning] getRemotes() - ENOENT: no such file or directory, open '/home/mmihovilovic/--git-common-dir/config'
2023-03-16 20:18:09.015 [info] > git remote --verbose [39ms]
2023-03-16 20:18:09.016 [info] > git config --get commit.template [2ms]
2023-03-16 20:18:09.056 [info] > git for-each-ref --format=%(refname)%00%(upstream:short)%00%(objectname) refs/heads/main refs/remotes/main [4ms]
2023-03-16 20:18:09.095 [info] > git rev-list --left-right --count main...origin/main [2ms]
2023-03-16 20:18:09.259 [info] > git status -z -uall [130ms]
2023-03-16 20:18:14.503 [warning] getRemotes() - ENOENT: no such file or directory, open '/home/mmihovilovic/--git-common-dir/config'
2023-03-16 20:18:14.529 [info] > git remote --verbose [26ms]
2023-03-16 20:18:14.530 [info] > git config --get commit.template [3ms]
2023-03-16 20:18:14.557 [info] > git for-each-ref --format=%(refname)%00%(upstream:short)%00%(objectname) refs/heads/main refs/remotes/main [3ms]
2023-03-16 20:18:14.585 [info] > git rev-list --left-right --count main...origin/main [2ms]
2023-03-16 20:18:14.727 [info] > git status -z -uall [119ms]
2023-03-16 20:18:19.882 [warning] getRemotes() - ENOENT: no such file or directory, open '/home/mmihovilovic/--git-common-dir/config'
2023-03-16 20:18:19.909 [info] > git remote --verbose [28ms]
2023-03-16 20:18:19.910 [info] > git config --get commit.template [2ms]
2023-03-16 20:18:19.939 [info] > git for-each-ref --format=%(refname)%00%(upstream:short)%00%(objectname) refs/heads/main refs/remotes/main [3ms]
2023-03-16 20:18:19.968 [info] > git rev-list --left-right --count main...origin/main [2ms]
2023-03-16 20:18:20.112 [info] > git status -z -uall [119ms]
2023-03-16 20:18:25.254 [warning] getRemotes() - ENOENT: no such file or directory, open '/home/mmihovilovic/--git-common-dir/config'
2023-03-16 20:18:25.285 [info] > git remote --verbose [31ms]
2023-03-16 20:18:25.286 [info] > git config --get commit.template [3ms]
2023-03-16 20:18:25.315 [info] > git for-each-ref --format=%(refname)%00%(upstream:short)%00%(objectname) refs/heads/main refs/remotes/main [2ms]
2023-03-16 20:18:25.348 [info] > git rev-list --left-right --count main...origin/main [3ms]
2023-03-16 20:18:25.494 [info] > git status -z -uall [118ms]
2023-03-16 20:18:30.646 [warning] getRemotes() - ENOENT: no such file or directory, open '/home/mmihovilovic/--git-common-dir/config'
2023-03-16 20:18:30.680 [info] > git remote --verbose [34ms]
2023-03-16 20:18:30.681 [info] > git config --get commit.template [2ms]
2023-03-16 20:18:30.714 [info] > git for-each-ref --format=%(refname)%00%(upstream:short)%00%(objectname) refs/heads/main refs/remotes/main [3ms]
2023-03-16 20:18:30.750 [info] > git rev-list --left-right --count main...origin/main [3ms]
2023-03-16 20:18:30.919 [info] > git status -z -uall [135ms]
2023-03-16 20:18:36.063 [warning] getRemotes() - ENOENT: no such file or directory, open '/home/mmihovilovic/--git-common-dir/config'
2023-03-16 20:18:36.106 [info] > git config --get commit.template [11ms]
2023-03-16 20:18:36.106 [info] > git remote --verbose [44ms]
2023-03-16 20:18:36.145 [info] > git for-each-ref --format=%(refname)%00%(upstream:short)%00%(objectname) refs/heads/main refs/remotes/main [3ms]
2023-03-16 20:18:36.182 [info] > git rev-list --left-right --count main...origin/main [3ms]
2023-03-16 20:18:36.336 [info] > git status -z -uall [121ms]
2023-03-16 20:18:41.488 [warning] getRemotes() - ENOENT: no such file or directory, open '/home/mmihovilovic/--git-common-dir/config'
2023-03-16 20:18:41.524 [info] > git remote --verbose [36ms]
2023-03-16 20:18:41.525 [info] > git config --get commit.template [2ms]
2023-03-16 20:18:41.564 [info] > git for-each-ref --format=%(refname)%00%(upstream:short)%00%(objectname) refs/heads/main refs/remotes/main [2ms]
2023-03-16 20:18:41.604 [info] > git rev-list --left-right --count main...origin/main [3ms]
2023-03-16 20:18:41.760 [info] > git status -z -uall [120ms]
2023-03-16 20:18:46.910 [warning] getRemotes() - ENOENT: no such file or directory, open '/home/mmihovilovic/--git-common-dir/config'
2023-03-16 20:18:46.948 [info] > git remote --verbose [38ms]
2023-03-16 20:18:46.949 [info] > git config --get commit.template [2ms]
2023-03-16 20:18:46.987 [info] > git for-each-ref --format=%(refname)%00%(upstream:short)%00%(objectname) refs/heads/main refs/remotes/main [3ms]
2023-03-16 20:18:47.030 [info] > git rev-list --left-right --count main...origin/main [7ms]
2023-03-16 20:18:47.186 [info] > git status -z -uall [121ms]
2023-03-16 20:18:52.338 [warning] getRemotes() - ENOENT: no such file or directory, open '/home/mmihovilovic/--git-common-dir/config'
2023-03-16 20:18:52.378 [info] > git remote --verbose [40ms]
2023-03-16 20:18:52.379 [info] > git config --get commit.template [2ms]
2023-03-16 20:18:52.421 [info] > git for-each-ref --format=%(refname)%00%(upstream:short)%00%(objectname) refs/heads/main refs/remotes/main [2ms]
2023-03-16 20:18:52.464 [info] > git rev-list --left-right --count main...origin/main [2ms]
2023-03-16 20:18:52.625 [info] > git status -z -uall [122ms]
2023-03-16 20:18:57.777 [warning] getRemotes() - ENOENT: no such file or directory, open '/home/mmihovilovic/--git-common-dir/config'
2023-03-16 20:18:57.822 [info] > git remote --verbose [45ms]
2023-03-16 20:18:57.823 [info] > git config --get commit.template [3ms]
2023-03-16 20:18:57.866 [info] > git for-each-ref --format=%(refname)%00%(upstream:short)%00%(objectname) refs/heads/main refs/remotes/main [3ms]
2023-03-16 20:18:57.909 [info] > git rev-list --left-right --count main...origin/main [3ms]
2023-03-16 20:18:58.072 [info] > git status -z -uall [122ms]
2023-03-16 20:19:03.223 [warning] getRemotes() - ENOENT: no such file or directory, open '/home/mmihovilovic/--git-common-dir/config'
2023-03-16 20:19:03.269 [info] > git remote --verbose [46ms]
2023-03-16 20:19:03.270 [info] > git config --get commit.template [3ms]
2023-03-16 20:19:03.315 [info] > git for-each-ref --format=%(refname)%00%(upstream:short)%00%(objectname) refs/heads/main refs/remotes/main [2ms]
2023-03-16 20:19:03.371 [info] > git rev-list --left-right --count main...origin/main [3ms]
2023-03-16 20:19:03.547 [info] > git status -z -uall [121ms]
2023-03-16 20:19:08.691 [warning] getRemotes() - ENOENT: no such file or directory, open '/home/mmihovilovic/--git-common-dir/config'
2023-03-16 20:19:08.727 [info] > git remote --verbose [35ms]
2023-03-16 20:19:08.727 [info] > git config --get commit.template [2ms]
2023-03-16 20:19:08.762 [info] > git for-each-ref --format=%(refname)%00%(upstream:short)%00%(objectname) refs/heads/main refs/remotes/main [2ms]
2023-03-16 20:19:08.798 [info] > git rev-list --left-right --count main...origin/main [2ms]
2023-03-16 20:19:08.952 [info] > git status -z -uall [118ms]
2023-03-16 20:19:14.113 [warning] getRemotes() - ENOENT: no such file or directory, open '/home/mmihovilovic/--git-common-dir/config'
2023-03-16 20:19:14.149 [info] > git remote --verbose [35ms]
2023-03-16 20:19:14.149 [info] > git config --get commit.template [2ms]
2023-03-16 20:19:14.185 [info] > git for-each-ref --format=%(refname)%00%(upstream:short)%00%(objectname) refs/heads/main refs/remotes/main [3ms]
2023-03-16 20:19:14.221 [info] > git rev-list --left-right --count main...origin/main [3ms]
2023-03-16 20:19:14.372 [info] > git status -z -uall [118ms]
2023-03-16 20:19:19.518 [warning] getRemotes() - ENOENT: no such file or directory, open '/home/mmihovilovic/--git-common-dir/config'
2023-03-16 20:19:19.554 [info] > git remote --verbose [36ms]
2023-03-16 20:19:19.555 [info] > git config --get commit.template [3ms]
2023-03-16 20:19:19.590 [info] > git for-each-ref --format=%(refname)%00%(upstream:short)%00%(objectname) refs/heads/main refs/remotes/main [2ms]
2023-03-16 20:19:19.626 [info] > git rev-list --left-right --count main...origin/main [2ms]
2023-03-16 20:19:19.785 [info] > git status -z -uall [124ms]
2023-03-16 20:19:24.926 [warning] getRemotes() - ENOENT: no such file or directory, open '/home/mmihovilovic/--git-common-dir/config'
2023-03-16 20:19:24.962 [info] > git remote --verbose [36ms]
2023-03-16 20:19:24.963 [info] > git config --get commit.template [3ms]
2023-03-16 20:19:24.999 [info] > git for-each-ref --format=%(refname)%00%(upstream:short)%00%(objectname) refs/heads/main refs/remotes/main [2ms]
2023-03-16 20:19:25.039 [info] > git rev-list --left-right --count main...origin/main [2ms]
2023-03-16 20:19:25.190 [info] > git status -z -uall [117ms]
2023-03-16 20:19:30.338 [warning] getRemotes() - ENOENT: no such file or directory, open '/home/mmihovilovic/--git-common-dir/config'
2023-03-16 20:19:30.376 [info] > git remote --verbose [37ms]
2023-03-16 20:19:30.376 [info] > git config --get commit.template [2ms]
2023-03-16 20:19:30.414 [info] > git for-each-ref --format=%(refname)%00%(upstream:short)%00%(objectname) refs/heads/main refs/remotes/main [3ms]
2023-03-16 20:19:30.451 [info] > git rev-list --left-right --count main...origin/main [2ms]
2023-03-16 20:19:30.616 [info] > git status -z -uall [126ms]
2023-03-16 20:19:35.760 [warning] getRemotes() - ENOENT: no such file or directory, open '/home/mmihovilovic/--git-common-dir/config'
2023-03-16 20:19:35.800 [info] > git remote --verbose [40ms]
2023-03-16 20:19:35.801 [info] > git config --get commit.template [2ms]
2023-03-16 20:19:35.844 [info] > git for-each-ref --format=%(refname)%00%(upstream:short)%00%(objectname) refs/heads/main refs/remotes/main [3ms]
2023-03-16 20:19:35.892 [info] > git rev-list --left-right --count main...origin/main [2ms]
2023-03-16 20:19:36.047 [info] > git status -z -uall [118ms]
2023-03-16 20:19:41.198 [warning] getRemotes() - ENOENT: no such file or directory, open '/home/mmihovilovic/--git-common-dir/config'
2023-03-16 20:19:41.242 [info] > git remote --verbose [45ms]
2023-03-16 20:19:41.243 [info] > git config --get commit.template [3ms]
2023-03-16 20:19:41.283 [info] > git for-each-ref --format=%(refname)%00%(upstream:short)%00%(objectname) refs/heads/main refs/remotes/main [2ms]
2023-03-16 20:19:41.324 [info] > git rev-list --left-right --count main...origin/main [2ms]
2023-03-16 20:19:41.485 [info] > git status -z -uall [123ms]
