[2023-03-16 19:59:11.726] [exthost] [info] Extension host with pid 10123 started
[2023-03-16 19:59:11.768] [exthost] [info] Lock '/home/mmihovilovic/.vscode-server/data/User/workspaceStorage/0cbc5bd6d566139533655306a08c5937/vscode.lock': Lock acquired.
[2023-03-16 19:59:11.911] [exthost] [info] ExtensionService#_doActivateExtension vscode.debug-auto-launch, startup: true, activationEvent: '*'
[2023-03-16 19:59:11.922] [exthost] [info] ExtensionService#_doActivateExtension vscode.git-base, startup: true, activationEvent: '*'
[2023-03-16 19:59:11.930] [exthost] [info] ExtensionService#_doActivateExtension vscode.ipynb, startup: true, activationEvent: '*'
[2023-03-16 19:59:12.512] [exthost] [info] ExtensionService#_doActivateExtension vscode.github, startup: true, activationEvent: '*'
[2023-03-16 19:59:12.766] [exthost] [info] ExtensionService#_doActivateExtension vscode.emmet, startup: false, activationEvent: 'onStartupFinished'
[2023-03-16 19:59:12.802] [exthost] [info] ExtensionService#_doActivateExtension vscode.merge-conflict, startup: false, activationEvent: 'onStartupFinished'
[2023-03-16 19:59:12.810] [exthost] [info] Eager extensions activated
[2023-03-16 19:59:16.838] [exthost] [info] ExtensionService#_doActivateExtension vscode.git, startup: false, activationEvent: 'api', root cause: vscode.github
[2023-03-16 19:59:17.455] [exthost] [warning] [Decorations] CAPPING events from decorations provider vscode.git 1857
[2023-03-16 19:59:18.294] [exthost] [warning] [Decorations] CAPPING events from decorations provider vscode.git 1858
[2023-03-16 19:59:21.538] [exthost] [warning] [Decorations] CAPPING events from decorations provider vscode.git 1858
[2023-03-16 19:59:26.767] [exthost] [warning] [Decorations] CAPPING events from decorations provider vscode.git 1858
[2023-03-16 19:59:32.009] [exthost] [warning] [Decorations] CAPPING events from decorations provider vscode.git 1858
[2023-03-16 19:59:37.243] [exthost] [warning] [Decorations] CAPPING events from decorations provider vscode.git 1858
[2023-03-16 19:59:42.484] [exthost] [warning] [Decorations] CAPPING events from decorations provider vscode.git 1858
[2023-03-16 19:59:47.726] [exthost] [warning] [Decorations] CAPPING events from decorations provider vscode.git 1858
[2023-03-16 19:59:52.992] [exthost] [warning] [Decorations] CAPPING events from decorations provider vscode.git 2233
[2023-03-16 19:59:58.234] [exthost] [warning] [Decorations] CAPPING events from decorations provider vscode.git 2232
[2023-03-16 19:59:59.900] [exthost] [info] ExtensionService#_doActivateExtension analytic-signal.preview-pdf, startup: false, activationEvent: 'onCustomEditor:analyticsignal.preview-pdf'
[2023-03-16 20:00:03.516] [exthost] [warning] [Decorations] CAPPING events from decorations provider vscode.git 2232
[2023-03-16 20:00:09.468] [exthost] [warning] [Decorations] CAPPING events from decorations provider vscode.git 2232
[2023-03-16 20:00:14.705] [exthost] [warning] [Decorations] CAPPING events from decorations provider vscode.git 2232
[2023-03-16 20:00:19.947] [exthost] [warning] [Decorations] CAPPING events from decorations provider vscode.git 2232
[2023-03-16 20:00:25.184] [exthost] [warning] [Decorations] CAPPING events from decorations provider vscode.git 2232
[2023-03-16 20:00:30.429] [exthost] [warning] [Decorations] CAPPING events from decorations provider vscode.git 2232
[2023-03-16 20:00:35.663] [exthost] [warning] [Decorations] CAPPING events from decorations provider vscode.git 2232
[2023-03-16 20:00:40.909] [exthost] [warning] [Decorations] CAPPING events from decorations provider vscode.git 2232
[2023-03-16 20:00:46.152] [exthost] [warning] [Decorations] CAPPING events from decorations provider vscode.git 2232
[2023-03-16 20:00:51.393] [exthost] [warning] [Decorations] CAPPING events from decorations provider vscode.git 2232
[2023-03-16 20:00:56.635] [exthost] [warning] [Decorations] CAPPING events from decorations provider vscode.git 2232
[2023-03-16 20:01:01.885] [exthost] [warning] [Decorations] CAPPING events from decorations provider vscode.git 2232
[2023-03-16 20:01:07.129] [exthost] [warning] [Decorations] CAPPING events from decorations provider vscode.git 2232
[2023-03-16 20:01:08.284] [exthost] [info] Extension host terminating: received terminate message from renderer
[2023-03-16 20:01:08.286] [exthost] [info] Lock '/home/mmihovilovic/.vscode-server/data/User/workspaceStorage/0cbc5bd6d566139533655306a08c5937/vscode.lock': Marking the lockfile as scheduled to be released in 6000 ms.
[2023-03-16 20:01:08.308] [exthost] [info] Extension host with pid 10123 exiting with code 0
