2023-03-18 11:19:37.383 [info] Log level: Info
2023-03-18 11:19:37.383 [info] Validating found git in: "git"
2023-03-18 11:19:37.383 [info] Using git "1.8.3.1" from "git"
2023-03-18 11:19:37.383 [info] > git rev-parse --show-toplevel [8ms]
2023-03-18 11:19:37.383 [info] > git rev-parse --git-dir --git-common-dir [62ms]
2023-03-18 11:19:37.383 [info] Open repository: /home/mmihovilovic
2023-03-18 11:19:37.383 [warning] getRemotes() - ENOENT: no such file or directory, open '/home/mmihovilovic/--git-common-dir/config'
2023-03-18 11:19:37.383 [info] > git rev-parse --show-toplevel [22ms]
2023-03-18 11:19:37.383 [info] > git config --get commit.template [13ms]
2023-03-18 11:19:37.383 [info] > git remote --verbose [24ms]
2023-03-18 11:19:37.383 [info] > git rev-parse --show-toplevel [6ms]
2023-03-18 11:19:37.383 [info] > git rev-parse --show-toplevel [11ms]
2023-03-18 11:19:37.383 [info] > git for-each-ref --format=%(refname)%00%(upstream:short)%00%(objectname) refs/heads/main refs/remotes/main [13ms]
2023-03-18 11:19:37.383 [info] > git rev-parse --show-toplevel [14ms]
2023-03-18 11:19:37.383 [info] > git rev-list --left-right --count main...origin/main [14ms]
2023-03-18 11:19:37.383 [info] > git rev-parse --show-toplevel [42ms]
2023-03-18 11:19:37.383 [info] > git rev-parse --show-toplevel [3ms]
2023-03-18 11:19:37.383 [info] > git rev-parse --show-toplevel [2ms]
2023-03-18 11:19:37.383 [info] > git rev-parse --show-toplevel [2ms]
2023-03-18 11:19:37.383 [info] > git rev-parse --show-toplevel [11ms]
2023-03-18 11:19:37.383 [info] > git rev-parse --show-toplevel [13ms]
2023-03-18 11:19:37.383 [info] > git rev-parse --show-toplevel [4ms]
2023-03-18 11:19:37.383 [info] > git rev-parse --show-toplevel [50ms]
2023-03-18 11:19:37.383 [info] > git rev-parse --show-toplevel [5ms]
2023-03-18 11:19:37.386 [info] > git rev-parse --show-toplevel [5ms]
2023-03-18 11:19:37.402 [info] > git rev-parse --show-toplevel [5ms]
2023-03-18 11:19:37.417 [info] > git rev-parse --git-dir --git-common-dir [2ms]
2023-03-18 11:19:37.424 [info] Open repository: /home/mmihovilovic/vj11
2023-03-18 11:19:37.448 [warning] getRemotes() - ENOENT: no such file or directory, open '/home/mmihovilovic/vj11/--git-common-dir/config'
2023-03-18 11:19:37.462 [info] > git remote --verbose [14ms]
2023-03-18 11:19:37.462 [info] > git rev-parse --show-toplevel [25ms]
2023-03-18 11:19:37.476 [info] > git config --get commit.template [16ms]
2023-03-18 11:19:37.488 [info] > git rev-parse --show-toplevel [13ms]
2023-03-18 11:19:37.502 [info] > git for-each-ref --format=%(refname)%00%(upstream:short)%00%(objectname) refs/heads/master refs/remotes/master [16ms]
2023-03-18 11:19:37.516 [info] > git rev-parse --show-toplevel [17ms]
2023-03-18 11:19:37.529 [info] > git status -z -uall [15ms]
2023-03-18 11:19:37.554 [warning] getRemotes() - ENOENT: no such file or directory, open '/home/mmihovilovic/vj11/--git-common-dir/config'
2023-03-18 11:19:37.567 [info] > git rev-parse --show-toplevel [40ms]
2023-03-18 11:19:37.579 [info] > git config --get commit.template [13ms]
2023-03-18 11:19:37.579 [info] > git remote --verbose [25ms]
2023-03-18 11:19:37.580 [info] > git rev-parse --show-toplevel [3ms]
2023-03-18 11:19:37.605 [info] > git rev-parse --show-toplevel [13ms]
2023-03-18 11:19:37.616 [info] > git for-each-ref --format=%(refname)%00%(upstream:short)%00%(objectname) refs/heads/master refs/remotes/master [13ms]
2023-03-18 11:19:37.632 [info] > git status -z -uall [4ms]
2023-03-18 11:19:37.632 [info] > git rev-parse --show-toplevel [17ms]
2023-03-18 11:19:37.679 [info] > git rev-parse --show-toplevel [34ms]
2023-03-18 11:19:37.695 [info] > git rev-parse --git-dir --git-common-dir [6ms]
2023-03-18 11:19:37.702 [info] Open repository: /home/mmihovilovic/vj6
2023-03-18 11:19:37.727 [warning] getRemotes() - ENOENT: no such file or directory, open '/home/mmihovilovic/vj6/--git-common-dir/config'
2023-03-18 11:19:37.739 [info] > git remote --verbose [12ms]
2023-03-18 11:19:37.740 [info] > git rev-parse --show-toplevel [24ms]
2023-03-18 11:19:37.753 [info] > git config --get commit.template [15ms]
2023-03-18 11:19:37.767 [info] > git rev-parse --show-toplevel [16ms]
2023-03-18 11:19:37.795 [info] > git rev-parse --show-toplevel [17ms]
2023-03-18 11:19:37.808 [info] > git for-each-ref --format=%(refname)%00%(upstream:short)%00%(objectname) refs/heads/master refs/remotes/master [42ms]
2023-03-18 11:19:37.828 [info] > git check-ignore -v -z --stdin [36ms]
2023-03-18 11:19:37.830 [info] > git status -z -uall [11ms]
2023-03-18 11:19:37.835 [info] > git rev-parse --show-toplevel [28ms]
2023-03-18 11:19:37.854 [warning] getRemotes() - ENOENT: no such file or directory, open '/home/mmihovilovic/vj6/--git-common-dir/config'
2023-03-18 11:19:37.871 [info] > git remote --verbose [17ms]
2023-03-18 11:19:37.872 [info] > git config --get commit.template [6ms]
2023-03-18 11:19:37.887 [info] > git for-each-ref --format=%(refname)%00%(upstream:short)%00%(objectname) refs/heads/master refs/remotes/master [3ms]
2023-03-18 11:19:37.903 [info] > git status -z -uall [5ms]
2023-03-18 11:19:38.048 [info] > git status -z -uall [883ms]
2023-03-18 11:19:38.076 [warning] getRemotes() - ENOENT: no such file or directory, open '/home/mmihovilovic/--git-common-dir/config'
2023-03-18 11:19:38.087 [info] > git remote --verbose [11ms]
2023-03-18 11:19:38.088 [info] > git config --get commit.template [4ms]
2023-03-18 11:19:38.100 [info] > git for-each-ref --format=%(refname)%00%(upstream:short)%00%(objectname) refs/heads/main refs/remotes/main [2ms]
2023-03-18 11:19:38.119 [info] > git rev-list --left-right --count main...origin/main [7ms]
2023-03-18 11:19:38.411 [info] > git check-ignore -v -z --stdin [11ms]
2023-03-18 11:19:38.413 [info] > git check-ignore -v -z --stdin [23ms]
2023-03-18 11:19:38.418 [info] > git check-ignore -v -z --stdin [38ms]
2023-03-18 11:19:38.998 [info] > git status -z -uall [865ms]
2023-03-18 11:19:42.473 [warning] getRemotes() - ENOENT: no such file or directory, open '/home/mmihovilovic/--git-common-dir/config'
2023-03-18 11:19:42.486 [info] > git remote --verbose [13ms]
2023-03-18 11:19:42.487 [info] > git config --get commit.template [3ms]
2023-03-18 11:19:42.501 [info] > git for-each-ref --format=%(refname)%00%(upstream:short)%00%(objectname) refs/heads/main refs/remotes/main [2ms]
2023-03-18 11:19:42.514 [info] > git rev-list --left-right --count main...origin/main [3ms]
2023-03-18 11:19:43.390 [info] > git status -z -uall [866ms]
2023-03-18 11:19:48.414 [warning] getRemotes() - ENOENT: no such file or directory, open '/home/mmihovilovic/--git-common-dir/config'
2023-03-18 11:19:48.427 [info] > git remote --verbose [13ms]
2023-03-18 11:19:48.428 [info] > git config --get commit.template [2ms]
2023-03-18 11:19:48.442 [info] > git for-each-ref --format=%(refname)%00%(upstream:short)%00%(objectname) refs/heads/main refs/remotes/main [2ms]
2023-03-18 11:19:48.458 [info] > git rev-list --left-right --count main...origin/main [3ms]
2023-03-18 11:19:49.340 [info] > git status -z -uall [870ms]
2023-03-18 11:19:54.362 [warning] getRemotes() - ENOENT: no such file or directory, open '/home/mmihovilovic/--git-common-dir/config'
2023-03-18 11:19:54.375 [info] > git remote --verbose [14ms]
2023-03-18 11:19:54.376 [info] > git config --get commit.template [3ms]
2023-03-18 11:19:54.391 [info] > git for-each-ref --format=%(refname)%00%(upstream:short)%00%(objectname) refs/heads/main refs/remotes/main [3ms]
2023-03-18 11:19:54.405 [info] > git rev-list --left-right --count main...origin/main [3ms]
2023-03-18 11:19:55.286 [info] > git status -z -uall [866ms]
2023-03-18 11:20:00.306 [warning] getRemotes() - ENOENT: no such file or directory, open '/home/mmihovilovic/--git-common-dir/config'
2023-03-18 11:20:00.321 [info] > git config --get commit.template [3ms]
2023-03-18 11:20:00.322 [info] > git remote --verbose [17ms]
2023-03-18 11:20:00.340 [info] > git for-each-ref --format=%(refname)%00%(upstream:short)%00%(objectname) refs/heads/main refs/remotes/main [3ms]
2023-03-18 11:20:00.355 [info] > git rev-list --left-right --count main...origin/main [3ms]
2023-03-18 11:20:01.238 [info] > git status -z -uall [873ms]
2023-03-18 11:20:06.259 [warning] getRemotes() - ENOENT: no such file or directory, open '/home/mmihovilovic/--git-common-dir/config'
2023-03-18 11:20:06.271 [info] > git remote --verbose [12ms]
2023-03-18 11:20:06.273 [info] > git config --get commit.template [3ms]
2023-03-18 11:20:06.285 [info] > git for-each-ref --format=%(refname)%00%(upstream:short)%00%(objectname) refs/heads/main refs/remotes/main [3ms]
2023-03-18 11:20:06.298 [info] > git rev-list --left-right --count main...origin/main [3ms]
2023-03-18 11:20:07.175 [info] > git status -z -uall [866ms]
2023-03-18 11:20:15.774 [warning] getRemotes() - ENOENT: no such file or directory, open '/home/mmihovilovic/--git-common-dir/config'
2023-03-18 11:20:15.785 [info] > git remote --verbose [11ms]
2023-03-18 11:20:15.786 [info] > git config --get commit.template [3ms]
2023-03-18 11:20:15.798 [info] > git for-each-ref --format=%(refname)%00%(upstream:short)%00%(objectname) refs/heads/main refs/remotes/main [3ms]
2023-03-18 11:20:15.810 [info] > git rev-list --left-right --count main...origin/main [2ms]
2023-03-18 11:20:16.682 [info] > git status -z -uall [862ms]
2023-03-18 11:20:21.697 [warning] getRemotes() - ENOENT: no such file or directory, open '/home/mmihovilovic/--git-common-dir/config'
2023-03-18 11:20:21.708 [info] > git remote --verbose [11ms]
2023-03-18 11:20:21.709 [info] > git config --get commit.template [3ms]
2023-03-18 11:20:21.720 [info] > git for-each-ref --format=%(refname)%00%(upstream:short)%00%(objectname) refs/heads/main refs/remotes/main [2ms]
2023-03-18 11:20:21.733 [info] > git rev-list --left-right --count main...origin/main [3ms]
2023-03-18 11:20:22.606 [info] > git status -z -uall [864ms]
2023-03-18 11:20:44.316 [warning] getRemotes() - ENOENT: no such file or directory, open '/home/mmihovilovic/--git-common-dir/config'
2023-03-18 11:20:44.327 [info] > git remote --verbose [12ms]
2023-03-18 11:20:44.328 [info] > git config --get commit.template [3ms]
2023-03-18 11:20:44.344 [info] > git for-each-ref --format=%(refname)%00%(upstream:short)%00%(objectname) refs/heads/main refs/remotes/main [3ms]
2023-03-18 11:20:44.358 [info] > git rev-list --left-right --count main...origin/main [3ms]
2023-03-18 11:20:44.973 [info] > git check-ignore -v -z --stdin [9ms]
2023-03-18 11:20:45.233 [info] > git status -z -uall [866ms]
2023-03-18 11:20:46.851 [info] > git show --textconv :.vscode-server/.ee2b180d582a7f601fa6ecfdad8d9fd269ab1884.log [13ms]
2023-03-18 11:20:46.859 [info] > git ls-files --stage -- /home/mmihovilovic/.vscode-server/.ee2b180d582a7f601fa6ecfdad8d9fd269ab1884.log [10ms]
2023-03-18 11:20:46.872 [info] > git cat-file -s 1e3d07d8e3074172a813521f7c0bab001af7c637 [2ms]
2023-03-18 11:20:50.248 [warning] getRemotes() - ENOENT: no such file or directory, open '/home/mmihovilovic/--git-common-dir/config'
2023-03-18 11:20:50.259 [info] > git remote --verbose [10ms]
2023-03-18 11:20:50.260 [info] > git config --get commit.template [3ms]
2023-03-18 11:20:50.271 [info] > git for-each-ref --format=%(refname)%00%(upstream:short)%00%(objectname) refs/heads/main refs/remotes/main [3ms]
2023-03-18 11:20:50.282 [info] > git rev-list --left-right --count main...origin/main [2ms]
2023-03-18 11:20:51.159 [info] > git status -z -uall [867ms]
2023-03-18 11:20:53.170 [info] > git show --textconv :.vscode-server/.ee2b180d582a7f601fa6ecfdad8d9fd269ab1884.pid [13ms]
2023-03-18 11:20:53.178 [info] > git ls-files --stage -- /home/mmihovilovic/.vscode-server/.ee2b180d582a7f601fa6ecfdad8d9fd269ab1884.pid [9ms]
2023-03-18 11:20:53.191 [info] > git cat-file -s 04639edf7bec983a1430aa009a646c74282bab53 [2ms]
2023-03-18 11:20:54.244 [info] > git show --textconv :.vscode-server/.ee2b180d582a7f601fa6ecfdad8d9fd269ab1884.log [12ms]
2023-03-18 11:20:54.252 [info] > git ls-files --stage -- /home/mmihovilovic/.vscode-server/.ee2b180d582a7f601fa6ecfdad8d9fd269ab1884.log [10ms]
2023-03-18 11:20:54.264 [info] > git cat-file -s 1e3d07d8e3074172a813521f7c0bab001af7c637 [2ms]
2023-03-18 11:20:54.899 [info] > git check-ignore -v -z --stdin [8ms]
2023-03-18 11:20:56.175 [warning] getRemotes() - ENOENT: no such file or directory, open '/home/mmihovilovic/--git-common-dir/config'
2023-03-18 11:20:56.186 [info] > git remote --verbose [10ms]
2023-03-18 11:20:56.187 [info] > git config --get commit.template [3ms]
2023-03-18 11:20:56.198 [info] > git for-each-ref --format=%(refname)%00%(upstream:short)%00%(objectname) refs/heads/main refs/remotes/main [3ms]
2023-03-18 11:20:56.209 [info] > git rev-list --left-right --count main...origin/main [2ms]
2023-03-18 11:20:57.088 [info] > git status -z -uall [866ms]
2023-03-18 11:21:00.127 [info] > git check-ignore -v -z --stdin [8ms]
2023-03-18 11:21:01.403 [info] > git show --textconv :macbzvz/nesto.cpp [20ms]
2023-03-18 11:21:01.409 [info] > git ls-files --stage -- /home/mmihovilovic/macbzvz/nesto.cpp [14ms]
2023-03-18 11:21:01.433 [info] > git cat-file -s e69de29bb2d1d6434b8b29ae775ad8c2e48c5391 [12ms]
2023-03-18 11:21:02.137 [warning] getRemotes() - ENOENT: no such file or directory, open '/home/mmihovilovic/--git-common-dir/config'
2023-03-18 11:21:02.165 [info] > git remote --verbose [28ms]
2023-03-18 11:21:02.173 [info] > git config --get commit.template [20ms]
2023-03-18 11:21:02.216 [info] > git for-each-ref --format=%(refname)%00%(upstream:short)%00%(objectname) refs/heads/main refs/remotes/main [27ms]
2023-03-18 11:21:02.240 [info] > git rev-list --left-right --count main...origin/main [9ms]
2023-03-18 11:21:03.123 [info] > git status -z -uall [872ms]
2023-03-18 11:21:08.145 [warning] getRemotes() - ENOENT: no such file or directory, open '/home/mmihovilovic/--git-common-dir/config'
2023-03-18 11:21:08.163 [info] > git remote --verbose [17ms]
2023-03-18 11:21:08.163 [info] > git config --get commit.template [2ms]
2023-03-18 11:21:08.182 [info] > git for-each-ref --format=%(refname)%00%(upstream:short)%00%(objectname) refs/heads/main refs/remotes/main [2ms]
2023-03-18 11:21:08.200 [info] > git rev-list --left-right --count main...origin/main [3ms]
2023-03-18 11:21:09.081 [info] > git status -z -uall [865ms]
2023-03-18 11:21:14.105 [warning] getRemotes() - ENOENT: no such file or directory, open '/home/mmihovilovic/--git-common-dir/config'
2023-03-18 11:21:14.123 [info] > git remote --verbose [19ms]
2023-03-18 11:21:14.124 [info] > git config --get commit.template [3ms]
2023-03-18 11:21:14.149 [info] > git for-each-ref --format=%(refname)%00%(upstream:short)%00%(objectname) refs/heads/main refs/remotes/main [9ms]
2023-03-18 11:21:14.171 [info] > git rev-list --left-right --count main...origin/main [4ms]
2023-03-18 11:21:14.393 [info] > git show --textconv :macbzvz/nesto.cpp [21ms]
2023-03-18 11:21:14.401 [info] > git ls-files --stage -- /home/mmihovilovic/macbzvz/nesto.cpp [9ms]
2023-03-18 11:21:14.420 [info] > git cat-file -s e69de29bb2d1d6434b8b29ae775ad8c2e48c5391 [4ms]
2023-03-18 11:21:15.059 [info] > git status -z -uall [868ms]
2023-03-18 11:21:20.081 [warning] getRemotes() - ENOENT: no such file or directory, open '/home/mmihovilovic/--git-common-dir/config'
2023-03-18 11:21:20.099 [info] > git remote --verbose [18ms]
2023-03-18 11:21:20.101 [info] > git config --get commit.template [3ms]
2023-03-18 11:21:20.120 [info] > git for-each-ref --format=%(refname)%00%(upstream:short)%00%(objectname) refs/heads/main refs/remotes/main [2ms]
2023-03-18 11:21:20.139 [info] > git rev-list --left-right --count main...origin/main [2ms]
2023-03-18 11:21:21.029 [info] > git status -z -uall [873ms]
2023-03-18 11:21:26.053 [warning] getRemotes() - ENOENT: no such file or directory, open '/home/mmihovilovic/--git-common-dir/config'
2023-03-18 11:21:26.071 [info] > git remote --verbose [18ms]
2023-03-18 11:21:26.074 [info] > git config --get commit.template [4ms]
2023-03-18 11:21:26.097 [info] > git for-each-ref --format=%(refname)%00%(upstream:short)%00%(objectname) refs/heads/main refs/remotes/main [4ms]
2023-03-18 11:21:26.117 [info] > git rev-list --left-right --count main...origin/main [5ms]
2023-03-18 11:21:27.003 [info] > git status -z -uall [870ms]
