2023-03-16 20:21:30.495 [info] Log level: Info
2023-03-16 20:21:30.495 [info] Validating found git in: "git"
2023-03-16 20:21:30.495 [info] Using git "1.8.3.1" from "git"
2023-03-16 20:21:30.495 [info] > git rev-parse --show-toplevel [9ms]
2023-03-16 20:21:30.495 [info] > git rev-parse --git-dir --git-common-dir [2ms]
2023-03-16 20:21:30.495 [info] Open repository: /home/mmihovilovic
2023-03-16 20:21:30.495 [warning] getRemotes() - ENOENT: no such file or directory, open '/home/mmihovilovic/--git-common-dir/config'
2023-03-16 20:21:30.495 [info] > git rev-parse --show-toplevel [22ms]
2023-03-16 20:21:30.495 [info] > git config --get commit.template [14ms]
2023-03-16 20:21:30.495 [info] > git remote --verbose [24ms]
2023-03-16 20:21:30.495 [info] > git rev-parse --show-toplevel [40ms]
2023-03-16 20:21:30.495 [info] > git rev-parse --show-toplevel [13ms]
2023-03-16 20:21:30.495 [info] > git for-each-ref --format=%(refname)%00%(upstream:short)%00%(objectname) refs/heads/main refs/remotes/main [13ms]
2023-03-16 20:21:30.495 [info] > git rev-list --left-right --count main...origin/main [4ms]
2023-03-16 20:21:30.495 [info] > git rev-parse --show-toplevel [31ms]
2023-03-16 20:21:30.495 [info] > git rev-parse --show-toplevel [14ms]
2023-03-16 20:21:30.495 [info] > git rev-parse --show-toplevel [6ms]
2023-03-16 20:21:30.495 [info] > git rev-parse --show-toplevel [4ms]
2023-03-16 20:21:30.495 [info] > git rev-parse --show-toplevel [2ms]
2023-03-16 20:21:30.495 [info] > git rev-parse --show-toplevel [5ms]
2023-03-16 20:21:30.495 [info] > git rev-parse --show-toplevel [3ms]
2023-03-16 20:21:30.495 [info] > git rev-parse --show-toplevel [3ms]
2023-03-16 20:21:30.495 [info] > git rev-parse --show-toplevel [17ms]
2023-03-16 20:21:30.495 [info] > git status -z -uall [152ms]
2023-03-16 20:21:30.495 [warning] getRemotes() - ENOENT: no such file or directory, open '/home/mmihovilovic/--git-common-dir/config'
2023-03-16 20:21:30.495 [info] > git rev-parse --show-toplevel [1595ms]
2023-03-16 20:21:30.495 [info] > git rev-parse --show-toplevel [30ms]
2023-03-16 20:21:30.495 [info] > git config --get commit.template [63ms]
2023-03-16 20:21:30.495 [info] > git remote --verbose [80ms]
2023-03-16 20:21:30.495 [info] > git check-ignore -v -z --stdin [32ms]
2023-03-16 20:21:30.495 [info] > git rev-parse --git-dir --git-common-dir [7ms]
2023-03-16 20:21:30.495 [info] Open repository: /home/mmihovilovic/vj11
2023-03-16 20:21:30.495 [warning] getRemotes() - ENOENT: no such file or directory, open '/home/mmihovilovic/vj11/--git-common-dir/config'
2023-03-16 20:21:30.495 [info] > git remote --verbose [22ms]
2023-03-16 20:21:30.495 [info] > git for-each-ref --format=%(refname)%00%(upstream:short)%00%(objectname) refs/heads/main refs/remotes/main [39ms]
2023-03-16 20:21:30.495 [info] > git rev-parse --show-toplevel [70ms]
2023-03-16 20:21:30.495 [info] > git rev-parse --show-toplevel [4ms]
2023-03-16 20:21:30.495 [info] > git rev-list --left-right --count main...origin/main [34ms]
2023-03-16 20:21:30.495 [info] > git config --get commit.template [74ms]
2023-03-16 20:21:30.495 [info] > git rev-parse --show-toplevel [49ms]
2023-03-16 20:21:30.495 [info] > git for-each-ref --format=%(refname)%00%(upstream:short)%00%(objectname) refs/heads/master refs/remotes/master [30ms]
2023-03-16 20:21:30.496 [info] > git rev-parse --show-toplevel [20ms]
2023-03-16 20:21:30.496 [info] > git status -z -uall [18ms]
2023-03-16 20:21:30.496 [info] > git rev-parse --show-toplevel [8ms]
2023-03-16 20:21:30.496 [info] > git rev-parse --show-toplevel [3ms]
2023-03-16 20:21:30.496 [info] > git rev-parse --show-toplevel [10ms]
2023-03-16 20:21:30.501 [info] > git status -z -uall [153ms]
2023-03-16 20:21:32.104 [info] > git rev-parse --show-toplevel [1611ms]
2023-03-16 20:21:32.157 [info] > git rev-parse --git-dir --git-common-dir [33ms]
2023-03-16 20:21:32.164 [info] Open repository: /home/mmihovilovic/vj6
2023-03-16 20:21:32.203 [warning] getRemotes() - ENOENT: no such file or directory, open '/home/mmihovilovic/vj6/--git-common-dir/config'
2023-03-16 20:21:32.222 [info] > git check-ignore -v -z --stdin [68ms]
2023-03-16 20:21:32.226 [info] > git config --get commit.template [5ms]
2023-03-16 20:21:32.227 [info] > git remote --verbose [24ms]
2023-03-16 20:21:32.228 [info] > git rev-parse --show-toplevel [45ms]
2023-03-16 20:21:32.268 [info] > git rev-parse --show-toplevel [21ms]
2023-03-16 20:21:32.290 [info] > git rev-parse --show-toplevel [3ms]
2023-03-16 20:21:32.313 [info] > git for-each-ref --format=%(refname)%00%(upstream:short)%00%(objectname) refs/heads/master refs/remotes/master [45ms]
2023-03-16 20:21:32.334 [info] > git rev-parse --show-toplevel [22ms]
2023-03-16 20:21:32.353 [info] > git status -z -uall [21ms]
2023-03-16 20:21:33.180 [info] > git check-ignore -v -z --stdin [43ms]
2023-03-16 20:21:33.182 [info] > git check-ignore -v -z --stdin [24ms]
2023-03-16 20:21:33.182 [info] > git check-ignore -v -z --stdin [5ms]
2023-03-16 20:21:50.348 [info] > git check-ignore -v -z --stdin [3ms]
2023-03-16 20:22:08.553 [info] > git check-ignore -v -z --stdin [4ms]
2023-03-16 20:22:08.678 [info] > git show --textconv :macbzvz/nesto.cpp [36ms]
2023-03-16 20:22:08.682 [info] > git ls-files --stage -- /home/mmihovilovic/macbzvz/nesto.cpp [12ms]
2023-03-16 20:23:37.706 [warning] getRemotes() - ENOENT: no such file or directory, open '/home/mmihovilovic/--git-common-dir/config'
2023-03-16 20:23:37.732 [info] > git remote --verbose [26ms]
2023-03-16 20:23:37.735 [info] > git config --get commit.template [5ms]
2023-03-16 20:23:37.754 [info] > git for-each-ref --format=%(refname)%00%(upstream:short)%00%(objectname) refs/heads/main refs/remotes/main [3ms]
2023-03-16 20:23:37.775 [info] > git rev-list --left-right --count main...origin/main [3ms]
2023-03-16 20:23:37.933 [info] > git status -z -uall [140ms]
2023-03-16 20:23:43.115 [warning] getRemotes() - ENOENT: no such file or directory, open '/home/mmihovilovic/--git-common-dir/config'
2023-03-16 20:23:43.138 [info] > git remote --verbose [22ms]
2023-03-16 20:23:43.140 [info] > git config --get commit.template [3ms]
2023-03-16 20:23:43.162 [info] > git for-each-ref --format=%(refname)%00%(upstream:short)%00%(objectname) refs/heads/main refs/remotes/main [2ms]
2023-03-16 20:23:43.185 [info] > git rev-list --left-right --count main...origin/main [3ms]
2023-03-16 20:23:43.327 [info] > git status -z -uall [122ms]
2023-03-16 20:23:48.474 [warning] getRemotes() - ENOENT: no such file or directory, open '/home/mmihovilovic/--git-common-dir/config'
2023-03-16 20:23:48.500 [info] > git remote --verbose [26ms]
2023-03-16 20:23:48.502 [info] > git config --get commit.template [3ms]
2023-03-16 20:23:48.528 [info] > git for-each-ref --format=%(refname)%00%(upstream:short)%00%(objectname) refs/heads/main refs/remotes/main [2ms]
2023-03-16 20:23:48.554 [info] > git rev-list --left-right --count main...origin/main [3ms]
2023-03-16 20:23:48.707 [info] > git status -z -uall [125ms]
2023-03-16 20:23:53.849 [warning] getRemotes() - ENOENT: no such file or directory, open '/home/mmihovilovic/--git-common-dir/config'
2023-03-16 20:23:53.873 [info] > git remote --verbose [24ms]
2023-03-16 20:23:53.874 [info] > git config --get commit.template [3ms]
2023-03-16 20:23:53.899 [info] > git for-each-ref --format=%(refname)%00%(upstream:short)%00%(objectname) refs/heads/main refs/remotes/main [3ms]
2023-03-16 20:23:53.924 [info] > git rev-list --left-right --count main...origin/main [3ms]
2023-03-16 20:23:54.065 [info] > git status -z -uall [119ms]
2023-03-16 20:23:59.207 [warning] getRemotes() - ENOENT: no such file or directory, open '/home/mmihovilovic/--git-common-dir/config'
2023-03-16 20:23:59.235 [info] > git remote --verbose [29ms]
2023-03-16 20:23:59.237 [info] > git config --get commit.template [4ms]
2023-03-16 20:23:59.263 [info] > git for-each-ref --format=%(refname)%00%(upstream:short)%00%(objectname) refs/heads/main refs/remotes/main [3ms]
2023-03-16 20:23:59.292 [info] > git rev-list --left-right --count main...origin/main [3ms]
2023-03-16 20:23:59.437 [info] > git status -z -uall [121ms]
2023-03-16 20:24:04.591 [warning] getRemotes() - ENOENT: no such file or directory, open '/home/mmihovilovic/--git-common-dir/config'
2023-03-16 20:24:04.619 [info] > git remote --verbose [27ms]
2023-03-16 20:24:04.620 [info] > git config --get commit.template [3ms]
2023-03-16 20:24:04.650 [info] > git for-each-ref --format=%(refname)%00%(upstream:short)%00%(objectname) refs/heads/main refs/remotes/main [2ms]
2023-03-16 20:24:04.679 [info] > git rev-list --left-right --count main...origin/main [3ms]
2023-03-16 20:24:04.827 [info] > git status -z -uall [123ms]
2023-03-16 20:24:09.973 [warning] getRemotes() - ENOENT: no such file or directory, open '/home/mmihovilovic/--git-common-dir/config'
2023-03-16 20:24:10.000 [info] > git remote --verbose [27ms]
2023-03-16 20:24:10.001 [info] > git config --get commit.template [3ms]
2023-03-16 20:24:10.028 [info] > git for-each-ref --format=%(refname)%00%(upstream:short)%00%(objectname) refs/heads/main refs/remotes/main [2ms]
2023-03-16 20:24:10.058 [info] > git rev-list --left-right --count main...origin/main [3ms]
2023-03-16 20:24:10.205 [info] > git status -z -uall [122ms]
2023-03-16 20:24:15.371 [warning] getRemotes() - ENOENT: no such file or directory, open '/home/mmihovilovic/--git-common-dir/config'
2023-03-16 20:24:15.413 [info] > git remote --verbose [42ms]
2023-03-16 20:24:15.414 [info] > git config --get commit.template [4ms]
2023-03-16 20:24:15.453 [info] > git for-each-ref --format=%(refname)%00%(upstream:short)%00%(objectname) refs/heads/main refs/remotes/main [2ms]
2023-03-16 20:24:15.484 [info] > git rev-list --left-right --count main...origin/main [2ms]
2023-03-16 20:24:15.635 [info] > git status -z -uall [121ms]
2023-03-16 20:24:20.782 [warning] getRemotes() - ENOENT: no such file or directory, open '/home/mmihovilovic/--git-common-dir/config'
2023-03-16 20:24:20.815 [info] > git remote --verbose [34ms]
2023-03-16 20:24:20.816 [info] > git config --get commit.template [2ms]
2023-03-16 20:24:20.850 [info] > git for-each-ref --format=%(refname)%00%(upstream:short)%00%(objectname) refs/heads/main refs/remotes/main [2ms]
2023-03-16 20:24:20.884 [info] > git rev-list --left-right --count main...origin/main [2ms]
2023-03-16 20:24:21.035 [info] > git status -z -uall [120ms]
2023-03-16 20:24:26.188 [warning] getRemotes() - ENOENT: no such file or directory, open '/home/mmihovilovic/--git-common-dir/config'
2023-03-16 20:24:26.224 [info] > git remote --verbose [36ms]
2023-03-16 20:24:26.225 [info] > git config --get commit.template [2ms]
2023-03-16 20:24:26.262 [info] > git for-each-ref --format=%(refname)%00%(upstream:short)%00%(objectname) refs/heads/main refs/remotes/main [3ms]
2023-03-16 20:24:26.299 [info] > git rev-list --left-right --count main...origin/main [3ms]
2023-03-16 20:24:26.455 [info] > git status -z -uall [119ms]
2023-03-16 20:24:31.634 [warning] getRemotes() - ENOENT: no such file or directory, open '/home/mmihovilovic/--git-common-dir/config'
2023-03-16 20:24:31.637 [info] > git config --get commit.template [31ms]
2023-03-16 20:24:31.668 [info] > git remote --verbose [34ms]
2023-03-16 20:24:31.669 [info] > git for-each-ref --format=%(refname)%00%(upstream:short)%00%(objectname) refs/heads/main refs/remotes/main [2ms]
2023-03-16 20:24:31.702 [info] > git rev-list --left-right --count main...origin/main [2ms]
2023-03-16 20:24:31.855 [info] > git status -z -uall [123ms]
2023-03-16 20:24:37.008 [warning] getRemotes() - ENOENT: no such file or directory, open '/home/mmihovilovic/--git-common-dir/config'
2023-03-16 20:24:37.043 [info] > git remote --verbose [36ms]
2023-03-16 20:24:37.045 [info] > git config --get commit.template [3ms]
2023-03-16 20:24:37.079 [info] > git for-each-ref --format=%(refname)%00%(upstream:short)%00%(objectname) refs/heads/main refs/remotes/main [3ms]
2023-03-16 20:24:37.115 [info] > git rev-list --left-right --count main...origin/main [2ms]
2023-03-16 20:24:37.266 [info] > git status -z -uall [119ms]
2023-03-16 20:24:42.410 [warning] getRemotes() - ENOENT: no such file or directory, open '/home/mmihovilovic/--git-common-dir/config'
2023-03-16 20:24:42.445 [info] > git remote --verbose [35ms]
2023-03-16 20:24:42.446 [info] > git config --get commit.template [3ms]
2023-03-16 20:24:42.480 [info] > git for-each-ref --format=%(refname)%00%(upstream:short)%00%(objectname) refs/heads/main refs/remotes/main [2ms]
2023-03-16 20:24:42.513 [info] > git rev-list --left-right --count main...origin/main [3ms]
2023-03-16 20:24:42.683 [info] > git status -z -uall [136ms]
2023-03-16 20:24:47.826 [warning] getRemotes() - ENOENT: no such file or directory, open '/home/mmihovilovic/--git-common-dir/config'
2023-03-16 20:24:47.869 [info] > git remote --verbose [43ms]
2023-03-16 20:24:47.870 [info] > git config --get commit.template [3ms]
2023-03-16 20:24:47.913 [info] > git for-each-ref --format=%(refname)%00%(upstream:short)%00%(objectname) refs/heads/main refs/remotes/main [2ms]
2023-03-16 20:24:47.947 [info] > git rev-list --left-right --count main...origin/main [3ms]
2023-03-16 20:24:48.103 [info] > git status -z -uall [124ms]
2023-03-16 20:24:53.242 [warning] getRemotes() - ENOENT: no such file or directory, open '/home/mmihovilovic/--git-common-dir/config'
2023-03-16 20:24:53.278 [info] > git remote --verbose [36ms]
2023-03-16 20:24:53.279 [info] > git config --get commit.template [3ms]
2023-03-16 20:24:53.314 [info] > git for-each-ref --format=%(refname)%00%(upstream:short)%00%(objectname) refs/heads/main refs/remotes/main [2ms]
2023-03-16 20:24:53.350 [info] > git rev-list --left-right --count main...origin/main [2ms]
2023-03-16 20:24:53.503 [info] > git status -z -uall [119ms]
2023-03-16 20:24:58.651 [warning] getRemotes() - ENOENT: no such file or directory, open '/home/mmihovilovic/--git-common-dir/config'
2023-03-16 20:24:58.693 [info] > git config --get commit.template [7ms]
2023-03-16 20:24:58.693 [info] > git remote --verbose [42ms]
2023-03-16 20:24:58.731 [info] > git for-each-ref --format=%(refname)%00%(upstream:short)%00%(objectname) refs/heads/main refs/remotes/main [3ms]
2023-03-16 20:24:58.770 [info] > git rev-list --left-right --count main...origin/main [3ms]
2023-03-16 20:24:58.925 [info] > git status -z -uall [120ms]
2023-03-16 20:25:04.070 [warning] getRemotes() - ENOENT: no such file or directory, open '/home/mmihovilovic/--git-common-dir/config'
2023-03-16 20:25:04.101 [info] > git remote --verbose [32ms]
2023-03-16 20:25:04.102 [info] > git config --get commit.template [3ms]
2023-03-16 20:25:04.134 [info] > git for-each-ref --format=%(refname)%00%(upstream:short)%00%(objectname) refs/heads/main refs/remotes/main [3ms]
2023-03-16 20:25:04.166 [info] > git rev-list --left-right --count main...origin/main [3ms]
2023-03-16 20:25:04.316 [info] > git status -z -uall [120ms]
2023-03-16 20:25:09.468 [warning] getRemotes() - ENOENT: no such file or directory, open '/home/mmihovilovic/--git-common-dir/config'
2023-03-16 20:25:09.502 [info] > git remote --verbose [34ms]
2023-03-16 20:25:09.503 [info] > git config --get commit.template [3ms]
2023-03-16 20:25:09.536 [info] > git for-each-ref --format=%(refname)%00%(upstream:short)%00%(objectname) refs/heads/main refs/remotes/main [2ms]
2023-03-16 20:25:09.571 [info] > git rev-list --left-right --count main...origin/main [2ms]
2023-03-16 20:25:09.721 [info] > git status -z -uall [119ms]
2023-03-16 20:25:14.873 [warning] getRemotes() - ENOENT: no such file or directory, open '/home/mmihovilovic/--git-common-dir/config'
2023-03-16 20:25:14.907 [info] > git remote --verbose [35ms]
2023-03-16 20:25:14.908 [info] > git config --get commit.template [2ms]
2023-03-16 20:25:14.941 [info] > git for-each-ref --format=%(refname)%00%(upstream:short)%00%(objectname) refs/heads/main refs/remotes/main [3ms]
2023-03-16 20:25:14.976 [info] > git rev-list --left-right --count main...origin/main [3ms]
2023-03-16 20:25:15.129 [info] > git status -z -uall [120ms]
2023-03-16 20:25:20.275 [warning] getRemotes() - ENOENT: no such file or directory, open '/home/mmihovilovic/--git-common-dir/config'
2023-03-16 20:25:20.315 [info] > git remote --verbose [40ms]
2023-03-16 20:25:20.316 [info] > git config --get commit.template [2ms]
2023-03-16 20:25:20.351 [info] > git for-each-ref --format=%(refname)%00%(upstream:short)%00%(objectname) refs/heads/main refs/remotes/main [3ms]
2023-03-16 20:25:20.385 [info] > git rev-list --left-right --count main...origin/main [3ms]
2023-03-16 20:25:20.543 [info] > git status -z -uall [125ms]
2023-03-16 20:25:25.682 [warning] getRemotes() - ENOENT: no such file or directory, open '/home/mmihovilovic/--git-common-dir/config'
2023-03-16 20:25:25.718 [info] > git remote --verbose [35ms]
2023-03-16 20:25:25.719 [info] > git config --get commit.template [2ms]
2023-03-16 20:25:25.759 [info] > git for-each-ref --format=%(refname)%00%(upstream:short)%00%(objectname) refs/heads/main refs/remotes/main [4ms]
2023-03-16 20:25:25.795 [info] > git rev-list --left-right --count main...origin/main [3ms]
2023-03-16 20:25:25.924 [info] > git status -z -uall [96ms]
2023-03-16 20:25:45.480 [warning] getRemotes() - ENOENT: no such file or directory, open '/home/mmihovilovic/--git-common-dir/config'
2023-03-16 20:25:45.516 [info] > git remote --verbose [36ms]
2023-03-16 20:25:45.517 [info] > git config --get commit.template [2ms]
2023-03-16 20:25:45.557 [info] > git for-each-ref --format=%(refname)%00%(upstream:short)%00%(objectname) refs/heads/main refs/remotes/main [3ms]
2023-03-16 20:25:45.594 [info] > git rev-list --left-right --count main...origin/main [3ms]
2023-03-16 20:25:45.728 [info] > git status -z -uall [96ms]
