2023-03-16 20:20:19.606 [info] Log level: Info
2023-03-16 20:20:19.606 [info] Validating found git in: "git"
2023-03-16 20:20:19.606 [info] Using git "1.8.3.1" from "git"
2023-03-16 20:20:19.606 [info] > git rev-parse --show-toplevel [8ms]
2023-03-16 20:20:19.606 [info] > git rev-parse --git-dir --git-common-dir [61ms]
2023-03-16 20:20:19.606 [info] Open repository: /home/mmihovilovic
2023-03-16 20:20:19.606 [warning] getRemotes() - ENOENT: no such file or directory, open '/home/mmihovilovic/--git-common-dir/config'
2023-03-16 20:20:19.606 [info] > git rev-parse --show-toplevel [23ms]
2023-03-16 20:20:19.606 [info] > git config --get commit.template [13ms]
2023-03-16 20:20:19.606 [info] > git remote --verbose [24ms]
2023-03-16 20:20:19.606 [info] > git rev-parse --show-toplevel [6ms]
2023-03-16 20:20:19.606 [info] > git for-each-ref --format=%(refname)%00%(upstream:short)%00%(objectname) refs/heads/main refs/remotes/main [17ms]
2023-03-16 20:20:19.606 [info] > git rev-list --left-right --count main...origin/main [3ms]
2023-03-16 20:20:19.658 [info] > git status -z -uall [128ms]
2023-03-16 20:20:21.220 [warning] getRemotes() - ENOENT: no such file or directory, open '/home/mmihovilovic/--git-common-dir/config'
2023-03-16 20:20:21.267 [info] > git check-ignore -v -z --stdin [11ms]
2023-03-16 20:20:21.270 [info] > git config --get commit.template [33ms]
2023-03-16 20:20:21.270 [info] > git remote --verbose [51ms]
2023-03-16 20:20:21.292 [info] > git for-each-ref --format=%(refname)%00%(upstream:short)%00%(objectname) refs/heads/main refs/remotes/main [4ms]
2023-03-16 20:20:21.314 [info] > git rev-list --left-right --count main...origin/main [4ms]
2023-03-16 20:20:21.464 [info] > git status -z -uall [134ms]
2023-03-16 20:20:23.156 [warning] getRemotes() - ENOENT: no such file or directory, open '/home/mmihovilovic/--git-common-dir/config'
2023-03-16 20:20:23.176 [info] > git check-ignore -v -z --stdin [73ms]
2023-03-16 20:20:23.179 [info] > git remote --verbose [22ms]
2023-03-16 20:20:23.181 [info] > git config --get commit.template [7ms]
2023-03-16 20:20:23.246 [info] > git for-each-ref --format=%(refname)%00%(upstream:short)%00%(objectname) refs/heads/main refs/remotes/main [46ms]
2023-03-16 20:20:23.273 [info] > git rev-list --left-right --count main...origin/main [7ms]
2023-03-16 20:20:23.421 [info] > git status -z -uall [129ms]
2023-03-16 20:20:29.011 [warning] getRemotes() - ENOENT: no such file or directory, open '/home/mmihovilovic/--git-common-dir/config'
2023-03-16 20:20:29.033 [info] > git remote --verbose [23ms]
2023-03-16 20:20:29.037 [info] > git config --get commit.template [5ms]
2023-03-16 20:20:29.069 [info] > git for-each-ref --format=%(refname)%00%(upstream:short)%00%(objectname) refs/heads/main refs/remotes/main [5ms]
2023-03-16 20:20:29.100 [info] > git rev-list --left-right --count main...origin/main [5ms]
2023-03-16 20:20:29.262 [info] > git status -z -uall [138ms]
