2023-03-20 09:51:15.897 [info] Log level: Info
2023-03-20 09:51:15.897 [info] Validating found git in: "git"
2023-03-20 09:51:15.897 [info] Using git "1.8.3.1" from "git"
2023-03-20 09:51:15.897 [info] > git rev-parse --show-toplevel [9ms]
2023-03-20 09:51:15.897 [info] > git rev-parse --git-dir --git-common-dir [3ms]
2023-03-20 09:51:15.897 [info] Open repository: /home/mmihovilovic
2023-03-20 09:51:15.897 [warning] getRemotes() - ENOENT: no such file or directory, open '/home/mmihovilovic/--git-common-dir/config'
2023-03-20 09:51:15.897 [info] > git rev-parse --show-toplevel [22ms]
2023-03-20 09:51:15.897 [info] > git config --get commit.template [13ms]
2023-03-20 09:51:15.897 [info] > git remote --verbose [24ms]
2023-03-20 09:51:15.897 [info] > git rev-parse --show-toplevel [6ms]
2023-03-20 09:51:15.897 [info] > git rev-parse --show-toplevel [11ms]
2023-03-20 09:51:15.897 [info] > git for-each-ref --format=%(refname)%00%(upstream:short)%00%(objectname) refs/heads/main refs/remotes/main [13ms]
2023-03-20 09:51:15.897 [info] > git rev-list --left-right --count main...origin/main [3ms]
2023-03-20 09:51:15.897 [info] > git rev-parse --show-toplevel [27ms]
2023-03-20 09:51:15.897 [info] > git rev-parse --show-toplevel [70ms]
2023-03-20 09:51:15.897 [info] > git rev-parse --show-toplevel [14ms]
2023-03-20 09:51:15.897 [info] > git rev-parse --show-toplevel [14ms]
2023-03-20 09:51:15.897 [info] > git rev-parse --show-toplevel [6ms]
2023-03-20 09:51:15.897 [info] > git rev-parse --show-toplevel [2ms]
2023-03-20 09:51:15.897 [info] > git rev-parse --show-toplevel [5ms]
2023-03-20 09:51:15.901 [info] > git rev-parse --show-toplevel [5ms]
2023-03-20 09:51:15.915 [info] > git rev-parse --show-toplevel [2ms]
2023-03-20 09:51:15.973 [info] > git rev-parse --show-toplevel [48ms]
2023-03-20 09:51:15.989 [info] > git rev-parse --show-toplevel [4ms]
2023-03-20 09:51:16.003 [info] > git rev-parse --show-toplevel [2ms]
2023-03-20 09:51:16.015 [info] > git rev-parse --show-toplevel [1ms]
2023-03-20 09:51:16.029 [info] > git rev-parse --git-dir --git-common-dir [2ms]
2023-03-20 09:51:16.037 [info] Open repository: /home/mmihovilovic/vj11
2023-03-20 09:51:16.060 [warning] getRemotes() - ENOENT: no such file or directory, open '/home/mmihovilovic/vj11/--git-common-dir/config'
2023-03-20 09:51:16.076 [info] > git remote --verbose [17ms]
2023-03-20 09:51:16.077 [info] > git rev-parse --show-toplevel [27ms]
2023-03-20 09:51:16.091 [info] > git config --get commit.template [19ms]
2023-03-20 09:51:16.103 [info] > git rev-parse --show-toplevel [13ms]
2023-03-20 09:51:16.116 [info] > git for-each-ref --format=%(refname)%00%(upstream:short)%00%(objectname) refs/heads/master refs/remotes/master [15ms]
2023-03-20 09:51:16.135 [info] > git status -z -uall [4ms]
2023-03-20 09:51:16.148 [info] > git rev-parse --show-toplevel [34ms]
2023-03-20 09:51:16.171 [warning] getRemotes() - ENOENT: no such file or directory, open '/home/mmihovilovic/vj11/--git-common-dir/config'
2023-03-20 09:51:16.184 [info] > git status -z -uall [477ms]
2023-03-20 09:51:16.185 [info] > git remote --verbose [14ms]
2023-03-20 09:51:16.212 [info] > git rev-parse --show-toplevel [53ms]
2023-03-20 09:51:16.237 [warning] getRemotes() - ENOENT: no such file or directory, open '/home/mmihovilovic/--git-common-dir/config'
2023-03-20 09:51:16.248 [info] > git config --get commit.template [65ms]
2023-03-20 09:51:16.292 [info] > git config --get commit.template [45ms]
2023-03-20 09:51:16.292 [info] > git remote --verbose [56ms]
2023-03-20 09:51:16.293 [info] > git rev-parse --show-toplevel [71ms]
2023-03-20 09:51:16.420 [info] > git rev-parse --show-toplevel [117ms]
2023-03-20 09:51:16.433 [info] > git for-each-ref --format=%(refname)%00%(upstream:short)%00%(objectname) refs/heads/master refs/remotes/master [144ms]
2023-03-20 09:51:16.479 [info] > git status -z -uall [32ms]
2023-03-20 09:51:16.483 [info] > git rev-parse --show-toplevel [51ms]
2023-03-20 09:51:16.497 [info] > git check-ignore -v -z --stdin [33ms]
2023-03-20 09:51:16.500 [info] > git for-each-ref --format=%(refname)%00%(upstream:short)%00%(objectname) refs/heads/main refs/remotes/main [24ms]
2023-03-20 09:51:16.518 [info] > git rev-parse --show-toplevel [24ms]
2023-03-20 09:51:16.535 [info] > git rev-list --left-right --count main...origin/main [23ms]
2023-03-20 09:51:16.553 [info] > git rev-parse --git-dir --git-common-dir [20ms]
2023-03-20 09:51:16.561 [info] Open repository: /home/mmihovilovic/vj6
2023-03-20 09:51:16.587 [warning] getRemotes() - ENOENT: no such file or directory, open '/home/mmihovilovic/vj6/--git-common-dir/config'
2023-03-20 09:51:16.608 [info] > git config --get commit.template [9ms]
2023-03-20 09:51:16.608 [info] > git remote --verbose [22ms]
2023-03-20 09:51:16.609 [info] > git rev-parse --show-toplevel [34ms]
2023-03-20 09:51:16.636 [info] > git rev-parse --show-toplevel [15ms]
2023-03-20 09:51:16.650 [info] > git for-each-ref --format=%(refname)%00%(upstream:short)%00%(objectname) refs/heads/master refs/remotes/master [16ms]
2023-03-20 09:51:16.664 [info] > git rev-parse --show-toplevel [16ms]
2023-03-20 09:51:16.679 [info] > git status -z -uall [17ms]
2023-03-20 09:51:16.685 [info] > git rev-parse --show-toplevel [8ms]
2023-03-20 09:51:17.017 [info] > git status -z -uall [466ms]
2023-03-20 09:51:17.281 [info] > git check-ignore -v -z --stdin [16ms]
2023-03-20 09:51:17.282 [info] > git check-ignore -v -z --stdin [4ms]
2023-03-20 09:51:17.289 [info] > git check-ignore -v -z --stdin [37ms]
2023-03-20 09:51:18.838 [info] > git check-ignore -v -z --stdin [8ms]
2023-03-20 09:51:19.133 [warning] getRemotes() - ENOENT: no such file or directory, open '/home/mmihovilovic/--git-common-dir/config'
2023-03-20 09:51:19.147 [info] > git remote --verbose [14ms]
2023-03-20 09:51:19.148 [info] > git config --get commit.template [3ms]
2023-03-20 09:51:19.163 [info] > git for-each-ref --format=%(refname)%00%(upstream:short)%00%(objectname) refs/heads/main refs/remotes/main [3ms]
2023-03-20 09:51:19.178 [info] > git rev-list --left-right --count main...origin/main [2ms]
2023-03-20 09:51:19.652 [info] > git status -z -uall [462ms]
2023-03-20 09:51:20.421 [info] > git show --textconv :bzvz/Analyzer.cpp [20ms]
2023-03-20 09:51:20.427 [info] > git ls-files --stage -- /home/mmihovilovic/bzvz/Analyzer.cpp [9ms]
2023-03-20 09:51:20.455 [info] > git cat-file -s 55a8716792dbc3cae883e91bfde976a14160673d [10ms]
2023-03-20 09:51:29.363 [warning] getRemotes() - ENOENT: no such file or directory, open '/home/mmihovilovic/--git-common-dir/config'
2023-03-20 09:51:29.382 [info] > git remote --verbose [19ms]
2023-03-20 09:51:29.384 [info] > git config --get commit.template [2ms]
2023-03-20 09:51:29.405 [info] > git for-each-ref --format=%(refname)%00%(upstream:short)%00%(objectname) refs/heads/main refs/remotes/main [2ms]
2023-03-20 09:51:29.425 [info] > git rev-list --left-right --count main...origin/main [3ms]
2023-03-20 09:51:29.912 [info] > git status -z -uall [465ms]
2023-03-20 09:51:35.364 [warning] getRemotes() - ENOENT: no such file or directory, open '/home/mmihovilovic/--git-common-dir/config'
2023-03-20 09:51:35.385 [info] > git remote --verbose [21ms]
2023-03-20 09:51:35.388 [info] > git config --get commit.template [4ms]
2023-03-20 09:51:35.418 [info] > git for-each-ref --format=%(refname)%00%(upstream:short)%00%(objectname) refs/heads/main refs/remotes/main [5ms]
2023-03-20 09:51:35.445 [info] > git rev-list --left-right --count main...origin/main [4ms]
2023-03-20 09:51:35.928 [info] > git status -z -uall [464ms]
2023-03-20 09:51:40.961 [warning] getRemotes() - ENOENT: no such file or directory, open '/home/mmihovilovic/--git-common-dir/config'
2023-03-20 09:51:40.980 [info] > git remote --verbose [20ms]
2023-03-20 09:51:40.982 [info] > git config --get commit.template [2ms]
2023-03-20 09:51:41.002 [info] > git for-each-ref --format=%(refname)%00%(upstream:short)%00%(objectname) refs/heads/main refs/remotes/main [2ms]
2023-03-20 09:51:41.023 [info] > git rev-list --left-right --count main...origin/main [3ms]
2023-03-20 09:51:41.505 [info] > git status -z -uall [463ms]
2023-03-20 09:51:46.536 [warning] getRemotes() - ENOENT: no such file or directory, open '/home/mmihovilovic/--git-common-dir/config'
2023-03-20 09:51:46.559 [info] > git remote --verbose [23ms]
2023-03-20 09:51:46.560 [info] > git config --get commit.template [3ms]
2023-03-20 09:51:46.581 [info] > git for-each-ref --format=%(refname)%00%(upstream:short)%00%(objectname) refs/heads/main refs/remotes/main [3ms]
2023-03-20 09:51:46.603 [info] > git rev-list --left-right --count main...origin/main [3ms]
2023-03-20 09:51:47.087 [info] > git status -z -uall [466ms]
2023-03-20 09:51:52.127 [warning] getRemotes() - ENOENT: no such file or directory, open '/home/mmihovilovic/--git-common-dir/config'
2023-03-20 09:51:52.154 [info] > git remote --verbose [27ms]
2023-03-20 09:51:52.155 [info] > git config --get commit.template [3ms]
2023-03-20 09:51:52.178 [info] > git for-each-ref --format=%(refname)%00%(upstream:short)%00%(objectname) refs/heads/main refs/remotes/main [3ms]
2023-03-20 09:51:52.207 [info] > git rev-list --left-right --count main...origin/main [5ms]
2023-03-20 09:51:52.688 [info] > git status -z -uall [464ms]
2023-03-20 09:51:57.725 [warning] getRemotes() - ENOENT: no such file or directory, open '/home/mmihovilovic/--git-common-dir/config'
2023-03-20 09:51:57.745 [info] > git remote --verbose [20ms]
2023-03-20 09:51:57.746 [info] > git config --get commit.template [2ms]
2023-03-20 09:51:57.768 [info] > git for-each-ref --format=%(refname)%00%(upstream:short)%00%(objectname) refs/heads/main refs/remotes/main [3ms]
2023-03-20 09:51:57.789 [info] > git rev-list --left-right --count main...origin/main [3ms]
2023-03-20 09:51:58.271 [info] > git status -z -uall [463ms]
2023-03-20 09:52:03.309 [warning] getRemotes() - ENOENT: no such file or directory, open '/home/mmihovilovic/--git-common-dir/config'
2023-03-20 09:52:03.326 [info] > git remote --verbose [18ms]
2023-03-20 09:52:03.327 [info] > git config --get commit.template [3ms]
2023-03-20 09:52:03.345 [info] > git for-each-ref --format=%(refname)%00%(upstream:short)%00%(objectname) refs/heads/main refs/remotes/main [3ms]
2023-03-20 09:52:03.363 [info] > git rev-list --left-right --count main...origin/main [3ms]
2023-03-20 09:52:03.849 [info] > git status -z -uall [470ms]
2023-03-20 09:52:08.876 [warning] getRemotes() - ENOENT: no such file or directory, open '/home/mmihovilovic/--git-common-dir/config'
2023-03-20 09:52:08.899 [info] > git remote --verbose [22ms]
2023-03-20 09:52:08.900 [info] > git config --get commit.template [4ms]
2023-03-20 09:52:08.923 [info] > git for-each-ref --format=%(refname)%00%(upstream:short)%00%(objectname) refs/heads/main refs/remotes/main [3ms]
2023-03-20 09:52:08.942 [info] > git rev-list --left-right --count main...origin/main [3ms]
2023-03-20 09:52:09.423 [info] > git status -z -uall [465ms]
2023-03-20 09:52:14.451 [warning] getRemotes() - ENOENT: no such file or directory, open '/home/mmihovilovic/--git-common-dir/config'
2023-03-20 09:52:14.467 [info] > git remote --verbose [17ms]
2023-03-20 09:52:14.468 [info] > git config --get commit.template [2ms]
2023-03-20 09:52:14.486 [info] > git for-each-ref --format=%(refname)%00%(upstream:short)%00%(objectname) refs/heads/main refs/remotes/main [3ms]
2023-03-20 09:52:14.504 [info] > git rev-list --left-right --count main...origin/main [3ms]
2023-03-20 09:52:14.987 [info] > git status -z -uall [465ms]
