2023-03-16 20:54:25.521 [info] Log level: Info
2023-03-16 20:54:25.522 [info] Validating found git in: "git"
2023-03-16 20:54:25.522 [info] Using git "1.8.3.1" from "git"
2023-03-16 20:54:25.522 [info] > git rev-parse --show-toplevel [67ms]
2023-03-16 20:54:25.522 [info] > git rev-parse --git-dir --git-common-dir [3ms]
2023-03-16 20:54:25.522 [info] Open repository: /home/mmihovilovic
2023-03-16 20:54:25.522 [warning] getRemotes() - ENOENT: no such file or directory, open '/home/mmihovilovic/--git-common-dir/config'
2023-03-16 20:54:25.522 [info] > git rev-parse --show-toplevel [24ms]
2023-03-16 20:54:25.522 [info] > git config --get commit.template [14ms]
2023-03-16 20:54:25.522 [info] > git remote --verbose [25ms]
2023-03-16 20:54:25.522 [info] > git rev-parse --show-toplevel [7ms]
2023-03-16 20:54:25.522 [info] > git for-each-ref --format=%(refname)%00%(upstream:short)%00%(objectname) refs/heads/main refs/remotes/main [5ms]
2023-03-16 20:54:25.522 [info] > git rev-parse --show-toplevel [38ms]
2023-03-16 20:54:25.522 [info] > git rev-list --left-right --count main...origin/main [14ms]
2023-03-16 20:54:25.522 [info] > git rev-parse --show-toplevel [19ms]
2023-03-16 20:54:25.522 [info] > git rev-parse --show-toplevel [3ms]
2023-03-16 20:54:25.522 [info] > git rev-parse --show-toplevel [21ms]
2023-03-16 20:54:25.522 [info] > git rev-parse --show-toplevel [6ms]
2023-03-16 20:54:25.522 [info] > git rev-parse --show-toplevel [2ms]
2023-03-16 20:54:25.522 [info] > git rev-parse --show-toplevel [46ms]
2023-03-16 20:54:25.522 [info] > git rev-parse --show-toplevel [3ms]
2023-03-16 20:54:25.522 [info] > git rev-parse --show-toplevel [6ms]
2023-03-16 20:54:25.522 [info] > git rev-parse --show-toplevel [5ms]
2023-03-16 20:54:25.524 [info] > git rev-parse --show-toplevel [4ms]
2023-03-16 20:54:25.534 [info] > git rev-parse --show-toplevel [1ms]
2023-03-16 20:54:25.543 [info] > git rev-parse --show-toplevel [2ms]
2023-03-16 20:54:25.557 [info] > git rev-parse --git-dir --git-common-dir [2ms]
2023-03-16 20:54:25.565 [info] Open repository: /home/mmihovilovic/vj11
2023-03-16 20:54:25.589 [warning] getRemotes() - ENOENT: no such file or directory, open '/home/mmihovilovic/vj11/--git-common-dir/config'
2023-03-16 20:54:25.602 [info] > git rev-parse --show-toplevel [24ms]
2023-03-16 20:54:25.615 [info] > git config --get commit.template [15ms]
2023-03-16 20:54:25.616 [info] > git remote --verbose [26ms]
2023-03-16 20:54:25.616 [info] > git rev-parse --show-toplevel [4ms]
2023-03-16 20:54:25.641 [info] > git for-each-ref --format=%(refname)%00%(upstream:short)%00%(objectname) refs/heads/master refs/remotes/master [4ms]
2023-03-16 20:54:25.654 [info] > git rev-parse --show-toplevel [27ms]
2023-03-16 20:54:25.666 [info] > git status -z -uall [13ms]
2023-03-16 20:54:25.667 [info] > git rev-parse --show-toplevel [4ms]
2023-03-16 20:54:25.703 [warning] getRemotes() - ENOENT: no such file or directory, open '/home/mmihovilovic/vj11/--git-common-dir/config'
2023-03-16 20:54:25.715 [info] > git rev-parse --show-toplevel [37ms]
2023-03-16 20:54:25.729 [info] > git config --get commit.template [15ms]
2023-03-16 20:54:25.729 [info] > git remote --verbose [26ms]
2023-03-16 20:54:25.730 [info] > git rev-parse --show-toplevel [3ms]
2023-03-16 20:54:25.757 [info] > git rev-parse --show-toplevel [16ms]
2023-03-16 20:54:25.769 [info] > git for-each-ref --format=%(refname)%00%(upstream:short)%00%(objectname) refs/heads/master refs/remotes/master [13ms]
2023-03-16 20:54:25.782 [info] > git rev-parse --show-toplevel [14ms]
2023-03-16 20:54:25.827 [info] > git status -z -uall [480ms]
2023-03-16 20:54:25.827 [info] > git status -z -uall [49ms]
2023-03-16 20:54:25.827 [info] > git rev-parse --git-dir --git-common-dir [35ms]
2023-03-16 20:54:25.834 [info] Open repository: /home/mmihovilovic/vj6
2023-03-16 20:54:25.872 [warning] getRemotes() - ENOENT: no such file or directory, open '/home/mmihovilovic/vj6/--git-common-dir/config'
2023-03-16 20:54:25.891 [warning] getRemotes() - ENOENT: no such file or directory, open '/home/mmihovilovic/--git-common-dir/config'
2023-03-16 20:54:25.908 [info] > git rev-parse --show-toplevel [60ms]
2023-03-16 20:54:25.937 [info] > git rev-parse --show-toplevel [17ms]
2023-03-16 20:54:25.948 [info] > git config --get commit.template [48ms]
2023-03-16 20:54:25.949 [info] > git remote --verbose [59ms]
2023-03-16 20:54:25.949 [info] > git config --get commit.template [68ms]
2023-03-16 20:54:25.949 [info] > git remote --verbose [77ms]
2023-03-16 20:54:25.968 [info] > git check-ignore -v -z --stdin [35ms]
2023-03-16 20:54:25.971 [info] > git rev-parse --show-toplevel [23ms]
2023-03-16 20:54:26.011 [info] > git rev-parse --show-toplevel [30ms]
2023-03-16 20:54:26.020 [info] > git for-each-ref --format=%(refname)%00%(upstream:short)%00%(objectname) refs/heads/main refs/remotes/main [10ms]
2023-03-16 20:54:26.031 [info] > git for-each-ref --format=%(refname)%00%(upstream:short)%00%(objectname) refs/heads/master refs/remotes/master [33ms]
2023-03-16 20:54:26.044 [info] > git rev-list --left-right --count main...origin/main [14ms]
2023-03-16 20:54:26.057 [info] > git status -z -uall [15ms]
2023-03-16 20:54:26.074 [warning] getRemotes() - ENOENT: no such file or directory, open '/home/mmihovilovic/vj6/--git-common-dir/config'
2023-03-16 20:54:26.086 [info] > git remote --verbose [11ms]
2023-03-16 20:54:26.087 [info] > git config --get commit.template [4ms]
2023-03-16 20:54:26.102 [info] > git for-each-ref --format=%(refname)%00%(upstream:short)%00%(objectname) refs/heads/master refs/remotes/master [4ms]
2023-03-16 20:54:26.119 [info] > git status -z -uall [6ms]
2023-03-16 20:54:26.510 [info] > git check-ignore -v -z --stdin [17ms]
2023-03-16 20:54:26.512 [info] > git check-ignore -v -z --stdin [4ms]
2023-03-16 20:54:26.518 [info] > git check-ignore -v -z --stdin [37ms]
2023-03-16 20:54:26.520 [info] > git status -z -uall [465ms]
2023-03-16 20:54:27.680 [info] > git check-ignore -v -z --stdin [9ms]
2023-03-16 20:54:31.165 [info] > git check-ignore -v -z --stdin [10ms]
2023-03-16 20:54:32.186 [info] > git check-ignore -v -z --stdin [10ms]
2023-03-16 20:54:39.548 [info] > git check-ignore -v -z --stdin [9ms]
2023-03-16 20:54:40.412 [info] > git check-ignore -v -z --stdin [9ms]
2023-03-16 20:55:33.305 [info] > git check-ignore -v -z --stdin [10ms]
2023-03-16 20:55:35.395 [info] > git check-ignore -v -z --stdin [10ms]
