2023-03-23 19:35:43.392 [info] Log level: Info
2023-03-23 19:35:43.392 [info] Validating found git in: "git"
2023-03-23 19:35:43.392 [info] Using git "1.8.3.1" from "git"
2023-03-23 19:35:43.392 [info] > git rev-parse --show-toplevel [23ms]
2023-03-23 19:35:43.392 [info] > git rev-parse --git-dir --git-common-dir [8ms]
2023-03-23 19:35:43.392 [info] Open repository: /home/mmihovilovic
2023-03-23 19:35:43.392 [warning] getRemotes() - ENOENT: no such file or directory, open '/home/mmihovilovic/--git-common-dir/config'
2023-03-23 19:35:43.392 [info] > git config --get commit.template [11ms]
2023-03-23 19:35:43.392 [info] > git remote --verbose [27ms]
2023-03-23 19:35:43.392 [info] > git rev-parse --show-toplevel [43ms]
2023-03-23 19:35:43.392 [info] > git rev-parse --show-toplevel [18ms]
2023-03-23 19:35:43.392 [info] > git rev-parse --show-toplevel [16ms]
2023-03-23 19:35:43.392 [info] > git for-each-ref --format=%(refname)%00%(upstream:short)%00%(objectname) refs/heads/main refs/remotes/main [18ms]
2023-03-23 19:35:43.392 [info] > git rev-parse --show-toplevel [88ms]
2023-03-23 19:35:43.392 [info] > git rev-list --left-right --count main...origin/main [85ms]
2023-03-23 19:35:43.392 [info] > git rev-parse --show-toplevel [20ms]
2023-03-23 19:35:43.392 [info] > git rev-parse --show-toplevel [13ms]
2023-03-23 19:35:43.392 [info] > git rev-parse --show-toplevel [2ms]
2023-03-23 19:35:43.392 [info] > git rev-parse --show-toplevel [5ms]
2023-03-23 19:35:43.393 [info] > git rev-parse --show-toplevel [264ms]
2023-03-23 19:35:43.395 [info] > git rev-parse --show-toplevel [11ms]
2023-03-23 19:35:43.434 [info] > git rev-parse --show-toplevel [22ms]
2023-03-23 19:35:43.625 [info] > git rev-parse --show-toplevel [178ms]
2023-03-23 19:35:43.665 [info] > git check-ignore -v -z --stdin [45ms]
2023-03-23 19:35:43.674 [info] > git rev-parse --show-toplevel [29ms]
2023-03-23 19:35:43.719 [info] > git rev-parse --show-toplevel [31ms]
2023-03-23 19:35:43.757 [info] > git rev-parse --show-toplevel [23ms]
2023-03-23 19:35:43.786 [info] > git rev-parse --show-toplevel [10ms]
2023-03-23 19:35:43.816 [info] > git rev-parse --show-toplevel [13ms]
2023-03-23 19:35:43.838 [info] > git rev-parse --show-toplevel [6ms]
2023-03-23 19:35:43.866 [info] > git rev-parse --git-dir --git-common-dir [8ms]
2023-03-23 19:35:43.876 [info] Open repository: /home/mmihovilovic/vj11
2023-03-23 19:35:43.915 [warning] getRemotes() - ENOENT: no such file or directory, open '/home/mmihovilovic/vj11/--git-common-dir/config'
2023-03-23 19:35:43.930 [info] > git rev-parse --show-toplevel [35ms]
2023-03-23 19:35:43.952 [info] > git config --get commit.template [23ms]
2023-03-23 19:35:43.952 [info] > git remote --verbose [37ms]
2023-03-23 19:35:43.958 [info] > git rev-parse --show-toplevel [16ms]
2023-03-23 19:35:43.991 [info] > git rev-parse --show-toplevel [20ms]
2023-03-23 19:35:44.010 [info] > git for-each-ref --format=%(refname)%00%(upstream:short)%00%(objectname) refs/heads/master refs/remotes/master [22ms]
2023-03-23 19:35:44.032 [info] > git rev-parse --show-toplevel [28ms]
2023-03-23 19:35:44.051 [info] > git status -z -uall [29ms]
2023-03-23 19:35:44.124 [warning] getRemotes() - ENOENT: no such file or directory, open '/home/mmihovilovic/vj11/--git-common-dir/config'
2023-03-23 19:35:44.138 [info] > git rev-parse --show-toplevel [93ms]
2023-03-23 19:35:44.156 [info] > git config --get commit.template [19ms]
2023-03-23 19:35:44.156 [info] > git remote --verbose [33ms]
2023-03-23 19:35:44.193 [info] > git rev-parse --show-toplevel [44ms]
2023-03-23 19:35:44.234 [info] > git for-each-ref --format=%(refname)%00%(upstream:short)%00%(objectname) refs/heads/master refs/remotes/master [9ms]
2023-03-23 19:35:44.247 [info] > git rev-parse --show-toplevel [42ms]
2023-03-23 19:35:44.265 [info] > git status -z -uall [19ms]
2023-03-23 19:35:44.272 [info] > git rev-parse --show-toplevel [12ms]
2023-03-23 19:35:44.291 [info] > git rev-parse --git-dir --git-common-dir [7ms]
2023-03-23 19:35:44.299 [info] Open repository: /home/mmihovilovic/vj6
2023-03-23 19:35:44.326 [warning] getRemotes() - ENOENT: no such file or directory, open '/home/mmihovilovic/vj6/--git-common-dir/config'
2023-03-23 19:35:44.343 [info] > git remote --verbose [16ms]
2023-03-23 19:35:44.343 [info] > git rev-parse --show-toplevel [31ms]
2023-03-23 19:35:44.359 [info] > git config --get commit.template [22ms]
2023-03-23 19:35:44.377 [info] > git rev-parse --show-toplevel [22ms]
2023-03-23 19:35:44.402 [info] > git rev-parse --show-toplevel [12ms]
2023-03-23 19:35:44.415 [info] > git for-each-ref --format=%(refname)%00%(upstream:short)%00%(objectname) refs/heads/master refs/remotes/master [41ms]
2023-03-23 19:35:44.434 [info] > git status -z -uall [5ms]
2023-03-23 19:35:44.434 [info] > git rev-parse --show-toplevel [20ms]
2023-03-23 19:35:44.474 [warning] getRemotes() - ENOENT: no such file or directory, open '/home/mmihovilovic/vj6/--git-common-dir/config'
2023-03-23 19:35:44.509 [info] > git config --get commit.template [21ms]
2023-03-23 19:35:44.509 [info] > git remote --verbose [36ms]
2023-03-23 19:35:44.535 [info] > git check-ignore -v -z --stdin [34ms]
2023-03-23 19:35:44.540 [info] > git for-each-ref --format=%(refname)%00%(upstream:short)%00%(objectname) refs/heads/master refs/remotes/master [6ms]
2023-03-23 19:35:44.560 [info] > git status -z -uall [7ms]
2023-03-23 19:35:45.250 [info] > git check-ignore -v -z --stdin [11ms]
2023-03-23 19:35:45.252 [info] > git check-ignore -v -z --stdin [28ms]
2023-03-23 19:35:45.261 [info] > git check-ignore -v -z --stdin [51ms]
2023-03-23 19:35:46.433 [info] > git check-ignore -v -z --stdin [9ms]
2023-03-23 19:35:47.031 [info] > git status -z -uall [4007ms]
2023-03-23 19:35:47.113 [warning] getRemotes() - ENOENT: no such file or directory, open '/home/mmihovilovic/--git-common-dir/config'
2023-03-23 19:35:47.133 [info] > git remote --verbose [20ms]
2023-03-23 19:35:47.135 [info] > git config --get commit.template [4ms]
2023-03-23 19:35:47.557 [info] > git for-each-ref --format=%(refname)%00%(upstream:short)%00%(objectname) refs/heads/main refs/remotes/main [402ms]
2023-03-23 19:35:47.583 [info] > git rev-list --left-right --count main...origin/main [7ms]
2023-03-23 19:35:50.582 [info] > git check-ignore -v -z --stdin [9ms]
2023-03-23 19:35:51.576 [info] > git status -z -uall [3971ms]
2023-03-23 19:35:55.839 [warning] getRemotes() - ENOENT: no such file or directory, open '/home/mmihovilovic/--git-common-dir/config'
2023-03-23 19:35:55.860 [info] > git remote --verbose [21ms]
2023-03-23 19:35:55.861 [info] > git config --get commit.template [3ms]
2023-03-23 19:35:55.883 [info] > git for-each-ref --format=%(refname)%00%(upstream:short)%00%(objectname) refs/heads/main refs/remotes/main [3ms]
2023-03-23 19:35:55.904 [info] > git rev-list --left-right --count main...origin/main [3ms]
2023-03-23 19:35:59.482 [info] > git check-ignore -v -z --stdin [9ms]
2023-03-23 19:35:59.891 [info] > git status -z -uall [3968ms]
2023-03-23 19:36:01.841 [info] > git check-ignore -v -z --stdin [9ms]
2023-03-23 19:36:03.602 [info] > git check-ignore -v -z --stdin [10ms]
2023-03-23 19:36:04.589 [info] > git show --textconv :Ispit_2rok/z1/Makefile [26ms]
2023-03-23 19:36:04.596 [info] > git ls-files --stage -- /home/mmihovilovic/Ispit_2rok/z1/Makefile [8ms]
2023-03-23 19:36:04.951 [warning] getRemotes() - ENOENT: no such file or directory, open '/home/mmihovilovic/--git-common-dir/config'
2023-03-23 19:36:04.973 [info] > git remote --verbose [21ms]
2023-03-23 19:36:04.974 [info] > git config --get commit.template [2ms]
2023-03-23 19:36:04.996 [info] > git for-each-ref --format=%(refname)%00%(upstream:short)%00%(objectname) refs/heads/main refs/remotes/main [2ms]
2023-03-23 19:36:05.018 [info] > git rev-list --left-right --count main...origin/main [3ms]
2023-03-23 19:36:05.334 [info] > git show --textconv :Ispit_2rok/z1/analyze.cpp [21ms]
2023-03-23 19:36:05.343 [info] > git ls-files --stage -- /home/mmihovilovic/Ispit_2rok/z1/analyze.cpp [10ms]
2023-03-23 19:36:06.151 [info] > git show --textconv :Ispit_2rok/z1/Analyzer.cpp [21ms]
2023-03-23 19:36:06.159 [info] > git ls-files --stage -- /home/mmihovilovic/Ispit_2rok/z1/Analyzer.cpp [10ms]
2023-03-23 19:36:09.011 [info] > git status -z -uall [3973ms]
2023-03-23 19:36:10.377 [info] > git check-ignore -v -z --stdin [9ms]
2023-03-23 19:36:11.183 [info] > git show --textconv :Ispit_2rok/z2/Makefile [22ms]
2023-03-23 19:36:11.191 [info] > git ls-files --stage -- /home/mmihovilovic/Ispit_2rok/z2/Makefile [8ms]
2023-03-23 19:36:12.230 [info] > git show --textconv :Ispit_2rok/z2/analyze.cpp [25ms]
2023-03-23 19:36:12.240 [info] > git ls-files --stage -- /home/mmihovilovic/Ispit_2rok/z2/analyze.cpp [11ms]
2023-03-23 19:36:12.723 [info] > git show --textconv :Ispit_2rok/z2/Analyzer.cpp [26ms]
2023-03-23 19:36:12.729 [info] > git ls-files --stage -- /home/mmihovilovic/Ispit_2rok/z2/Analyzer.cpp [11ms]
2023-03-23 19:36:13.011 [info] > git show --textconv :Ispit_2rok/z2/analyze.cpp [22ms]
2023-03-23 19:36:13.021 [info] > git ls-files --stage -- /home/mmihovilovic/Ispit_2rok/z2/analyze.cpp [11ms]
2023-03-23 19:36:14.064 [warning] getRemotes() - ENOENT: no such file or directory, open '/home/mmihovilovic/--git-common-dir/config'
2023-03-23 19:36:14.086 [info] > git remote --verbose [22ms]
2023-03-23 19:36:14.087 [info] > git config --get commit.template [2ms]
2023-03-23 19:36:14.112 [info] > git for-each-ref --format=%(refname)%00%(upstream:short)%00%(objectname) refs/heads/main refs/remotes/main [2ms]
2023-03-23 19:36:14.138 [info] > git rev-list --left-right --count main...origin/main [2ms]
2023-03-23 19:36:18.116 [info] > git status -z -uall [3958ms]
2023-03-23 19:36:22.107 [info] > git check-ignore -v -z --stdin [8ms]
2023-03-23 19:36:23.171 [warning] getRemotes() - ENOENT: no such file or directory, open '/home/mmihovilovic/--git-common-dir/config'
2023-03-23 19:36:23.195 [info] > git remote --verbose [24ms]
2023-03-23 19:36:23.196 [info] > git config --get commit.template [3ms]
2023-03-23 19:36:23.220 [info] > git for-each-ref --format=%(refname)%00%(upstream:short)%00%(objectname) refs/heads/main refs/remotes/main [2ms]
2023-03-23 19:36:23.243 [info] > git rev-list --left-right --count main...origin/main [2ms]
2023-03-23 19:36:27.229 [info] > git status -z -uall [3965ms]
2023-03-23 19:36:30.339 [info] > git show --textconv :macbzvz/kol2/Analyzer.h [27ms]
2023-03-23 19:36:30.347 [info] > git ls-files --stage -- /home/mmihovilovic/macbzvz/kol2/Analyzer.h [10ms]
2023-03-23 19:36:30.371 [info] > git cat-file -s 60bf9a3e79a71fb93466f840be727f5022f0f4e3 [2ms]
2023-03-23 19:36:31.964 [info] > git show --textconv :macbzvz/kol2/Analyzer.cpp [28ms]
2023-03-23 19:36:31.972 [info] > git ls-files --stage -- /home/mmihovilovic/macbzvz/kol2/Analyzer.cpp [10ms]
2023-03-23 19:36:31.996 [info] > git cat-file -s db1bcde1e6ff0752476ee91a651dc6e10b58b6b5 [2ms]
2023-03-23 19:36:32.277 [warning] getRemotes() - ENOENT: no such file or directory, open '/home/mmihovilovic/--git-common-dir/config'
2023-03-23 19:36:32.302 [info] > git remote --verbose [24ms]
2023-03-23 19:36:32.302 [info] > git config --get commit.template [4ms]
2023-03-23 19:36:32.325 [info] > git for-each-ref --format=%(refname)%00%(upstream:short)%00%(objectname) refs/heads/main refs/remotes/main [2ms]
2023-03-23 19:36:32.349 [info] > git rev-list --left-right --count main...origin/main [3ms]
2023-03-23 19:36:36.320 [info] > git status -z -uall [3950ms]
2023-03-23 19:36:41.374 [warning] getRemotes() - ENOENT: no such file or directory, open '/home/mmihovilovic/--git-common-dir/config'
2023-03-23 19:36:41.398 [info] > git remote --verbose [25ms]
2023-03-23 19:36:41.399 [info] > git config --get commit.template [3ms]
2023-03-23 19:36:41.428 [info] > git for-each-ref --format=%(refname)%00%(upstream:short)%00%(objectname) refs/heads/main refs/remotes/main [3ms]
2023-03-23 19:36:41.462 [info] > git rev-list --left-right --count main...origin/main [2ms]
2023-03-23 19:36:45.449 [info] > git status -z -uall [3956ms]
2023-03-23 19:40:41.707 [warning] getRemotes() - ENOENT: no such file or directory, open '/home/mmihovilovic/--git-common-dir/config'
2023-03-23 19:40:41.723 [info] > git remote --verbose [16ms]
2023-03-23 19:40:41.729 [info] > git config --get commit.template [7ms]
2023-03-23 19:40:41.746 [info] > git for-each-ref --format=%(refname)%00%(upstream:short)%00%(objectname) refs/heads/main refs/remotes/main [3ms]
2023-03-23 19:40:41.767 [info] > git rev-list --left-right --count main...origin/main [3ms]
2023-03-23 19:40:42.509 [info] > git check-ignore -v -z --stdin [9ms]
2023-03-23 19:40:45.758 [info] > git status -z -uall [3972ms]
2023-03-23 19:40:50.816 [warning] getRemotes() - ENOENT: no such file or directory, open '/home/mmihovilovic/--git-common-dir/config'
2023-03-23 19:40:50.838 [info] > git config --get commit.template [6ms]
2023-03-23 19:40:50.839 [info] > git remote --verbose [23ms]
2023-03-23 19:40:50.865 [info] > git for-each-ref --format=%(refname)%00%(upstream:short)%00%(objectname) refs/heads/main refs/remotes/main [6ms]
2023-03-23 19:40:50.891 [info] > git rev-list --left-right --count main...origin/main [6ms]
2023-03-23 19:40:54.889 [info] > git status -z -uall [3977ms]
2023-03-23 19:40:59.940 [warning] getRemotes() - ENOENT: no such file or directory, open '/home/mmihovilovic/--git-common-dir/config'
2023-03-23 19:40:59.959 [info] > git remote --verbose [19ms]
2023-03-23 19:40:59.960 [info] > git config --get commit.template [2ms]
2023-03-23 19:40:59.981 [info] > git for-each-ref --format=%(refname)%00%(upstream:short)%00%(objectname) refs/heads/main refs/remotes/main [2ms]
2023-03-23 19:41:00.001 [info] > git rev-list --left-right --count main...origin/main [3ms]
2023-03-23 19:41:04.001 [info] > git status -z -uall [3978ms]
2023-03-23 19:41:09.053 [warning] getRemotes() - ENOENT: no such file or directory, open '/home/mmihovilovic/--git-common-dir/config'
2023-03-23 19:41:09.076 [info] > git remote --verbose [23ms]
2023-03-23 19:41:09.077 [info] > git config --get commit.template [3ms]
2023-03-23 19:41:09.097 [info] > git for-each-ref --format=%(refname)%00%(upstream:short)%00%(objectname) refs/heads/main refs/remotes/main [3ms]
2023-03-23 19:41:09.117 [info] > git rev-list --left-right --count main...origin/main [2ms]
2023-03-23 19:41:13.119 [info] > git status -z -uall [3984ms]
2023-03-23 19:41:18.164 [warning] getRemotes() - ENOENT: no such file or directory, open '/home/mmihovilovic/--git-common-dir/config'
2023-03-23 19:41:18.184 [info] > git remote --verbose [19ms]
2023-03-23 19:41:18.185 [info] > git config --get commit.template [2ms]
2023-03-23 19:41:18.204 [info] > git for-each-ref --format=%(refname)%00%(upstream:short)%00%(objectname) refs/heads/main refs/remotes/main [2ms]
2023-03-23 19:41:18.227 [info] > git rev-list --left-right --count main...origin/main [5ms]
2023-03-23 19:41:22.223 [info] > git status -z -uall [3978ms]
2023-03-23 19:41:27.277 [warning] getRemotes() - ENOENT: no such file or directory, open '/home/mmihovilovic/--git-common-dir/config'
2023-03-23 19:41:27.299 [info] > git remote --verbose [22ms]
2023-03-23 19:41:27.300 [info] > git config --get commit.template [3ms]
2023-03-23 19:41:27.320 [info] > git for-each-ref --format=%(refname)%00%(upstream:short)%00%(objectname) refs/heads/main refs/remotes/main [2ms]
2023-03-23 19:41:27.343 [info] > git rev-list --left-right --count main...origin/main [3ms]
2023-03-23 19:41:31.341 [info] > git status -z -uall [3978ms]
2023-03-23 19:41:36.391 [warning] getRemotes() - ENOENT: no such file or directory, open '/home/mmihovilovic/--git-common-dir/config'
2023-03-23 19:41:36.410 [info] > git remote --verbose [20ms]
2023-03-23 19:41:36.411 [info] > git config --get commit.template [3ms]
2023-03-23 19:41:36.431 [info] > git for-each-ref --format=%(refname)%00%(upstream:short)%00%(objectname) refs/heads/main refs/remotes/main [2ms]
2023-03-23 19:41:36.451 [info] > git rev-list --left-right --count main...origin/main [2ms]
2023-03-23 19:41:40.443 [info] > git status -z -uall [3974ms]
2023-03-23 19:41:45.497 [warning] getRemotes() - ENOENT: no such file or directory, open '/home/mmihovilovic/--git-common-dir/config'
2023-03-23 19:41:45.518 [info] > git remote --verbose [21ms]
2023-03-23 19:41:45.519 [info] > git config --get commit.template [2ms]
2023-03-23 19:41:45.539 [info] > git for-each-ref --format=%(refname)%00%(upstream:short)%00%(objectname) refs/heads/main refs/remotes/main [2ms]
2023-03-23 19:41:45.561 [info] > git rev-list --left-right --count main...origin/main [2ms]
2023-03-23 19:41:49.556 [info] > git status -z -uall [3977ms]
2023-03-23 19:41:54.618 [warning] getRemotes() - ENOENT: no such file or directory, open '/home/mmihovilovic/--git-common-dir/config'
2023-03-23 19:41:54.637 [info] > git remote --verbose [20ms]
2023-03-23 19:41:54.638 [info] > git config --get commit.template [3ms]
2023-03-23 19:41:54.660 [info] > git for-each-ref --format=%(refname)%00%(upstream:short)%00%(objectname) refs/heads/main refs/remotes/main [3ms]
2023-03-23 19:41:54.682 [info] > git rev-list --left-right --count main...origin/main [2ms]
2023-03-23 19:41:58.673 [info] > git status -z -uall [3973ms]
2023-03-23 19:42:03.724 [warning] getRemotes() - ENOENT: no such file or directory, open '/home/mmihovilovic/--git-common-dir/config'
2023-03-23 19:42:03.746 [info] > git remote --verbose [22ms]
2023-03-23 19:42:03.747 [info] > git config --get commit.template [3ms]
2023-03-23 19:42:03.769 [info] > git for-each-ref --format=%(refname)%00%(upstream:short)%00%(objectname) refs/heads/main refs/remotes/main [3ms]
2023-03-23 19:42:03.789 [info] > git rev-list --left-right --count main...origin/main [3ms]
2023-03-23 19:42:07.790 [info] > git status -z -uall [3981ms]
2023-03-23 19:42:12.844 [warning] getRemotes() - ENOENT: no such file or directory, open '/home/mmihovilovic/--git-common-dir/config'
2023-03-23 19:42:12.863 [info] > git remote --verbose [19ms]
2023-03-23 19:42:12.864 [info] > git config --get commit.template [3ms]
2023-03-23 19:42:12.883 [info] > git for-each-ref --format=%(refname)%00%(upstream:short)%00%(objectname) refs/heads/main refs/remotes/main [2ms]
2023-03-23 19:42:12.903 [info] > git rev-list --left-right --count main...origin/main [2ms]
2023-03-23 19:42:16.880 [info] > git status -z -uall [3959ms]
2023-03-23 19:42:21.932 [warning] getRemotes() - ENOENT: no such file or directory, open '/home/mmihovilovic/--git-common-dir/config'
2023-03-23 19:42:21.955 [info] > git remote --verbose [22ms]
2023-03-23 19:42:21.956 [info] > git config --get commit.template [3ms]
2023-03-23 19:42:21.977 [info] > git for-each-ref --format=%(refname)%00%(upstream:short)%00%(objectname) refs/heads/main refs/remotes/main [3ms]
2023-03-23 19:42:22.003 [info] > git rev-list --left-right --count main...origin/main [3ms]
2023-03-23 19:42:25.997 [info] > git status -z -uall [3971ms]
2023-03-23 19:42:31.041 [warning] getRemotes() - ENOENT: no such file or directory, open '/home/mmihovilovic/--git-common-dir/config'
2023-03-23 19:42:31.060 [info] > git remote --verbose [19ms]
2023-03-23 19:42:31.061 [info] > git config --get commit.template [3ms]
2023-03-23 19:42:31.081 [info] > git for-each-ref --format=%(refname)%00%(upstream:short)%00%(objectname) refs/heads/main refs/remotes/main [3ms]
2023-03-23 19:42:31.101 [info] > git rev-list --left-right --count main...origin/main [2ms]
2023-03-23 19:42:35.082 [info] > git status -z -uall [3963ms]
2023-03-23 19:42:40.137 [warning] getRemotes() - ENOENT: no such file or directory, open '/home/mmihovilovic/--git-common-dir/config'
2023-03-23 19:42:40.157 [info] > git remote --verbose [19ms]
2023-03-23 19:42:40.157 [info] > git config --get commit.template [2ms]
2023-03-23 19:42:40.177 [info] > git for-each-ref --format=%(refname)%00%(upstream:short)%00%(objectname) refs/heads/main refs/remotes/main [3ms]
2023-03-23 19:42:40.197 [info] > git rev-list --left-right --count main...origin/main [3ms]
2023-03-23 19:42:44.195 [info] > git status -z -uall [3978ms]
2023-03-23 19:42:49.250 [warning] getRemotes() - ENOENT: no such file or directory, open '/home/mmihovilovic/--git-common-dir/config'
2023-03-23 19:42:49.270 [info] > git remote --verbose [20ms]
2023-03-23 19:42:49.271 [info] > git config --get commit.template [2ms]
2023-03-23 19:42:49.293 [info] > git for-each-ref --format=%(refname)%00%(upstream:short)%00%(objectname) refs/heads/main refs/remotes/main [5ms]
2023-03-23 19:42:49.317 [info] > git rev-list --left-right --count main...origin/main [4ms]
2023-03-23 19:42:53.318 [info] > git status -z -uall [3980ms]
2023-03-23 19:42:58.362 [warning] getRemotes() - ENOENT: no such file or directory, open '/home/mmihovilovic/--git-common-dir/config'
2023-03-23 19:42:58.383 [info] > git remote --verbose [22ms]
2023-03-23 19:42:58.384 [info] > git config --get commit.template [2ms]
2023-03-23 19:42:58.406 [info] > git for-each-ref --format=%(refname)%00%(upstream:short)%00%(objectname) refs/heads/main refs/remotes/main [2ms]
2023-03-23 19:42:58.426 [info] > git rev-list --left-right --count main...origin/main [3ms]
2023-03-23 19:43:02.419 [info] > git status -z -uall [3978ms]
2023-03-23 19:43:07.468 [warning] getRemotes() - ENOENT: no such file or directory, open '/home/mmihovilovic/--git-common-dir/config'
2023-03-23 19:43:07.490 [info] > git remote --verbose [21ms]
2023-03-23 19:43:07.490 [info] > git config --get commit.template [2ms]
2023-03-23 19:43:07.513 [info] > git for-each-ref --format=%(refname)%00%(upstream:short)%00%(objectname) refs/heads/main refs/remotes/main [2ms]
2023-03-23 19:43:07.532 [info] > git rev-list --left-right --count main...origin/main [3ms]
2023-03-23 19:43:11.519 [info] > git status -z -uall [3967ms]
2023-03-23 19:43:16.574 [warning] getRemotes() - ENOENT: no such file or directory, open '/home/mmihovilovic/--git-common-dir/config'
2023-03-23 19:43:16.595 [info] > git remote --verbose [21ms]
2023-03-23 19:43:16.596 [info] > git config --get commit.template [2ms]
2023-03-23 19:43:16.616 [info] > git for-each-ref --format=%(refname)%00%(upstream:short)%00%(objectname) refs/heads/main refs/remotes/main [2ms]
2023-03-23 19:43:16.637 [info] > git rev-list --left-right --count main...origin/main [2ms]
2023-03-23 19:43:20.623 [info] > git status -z -uall [3966ms]
2023-03-23 19:43:25.679 [warning] getRemotes() - ENOENT: no such file or directory, open '/home/mmihovilovic/--git-common-dir/config'
2023-03-23 19:43:25.698 [info] > git remote --verbose [19ms]
2023-03-23 19:43:25.699 [info] > git config --get commit.template [2ms]
2023-03-23 19:43:25.719 [info] > git for-each-ref --format=%(refname)%00%(upstream:short)%00%(objectname) refs/heads/main refs/remotes/main [3ms]
2023-03-23 19:43:25.739 [info] > git rev-list --left-right --count main...origin/main [2ms]
2023-03-23 19:43:29.736 [info] > git status -z -uall [3979ms]
2023-03-23 19:43:34.783 [warning] getRemotes() - ENOENT: no such file or directory, open '/home/mmihovilovic/--git-common-dir/config'
2023-03-23 19:43:34.802 [info] > git remote --verbose [20ms]
2023-03-23 19:43:34.803 [info] > git config --get commit.template [3ms]
2023-03-23 19:43:34.823 [info] > git for-each-ref --format=%(refname)%00%(upstream:short)%00%(objectname) refs/heads/main refs/remotes/main [2ms]
2023-03-23 19:43:34.842 [info] > git rev-list --left-right --count main...origin/main [2ms]
2023-03-23 19:43:38.821 [info] > git status -z -uall [3962ms]
2023-03-23 19:43:43.876 [warning] getRemotes() - ENOENT: no such file or directory, open '/home/mmihovilovic/--git-common-dir/config'
2023-03-23 19:43:43.895 [info] > git remote --verbose [19ms]
2023-03-23 19:43:43.896 [info] > git config --get commit.template [3ms]
2023-03-23 19:43:43.915 [info] > git for-each-ref --format=%(refname)%00%(upstream:short)%00%(objectname) refs/heads/main refs/remotes/main [2ms]
2023-03-23 19:43:43.935 [info] > git rev-list --left-right --count main...origin/main [3ms]
2023-03-23 19:43:47.914 [info] > git status -z -uall [3962ms]
2023-03-23 19:43:52.964 [warning] getRemotes() - ENOENT: no such file or directory, open '/home/mmihovilovic/--git-common-dir/config'
2023-03-23 19:43:52.983 [info] > git remote --verbose [18ms]
2023-03-23 19:43:52.984 [info] > git config --get commit.template [3ms]
2023-03-23 19:43:53.003 [info] > git for-each-ref --format=%(refname)%00%(upstream:short)%00%(objectname) refs/heads/main refs/remotes/main [2ms]
2023-03-23 19:43:53.023 [info] > git rev-list --left-right --count main...origin/main [2ms]
2023-03-23 19:43:57.026 [info] > git status -z -uall [3986ms]
2023-03-23 19:44:02.104 [warning] getRemotes() - ENOENT: no such file or directory, open '/home/mmihovilovic/--git-common-dir/config'
2023-03-23 19:44:02.123 [info] > git remote --verbose [20ms]
2023-03-23 19:44:02.124 [info] > git config --get commit.template [3ms]
2023-03-23 19:44:02.144 [info] > git for-each-ref --format=%(refname)%00%(upstream:short)%00%(objectname) refs/heads/main refs/remotes/main [2ms]
2023-03-23 19:44:02.167 [info] > git rev-list --left-right --count main...origin/main [3ms]
2023-03-23 19:44:04.122 [info] > git show --textconv :macbzvz/kol2/zad2/Analyzer.cpp [19ms]
2023-03-23 19:44:04.130 [info] > git ls-files --stage -- /home/mmihovilovic/macbzvz/kol2/zad2/Analyzer.cpp [8ms]
2023-03-23 19:44:04.147 [info] > git cat-file -s 7936e73c38473b9bbcb4d9e42bb5526b04a425ea [2ms]
2023-03-23 19:44:06.168 [info] > git status -z -uall [3982ms]
2023-03-23 19:44:10.178 [info] > git show --textconv :macbzvz/kol2/zad2/analyze.cpp [23ms]
2023-03-23 19:44:10.183 [info] > git ls-files --stage -- /home/mmihovilovic/macbzvz/kol2/zad2/analyze.cpp [9ms]
2023-03-23 19:44:10.205 [info] > git cat-file -s a85bae1078496dc7517d8acda5bd82f1b090226c [2ms]
2023-03-23 19:44:11.224 [warning] getRemotes() - ENOENT: no such file or directory, open '/home/mmihovilovic/--git-common-dir/config'
2023-03-23 19:44:11.243 [info] > git remote --verbose [19ms]
2023-03-23 19:44:11.244 [info] > git config --get commit.template [2ms]
2023-03-23 19:44:11.267 [info] > git for-each-ref --format=%(refname)%00%(upstream:short)%00%(objectname) refs/heads/main refs/remotes/main [2ms]
2023-03-23 19:44:11.289 [info] > git rev-list --left-right --count main...origin/main [3ms]
2023-03-23 19:44:15.270 [info] > git status -z -uall [3963ms]
2023-03-23 19:44:20.321 [warning] getRemotes() - ENOENT: no such file or directory, open '/home/mmihovilovic/--git-common-dir/config'
2023-03-23 19:44:20.340 [info] > git remote --verbose [19ms]
2023-03-23 19:44:20.341 [info] > git config --get commit.template [3ms]
2023-03-23 19:44:20.361 [info] > git for-each-ref --format=%(refname)%00%(upstream:short)%00%(objectname) refs/heads/main refs/remotes/main [2ms]
2023-03-23 19:44:20.380 [info] > git rev-list --left-right --count main...origin/main [2ms]
2023-03-23 19:44:24.364 [info] > git status -z -uall [3960ms]
2023-03-23 19:44:29.414 [warning] getRemotes() - ENOENT: no such file or directory, open '/home/mmihovilovic/--git-common-dir/config'
2023-03-23 19:44:29.433 [info] > git remote --verbose [19ms]
2023-03-23 19:44:29.434 [info] > git config --get commit.template [2ms]
2023-03-23 19:44:29.454 [info] > git for-each-ref --format=%(refname)%00%(upstream:short)%00%(objectname) refs/heads/main refs/remotes/main [3ms]
2023-03-23 19:44:29.474 [info] > git rev-list --left-right --count main...origin/main [3ms]
2023-03-23 19:44:33.456 [info] > git status -z -uall [3964ms]
2023-03-23 19:44:38.509 [warning] getRemotes() - ENOENT: no such file or directory, open '/home/mmihovilovic/--git-common-dir/config'
2023-03-23 19:44:38.530 [info] > git remote --verbose [21ms]
2023-03-23 19:44:38.531 [info] > git config --get commit.template [3ms]
2023-03-23 19:44:38.551 [info] > git for-each-ref --format=%(refname)%00%(upstream:short)%00%(objectname) refs/heads/main refs/remotes/main [2ms]
2023-03-23 19:44:38.570 [info] > git rev-list --left-right --count main...origin/main [2ms]
2023-03-23 19:44:42.550 [info] > git status -z -uall [3962ms]
2023-03-23 19:44:47.600 [warning] getRemotes() - ENOENT: no such file or directory, open '/home/mmihovilovic/--git-common-dir/config'
2023-03-23 19:44:47.619 [info] > git remote --verbose [19ms]
2023-03-23 19:44:47.620 [info] > git config --get commit.template [3ms]
2023-03-23 19:44:47.646 [info] > git for-each-ref --format=%(refname)%00%(upstream:short)%00%(objectname) refs/heads/main refs/remotes/main [3ms]
2023-03-23 19:44:47.672 [info] > git rev-list --left-right --count main...origin/main [2ms]
2023-03-23 19:44:51.646 [info] > git status -z -uall [3954ms]
2023-03-23 19:44:56.696 [warning] getRemotes() - ENOENT: no such file or directory, open '/home/mmihovilovic/--git-common-dir/config'
2023-03-23 19:44:56.715 [info] > git remote --verbose [20ms]
2023-03-23 19:44:56.716 [info] > git config --get commit.template [2ms]
2023-03-23 19:44:56.736 [info] > git for-each-ref --format=%(refname)%00%(upstream:short)%00%(objectname) refs/heads/main refs/remotes/main [3ms]
2023-03-23 19:44:56.757 [info] > git rev-list --left-right --count main...origin/main [3ms]
2023-03-23 19:45:00.735 [info] > git status -z -uall [3958ms]
2023-03-23 19:45:05.789 [warning] getRemotes() - ENOENT: no such file or directory, open '/home/mmihovilovic/--git-common-dir/config'
2023-03-23 19:45:05.809 [info] > git remote --verbose [20ms]
2023-03-23 19:45:05.810 [info] > git config --get commit.template [3ms]
2023-03-23 19:45:05.830 [info] > git for-each-ref --format=%(refname)%00%(upstream:short)%00%(objectname) refs/heads/main refs/remotes/main [2ms]
2023-03-23 19:45:05.850 [info] > git rev-list --left-right --count main...origin/main [2ms]
2023-03-23 19:45:08.999 [info] > git show --textconv :macbzvz/kol2/zad2/Analyzer.h [22ms]
2023-03-23 19:45:09.007 [info] > git ls-files --stage -- /home/mmihovilovic/macbzvz/kol2/zad2/Analyzer.h [8ms]
2023-03-23 19:45:09.026 [info] > git cat-file -s 00cfc658179d03397caad39ea2c610ea9d7b8039 [2ms]
2023-03-23 19:45:09.846 [info] > git status -z -uall [3975ms]
2023-03-23 19:45:14.903 [warning] getRemotes() - ENOENT: no such file or directory, open '/home/mmihovilovic/--git-common-dir/config'
2023-03-23 19:45:14.928 [info] > git remote --verbose [26ms]
2023-03-23 19:45:14.949 [info] > git config --get commit.template [22ms]
2023-03-23 19:45:14.950 [info] > git for-each-ref --format=%(refname)%00%(upstream:short)%00%(objectname) refs/heads/main refs/remotes/main [3ms]
2023-03-23 19:45:14.973 [info] > git rev-list --left-right --count main...origin/main [2ms]
2023-03-23 19:45:18.841 [info] > git show --textconv :macbzvz/kol2/zad2/analyze.cpp [22ms]
2023-03-23 19:45:18.849 [info] > git ls-files --stage -- /home/mmihovilovic/macbzvz/kol2/zad2/analyze.cpp [10ms]
2023-03-23 19:45:18.870 [info] > git cat-file -s a85bae1078496dc7517d8acda5bd82f1b090226c [2ms]
2023-03-23 19:45:18.959 [info] > git status -z -uall [3968ms]
2023-03-23 19:45:24.012 [warning] getRemotes() - ENOENT: no such file or directory, open '/home/mmihovilovic/--git-common-dir/config'
2023-03-23 19:45:24.032 [info] > git remote --verbose [19ms]
2023-03-23 19:45:24.033 [info] > git config --get commit.template [3ms]
2023-03-23 19:45:24.053 [info] > git for-each-ref --format=%(refname)%00%(upstream:short)%00%(objectname) refs/heads/main refs/remotes/main [2ms]
2023-03-23 19:45:24.073 [info] > git rev-list --left-right --count main...origin/main [2ms]
2023-03-23 19:45:25.075 [info] > git show --textconv :macbzvz/kol2/zad2/Analyzer.h [22ms]
2023-03-23 19:45:25.082 [info] > git ls-files --stage -- /home/mmihovilovic/macbzvz/kol2/zad2/Analyzer.h [9ms]
2023-03-23 19:45:25.100 [info] > git cat-file -s 00cfc658179d03397caad39ea2c610ea9d7b8039 [2ms]
2023-03-23 19:45:28.063 [info] > git status -z -uall [3972ms]
2023-03-23 19:45:39.091 [warning] getRemotes() - ENOENT: no such file or directory, open '/home/mmihovilovic/--git-common-dir/config'
2023-03-23 19:45:39.110 [info] > git remote --verbose [20ms]
2023-03-23 19:45:39.111 [info] > git config --get commit.template [3ms]
2023-03-23 19:45:39.134 [info] > git for-each-ref --format=%(refname)%00%(upstream:short)%00%(objectname) refs/heads/main refs/remotes/main [3ms]
2023-03-23 19:45:39.154 [info] > git rev-list --left-right --count main...origin/main [3ms]
2023-03-23 19:45:43.129 [info] > git status -z -uall [3958ms]
2023-03-23 19:45:48.180 [warning] getRemotes() - ENOENT: no such file or directory, open '/home/mmihovilovic/--git-common-dir/config'
2023-03-23 19:45:48.199 [info] > git remote --verbose [19ms]
2023-03-23 19:45:48.199 [info] > git config --get commit.template [2ms]
2023-03-23 19:45:48.219 [info] > git for-each-ref --format=%(refname)%00%(upstream:short)%00%(objectname) refs/heads/main refs/remotes/main [2ms]
2023-03-23 19:45:48.238 [info] > git rev-list --left-right --count main...origin/main [2ms]
2023-03-23 19:45:49.906 [info] > git check-ignore -v -z --stdin [8ms]
2023-03-23 19:45:52.223 [info] > git status -z -uall [3967ms]
2023-03-23 19:45:56.594 [info] > git check-ignore -v -z --stdin [10ms]
2023-03-23 19:45:57.278 [warning] getRemotes() - ENOENT: no such file or directory, open '/home/mmihovilovic/--git-common-dir/config'
2023-03-23 19:45:57.301 [info] > git remote --verbose [23ms]
2023-03-23 19:45:57.302 [info] > git config --get commit.template [3ms]
2023-03-23 19:45:57.324 [info] > git for-each-ref --format=%(refname)%00%(upstream:short)%00%(objectname) refs/heads/main refs/remotes/main [3ms]
2023-03-23 19:45:57.346 [info] > git rev-list --left-right --count main...origin/main [3ms]
2023-03-23 19:45:58.971 [info] > git show --textconv :kol1/z3/Generator.cpp [30ms]
2023-03-23 19:45:58.980 [info] > git ls-files --stage -- /home/mmihovilovic/kol1/z3/Generator.cpp [11ms]
2023-03-23 19:45:59.008 [info] > git cat-file -s 253bc7e96d4eee83028b632ab89521d89e760182 [3ms]
2023-03-23 19:46:01.364 [info] > git status -z -uall [3999ms]
2023-03-23 19:46:06.415 [warning] getRemotes() - ENOENT: no such file or directory, open '/home/mmihovilovic/--git-common-dir/config'
2023-03-23 19:46:06.437 [info] > git config --get commit.template [3ms]
2023-03-23 19:46:06.437 [info] > git remote --verbose [22ms]
2023-03-23 19:46:06.463 [info] > git for-each-ref --format=%(refname)%00%(upstream:short)%00%(objectname) refs/heads/main refs/remotes/main [4ms]
2023-03-23 19:46:06.487 [info] > git rev-list --left-right --count main...origin/main [4ms]
2023-03-23 19:46:10.464 [info] > git status -z -uall [3959ms]
2023-03-23 19:46:15.507 [warning] getRemotes() - ENOENT: no such file or directory, open '/home/mmihovilovic/--git-common-dir/config'
2023-03-23 19:46:15.526 [info] > git remote --verbose [18ms]
2023-03-23 19:46:15.527 [info] > git config --get commit.template [2ms]
2023-03-23 19:46:15.556 [info] > git for-each-ref --format=%(refname)%00%(upstream:short)%00%(objectname) refs/heads/main refs/remotes/main [9ms]
2023-03-23 19:46:15.580 [info] > git rev-list --left-right --count main...origin/main [4ms]
2023-03-23 19:46:19.575 [info] > git status -z -uall [3976ms]
2023-03-23 19:46:24.629 [warning] getRemotes() - ENOENT: no such file or directory, open '/home/mmihovilovic/--git-common-dir/config'
2023-03-23 19:46:24.650 [info] > git remote --verbose [19ms]
2023-03-23 19:46:24.650 [info] > git config --get commit.template [3ms]
2023-03-23 19:46:24.670 [info] > git for-each-ref --format=%(refname)%00%(upstream:short)%00%(objectname) refs/heads/main refs/remotes/main [2ms]
2023-03-23 19:46:24.690 [info] > git rev-list --left-right --count main...origin/main [3ms]
2023-03-23 19:46:28.667 [info] > git status -z -uall [3959ms]
2023-03-23 19:46:33.716 [warning] getRemotes() - ENOENT: no such file or directory, open '/home/mmihovilovic/--git-common-dir/config'
2023-03-23 19:46:33.736 [info] > git remote --verbose [19ms]
2023-03-23 19:46:33.736 [info] > git config --get commit.template [2ms]
2023-03-23 19:46:33.756 [info] > git for-each-ref --format=%(refname)%00%(upstream:short)%00%(objectname) refs/heads/main refs/remotes/main [3ms]
2023-03-23 19:46:33.778 [info] > git rev-list --left-right --count main...origin/main [3ms]
2023-03-23 19:46:37.755 [info] > git status -z -uall [3959ms]
2023-03-23 19:46:38.978 [info] > git show --textconv :kol1/z3/Generator.cpp [22ms]
2023-03-23 19:46:38.985 [info] > git ls-files --stage -- /home/mmihovilovic/kol1/z3/Generator.cpp [9ms]
2023-03-23 19:46:39.004 [info] > git cat-file -s 253bc7e96d4eee83028b632ab89521d89e760182 [2ms]
2023-03-23 19:46:42.811 [warning] getRemotes() - ENOENT: no such file or directory, open '/home/mmihovilovic/--git-common-dir/config'
2023-03-23 19:46:42.830 [info] > git remote --verbose [19ms]
2023-03-23 19:46:42.831 [info] > git config --get commit.template [2ms]
2023-03-23 19:46:42.851 [info] > git for-each-ref --format=%(refname)%00%(upstream:short)%00%(objectname) refs/heads/main refs/remotes/main [2ms]
2023-03-23 19:46:42.871 [info] > git rev-list --left-right --count main...origin/main [3ms]
2023-03-23 19:46:46.845 [info] > git status -z -uall [3956ms]
2023-03-23 19:46:51.897 [warning] getRemotes() - ENOENT: no such file or directory, open '/home/mmihovilovic/--git-common-dir/config'
2023-03-23 19:46:51.917 [info] > git remote --verbose [19ms]
2023-03-23 19:46:51.918 [info] > git config --get commit.template [3ms]
2023-03-23 19:46:51.937 [info] > git for-each-ref --format=%(refname)%00%(upstream:short)%00%(objectname) refs/heads/main refs/remotes/main [2ms]
2023-03-23 19:46:51.957 [info] > git rev-list --left-right --count main...origin/main [3ms]
2023-03-23 19:46:55.943 [info] > git status -z -uall [3969ms]
2023-03-23 19:47:00.999 [warning] getRemotes() - ENOENT: no such file or directory, open '/home/mmihovilovic/--git-common-dir/config'
2023-03-23 19:47:01.018 [info] > git remote --verbose [19ms]
2023-03-23 19:47:01.019 [info] > git config --get commit.template [3ms]
2023-03-23 19:47:01.039 [info] > git for-each-ref --format=%(refname)%00%(upstream:short)%00%(objectname) refs/heads/main refs/remotes/main [2ms]
2023-03-23 19:47:01.058 [info] > git rev-list --left-right --count main...origin/main [3ms]
2023-03-23 19:47:05.045 [info] > git status -z -uall [3964ms]
2023-03-23 19:47:10.097 [warning] getRemotes() - ENOENT: no such file or directory, open '/home/mmihovilovic/--git-common-dir/config'
2023-03-23 19:47:10.117 [info] > git remote --verbose [20ms]
2023-03-23 19:47:10.118 [info] > git config --get commit.template [3ms]
2023-03-23 19:47:10.138 [info] > git for-each-ref --format=%(refname)%00%(upstream:short)%00%(objectname) refs/heads/main refs/remotes/main [2ms]
2023-03-23 19:47:10.157 [info] > git rev-list --left-right --count main...origin/main [2ms]
2023-03-23 19:47:11.087 [info] > git check-ignore -v -z --stdin [9ms]
2023-03-23 19:47:14.080 [info] > git show --textconv :kol1/z2/Analyzer.cpp [19ms]
2023-03-23 19:47:14.088 [info] > git ls-files --stage -- /home/mmihovilovic/kol1/z2/Analyzer.cpp [9ms]
2023-03-23 19:47:14.107 [info] > git cat-file -s e8ca5ae4ff1f381afeb3edd2c5c321747532242a [1ms]
2023-03-23 19:47:14.158 [info] > git status -z -uall [3980ms]
2023-03-23 19:47:15.813 [info] > git show --textconv :kol1/z2/Analyzer.h [19ms]
2023-03-23 19:47:15.821 [info] > git ls-files --stage -- /home/mmihovilovic/kol1/z2/Analyzer.h [10ms]
2023-03-23 19:47:15.846 [info] > git cat-file -s 5432b3f616aa129c29ea4a3ff43fd6f66fbfa6f9 [1ms]
2023-03-23 19:47:19.218 [warning] getRemotes() - ENOENT: no such file or directory, open '/home/mmihovilovic/--git-common-dir/config'
2023-03-23 19:47:19.239 [info] > git remote --verbose [22ms]
2023-03-23 19:47:19.240 [info] > git config --get commit.template [3ms]
2023-03-23 19:47:19.260 [info] > git for-each-ref --format=%(refname)%00%(upstream:short)%00%(objectname) refs/heads/main refs/remotes/main [1ms]
2023-03-23 19:47:19.282 [info] > git rev-list --left-right --count main...origin/main [2ms]
2023-03-23 19:47:23.275 [info] > git status -z -uall [3972ms]
2023-03-23 19:47:28.330 [warning] getRemotes() - ENOENT: no such file or directory, open '/home/mmihovilovic/--git-common-dir/config'
2023-03-23 19:47:28.349 [info] > git remote --verbose [19ms]
2023-03-23 19:47:28.350 [info] > git config --get commit.template [2ms]
2023-03-23 19:47:28.370 [info] > git for-each-ref --format=%(refname)%00%(upstream:short)%00%(objectname) refs/heads/main refs/remotes/main [2ms]
2023-03-23 19:47:28.389 [info] > git rev-list --left-right --count main...origin/main [2ms]
2023-03-23 19:47:32.370 [info] > git status -z -uall [3960ms]
2023-03-23 19:47:37.421 [warning] getRemotes() - ENOENT: no such file or directory, open '/home/mmihovilovic/--git-common-dir/config'
2023-03-23 19:47:37.440 [info] > git remote --verbose [20ms]
2023-03-23 19:47:37.441 [info] > git config --get commit.template [3ms]
2023-03-23 19:47:37.464 [info] > git for-each-ref --format=%(refname)%00%(upstream:short)%00%(objectname) refs/heads/main refs/remotes/main [2ms]
2023-03-23 19:47:37.486 [info] > git rev-list --left-right --count main...origin/main [2ms]
2023-03-23 19:47:41.468 [info] > git status -z -uall [3959ms]
2023-03-23 19:47:46.520 [warning] getRemotes() - ENOENT: no such file or directory, open '/home/mmihovilovic/--git-common-dir/config'
2023-03-23 19:47:46.544 [info] > git config --get commit.template [3ms]
2023-03-23 19:47:46.544 [info] > git remote --verbose [24ms]
2023-03-23 19:47:46.570 [info] > git for-each-ref --format=%(refname)%00%(upstream:short)%00%(objectname) refs/heads/main refs/remotes/main [4ms]
2023-03-23 19:47:46.591 [info] > git rev-list --left-right --count main...origin/main [3ms]
2023-03-23 19:47:50.566 [info] > git status -z -uall [3958ms]
2023-03-23 19:47:55.609 [warning] getRemotes() - ENOENT: no such file or directory, open '/home/mmihovilovic/--git-common-dir/config'
2023-03-23 19:47:55.628 [info] > git remote --verbose [20ms]
2023-03-23 19:47:55.629 [info] > git config --get commit.template [2ms]
2023-03-23 19:47:55.649 [info] > git for-each-ref --format=%(refname)%00%(upstream:short)%00%(objectname) refs/heads/main refs/remotes/main [3ms]
2023-03-23 19:47:55.668 [info] > git rev-list --left-right --count main...origin/main [2ms]
2023-03-23 19:47:59.638 [info] > git status -z -uall [3952ms]
2023-03-23 19:48:04.698 [warning] getRemotes() - ENOENT: no such file or directory, open '/home/mmihovilovic/--git-common-dir/config'
2023-03-23 19:48:04.723 [info] > git remote --verbose [25ms]
2023-03-23 19:48:04.724 [info] > git config --get commit.template [2ms]
2023-03-23 19:48:04.746 [info] > git for-each-ref --format=%(refname)%00%(upstream:short)%00%(objectname) refs/heads/main refs/remotes/main [2ms]
2023-03-23 19:48:04.771 [info] > git rev-list --left-right --count main...origin/main [3ms]
2023-03-23 19:48:08.751 [info] > git status -z -uall [3960ms]
2023-03-23 19:48:13.802 [warning] getRemotes() - ENOENT: no such file or directory, open '/home/mmihovilovic/--git-common-dir/config'
2023-03-23 19:48:13.823 [info] > git config --get commit.template [3ms]
2023-03-23 19:48:13.824 [info] > git remote --verbose [22ms]
2023-03-23 19:48:13.850 [info] > git for-each-ref --format=%(refname)%00%(upstream:short)%00%(objectname) refs/heads/main refs/remotes/main [4ms]
2023-03-23 19:48:13.874 [info] > git rev-list --left-right --count main...origin/main [4ms]
2023-03-23 19:48:17.848 [info] > git status -z -uall [3952ms]
2023-03-23 19:48:22.893 [warning] getRemotes() - ENOENT: no such file or directory, open '/home/mmihovilovic/--git-common-dir/config'
2023-03-23 19:48:22.912 [info] > git remote --verbose [19ms]
2023-03-23 19:48:22.912 [info] > git config --get commit.template [2ms]
2023-03-23 19:48:22.932 [info] > git for-each-ref --format=%(refname)%00%(upstream:short)%00%(objectname) refs/heads/main refs/remotes/main [2ms]
2023-03-23 19:48:22.952 [info] > git rev-list --left-right --count main...origin/main [3ms]
2023-03-23 19:48:26.930 [info] > git status -z -uall [3957ms]
2023-03-23 19:48:27.782 [info] > git show --textconv :kol1/z2/Analyzer.cpp [21ms]
2023-03-23 19:48:27.791 [info] > git ls-files --stage -- /home/mmihovilovic/kol1/z2/Analyzer.cpp [10ms]
2023-03-23 19:48:27.815 [info] > git cat-file -s e8ca5ae4ff1f381afeb3edd2c5c321747532242a [2ms]
2023-03-23 19:48:31.988 [warning] getRemotes() - ENOENT: no such file or directory, open '/home/mmihovilovic/--git-common-dir/config'
2023-03-23 19:48:32.013 [info] > git remote --verbose [26ms]
2023-03-23 19:48:32.014 [info] > git config --get commit.template [3ms]
2023-03-23 19:48:32.035 [info] > git for-each-ref --format=%(refname)%00%(upstream:short)%00%(objectname) refs/heads/main refs/remotes/main [2ms]
2023-03-23 19:48:32.055 [info] > git rev-list --left-right --count main...origin/main [2ms]
2023-03-23 19:48:36.031 [info] > git status -z -uall [3956ms]
2023-03-23 19:48:41.085 [warning] getRemotes() - ENOENT: no such file or directory, open '/home/mmihovilovic/--git-common-dir/config'
2023-03-23 19:48:41.104 [info] > git remote --verbose [19ms]
2023-03-23 19:48:41.105 [info] > git config --get commit.template [2ms]
2023-03-23 19:48:41.125 [info] > git for-each-ref --format=%(refname)%00%(upstream:short)%00%(objectname) refs/heads/main refs/remotes/main [3ms]
2023-03-23 19:48:41.145 [info] > git rev-list --left-right --count main...origin/main [3ms]
2023-03-23 19:48:45.117 [info] > git status -z -uall [3955ms]
2023-03-23 19:48:50.166 [warning] getRemotes() - ENOENT: no such file or directory, open '/home/mmihovilovic/--git-common-dir/config'
2023-03-23 19:48:50.185 [info] > git remote --verbose [19ms]
2023-03-23 19:48:50.186 [info] > git config --get commit.template [3ms]
2023-03-23 19:48:50.205 [info] > git for-each-ref --format=%(refname)%00%(upstream:short)%00%(objectname) refs/heads/main refs/remotes/main [2ms]
2023-03-23 19:48:50.225 [info] > git rev-list --left-right --count main...origin/main [3ms]
2023-03-23 19:48:54.215 [info] > git status -z -uall [3967ms]
2023-03-23 19:48:59.267 [warning] getRemotes() - ENOENT: no such file or directory, open '/home/mmihovilovic/--git-common-dir/config'
2023-03-23 19:48:59.287 [info] > git remote --verbose [19ms]
2023-03-23 19:48:59.288 [info] > git config --get commit.template [2ms]
2023-03-23 19:48:59.307 [info] > git for-each-ref --format=%(refname)%00%(upstream:short)%00%(objectname) refs/heads/main refs/remotes/main [2ms]
2023-03-23 19:48:59.327 [info] > git rev-list --left-right --count main...origin/main [2ms]
2023-03-23 19:49:03.302 [info] > git status -z -uall [3958ms]
2023-03-23 19:49:08.353 [warning] getRemotes() - ENOENT: no such file or directory, open '/home/mmihovilovic/--git-common-dir/config'
2023-03-23 19:49:08.372 [info] > git remote --verbose [18ms]
2023-03-23 19:49:08.373 [info] > git config --get commit.template [3ms]
2023-03-23 19:49:08.393 [info] > git for-each-ref --format=%(refname)%00%(upstream:short)%00%(objectname) refs/heads/main refs/remotes/main [2ms]
2023-03-23 19:49:08.416 [info] > git rev-list --left-right --count main...origin/main [3ms]
2023-03-23 19:49:12.396 [info] > git status -z -uall [3963ms]
2023-03-23 19:49:17.447 [warning] getRemotes() - ENOENT: no such file or directory, open '/home/mmihovilovic/--git-common-dir/config'
2023-03-23 19:49:17.466 [info] > git remote --verbose [19ms]
2023-03-23 19:49:17.467 [info] > git config --get commit.template [2ms]
2023-03-23 19:49:17.487 [info] > git for-each-ref --format=%(refname)%00%(upstream:short)%00%(objectname) refs/heads/main refs/remotes/main [3ms]
2023-03-23 19:49:17.507 [info] > git rev-list --left-right --count main...origin/main [2ms]
2023-03-23 19:49:21.480 [info] > git status -z -uall [3956ms]
2023-03-23 19:49:26.529 [warning] getRemotes() - ENOENT: no such file or directory, open '/home/mmihovilovic/--git-common-dir/config'
2023-03-23 19:49:26.548 [info] > git remote --verbose [19ms]
2023-03-23 19:49:26.549 [info] > git config --get commit.template [3ms]
2023-03-23 19:49:26.569 [info] > git for-each-ref --format=%(refname)%00%(upstream:short)%00%(objectname) refs/heads/main refs/remotes/main [2ms]
2023-03-23 19:49:26.588 [info] > git rev-list --left-right --count main...origin/main [2ms]
2023-03-23 19:49:30.563 [info] > git status -z -uall [3957ms]
2023-03-23 19:49:35.615 [warning] getRemotes() - ENOENT: no such file or directory, open '/home/mmihovilovic/--git-common-dir/config'
2023-03-23 19:49:35.636 [info] > git remote --verbose [21ms]
2023-03-23 19:49:35.637 [info] > git config --get commit.template [2ms]
2023-03-23 19:49:35.657 [info] > git for-each-ref --format=%(refname)%00%(upstream:short)%00%(objectname) refs/heads/main refs/remotes/main [3ms]
2023-03-23 19:49:35.677 [info] > git rev-list --left-right --count main...origin/main [2ms]
2023-03-23 19:49:36.189 [info] > git show --textconv :macbzvz/kol2/Analyzer.cpp [19ms]
2023-03-23 19:49:36.196 [info] > git ls-files --stage -- /home/mmihovilovic/macbzvz/kol2/Analyzer.cpp [9ms]
2023-03-23 19:49:36.214 [info] > git cat-file -s db1bcde1e6ff0752476ee91a651dc6e10b58b6b5 [2ms]
2023-03-23 19:49:39.665 [info] > git status -z -uall [3971ms]
2023-03-23 19:49:44.716 [warning] getRemotes() - ENOENT: no such file or directory, open '/home/mmihovilovic/--git-common-dir/config'
2023-03-23 19:49:44.736 [info] > git remote --verbose [19ms]
2023-03-23 19:49:44.737 [info] > git config --get commit.template [2ms]
2023-03-23 19:49:44.757 [info] > git for-each-ref --format=%(refname)%00%(upstream:short)%00%(objectname) refs/heads/main refs/remotes/main [2ms]
2023-03-23 19:49:44.777 [info] > git rev-list --left-right --count main...origin/main [2ms]
2023-03-23 19:49:48.762 [info] > git status -z -uall [3966ms]
2023-03-23 19:49:53.812 [warning] getRemotes() - ENOENT: no such file or directory, open '/home/mmihovilovic/--git-common-dir/config'
2023-03-23 19:49:53.830 [info] > git remote --verbose [18ms]
2023-03-23 19:49:53.831 [info] > git config --get commit.template [2ms]
2023-03-23 19:49:53.851 [info] > git for-each-ref --format=%(refname)%00%(upstream:short)%00%(objectname) refs/heads/main refs/remotes/main [3ms]
2023-03-23 19:49:53.871 [info] > git rev-list --left-right --count main...origin/main [2ms]
2023-03-23 19:49:57.853 [info] > git status -z -uall [3965ms]
2023-03-23 19:50:02.940 [warning] getRemotes() - ENOENT: no such file or directory, open '/home/mmihovilovic/--git-common-dir/config'
2023-03-23 19:50:02.960 [info] > git remote --verbose [19ms]
2023-03-23 19:50:02.961 [info] > git config --get commit.template [3ms]
2023-03-23 19:50:02.981 [info] > git for-each-ref --format=%(refname)%00%(upstream:short)%00%(objectname) refs/heads/main refs/remotes/main [2ms]
2023-03-23 19:50:03.001 [info] > git rev-list --left-right --count main...origin/main [3ms]
2023-03-23 19:50:06.981 [info] > git status -z -uall [3959ms]
2023-03-23 19:50:12.032 [warning] getRemotes() - ENOENT: no such file or directory, open '/home/mmihovilovic/--git-common-dir/config'
2023-03-23 19:50:12.051 [info] > git remote --verbose [19ms]
2023-03-23 19:50:12.052 [info] > git config --get commit.template [3ms]
2023-03-23 19:50:12.072 [info] > git for-each-ref --format=%(refname)%00%(upstream:short)%00%(objectname) refs/heads/main refs/remotes/main [2ms]
2023-03-23 19:50:12.091 [info] > git rev-list --left-right --count main...origin/main [2ms]
2023-03-23 19:50:16.070 [info] > git status -z -uall [3961ms]
2023-03-23 19:50:21.153 [warning] getRemotes() - ENOENT: no such file or directory, open '/home/mmihovilovic/--git-common-dir/config'
2023-03-23 19:50:21.172 [info] > git remote --verbose [19ms]
2023-03-23 19:50:21.173 [info] > git config --get commit.template [3ms]
2023-03-23 19:50:21.193 [info] > git for-each-ref --format=%(refname)%00%(upstream:short)%00%(objectname) refs/heads/main refs/remotes/main [2ms]
2023-03-23 19:50:21.212 [info] > git rev-list --left-right --count main...origin/main [2ms]
2023-03-23 19:50:25.193 [info] > git status -z -uall [3963ms]
2023-03-23 19:50:30.243 [warning] getRemotes() - ENOENT: no such file or directory, open '/home/mmihovilovic/--git-common-dir/config'
2023-03-23 19:50:30.263 [info] > git remote --verbose [19ms]
2023-03-23 19:50:30.264 [info] > git config --get commit.template [2ms]
2023-03-23 19:50:30.283 [info] > git for-each-ref --format=%(refname)%00%(upstream:short)%00%(objectname) refs/heads/main refs/remotes/main [2ms]
2023-03-23 19:50:30.303 [info] > git rev-list --left-right --count main...origin/main [3ms]
2023-03-23 19:50:34.282 [info] > git status -z -uall [3959ms]
2023-03-23 19:50:39.331 [warning] getRemotes() - ENOENT: no such file or directory, open '/home/mmihovilovic/--git-common-dir/config'
2023-03-23 19:50:39.350 [info] > git remote --verbose [20ms]
2023-03-23 19:50:39.351 [info] > git config --get commit.template [3ms]
2023-03-23 19:50:39.370 [info] > git for-each-ref --format=%(refname)%00%(upstream:short)%00%(objectname) refs/heads/main refs/remotes/main [2ms]
2023-03-23 19:50:39.390 [info] > git rev-list --left-right --count main...origin/main [3ms]
2023-03-23 19:50:43.374 [info] > git status -z -uall [3963ms]
2023-03-23 19:50:48.448 [warning] getRemotes() - ENOENT: no such file or directory, open '/home/mmihovilovic/--git-common-dir/config'
2023-03-23 19:50:48.468 [info] > git remote --verbose [19ms]
2023-03-23 19:50:48.469 [info] > git config --get commit.template [3ms]
2023-03-23 19:50:48.489 [info] > git for-each-ref --format=%(refname)%00%(upstream:short)%00%(objectname) refs/heads/main refs/remotes/main [2ms]
2023-03-23 19:50:48.508 [info] > git rev-list --left-right --count main...origin/main [2ms]
2023-03-23 19:50:52.496 [info] > git status -z -uall [3970ms]
2023-03-23 19:50:57.550 [warning] getRemotes() - ENOENT: no such file or directory, open '/home/mmihovilovic/--git-common-dir/config'
2023-03-23 19:50:57.571 [info] > git remote --verbose [20ms]
2023-03-23 19:50:57.572 [info] > git config --get commit.template [2ms]
2023-03-23 19:50:57.597 [info] > git for-each-ref --format=%(refname)%00%(upstream:short)%00%(objectname) refs/heads/main refs/remotes/main [3ms]
2023-03-23 19:50:57.623 [info] > git rev-list --left-right --count main...origin/main [2ms]
2023-03-23 19:51:01.602 [info] > git status -z -uall [3960ms]
2023-03-23 19:51:06.650 [warning] getRemotes() - ENOENT: no such file or directory, open '/home/mmihovilovic/--git-common-dir/config'
2023-03-23 19:51:06.670 [info] > git remote --verbose [20ms]
2023-03-23 19:51:06.671 [info] > git config --get commit.template [3ms]
2023-03-23 19:51:06.691 [info] > git for-each-ref --format=%(refname)%00%(upstream:short)%00%(objectname) refs/heads/main refs/remotes/main [2ms]
2023-03-23 19:51:06.710 [info] > git rev-list --left-right --count main...origin/main [2ms]
2023-03-23 19:51:10.692 [info] > git status -z -uall [3964ms]
2023-03-23 19:51:15.742 [warning] getRemotes() - ENOENT: no such file or directory, open '/home/mmihovilovic/--git-common-dir/config'
2023-03-23 19:51:15.760 [info] > git remote --verbose [19ms]
2023-03-23 19:51:15.761 [info] > git config --get commit.template [2ms]
2023-03-23 19:51:15.781 [info] > git for-each-ref --format=%(refname)%00%(upstream:short)%00%(objectname) refs/heads/main refs/remotes/main [2ms]
2023-03-23 19:51:15.800 [info] > git rev-list --left-right --count main...origin/main [2ms]
2023-03-23 19:51:19.778 [info] > git status -z -uall [3960ms]
2023-03-23 19:51:24.863 [warning] getRemotes() - ENOENT: no such file or directory, open '/home/mmihovilovic/--git-common-dir/config'
2023-03-23 19:51:24.883 [info] > git remote --verbose [20ms]
2023-03-23 19:51:24.884 [info] > git config --get commit.template [2ms]
2023-03-23 19:51:24.904 [info] > git for-each-ref --format=%(refname)%00%(upstream:short)%00%(objectname) refs/heads/main refs/remotes/main [3ms]
2023-03-23 19:51:24.924 [info] > git rev-list --left-right --count main...origin/main [3ms]
2023-03-23 19:51:28.909 [info] > git status -z -uall [3966ms]
2023-03-23 19:51:33.957 [warning] getRemotes() - ENOENT: no such file or directory, open '/home/mmihovilovic/--git-common-dir/config'
2023-03-23 19:51:33.977 [info] > git remote --verbose [19ms]
2023-03-23 19:51:33.978 [info] > git config --get commit.template [3ms]
2023-03-23 19:51:33.997 [info] > git for-each-ref --format=%(refname)%00%(upstream:short)%00%(objectname) refs/heads/main refs/remotes/main [2ms]
2023-03-23 19:51:34.017 [info] > git rev-list --left-right --count main...origin/main [3ms]
2023-03-23 19:51:37.996 [info] > git status -z -uall [3958ms]
2023-03-23 19:51:43.048 [warning] getRemotes() - ENOENT: no such file or directory, open '/home/mmihovilovic/--git-common-dir/config'
2023-03-23 19:51:43.067 [info] > git remote --verbose [19ms]
2023-03-23 19:51:43.068 [info] > git config --get commit.template [2ms]
2023-03-23 19:51:43.088 [info] > git for-each-ref --format=%(refname)%00%(upstream:short)%00%(objectname) refs/heads/main refs/remotes/main [3ms]
2023-03-23 19:51:43.108 [info] > git rev-list --left-right --count main...origin/main [2ms]
2023-03-23 19:51:47.083 [info] > git status -z -uall [3958ms]
2023-03-23 19:51:52.136 [warning] getRemotes() - ENOENT: no such file or directory, open '/home/mmihovilovic/--git-common-dir/config'
2023-03-23 19:51:52.157 [info] > git remote --verbose [21ms]
2023-03-23 19:51:52.158 [info] > git config --get commit.template [2ms]
2023-03-23 19:51:52.178 [info] > git for-each-ref --format=%(refname)%00%(upstream:short)%00%(objectname) refs/heads/main refs/remotes/main [3ms]
2023-03-23 19:51:52.198 [info] > git rev-list --left-right --count main...origin/main [3ms]
2023-03-23 19:51:56.180 [info] > git status -z -uall [3965ms]
2023-03-23 19:52:01.232 [warning] getRemotes() - ENOENT: no such file or directory, open '/home/mmihovilovic/--git-common-dir/config'
2023-03-23 19:52:01.250 [info] > git remote --verbose [19ms]
2023-03-23 19:52:01.251 [info] > git config --get commit.template [2ms]
2023-03-23 19:52:01.271 [info] > git for-each-ref --format=%(refname)%00%(upstream:short)%00%(objectname) refs/heads/main refs/remotes/main [3ms]
2023-03-23 19:52:01.291 [info] > git rev-list --left-right --count main...origin/main [2ms]
2023-03-23 19:52:05.262 [info] > git status -z -uall [3954ms]
2023-03-23 19:52:10.312 [warning] getRemotes() - ENOENT: no such file or directory, open '/home/mmihovilovic/--git-common-dir/config'
2023-03-23 19:52:10.331 [info] > git remote --verbose [19ms]
2023-03-23 19:52:10.332 [info] > git config --get commit.template [3ms]
2023-03-23 19:52:10.352 [info] > git for-each-ref --format=%(refname)%00%(upstream:short)%00%(objectname) refs/heads/main refs/remotes/main [3ms]
2023-03-23 19:52:10.371 [info] > git rev-list --left-right --count main...origin/main [2ms]
2023-03-23 19:52:14.344 [info] > git status -z -uall [3955ms]
2023-03-23 19:52:19.397 [warning] getRemotes() - ENOENT: no such file or directory, open '/home/mmihovilovic/--git-common-dir/config'
2023-03-23 19:52:19.417 [info] > git remote --verbose [23ms]
2023-03-23 19:52:19.418 [info] > git config --get commit.template [3ms]
2023-03-23 19:52:19.438 [info] > git for-each-ref --format=%(refname)%00%(upstream:short)%00%(objectname) refs/heads/main refs/remotes/main [3ms]
2023-03-23 19:52:19.457 [info] > git rev-list --left-right --count main...origin/main [2ms]
2023-03-23 19:52:23.431 [info] > git status -z -uall [3956ms]
2023-03-23 19:52:28.481 [warning] getRemotes() - ENOENT: no such file or directory, open '/home/mmihovilovic/--git-common-dir/config'
2023-03-23 19:52:28.500 [info] > git remote --verbose [19ms]
2023-03-23 19:52:28.501 [info] > git config --get commit.template [3ms]
2023-03-23 19:52:28.521 [info] > git for-each-ref --format=%(refname)%00%(upstream:short)%00%(objectname) refs/heads/main refs/remotes/main [2ms]
2023-03-23 19:52:28.540 [info] > git rev-list --left-right --count main...origin/main [2ms]
2023-03-23 19:52:32.516 [info] > git status -z -uall [3958ms]
2023-03-23 19:52:37.571 [warning] getRemotes() - ENOENT: no such file or directory, open '/home/mmihovilovic/--git-common-dir/config'
2023-03-23 19:52:37.589 [info] > git remote --verbose [19ms]
2023-03-23 19:52:37.590 [info] > git config --get commit.template [2ms]
2023-03-23 19:52:37.609 [info] > git for-each-ref --format=%(refname)%00%(upstream:short)%00%(objectname) refs/heads/main refs/remotes/main [2ms]
2023-03-23 19:52:37.629 [info] > git rev-list --left-right --count main...origin/main [3ms]
2023-03-23 19:52:41.617 [info] > git status -z -uall [3970ms]
2023-03-23 19:52:46.667 [warning] getRemotes() - ENOENT: no such file or directory, open '/home/mmihovilovic/--git-common-dir/config'
2023-03-23 19:52:46.686 [info] > git remote --verbose [19ms]
2023-03-23 19:52:46.687 [info] > git config --get commit.template [2ms]
2023-03-23 19:52:46.707 [info] > git for-each-ref --format=%(refname)%00%(upstream:short)%00%(objectname) refs/heads/main refs/remotes/main [3ms]
2023-03-23 19:52:46.727 [info] > git rev-list --left-right --count main...origin/main [3ms]
2023-03-23 19:52:50.745 [info] > git status -z -uall [4001ms]
2023-03-23 19:52:55.803 [warning] getRemotes() - ENOENT: no such file or directory, open '/home/mmihovilovic/--git-common-dir/config'
2023-03-23 19:52:55.822 [info] > git remote --verbose [19ms]
2023-03-23 19:52:55.823 [info] > git config --get commit.template [2ms]
2023-03-23 19:52:55.843 [info] > git for-each-ref --format=%(refname)%00%(upstream:short)%00%(objectname) refs/heads/main refs/remotes/main [2ms]
2023-03-23 19:52:55.862 [info] > git rev-list --left-right --count main...origin/main [2ms]
2023-03-23 19:52:59.903 [info] > git status -z -uall [4020ms]
2023-03-23 19:53:04.956 [warning] getRemotes() - ENOENT: no such file or directory, open '/home/mmihovilovic/--git-common-dir/config'
2023-03-23 19:53:04.975 [info] > git remote --verbose [19ms]
2023-03-23 19:53:04.976 [info] > git config --get commit.template [2ms]
2023-03-23 19:53:04.995 [info] > git for-each-ref --format=%(refname)%00%(upstream:short)%00%(objectname) refs/heads/main refs/remotes/main [2ms]
2023-03-23 19:53:05.015 [info] > git rev-list --left-right --count main...origin/main [3ms]
2023-03-23 19:53:08.998 [info] > git status -z -uall [3965ms]
2023-03-23 19:53:14.052 [warning] getRemotes() - ENOENT: no such file or directory, open '/home/mmihovilovic/--git-common-dir/config'
2023-03-23 19:53:14.071 [info] > git remote --verbose [19ms]
2023-03-23 19:53:14.072 [info] > git config --get commit.template [3ms]
2023-03-23 19:53:14.092 [info] > git for-each-ref --format=%(refname)%00%(upstream:short)%00%(objectname) refs/heads/main refs/remotes/main [2ms]
2023-03-23 19:53:14.111 [info] > git rev-list --left-right --count main...origin/main [2ms]
2023-03-23 19:53:18.093 [info] > git status -z -uall [3964ms]
2023-03-23 19:53:23.142 [warning] getRemotes() - ENOENT: no such file or directory, open '/home/mmihovilovic/--git-common-dir/config'
2023-03-23 19:53:23.161 [info] > git remote --verbose [19ms]
2023-03-23 19:53:23.162 [info] > git config --get commit.template [2ms]
2023-03-23 19:53:23.184 [info] > git for-each-ref --format=%(refname)%00%(upstream:short)%00%(objectname) refs/heads/main refs/remotes/main [3ms]
2023-03-23 19:53:23.211 [info] > git rev-list --left-right --count main...origin/main [3ms]
2023-03-23 19:53:27.205 [info] > git status -z -uall [3974ms]
2023-03-23 19:53:32.248 [warning] getRemotes() - ENOENT: no such file or directory, open '/home/mmihovilovic/--git-common-dir/config'
2023-03-23 19:53:32.267 [info] > git remote --verbose [19ms]
2023-03-23 19:53:32.267 [info] > git config --get commit.template [2ms]
2023-03-23 19:53:32.287 [info] > git for-each-ref --format=%(refname)%00%(upstream:short)%00%(objectname) refs/heads/main refs/remotes/main [3ms]
2023-03-23 19:53:32.306 [info] > git rev-list --left-right --count main...origin/main [2ms]
2023-03-23 19:53:36.290 [info] > git status -z -uall [3966ms]
2023-03-23 19:53:41.347 [warning] getRemotes() - ENOENT: no such file or directory, open '/home/mmihovilovic/--git-common-dir/config'
2023-03-23 19:53:41.366 [info] > git remote --verbose [19ms]
2023-03-23 19:53:41.366 [info] > git config --get commit.template [2ms]
2023-03-23 19:53:41.386 [info] > git for-each-ref --format=%(refname)%00%(upstream:short)%00%(objectname) refs/heads/main refs/remotes/main [3ms]
2023-03-23 19:53:41.406 [info] > git rev-list --left-right --count main...origin/main [2ms]
2023-03-23 19:53:45.381 [info] > git status -z -uall [3958ms]
2023-03-23 19:53:50.435 [warning] getRemotes() - ENOENT: no such file or directory, open '/home/mmihovilovic/--git-common-dir/config'
2023-03-23 19:53:50.461 [info] > git remote --verbose [26ms]
2023-03-23 19:53:50.486 [info] > git config --get commit.template [27ms]
2023-03-23 19:53:50.487 [info] > git for-each-ref --format=%(refname)%00%(upstream:short)%00%(objectname) refs/heads/main refs/remotes/main [2ms]
2023-03-23 19:53:50.507 [info] > git rev-list --left-right --count main...origin/main [2ms]
2023-03-23 19:53:54.484 [info] > git status -z -uall [3959ms]
2023-03-23 19:53:59.534 [warning] getRemotes() - ENOENT: no such file or directory, open '/home/mmihovilovic/--git-common-dir/config'
2023-03-23 19:53:59.557 [info] > git remote --verbose [22ms]
2023-03-23 19:53:59.558 [info] > git config --get commit.template [3ms]
2023-03-23 19:53:59.580 [info] > git for-each-ref --format=%(refname)%00%(upstream:short)%00%(objectname) refs/heads/main refs/remotes/main [2ms]
2023-03-23 19:53:59.599 [info] > git rev-list --left-right --count main...origin/main [3ms]
2023-03-23 19:54:03.577 [info] > git status -z -uall [3961ms]
2023-03-23 19:54:08.628 [warning] getRemotes() - ENOENT: no such file or directory, open '/home/mmihovilovic/--git-common-dir/config'
2023-03-23 19:54:08.649 [info] > git remote --verbose [21ms]
2023-03-23 19:54:08.650 [info] > git config --get commit.template [2ms]
2023-03-23 19:54:08.670 [info] > git for-each-ref --format=%(refname)%00%(upstream:short)%00%(objectname) refs/heads/main refs/remotes/main [2ms]
2023-03-23 19:54:08.689 [info] > git rev-list --left-right --count main...origin/main [3ms]
2023-03-23 19:54:12.672 [info] > git status -z -uall [3966ms]
2023-03-23 19:54:17.722 [warning] getRemotes() - ENOENT: no such file or directory, open '/home/mmihovilovic/--git-common-dir/config'
2023-03-23 19:54:17.746 [info] > git remote --verbose [24ms]
2023-03-23 19:54:17.765 [info] > git config --get commit.template [21ms]
2023-03-23 19:54:17.766 [info] > git for-each-ref --format=%(refname)%00%(upstream:short)%00%(objectname) refs/heads/main refs/remotes/main [3ms]
2023-03-23 19:54:17.786 [info] > git rev-list --left-right --count main...origin/main [2ms]
2023-03-23 19:54:19.681 [info] > git show --textconv :macbzvz/zadatak1ispit/Analyzer.cpp [19ms]
2023-03-23 19:54:19.689 [info] > git ls-files --stage -- /home/mmihovilovic/macbzvz/zadatak1ispit/Analyzer.cpp [8ms]
2023-03-23 19:54:19.706 [info] > git cat-file -s 5ed25d5bdc496c64bdadac889a593e516e19dde4 [2ms]
2023-03-23 19:54:21.777 [info] > git status -z -uall [3969ms]
2023-03-23 19:54:26.830 [warning] getRemotes() - ENOENT: no such file or directory, open '/home/mmihovilovic/--git-common-dir/config'
2023-03-23 19:54:26.849 [info] > git remote --verbose [20ms]
2023-03-23 19:54:26.850 [info] > git config --get commit.template [3ms]
2023-03-23 19:54:26.875 [info] > git for-each-ref --format=%(refname)%00%(upstream:short)%00%(objectname) refs/heads/main refs/remotes/main [4ms]
2023-03-23 19:54:26.895 [info] > git rev-list --left-right --count main...origin/main [2ms]
2023-03-23 19:54:30.880 [info] > git status -z -uall [3967ms]
2023-03-23 19:54:35.931 [warning] getRemotes() - ENOENT: no such file or directory, open '/home/mmihovilovic/--git-common-dir/config'
2023-03-23 19:54:35.950 [info] > git remote --verbose [18ms]
2023-03-23 19:54:35.951 [info] > git config --get commit.template [3ms]
2023-03-23 19:54:35.970 [info] > git for-each-ref --format=%(refname)%00%(upstream:short)%00%(objectname) refs/heads/main refs/remotes/main [2ms]
2023-03-23 19:54:35.990 [info] > git rev-list --left-right --count main...origin/main [2ms]
2023-03-23 19:54:39.974 [info] > git status -z -uall [3967ms]
2023-03-23 19:54:45.026 [warning] getRemotes() - ENOENT: no such file or directory, open '/home/mmihovilovic/--git-common-dir/config'
2023-03-23 19:54:45.049 [info] > git config --get commit.template [1ms]
2023-03-23 19:54:45.049 [info] > git remote --verbose [24ms]
2023-03-23 19:54:45.070 [info] > git for-each-ref --format=%(refname)%00%(upstream:short)%00%(objectname) refs/heads/main refs/remotes/main [2ms]
2023-03-23 19:54:45.090 [info] > git rev-list --left-right --count main...origin/main [3ms]
2023-03-23 19:54:49.072 [info] > git status -z -uall [3965ms]
2023-03-23 19:54:54.125 [warning] getRemotes() - ENOENT: no such file or directory, open '/home/mmihovilovic/--git-common-dir/config'
2023-03-23 19:54:54.144 [info] > git remote --verbose [19ms]
2023-03-23 19:54:54.145 [info] > git config --get commit.template [3ms]
2023-03-23 19:54:54.165 [info] > git for-each-ref --format=%(refname)%00%(upstream:short)%00%(objectname) refs/heads/main refs/remotes/main [2ms]
2023-03-23 19:54:54.184 [info] > git rev-list --left-right --count main...origin/main [3ms]
2023-03-23 19:54:58.179 [info] > git status -z -uall [3978ms]
2023-03-23 19:55:03.229 [warning] getRemotes() - ENOENT: no such file or directory, open '/home/mmihovilovic/--git-common-dir/config'
2023-03-23 19:55:03.248 [info] > git remote --verbose [19ms]
2023-03-23 19:55:03.249 [info] > git config --get commit.template [2ms]
2023-03-23 19:55:03.269 [info] > git for-each-ref --format=%(refname)%00%(upstream:short)%00%(objectname) refs/heads/main refs/remotes/main [2ms]
2023-03-23 19:55:03.292 [info] > git rev-list --left-right --count main...origin/main [2ms]
2023-03-23 19:55:07.278 [info] > git status -z -uall [3969ms]
2023-03-23 19:55:12.331 [warning] getRemotes() - ENOENT: no such file or directory, open '/home/mmihovilovic/--git-common-dir/config'
2023-03-23 19:55:12.353 [info] > git remote --verbose [21ms]
2023-03-23 19:55:12.354 [info] > git config --get commit.template [2ms]
2023-03-23 19:55:12.376 [info] > git for-each-ref --format=%(refname)%00%(upstream:short)%00%(objectname) refs/heads/main refs/remotes/main [2ms]
2023-03-23 19:55:12.395 [info] > git rev-list --left-right --count main...origin/main [2ms]
2023-03-23 19:55:16.381 [info] > git status -z -uall [3968ms]
2023-03-23 19:55:21.450 [warning] getRemotes() - ENOENT: no such file or directory, open '/home/mmihovilovic/--git-common-dir/config'
2023-03-23 19:55:21.469 [info] > git remote --verbose [19ms]
2023-03-23 19:55:21.470 [info] > git config --get commit.template [3ms]
2023-03-23 19:55:21.489 [info] > git for-each-ref --format=%(refname)%00%(upstream:short)%00%(objectname) refs/heads/main refs/remotes/main [3ms]
2023-03-23 19:55:21.509 [info] > git rev-list --left-right --count main...origin/main [2ms]
2023-03-23 19:55:25.488 [info] > git status -z -uall [3962ms]
2023-03-23 19:55:30.537 [warning] getRemotes() - ENOENT: no such file or directory, open '/home/mmihovilovic/--git-common-dir/config'
2023-03-23 19:55:30.559 [info] > git config --get commit.template [5ms]
2023-03-23 19:55:30.559 [info] > git remote --verbose [22ms]
2023-03-23 19:55:30.584 [info] > git for-each-ref --format=%(refname)%00%(upstream:short)%00%(objectname) refs/heads/main refs/remotes/main [3ms]
2023-03-23 19:55:30.609 [info] > git rev-list --left-right --count main...origin/main [4ms]
2023-03-23 19:55:34.593 [info] > git status -z -uall [3961ms]
2023-03-23 19:55:39.636 [warning] getRemotes() - ENOENT: no such file or directory, open '/home/mmihovilovic/--git-common-dir/config'
2023-03-23 19:55:39.655 [info] > git remote --verbose [19ms]
2023-03-23 19:55:39.656 [info] > git config --get commit.template [3ms]
2023-03-23 19:55:39.676 [info] > git for-each-ref --format=%(refname)%00%(upstream:short)%00%(objectname) refs/heads/main refs/remotes/main [2ms]
2023-03-23 19:55:39.696 [info] > git rev-list --left-right --count main...origin/main [2ms]
2023-03-23 19:55:43.672 [info] > git status -z -uall [3958ms]
2023-03-23 19:55:48.728 [warning] getRemotes() - ENOENT: no such file or directory, open '/home/mmihovilovic/--git-common-dir/config'
2023-03-23 19:55:48.747 [info] > git remote --verbose [19ms]
2023-03-23 19:55:48.748 [info] > git config --get commit.template [2ms]
2023-03-23 19:55:48.770 [info] > git for-each-ref --format=%(refname)%00%(upstream:short)%00%(objectname) refs/heads/main refs/remotes/main [5ms]
2023-03-23 19:55:48.795 [info] > git rev-list --left-right --count main...origin/main [4ms]
2023-03-23 19:55:52.772 [info] > git status -z -uall [3956ms]
2023-03-23 19:55:57.822 [warning] getRemotes() - ENOENT: no such file or directory, open '/home/mmihovilovic/--git-common-dir/config'
2023-03-23 19:55:57.841 [info] > git remote --verbose [22ms]
2023-03-23 19:55:57.842 [info] > git config --get commit.template [2ms]
2023-03-23 19:55:57.862 [info] > git for-each-ref --format=%(refname)%00%(upstream:short)%00%(objectname) refs/heads/main refs/remotes/main [3ms]
2023-03-23 19:55:57.881 [info] > git rev-list --left-right --count main...origin/main [2ms]
2023-03-23 19:56:01.855 [info] > git status -z -uall [3956ms]
2023-03-23 19:56:06.902 [warning] getRemotes() - ENOENT: no such file or directory, open '/home/mmihovilovic/--git-common-dir/config'
2023-03-23 19:56:06.922 [info] > git remote --verbose [19ms]
2023-03-23 19:56:06.922 [info] > git config --get commit.template [2ms]
2023-03-23 19:56:06.942 [info] > git for-each-ref --format=%(refname)%00%(upstream:short)%00%(objectname) refs/heads/main refs/remotes/main [3ms]
2023-03-23 19:56:06.962 [info] > git rev-list --left-right --count main...origin/main [2ms]
2023-03-23 19:56:10.934 [info] > git status -z -uall [3955ms]
2023-03-23 19:56:15.984 [warning] getRemotes() - ENOENT: no such file or directory, open '/home/mmihovilovic/--git-common-dir/config'
2023-03-23 19:56:16.003 [info] > git remote --verbose [19ms]
2023-03-23 19:56:16.004 [info] > git config --get commit.template [3ms]
2023-03-23 19:56:16.027 [info] > git for-each-ref --format=%(refname)%00%(upstream:short)%00%(objectname) refs/heads/main refs/remotes/main [3ms]
2023-03-23 19:56:16.047 [info] > git rev-list --left-right --count main...origin/main [3ms]
2023-03-23 19:56:18.166 [info] > git show --textconv :macbzvz/zadatak1ispit/Analyzer.h [18ms]
2023-03-23 19:56:18.174 [info] > git ls-files --stage -- /home/mmihovilovic/macbzvz/zadatak1ispit/Analyzer.h [9ms]
2023-03-23 19:56:18.195 [info] > git cat-file -s 54415edbb18676841b7cbf119678b77f6a9e6d1d [1ms]
2023-03-23 19:56:20.061 [info] > git status -z -uall [3997ms]
2023-03-23 19:56:25.112 [warning] getRemotes() - ENOENT: no such file or directory, open '/home/mmihovilovic/--git-common-dir/config'
2023-03-23 19:56:25.134 [info] > git remote --verbose [22ms]
2023-03-23 19:56:25.135 [info] > git config --get commit.template [2ms]
2023-03-23 19:56:25.155 [info] > git for-each-ref --format=%(refname)%00%(upstream:short)%00%(objectname) refs/heads/main refs/remotes/main [2ms]
2023-03-23 19:56:25.174 [info] > git rev-list --left-right --count main...origin/main [2ms]
2023-03-23 19:56:29.142 [info] > git status -z -uall [3950ms]
2023-03-23 19:56:34.196 [warning] getRemotes() - ENOENT: no such file or directory, open '/home/mmihovilovic/--git-common-dir/config'
2023-03-23 19:56:34.215 [info] > git remote --verbose [19ms]
2023-03-23 19:56:34.216 [info] > git config --get commit.template [2ms]
2023-03-23 19:56:34.235 [info] > git for-each-ref --format=%(refname)%00%(upstream:short)%00%(objectname) refs/heads/main refs/remotes/main [2ms]
2023-03-23 19:56:34.255 [info] > git rev-list --left-right --count main...origin/main [2ms]
2023-03-23 19:56:38.224 [info] > git status -z -uall [3951ms]
2023-03-23 19:56:43.274 [warning] getRemotes() - ENOENT: no such file or directory, open '/home/mmihovilovic/--git-common-dir/config'
2023-03-23 19:56:43.294 [info] > git remote --verbose [19ms]
2023-03-23 19:56:43.295 [info] > git config --get commit.template [2ms]
2023-03-23 19:56:43.314 [info] > git for-each-ref --format=%(refname)%00%(upstream:short)%00%(objectname) refs/heads/main refs/remotes/main [3ms]
2023-03-23 19:56:43.338 [info] > git rev-list --left-right --count main...origin/main [3ms]
2023-03-23 19:56:47.321 [info] > git status -z -uall [3960ms]
2023-03-23 19:56:51.384 [info] > git show --textconv :macbzvz/zadatak2ispit/Analyzer.cpp [22ms]
2023-03-23 19:56:51.391 [info] > git ls-files --stage -- /home/mmihovilovic/macbzvz/zadatak2ispit/Analyzer.cpp [9ms]
2023-03-23 19:56:51.411 [info] > git cat-file -s 29cfe8d6e0b0beef79fabb8c5b905b375b5ed24d [2ms]
2023-03-23 19:56:52.375 [warning] getRemotes() - ENOENT: no such file or directory, open '/home/mmihovilovic/--git-common-dir/config'
2023-03-23 19:56:52.399 [info] > git remote --verbose [23ms]
2023-03-23 19:56:52.400 [info] > git config --get commit.template [2ms]
2023-03-23 19:56:52.422 [info] > git for-each-ref --format=%(refname)%00%(upstream:short)%00%(objectname) refs/heads/main refs/remotes/main [3ms]
2023-03-23 19:56:52.442 [info] > git rev-list --left-right --count main...origin/main [3ms]
2023-03-23 19:56:56.420 [info] > git status -z -uall [3962ms]
2023-03-23 19:57:01.472 [warning] getRemotes() - ENOENT: no such file or directory, open '/home/mmihovilovic/--git-common-dir/config'
2023-03-23 19:57:01.491 [info] > git remote --verbose [19ms]
2023-03-23 19:57:01.492 [info] > git config --get commit.template [2ms]
2023-03-23 19:57:01.512 [info] > git for-each-ref --format=%(refname)%00%(upstream:short)%00%(objectname) refs/heads/main refs/remotes/main [3ms]
2023-03-23 19:57:01.531 [info] > git rev-list --left-right --count main...origin/main [2ms]
2023-03-23 19:57:05.519 [info] > git status -z -uall [3970ms]
2023-03-23 19:57:10.577 [warning] getRemotes() - ENOENT: no such file or directory, open '/home/mmihovilovic/--git-common-dir/config'
2023-03-23 19:57:10.602 [info] > git remote --verbose [26ms]
2023-03-23 19:57:10.603 [info] > git config --get commit.template [3ms]
2023-03-23 19:57:10.624 [info] > git for-each-ref --format=%(refname)%00%(upstream:short)%00%(objectname) refs/heads/main refs/remotes/main [3ms]
2023-03-23 19:57:10.650 [info] > git rev-list --left-right --count main...origin/main [2ms]
2023-03-23 19:57:14.632 [info] > git status -z -uall [3962ms]
2023-03-23 19:57:19.685 [warning] getRemotes() - ENOENT: no such file or directory, open '/home/mmihovilovic/--git-common-dir/config'
2023-03-23 19:57:19.708 [info] > git remote --verbose [27ms]
2023-03-23 19:57:19.709 [info] > git config --get commit.template [2ms]
2023-03-23 19:57:19.731 [info] > git for-each-ref --format=%(refname)%00%(upstream:short)%00%(objectname) refs/heads/main refs/remotes/main [3ms]
2023-03-23 19:57:19.751 [info] > git rev-list --left-right --count main...origin/main [3ms]
2023-03-23 19:57:23.760 [info] > git status -z -uall [3989ms]
2023-03-23 19:57:28.813 [warning] getRemotes() - ENOENT: no such file or directory, open '/home/mmihovilovic/--git-common-dir/config'
2023-03-23 19:57:28.831 [info] > git remote --verbose [19ms]
2023-03-23 19:57:28.833 [info] > git config --get commit.template [2ms]
2023-03-23 19:57:28.855 [info] > git for-each-ref --format=%(refname)%00%(upstream:short)%00%(objectname) refs/heads/main refs/remotes/main [2ms]
2023-03-23 19:57:28.875 [info] > git rev-list --left-right --count main...origin/main [3ms]
2023-03-23 19:57:32.846 [info] > git status -z -uall [3953ms]
2023-03-23 19:57:37.899 [warning] getRemotes() - ENOENT: no such file or directory, open '/home/mmihovilovic/--git-common-dir/config'
2023-03-23 19:57:37.918 [info] > git remote --verbose [19ms]
2023-03-23 19:57:37.919 [info] > git config --get commit.template [2ms]
2023-03-23 19:57:37.939 [info] > git for-each-ref --format=%(refname)%00%(upstream:short)%00%(objectname) refs/heads/main refs/remotes/main [2ms]
2023-03-23 19:57:37.958 [info] > git rev-list --left-right --count main...origin/main [2ms]
2023-03-23 19:57:41.979 [info] > git status -z -uall [4003ms]
2023-03-23 19:57:47.029 [warning] getRemotes() - ENOENT: no such file or directory, open '/home/mmihovilovic/--git-common-dir/config'
2023-03-23 19:57:47.051 [info] > git config --get commit.template [3ms]
2023-03-23 19:57:47.051 [info] > git remote --verbose [22ms]
2023-03-23 19:57:47.076 [info] > git for-each-ref --format=%(refname)%00%(upstream:short)%00%(objectname) refs/heads/main refs/remotes/main [3ms]
2023-03-23 19:57:47.104 [info] > git rev-list --left-right --count main...origin/main [8ms]
2023-03-23 19:57:51.090 [info] > git status -z -uall [3964ms]
2023-03-23 19:57:56.136 [warning] getRemotes() - ENOENT: no such file or directory, open '/home/mmihovilovic/--git-common-dir/config'
2023-03-23 19:57:56.155 [info] > git remote --verbose [19ms]
2023-03-23 19:57:56.156 [info] > git config --get commit.template [3ms]
2023-03-23 19:57:56.175 [info] > git for-each-ref --format=%(refname)%00%(upstream:short)%00%(objectname) refs/heads/main refs/remotes/main [2ms]
2023-03-23 19:57:56.195 [info] > git rev-list --left-right --count main...origin/main [2ms]
2023-03-23 19:57:57.640 [info] > git show --textconv :macbzvz/zadatak2ispit/analyze.cpp [19ms]
2023-03-23 19:57:57.647 [info] > git ls-files --stage -- /home/mmihovilovic/macbzvz/zadatak2ispit/analyze.cpp [9ms]
2023-03-23 19:57:57.664 [info] > git cat-file -s 3ace8ee9a1667746c88bbd7e0127fcce02305ac4 [2ms]
2023-03-23 19:58:00.173 [info] > git status -z -uall [3961ms]
2023-03-23 19:58:03.311 [info] > git show --textconv :macbzvz/zadatak2ispit/Analyzer.h [21ms]
2023-03-23 19:58:03.319 [info] > git ls-files --stage -- /home/mmihovilovic/macbzvz/zadatak2ispit/Analyzer.h [9ms]
2023-03-23 19:58:03.341 [info] > git cat-file -s 4fd2afa0d54902e30e468514ad5c56a79d0c915e [2ms]
2023-03-23 19:58:05.223 [warning] getRemotes() - ENOENT: no such file or directory, open '/home/mmihovilovic/--git-common-dir/config'
2023-03-23 19:58:05.244 [info] > git remote --verbose [21ms]
2023-03-23 19:58:05.245 [info] > git config --get commit.template [2ms]
2023-03-23 19:58:05.267 [info] > git for-each-ref --format=%(refname)%00%(upstream:short)%00%(objectname) refs/heads/main refs/remotes/main [2ms]
2023-03-23 19:58:05.287 [info] > git rev-list --left-right --count main...origin/main [2ms]
2023-03-23 19:58:06.307 [info] > git show --textconv :macbzvz/zadatak2ispit/Analyzer.cpp [26ms]
2023-03-23 19:58:06.312 [info] > git ls-files --stage -- /home/mmihovilovic/macbzvz/zadatak2ispit/Analyzer.cpp [11ms]
2023-03-23 19:58:06.329 [info] > git cat-file -s 29cfe8d6e0b0beef79fabb8c5b905b375b5ed24d [2ms]
2023-03-23 19:58:09.269 [info] > git status -z -uall [3961ms]
2023-03-23 19:58:12.858 [info] > git show --textconv :macbzvz/zadatak2ispit/Analyzer.h [21ms]
2023-03-23 19:58:12.865 [info] > git ls-files --stage -- /home/mmihovilovic/macbzvz/zadatak2ispit/Analyzer.h [9ms]
2023-03-23 19:58:12.887 [info] > git cat-file -s 4fd2afa0d54902e30e468514ad5c56a79d0c915e [2ms]
2023-03-23 19:58:14.325 [warning] getRemotes() - ENOENT: no such file or directory, open '/home/mmihovilovic/--git-common-dir/config'
2023-03-23 19:58:14.346 [info] > git remote --verbose [21ms]
2023-03-23 19:58:14.347 [info] > git config --get commit.template [3ms]
2023-03-23 19:58:14.369 [info] > git for-each-ref --format=%(refname)%00%(upstream:short)%00%(objectname) refs/heads/main refs/remotes/main [2ms]
2023-03-23 19:58:14.389 [info] > git rev-list --left-right --count main...origin/main [2ms]
2023-03-23 19:58:16.804 [info] > git show --textconv :macbzvz/zadatak2ispit/Analyzer.cpp [19ms]
2023-03-23 19:58:16.812 [info] > git ls-files --stage -- /home/mmihovilovic/macbzvz/zadatak2ispit/Analyzer.cpp [9ms]
2023-03-23 19:58:16.835 [info] > git cat-file -s 29cfe8d6e0b0beef79fabb8c5b905b375b5ed24d [2ms]
2023-03-23 19:58:18.395 [info] > git status -z -uall [3986ms]
