2023-03-22 19:49:12.696 [info] Log level: Info
2023-03-22 19:49:12.696 [info] Validating found git in: "git"
2023-03-22 19:49:12.696 [info] Using git "1.8.3.1" from "git"
2023-03-22 19:49:12.696 [info] > git rev-parse --show-toplevel [19ms]
2023-03-22 19:49:12.696 [info] > git rev-parse --git-dir --git-common-dir [7ms]
2023-03-22 19:49:12.696 [info] Open repository: /home/mmihovilovic
2023-03-22 19:49:12.696 [warning] getRemotes() - ENOENT: no such file or directory, open '/home/mmihovilovic/--git-common-dir/config'
2023-03-22 19:49:12.696 [info] > git config --get commit.template [12ms]
2023-03-22 19:49:12.696 [info] > git remote --verbose [26ms]
2023-03-22 19:49:12.696 [info] > git rev-parse --show-toplevel [42ms]
2023-03-22 19:49:12.696 [info] > git rev-parse --show-toplevel [5ms]
2023-03-22 19:49:12.696 [info] > git rev-parse --show-toplevel [20ms]
2023-03-22 19:49:12.696 [info] > git for-each-ref --format=%(refname)%00%(upstream:short)%00%(objectname) refs/heads/main refs/remotes/main [16ms]
2023-03-22 19:49:12.696 [info] > git rev-parse --show-toplevel [16ms]
2023-03-22 19:49:12.696 [info] > git rev-list --left-right --count main...origin/main [16ms]
2023-03-22 19:49:12.696 [info] > git rev-parse --show-toplevel [33ms]
2023-03-22 19:49:12.696 [info] > git rev-parse --show-toplevel [73ms]
2023-03-22 19:49:12.696 [info] > git rev-parse --show-toplevel [3ms]
2023-03-22 19:49:12.696 [info] > git rev-parse --show-toplevel [12ms]
2023-03-22 19:49:12.696 [info] > git rev-parse --show-toplevel [5ms]
2023-03-22 19:49:12.922 [info] > git rev-parse --show-toplevel [227ms]
2023-03-22 19:49:13.000 [info] > git rev-parse --show-toplevel [63ms]
2023-03-22 19:49:13.042 [info] > git rev-parse --show-toplevel [25ms]
2023-03-22 19:49:13.225 [info] > git rev-parse --show-toplevel [165ms]
2023-03-22 19:49:13.263 [info] > git rev-parse --show-toplevel [24ms]
2023-03-22 19:49:13.286 [info] > git check-ignore -v -z --stdin [31ms]
2023-03-22 19:49:13.293 [info] > git rev-parse --show-toplevel [13ms]
2023-03-22 19:49:13.325 [info] > git rev-parse --show-toplevel [10ms]
2023-03-22 19:49:13.363 [info] > git rev-parse --show-toplevel [9ms]
2023-03-22 19:49:13.412 [info] > git rev-parse --git-dir --git-common-dir [31ms]
2023-03-22 19:49:13.420 [info] Open repository: /home/mmihovilovic/vj11
2023-03-22 19:49:13.457 [warning] getRemotes() - ENOENT: no such file or directory, open '/home/mmihovilovic/vj11/--git-common-dir/config'
2023-03-22 19:49:13.538 [info] > git config --get commit.template [62ms]
2023-03-22 19:49:13.538 [info] > git remote --verbose [81ms]
2023-03-22 19:49:13.538 [info] > git rev-parse --show-toplevel [102ms]
2023-03-22 19:49:13.559 [info] > git rev-parse --show-toplevel [7ms]
2023-03-22 19:49:13.599 [info] > git for-each-ref --format=%(refname)%00%(upstream:short)%00%(objectname) refs/heads/master refs/remotes/master [8ms]
2023-03-22 19:49:13.616 [info] > git rev-parse --show-toplevel [44ms]
2023-03-22 19:49:13.636 [info] > git status -z -uall [21ms]
2023-03-22 19:49:13.665 [warning] getRemotes() - ENOENT: no such file or directory, open '/home/mmihovilovic/vj11/--git-common-dir/config'
2023-03-22 19:49:13.681 [info] > git rev-parse --show-toplevel [52ms]
2023-03-22 19:49:13.704 [info] > git config --get commit.template [25ms]
2023-03-22 19:49:13.705 [info] > git remote --verbose [40ms]
2023-03-22 19:49:13.709 [info] > git rev-parse --show-toplevel [14ms]
2023-03-22 19:49:13.746 [info] > git for-each-ref --format=%(refname)%00%(upstream:short)%00%(objectname) refs/heads/master refs/remotes/master [8ms]
2023-03-22 19:49:13.760 [info] > git rev-parse --show-toplevel [39ms]
2023-03-22 19:49:13.813 [info] > git status -z -uall [54ms]
2023-03-22 19:49:13.814 [info] > git rev-parse --show-toplevel [41ms]
2023-03-22 19:49:13.835 [info] > git rev-parse --show-toplevel [8ms]
2023-03-22 19:49:13.853 [info] > git rev-parse --git-dir --git-common-dir [6ms]
2023-03-22 19:49:13.861 [info] Open repository: /home/mmihovilovic/vj6
2023-03-22 19:49:13.897 [warning] getRemotes() - ENOENT: no such file or directory, open '/home/mmihovilovic/vj6/--git-common-dir/config'
2023-03-22 19:49:13.918 [info] > git remote --verbose [21ms]
2023-03-22 19:49:13.918 [info] > git rev-parse --show-toplevel [44ms]
2023-03-22 19:49:13.943 [info] > git rev-parse --show-toplevel [12ms]
2023-03-22 19:49:13.963 [info] > git config --get commit.template [52ms]
2023-03-22 19:49:13.987 [info] > git rev-parse --show-toplevel [24ms]
2023-03-22 19:49:14.010 [info] > git for-each-ref --format=%(refname)%00%(upstream:short)%00%(objectname) refs/heads/master refs/remotes/master [23ms]
2023-03-22 19:49:14.029 [info] > git rev-parse --show-toplevel [27ms]
2023-03-22 19:49:14.039 [info] > git status -z -uall [16ms]
2023-03-22 19:49:14.061 [warning] getRemotes() - ENOENT: no such file or directory, open '/home/mmihovilovic/vj6/--git-common-dir/config'
2023-03-22 19:49:14.078 [info] > git remote --verbose [16ms]
2023-03-22 19:49:14.080 [info] > git config --get commit.template [7ms]
2023-03-22 19:49:14.115 [info] > git for-each-ref --format=%(refname)%00%(upstream:short)%00%(objectname) refs/heads/master refs/remotes/master [7ms]
2023-03-22 19:49:14.136 [info] > git status -z -uall [7ms]
2023-03-22 19:49:14.399 [info] > git show --textconv :vjezbaispit/kol/Analyzer.cpp [26ms]
2023-03-22 19:49:14.404 [info] > git ls-files --stage -- /home/mmihovilovic/vjezbaispit/kol/Analyzer.cpp [11ms]
2023-03-22 19:49:14.427 [info] > git cat-file -s 634edd78f7f3d09c614aa9a9437740384ac26e13 [7ms]
2023-03-22 19:49:14.794 [info] > git check-ignore -v -z --stdin [18ms]
2023-03-22 19:49:14.796 [info] > git check-ignore -v -z --stdin [4ms]
2023-03-22 19:49:14.803 [info] > git check-ignore -v -z --stdin [42ms]
2023-03-22 19:49:14.841 [info] > git ls-files --stage -- /home/mmihovilovic/vjezbaispit/kol/Analyzer.cpp [14ms]
2023-03-22 19:49:14.860 [info] > git cat-file -s 634edd78f7f3d09c614aa9a9437740384ac26e13 [3ms]
2023-03-22 19:49:14.903 [info] > git show --textconv :vjezbaispit/kol/Analyzer.cpp [9ms]
2023-03-22 19:49:16.506 [info] > git status -z -uall [3987ms]
2023-03-22 19:49:16.558 [warning] getRemotes() - ENOENT: no such file or directory, open '/home/mmihovilovic/--git-common-dir/config'
2023-03-22 19:49:16.580 [info] > git remote --verbose [23ms]
2023-03-22 19:49:16.581 [info] > git config --get commit.template [5ms]
2023-03-22 19:49:16.605 [info] > git for-each-ref --format=%(refname)%00%(upstream:short)%00%(objectname) refs/heads/main refs/remotes/main [2ms]
2023-03-22 19:49:16.802 [info] > git rev-list --left-right --count main...origin/main [177ms]
2023-03-22 19:49:19.698 [info] > git check-ignore -v -z --stdin [10ms]
2023-03-22 19:49:20.790 [info] > git status -z -uall [3972ms]
2023-03-22 19:49:21.091 [info] > git check-ignore -v -z --stdin [177ms]
2023-03-22 19:49:23.359 [warning] getRemotes() - ENOENT: no such file or directory, open '/home/mmihovilovic/--git-common-dir/config'
2023-03-22 19:49:23.379 [info] > git remote --verbose [20ms]
2023-03-22 19:49:23.381 [info] > git config --get commit.template [4ms]
2023-03-22 19:49:23.402 [info] > git for-each-ref --format=%(refname)%00%(upstream:short)%00%(objectname) refs/heads/main refs/remotes/main [2ms]
2023-03-22 19:49:23.426 [info] > git rev-list --left-right --count main...origin/main [2ms]
2023-03-22 19:49:27.400 [info] > git status -z -uall [3956ms]
2023-03-22 19:49:32.440 [warning] getRemotes() - ENOENT: no such file or directory, open '/home/mmihovilovic/--git-common-dir/config'
2023-03-22 19:49:32.460 [info] > git remote --verbose [20ms]
2023-03-22 19:49:32.461 [info] > git config --get commit.template [3ms]
2023-03-22 19:49:32.482 [info] > git for-each-ref --format=%(refname)%00%(upstream:short)%00%(objectname) refs/heads/main refs/remotes/main [2ms]
2023-03-22 19:49:32.502 [info] > git rev-list --left-right --count main...origin/main [2ms]
2023-03-22 19:49:36.473 [info] > git status -z -uall [3952ms]
2023-03-22 19:49:41.511 [warning] getRemotes() - ENOENT: no such file or directory, open '/home/mmihovilovic/--git-common-dir/config'
2023-03-22 19:49:41.532 [info] > git remote --verbose [20ms]
2023-03-22 19:49:41.533 [info] > git config --get commit.template [2ms]
2023-03-22 19:49:41.554 [info] > git for-each-ref --format=%(refname)%00%(upstream:short)%00%(objectname) refs/heads/main refs/remotes/main [2ms]
2023-03-22 19:49:41.577 [info] > git rev-list --left-right --count main...origin/main [3ms]
2023-03-22 19:49:45.546 [info] > git status -z -uall [3950ms]
2023-03-22 19:49:50.586 [warning] getRemotes() - ENOENT: no such file or directory, open '/home/mmihovilovic/--git-common-dir/config'
2023-03-22 19:49:50.607 [info] > git remote --verbose [20ms]
2023-03-22 19:49:50.608 [info] > git config --get commit.template [3ms]
2023-03-22 19:49:50.630 [info] > git for-each-ref --format=%(refname)%00%(upstream:short)%00%(objectname) refs/heads/main refs/remotes/main [4ms]
2023-03-22 19:49:50.652 [info] > git rev-list --left-right --count main...origin/main [3ms]
2023-03-22 19:49:54.674 [info] > git status -z -uall [4002ms]
2023-03-22 19:49:59.715 [warning] getRemotes() - ENOENT: no such file or directory, open '/home/mmihovilovic/--git-common-dir/config'
2023-03-22 19:49:59.736 [info] > git remote --verbose [20ms]
2023-03-22 19:49:59.737 [info] > git config --get commit.template [3ms]
2023-03-22 19:49:59.758 [info] > git for-each-ref --format=%(refname)%00%(upstream:short)%00%(objectname) refs/heads/main refs/remotes/main [3ms]
2023-03-22 19:49:59.779 [info] > git rev-list --left-right --count main...origin/main [3ms]
2023-03-22 19:50:03.780 [info] > git status -z -uall [3977ms]
2023-03-22 19:50:08.816 [warning] getRemotes() - ENOENT: no such file or directory, open '/home/mmihovilovic/--git-common-dir/config'
2023-03-22 19:50:08.837 [info] > git remote --verbose [20ms]
2023-03-22 19:50:08.839 [info] > git config --get commit.template [3ms]
2023-03-22 19:50:08.860 [info] > git for-each-ref --format=%(refname)%00%(upstream:short)%00%(objectname) refs/heads/main refs/remotes/main [3ms]
2023-03-22 19:50:08.881 [info] > git rev-list --left-right --count main...origin/main [2ms]
2023-03-22 19:50:12.853 [info] > git status -z -uall [3948ms]
2023-03-22 19:50:17.891 [warning] getRemotes() - ENOENT: no such file or directory, open '/home/mmihovilovic/--git-common-dir/config'
2023-03-22 19:50:17.914 [info] > git remote --verbose [22ms]
2023-03-22 19:50:17.916 [info] > git config --get commit.template [3ms]
2023-03-22 19:50:17.937 [info] > git for-each-ref --format=%(refname)%00%(upstream:short)%00%(objectname) refs/heads/main refs/remotes/main [3ms]
2023-03-22 19:50:17.959 [info] > git rev-list --left-right --count main...origin/main [2ms]
2023-03-22 19:50:21.933 [info] > git status -z -uall [3954ms]
2023-03-22 19:50:26.973 [warning] getRemotes() - ENOENT: no such file or directory, open '/home/mmihovilovic/--git-common-dir/config'
2023-03-22 19:50:26.994 [info] > git remote --verbose [20ms]
2023-03-22 19:50:26.994 [info] > git config --get commit.template [2ms]
2023-03-22 19:50:27.016 [info] > git for-each-ref --format=%(refname)%00%(upstream:short)%00%(objectname) refs/heads/main refs/remotes/main [2ms]
2023-03-22 19:50:27.037 [info] > git rev-list --left-right --count main...origin/main [2ms]
2023-03-22 19:50:31.017 [info] > git status -z -uall [3961ms]
2023-03-22 19:50:36.054 [warning] getRemotes() - ENOENT: no such file or directory, open '/home/mmihovilovic/--git-common-dir/config'
2023-03-22 19:50:36.074 [info] > git remote --verbose [20ms]
2023-03-22 19:50:36.075 [info] > git config --get commit.template [2ms]
2023-03-22 19:50:36.097 [info] > git for-each-ref --format=%(refname)%00%(upstream:short)%00%(objectname) refs/heads/main refs/remotes/main [3ms]
2023-03-22 19:50:36.119 [info] > git rev-list --left-right --count main...origin/main [3ms]
2023-03-22 19:50:40.092 [info] > git status -z -uall [3954ms]
2023-03-22 19:50:45.125 [warning] getRemotes() - ENOENT: no such file or directory, open '/home/mmihovilovic/--git-common-dir/config'
2023-03-22 19:50:45.146 [info] > git remote --verbose [20ms]
2023-03-22 19:50:45.149 [info] > git config --get commit.template [5ms]
2023-03-22 19:50:45.171 [info] > git for-each-ref --format=%(refname)%00%(upstream:short)%00%(objectname) refs/heads/main refs/remotes/main [2ms]
2023-03-22 19:50:45.193 [info] > git rev-list --left-right --count main...origin/main [3ms]
2023-03-22 19:50:49.178 [info] > git status -z -uall [3966ms]
2023-03-22 19:50:54.217 [warning] getRemotes() - ENOENT: no such file or directory, open '/home/mmihovilovic/--git-common-dir/config'
2023-03-22 19:50:54.234 [info] > git remote --verbose [17ms]
2023-03-22 19:50:54.235 [info] > git config --get commit.template [3ms]
2023-03-22 19:50:54.252 [info] > git for-each-ref --format=%(refname)%00%(upstream:short)%00%(objectname) refs/heads/main refs/remotes/main [2ms]
2023-03-22 19:50:54.270 [info] > git rev-list --left-right --count main...origin/main [3ms]
2023-03-22 19:50:58.230 [info] > git status -z -uall [3945ms]
2023-03-22 19:51:03.269 [warning] getRemotes() - ENOENT: no such file or directory, open '/home/mmihovilovic/--git-common-dir/config'
2023-03-22 19:51:03.286 [info] > git remote --verbose [17ms]
2023-03-22 19:51:03.287 [info] > git config --get commit.template [2ms]
2023-03-22 19:51:03.305 [info] > git for-each-ref --format=%(refname)%00%(upstream:short)%00%(objectname) refs/heads/main refs/remotes/main [2ms]
2023-03-22 19:51:03.322 [info] > git rev-list --left-right --count main...origin/main [3ms]
2023-03-22 19:51:07.282 [info] > git status -z -uall [3944ms]
2023-03-22 19:51:12.314 [warning] getRemotes() - ENOENT: no such file or directory, open '/home/mmihovilovic/--git-common-dir/config'
2023-03-22 19:51:12.333 [info] > git config --get commit.template [3ms]
2023-03-22 19:51:12.333 [info] > git remote --verbose [20ms]
2023-03-22 19:51:12.351 [info] > git for-each-ref --format=%(refname)%00%(upstream:short)%00%(objectname) refs/heads/main refs/remotes/main [2ms]
2023-03-22 19:51:12.368 [info] > git rev-list --left-right --count main...origin/main [2ms]
2023-03-22 19:51:16.322 [info] > git status -z -uall [3939ms]
2023-03-22 19:51:16.988 [info] > git show --textconv :vjezbaispit/kol/Analyzer.h [17ms]
2023-03-22 19:51:16.996 [info] > git ls-files --stage -- /home/mmihovilovic/vjezbaispit/kol/Analyzer.h [9ms]
2023-03-22 19:51:17.016 [info] > git cat-file -s ff51f5bdcbe793f23e164bde9b45d82e9d499bb5 [3ms]
2023-03-22 19:51:21.354 [warning] getRemotes() - ENOENT: no such file or directory, open '/home/mmihovilovic/--git-common-dir/config'
2023-03-22 19:51:21.371 [info] > git remote --verbose [17ms]
2023-03-22 19:51:21.372 [info] > git config --get commit.template [3ms]
2023-03-22 19:51:21.389 [info] > git for-each-ref --format=%(refname)%00%(upstream:short)%00%(objectname) refs/heads/main refs/remotes/main [2ms]
2023-03-22 19:51:21.408 [info] > git rev-list --left-right --count main...origin/main [2ms]
2023-03-22 19:51:21.970 [info] > git show --textconv :kol1/z3/Generator.cpp [17ms]
2023-03-22 19:51:21.978 [info] > git ls-files --stage -- /home/mmihovilovic/kol1/z3/Generator.cpp [9ms]
2023-03-22 19:51:21.995 [info] > git cat-file -s 253bc7e96d4eee83028b632ab89521d89e760182 [3ms]
2023-03-22 19:51:22.357 [info] > git check-ignore -v -z --stdin [9ms]
2023-03-22 19:51:25.376 [info] > git status -z -uall [3953ms]
2023-03-22 19:51:30.411 [warning] getRemotes() - ENOENT: no such file or directory, open '/home/mmihovilovic/--git-common-dir/config'
2023-03-22 19:51:30.427 [info] > git remote --verbose [17ms]
2023-03-22 19:51:30.428 [info] > git config --get commit.template [2ms]
2023-03-22 19:51:30.446 [info] > git for-each-ref --format=%(refname)%00%(upstream:short)%00%(objectname) refs/heads/main refs/remotes/main [3ms]
2023-03-22 19:51:30.464 [info] > git rev-list --left-right --count main...origin/main [3ms]
2023-03-22 19:51:32.513 [info] > git show --textconv :vjezbaispit/kol/Analyzer.cpp [17ms]
2023-03-22 19:51:32.521 [info] > git ls-files --stage -- /home/mmihovilovic/vjezbaispit/kol/Analyzer.cpp [9ms]
2023-03-22 19:51:32.536 [info] > git cat-file -s 634edd78f7f3d09c614aa9a9437740384ac26e13 [2ms]
2023-03-22 19:51:34.432 [info] > git status -z -uall [3949ms]
2023-03-22 19:51:39.468 [warning] getRemotes() - ENOENT: no such file or directory, open '/home/mmihovilovic/--git-common-dir/config'
2023-03-22 19:51:39.485 [info] > git remote --verbose [17ms]
2023-03-22 19:51:39.486 [info] > git config --get commit.template [3ms]
2023-03-22 19:51:39.504 [info] > git for-each-ref --format=%(refname)%00%(upstream:short)%00%(objectname) refs/heads/main refs/remotes/main [3ms]
2023-03-22 19:51:39.522 [info] > git rev-list --left-right --count main...origin/main [3ms]
2023-03-22 19:51:43.483 [info] > git status -z -uall [3943ms]
2023-03-22 19:51:48.525 [warning] getRemotes() - ENOENT: no such file or directory, open '/home/mmihovilovic/--git-common-dir/config'
2023-03-22 19:51:48.543 [info] > git remote --verbose [19ms]
2023-03-22 19:51:48.562 [info] > git config --get commit.template [20ms]
2023-03-22 19:51:48.563 [info] > git for-each-ref --format=%(refname)%00%(upstream:short)%00%(objectname) refs/heads/main refs/remotes/main [3ms]
2023-03-22 19:51:48.581 [info] > git rev-list --left-right --count main...origin/main [2ms]
2023-03-22 19:51:52.534 [info] > git status -z -uall [3938ms]
2023-03-22 19:51:57.566 [warning] getRemotes() - ENOENT: no such file or directory, open '/home/mmihovilovic/--git-common-dir/config'
2023-03-22 19:51:57.583 [info] > git remote --verbose [17ms]
2023-03-22 19:51:57.583 [info] > git config --get commit.template [2ms]
2023-03-22 19:51:57.601 [info] > git for-each-ref --format=%(refname)%00%(upstream:short)%00%(objectname) refs/heads/main refs/remotes/main [3ms]
2023-03-22 19:51:57.619 [info] > git rev-list --left-right --count main...origin/main [2ms]
2023-03-22 19:52:01.591 [info] > git status -z -uall [3954ms]
2023-03-22 19:52:06.623 [warning] getRemotes() - ENOENT: no such file or directory, open '/home/mmihovilovic/--git-common-dir/config'
2023-03-22 19:52:06.640 [info] > git remote --verbose [17ms]
2023-03-22 19:52:06.641 [info] > git config --get commit.template [2ms]
2023-03-22 19:52:06.659 [info] > git for-each-ref --format=%(refname)%00%(upstream:short)%00%(objectname) refs/heads/main refs/remotes/main [3ms]
2023-03-22 19:52:06.679 [info] > git rev-list --left-right --count main...origin/main [3ms]
2023-03-22 19:52:10.633 [info] > git status -z -uall [3938ms]
2023-03-22 19:52:15.666 [warning] getRemotes() - ENOENT: no such file or directory, open '/home/mmihovilovic/--git-common-dir/config'
2023-03-22 19:52:15.691 [info] > git remote --verbose [25ms]
2023-03-22 19:52:15.692 [info] > git config --get commit.template [5ms]
2023-03-22 19:52:15.712 [info] > git for-each-ref --format=%(refname)%00%(upstream:short)%00%(objectname) refs/heads/main refs/remotes/main [3ms]
2023-03-22 19:52:15.736 [info] > git rev-list --left-right --count main...origin/main [3ms]
2023-03-22 19:52:19.736 [info] > git status -z -uall [3979ms]
2023-03-22 19:52:24.770 [warning] getRemotes() - ENOENT: no such file or directory, open '/home/mmihovilovic/--git-common-dir/config'
2023-03-22 19:52:24.789 [info] > git remote --verbose [19ms]
2023-03-22 19:52:24.790 [info] > git config --get commit.template [2ms]
2023-03-22 19:52:24.808 [info] > git for-each-ref --format=%(refname)%00%(upstream:short)%00%(objectname) refs/heads/main refs/remotes/main [2ms]
2023-03-22 19:52:24.826 [info] > git rev-list --left-right --count main...origin/main [2ms]
2023-03-22 19:52:28.792 [info] > git status -z -uall [3947ms]
2023-03-22 19:52:33.826 [warning] getRemotes() - ENOENT: no such file or directory, open '/home/mmihovilovic/--git-common-dir/config'
2023-03-22 19:52:33.843 [info] > git remote --verbose [17ms]
2023-03-22 19:52:33.844 [info] > git config --get commit.template [3ms]
2023-03-22 19:52:33.862 [info] > git for-each-ref --format=%(refname)%00%(upstream:short)%00%(objectname) refs/heads/main refs/remotes/main [3ms]
2023-03-22 19:52:33.880 [info] > git rev-list --left-right --count main...origin/main [3ms]
2023-03-22 19:52:37.839 [info] > git status -z -uall [3944ms]
2023-03-22 19:52:42.874 [warning] getRemotes() - ENOENT: no such file or directory, open '/home/mmihovilovic/--git-common-dir/config'
2023-03-22 19:52:42.891 [info] > git remote --verbose [17ms]
2023-03-22 19:52:42.892 [info] > git config --get commit.template [3ms]
2023-03-22 19:52:42.910 [info] > git for-each-ref --format=%(refname)%00%(upstream:short)%00%(objectname) refs/heads/main refs/remotes/main [3ms]
2023-03-22 19:52:42.929 [info] > git rev-list --left-right --count main...origin/main [3ms]
2023-03-22 19:52:46.899 [info] > git status -z -uall [3946ms]
2023-03-22 19:52:51.935 [warning] getRemotes() - ENOENT: no such file or directory, open '/home/mmihovilovic/--git-common-dir/config'
2023-03-22 19:52:51.952 [info] > git remote --verbose [18ms]
2023-03-22 19:52:51.953 [info] > git config --get commit.template [3ms]
2023-03-22 19:52:51.971 [info] > git for-each-ref --format=%(refname)%00%(upstream:short)%00%(objectname) refs/heads/main refs/remotes/main [2ms]
2023-03-22 19:52:51.989 [info] > git rev-list --left-right --count main...origin/main [2ms]
2023-03-22 19:52:55.955 [info] > git status -z -uall [3951ms]
2023-03-22 19:53:00.991 [warning] getRemotes() - ENOENT: no such file or directory, open '/home/mmihovilovic/--git-common-dir/config'
2023-03-22 19:53:01.010 [info] > git remote --verbose [20ms]
2023-03-22 19:53:01.011 [info] > git config --get commit.template [3ms]
2023-03-22 19:53:01.029 [info] > git for-each-ref --format=%(refname)%00%(upstream:short)%00%(objectname) refs/heads/main refs/remotes/main [2ms]
2023-03-22 19:53:01.047 [info] > git rev-list --left-right --count main...origin/main [3ms]
2023-03-22 19:53:05.011 [info] > git status -z -uall [3948ms]
2023-03-22 19:53:10.045 [warning] getRemotes() - ENOENT: no such file or directory, open '/home/mmihovilovic/--git-common-dir/config'
2023-03-22 19:53:10.063 [info] > git remote --verbose [18ms]
2023-03-22 19:53:10.064 [info] > git config --get commit.template [3ms]
2023-03-22 19:53:10.084 [info] > git for-each-ref --format=%(refname)%00%(upstream:short)%00%(objectname) refs/heads/main refs/remotes/main [2ms]
2023-03-22 19:53:10.102 [info] > git rev-list --left-right --count main...origin/main [2ms]
2023-03-22 19:53:14.077 [info] > git status -z -uall [3960ms]
2023-03-22 19:53:19.116 [warning] getRemotes() - ENOENT: no such file or directory, open '/home/mmihovilovic/--git-common-dir/config'
2023-03-22 19:53:19.133 [info] > git remote --verbose [18ms]
2023-03-22 19:53:19.134 [info] > git config --get commit.template [3ms]
2023-03-22 19:53:19.152 [info] > git for-each-ref --format=%(refname)%00%(upstream:short)%00%(objectname) refs/heads/main refs/remotes/main [2ms]
2023-03-22 19:53:19.170 [info] > git rev-list --left-right --count main...origin/main [2ms]
2023-03-22 19:53:23.132 [info] > git status -z -uall [3947ms]
2023-03-22 19:53:28.165 [warning] getRemotes() - ENOENT: no such file or directory, open '/home/mmihovilovic/--git-common-dir/config'
2023-03-22 19:53:28.184 [info] > git remote --verbose [20ms]
2023-03-22 19:53:28.185 [info] > git config --get commit.template [3ms]
2023-03-22 19:53:28.203 [info] > git for-each-ref --format=%(refname)%00%(upstream:short)%00%(objectname) refs/heads/main refs/remotes/main [2ms]
2023-03-22 19:53:28.224 [info] > git rev-list --left-right --count main...origin/main [2ms]
2023-03-22 19:53:32.184 [info] > git status -z -uall [3944ms]
2023-03-22 19:53:37.217 [warning] getRemotes() - ENOENT: no such file or directory, open '/home/mmihovilovic/--git-common-dir/config'
2023-03-22 19:53:37.234 [info] > git remote --verbose [18ms]
2023-03-22 19:53:37.235 [info] > git config --get commit.template [2ms]
2023-03-22 19:53:37.253 [info] > git for-each-ref --format=%(refname)%00%(upstream:short)%00%(objectname) refs/heads/main refs/remotes/main [3ms]
2023-03-22 19:53:37.271 [info] > git rev-list --left-right --count main...origin/main [3ms]
2023-03-22 19:53:41.241 [info] > git status -z -uall [3954ms]
2023-03-22 19:53:46.272 [warning] getRemotes() - ENOENT: no such file or directory, open '/home/mmihovilovic/--git-common-dir/config'
2023-03-22 19:53:46.290 [info] > git remote --verbose [18ms]
2023-03-22 19:53:46.291 [info] > git config --get commit.template [3ms]
2023-03-22 19:53:46.309 [info] > git for-each-ref --format=%(refname)%00%(upstream:short)%00%(objectname) refs/heads/main refs/remotes/main [2ms]
2023-03-22 19:53:46.327 [info] > git rev-list --left-right --count main...origin/main [3ms]
2023-03-22 19:53:50.289 [info] > git status -z -uall [3944ms]
2023-03-22 19:53:55.325 [warning] getRemotes() - ENOENT: no such file or directory, open '/home/mmihovilovic/--git-common-dir/config'
2023-03-22 19:53:55.343 [info] > git remote --verbose [18ms]
2023-03-22 19:53:55.344 [info] > git config --get commit.template [3ms]
2023-03-22 19:53:55.362 [info] > git for-each-ref --format=%(refname)%00%(upstream:short)%00%(objectname) refs/heads/main refs/remotes/main [3ms]
2023-03-22 19:53:55.380 [info] > git rev-list --left-right --count main...origin/main [3ms]
2023-03-22 19:53:59.347 [info] > git status -z -uall [3948ms]
2023-03-22 19:54:04.379 [warning] getRemotes() - ENOENT: no such file or directory, open '/home/mmihovilovic/--git-common-dir/config'
2023-03-22 19:54:04.396 [info] > git remote --verbose [18ms]
2023-03-22 19:54:04.397 [info] > git config --get commit.template [3ms]
2023-03-22 19:54:04.419 [info] > git for-each-ref --format=%(refname)%00%(upstream:short)%00%(objectname) refs/heads/main refs/remotes/main [7ms]
2023-03-22 19:54:04.440 [info] > git rev-list --left-right --count main...origin/main [2ms]
2023-03-22 19:54:08.402 [info] > git status -z -uall [3946ms]
2023-03-22 19:54:13.434 [warning] getRemotes() - ENOENT: no such file or directory, open '/home/mmihovilovic/--git-common-dir/config'
2023-03-22 19:54:13.452 [info] > git remote --verbose [17ms]
2023-03-22 19:54:13.453 [info] > git config --get commit.template [2ms]
2023-03-22 19:54:13.471 [info] > git for-each-ref --format=%(refname)%00%(upstream:short)%00%(objectname) refs/heads/main refs/remotes/main [2ms]
2023-03-22 19:54:13.489 [info] > git rev-list --left-right --count main...origin/main [2ms]
2023-03-22 19:54:17.449 [info] > git status -z -uall [3945ms]
2023-03-22 19:54:22.485 [warning] getRemotes() - ENOENT: no such file or directory, open '/home/mmihovilovic/--git-common-dir/config'
2023-03-22 19:54:22.507 [info] > git remote --verbose [23ms]
2023-03-22 19:54:22.508 [info] > git config --get commit.template [3ms]
2023-03-22 19:54:22.527 [info] > git for-each-ref --format=%(refname)%00%(upstream:short)%00%(objectname) refs/heads/main refs/remotes/main [2ms]
2023-03-22 19:54:22.544 [info] > git rev-list --left-right --count main...origin/main [2ms]
2023-03-22 19:54:26.510 [info] > git status -z -uall [3950ms]
2023-03-22 19:54:31.541 [warning] getRemotes() - ENOENT: no such file or directory, open '/home/mmihovilovic/--git-common-dir/config'
2023-03-22 19:54:31.559 [info] > git remote --verbose [17ms]
2023-03-22 19:54:31.560 [info] > git config --get commit.template [2ms]
2023-03-22 19:54:31.578 [info] > git for-each-ref --format=%(refname)%00%(upstream:short)%00%(objectname) refs/heads/main refs/remotes/main [2ms]
2023-03-22 19:54:31.596 [info] > git rev-list --left-right --count main...origin/main [2ms]
2023-03-22 19:54:35.571 [info] > git status -z -uall [3956ms]
2023-03-22 19:54:40.611 [warning] getRemotes() - ENOENT: no such file or directory, open '/home/mmihovilovic/--git-common-dir/config'
2023-03-22 19:54:40.629 [info] > git remote --verbose [19ms]
2023-03-22 19:54:40.630 [info] > git config --get commit.template [3ms]
2023-03-22 19:54:40.649 [info] > git for-each-ref --format=%(refname)%00%(upstream:short)%00%(objectname) refs/heads/main refs/remotes/main [2ms]
2023-03-22 19:54:40.670 [info] > git rev-list --left-right --count main...origin/main [2ms]
2023-03-22 19:54:44.639 [info] > git status -z -uall [3952ms]
2023-03-22 19:54:45.824 [info] > git check-ignore -v -z --stdin [9ms]
2023-03-22 19:54:49.675 [warning] getRemotes() - ENOENT: no such file or directory, open '/home/mmihovilovic/--git-common-dir/config'
2023-03-22 19:54:49.698 [info] > git remote --verbose [23ms]
2023-03-22 19:54:49.699 [info] > git config --get commit.template [3ms]
2023-03-22 19:54:49.719 [info] > git for-each-ref --format=%(refname)%00%(upstream:short)%00%(objectname) refs/heads/main refs/remotes/main [2ms]
2023-03-22 19:54:49.742 [info] > git rev-list --left-right --count main...origin/main [3ms]
2023-03-22 19:54:53.243 [info] > git check-ignore -v -z --stdin [9ms]
2023-03-22 19:54:53.709 [info] > git status -z -uall [3946ms]
2023-03-22 19:54:56.242 [info] > git check-ignore -v -z --stdin [9ms]
2023-03-22 19:54:58.742 [warning] getRemotes() - ENOENT: no such file or directory, open '/home/mmihovilovic/--git-common-dir/config'
2023-03-22 19:54:58.760 [info] > git remote --verbose [18ms]
2023-03-22 19:54:58.761 [info] > git config --get commit.template [3ms]
2023-03-22 19:54:58.780 [info] > git for-each-ref --format=%(refname)%00%(upstream:short)%00%(objectname) refs/heads/main refs/remotes/main [2ms]
2023-03-22 19:54:58.798 [info] > git rev-list --left-right --count main...origin/main [3ms]
2023-03-22 19:55:02.422 [info] > git show --textconv :macbzvz/zadatak1ispit/Analyzer.cpp [18ms]
2023-03-22 19:55:02.431 [info] > git ls-files --stage -- /home/mmihovilovic/macbzvz/zadatak1ispit/Analyzer.cpp [10ms]
2023-03-22 19:55:02.447 [info] > git cat-file -s 5ed25d5bdc496c64bdadac889a593e516e19dde4 [2ms]
2023-03-22 19:55:02.775 [info] > git status -z -uall [3958ms]
2023-03-22 19:55:07.808 [warning] getRemotes() - ENOENT: no such file or directory, open '/home/mmihovilovic/--git-common-dir/config'
2023-03-22 19:55:07.827 [info] > git remote --verbose [18ms]
2023-03-22 19:55:07.827 [info] > git config --get commit.template [3ms]
2023-03-22 19:55:07.846 [info] > git for-each-ref --format=%(refname)%00%(upstream:short)%00%(objectname) refs/heads/main refs/remotes/main [3ms]
2023-03-22 19:55:07.865 [info] > git rev-list --left-right --count main...origin/main [3ms]
2023-03-22 19:55:11.854 [info] > git status -z -uall [3973ms]
2023-03-22 19:55:16.889 [warning] getRemotes() - ENOENT: no such file or directory, open '/home/mmihovilovic/--git-common-dir/config'
2023-03-22 19:55:16.906 [info] > git remote --verbose [18ms]
2023-03-22 19:55:16.907 [info] > git config --get commit.template [2ms]
2023-03-22 19:55:16.928 [info] > git for-each-ref --format=%(refname)%00%(upstream:short)%00%(objectname) refs/heads/main refs/remotes/main [3ms]
2023-03-22 19:55:16.953 [info] > git rev-list --left-right --count main...origin/main [2ms]
2023-03-22 19:55:20.929 [info] > git status -z -uall [3957ms]
2023-03-22 19:55:25.965 [warning] getRemotes() - ENOENT: no such file or directory, open '/home/mmihovilovic/--git-common-dir/config'
2023-03-22 19:55:25.982 [info] > git remote --verbose [16ms]
2023-03-22 19:55:25.982 [info] > git config --get commit.template [2ms]
2023-03-22 19:55:26.001 [info] > git for-each-ref --format=%(refname)%00%(upstream:short)%00%(objectname) refs/heads/main refs/remotes/main [3ms]
2023-03-22 19:55:26.020 [info] > git rev-list --left-right --count main...origin/main [2ms]
2023-03-22 19:55:29.993 [info] > git status -z -uall [3957ms]
2023-03-22 19:55:35.025 [warning] getRemotes() - ENOENT: no such file or directory, open '/home/mmihovilovic/--git-common-dir/config'
2023-03-22 19:55:35.044 [info] > git remote --verbose [20ms]
2023-03-22 19:55:35.045 [info] > git config --get commit.template [2ms]
2023-03-22 19:55:35.064 [info] > git for-each-ref --format=%(refname)%00%(upstream:short)%00%(objectname) refs/heads/main refs/remotes/main [3ms]
2023-03-22 19:55:35.083 [info] > git rev-list --left-right --count main...origin/main [2ms]
2023-03-22 19:55:39.056 [info] > git status -z -uall [3957ms]
2023-03-22 19:55:44.090 [warning] getRemotes() - ENOENT: no such file or directory, open '/home/mmihovilovic/--git-common-dir/config'
2023-03-22 19:55:44.108 [info] > git remote --verbose [18ms]
2023-03-22 19:55:44.108 [info] > git config --get commit.template [2ms]
2023-03-22 19:55:44.127 [info] > git for-each-ref --format=%(refname)%00%(upstream:short)%00%(objectname) refs/heads/main refs/remotes/main [3ms]
2023-03-22 19:55:44.145 [info] > git rev-list --left-right --count main...origin/main [2ms]
2023-03-22 19:55:48.123 [info] > git status -z -uall [3955ms]
2023-03-22 19:55:53.156 [warning] getRemotes() - ENOENT: no such file or directory, open '/home/mmihovilovic/--git-common-dir/config'
2023-03-22 19:55:53.176 [info] > git remote --verbose [19ms]
2023-03-22 19:55:53.177 [info] > git config --get commit.template [2ms]
2023-03-22 19:55:53.195 [info] > git for-each-ref --format=%(refname)%00%(upstream:short)%00%(objectname) refs/heads/main refs/remotes/main [2ms]
2023-03-22 19:55:53.214 [info] > git rev-list --left-right --count main...origin/main [3ms]
2023-03-22 19:55:57.192 [info] > git status -z -uall [3958ms]
2023-03-22 19:56:02.226 [warning] getRemotes() - ENOENT: no such file or directory, open '/home/mmihovilovic/--git-common-dir/config'
2023-03-22 19:56:02.244 [info] > git remote --verbose [18ms]
2023-03-22 19:56:02.245 [info] > git config --get commit.template [3ms]
2023-03-22 19:56:02.264 [info] > git for-each-ref --format=%(refname)%00%(upstream:short)%00%(objectname) refs/heads/main refs/remotes/main [2ms]
2023-03-22 19:56:02.282 [info] > git rev-list --left-right --count main...origin/main [2ms]
2023-03-22 19:56:06.248 [info] > git status -z -uall [3950ms]
2023-03-22 19:56:11.282 [warning] getRemotes() - ENOENT: no such file or directory, open '/home/mmihovilovic/--git-common-dir/config'
2023-03-22 19:56:11.300 [info] > git remote --verbose [18ms]
2023-03-22 19:56:11.301 [info] > git config --get commit.template [3ms]
2023-03-22 19:56:11.320 [info] > git for-each-ref --format=%(refname)%00%(upstream:short)%00%(objectname) refs/heads/main refs/remotes/main [2ms]
2023-03-22 19:56:11.338 [info] > git rev-list --left-right --count main...origin/main [3ms]
2023-03-22 19:56:15.298 [info] > git status -z -uall [3944ms]
2023-03-22 19:56:20.334 [warning] getRemotes() - ENOENT: no such file or directory, open '/home/mmihovilovic/--git-common-dir/config'
2023-03-22 19:56:20.352 [info] > git remote --verbose [18ms]
2023-03-22 19:56:20.353 [info] > git config --get commit.template [3ms]
2023-03-22 19:56:20.371 [info] > git for-each-ref --format=%(refname)%00%(upstream:short)%00%(objectname) refs/heads/main refs/remotes/main [2ms]
2023-03-22 19:56:20.391 [info] > git rev-list --left-right --count main...origin/main [4ms]
2023-03-22 19:56:24.356 [info] > git status -z -uall [3949ms]
2023-03-22 19:56:29.390 [warning] getRemotes() - ENOENT: no such file or directory, open '/home/mmihovilovic/--git-common-dir/config'
2023-03-22 19:56:29.407 [info] > git remote --verbose [18ms]
2023-03-22 19:56:29.408 [info] > git config --get commit.template [2ms]
2023-03-22 19:56:29.426 [info] > git for-each-ref --format=%(refname)%00%(upstream:short)%00%(objectname) refs/heads/main refs/remotes/main [2ms]
2023-03-22 19:56:29.445 [info] > git rev-list --left-right --count main...origin/main [2ms]
2023-03-22 19:56:33.419 [info] > git status -z -uall [3958ms]
2023-03-22 19:56:38.451 [warning] getRemotes() - ENOENT: no such file or directory, open '/home/mmihovilovic/--git-common-dir/config'
2023-03-22 19:56:38.469 [info] > git remote --verbose [17ms]
2023-03-22 19:56:38.470 [info] > git config --get commit.template [2ms]
2023-03-22 19:56:38.488 [info] > git for-each-ref --format=%(refname)%00%(upstream:short)%00%(objectname) refs/heads/main refs/remotes/main [2ms]
2023-03-22 19:56:38.506 [info] > git rev-list --left-right --count main...origin/main [3ms]
2023-03-22 19:56:42.469 [info] > git status -z -uall [3945ms]
2023-03-22 19:56:57.972 [warning] getRemotes() - ENOENT: no such file or directory, open '/home/mmihovilovic/--git-common-dir/config'
2023-03-22 19:56:57.989 [info] > git remote --verbose [17ms]
2023-03-22 19:56:57.990 [info] > git config --get commit.template [2ms]
2023-03-22 19:56:58.009 [info] > git for-each-ref --format=%(refname)%00%(upstream:short)%00%(objectname) refs/heads/main refs/remotes/main [2ms]
2023-03-22 19:56:58.027 [info] > git rev-list --left-right --count main...origin/main [3ms]
2023-03-22 19:57:01.779 [info] > git check-ignore -v -z --stdin [1ms]
2023-03-22 19:57:01.986 [info] > git status -z -uall [3943ms]
2023-03-22 19:57:04.678 [info] > git check-ignore -v -z --stdin [9ms]
2023-03-22 19:57:07.018 [warning] getRemotes() - ENOENT: no such file or directory, open '/home/mmihovilovic/--git-common-dir/config'
2023-03-22 19:57:07.035 [info] > git remote --verbose [17ms]
2023-03-22 19:57:07.036 [info] > git config --get commit.template [2ms]
2023-03-22 19:57:07.054 [info] > git for-each-ref --format=%(refname)%00%(upstream:short)%00%(objectname) refs/heads/main refs/remotes/main [3ms]
2023-03-22 19:57:07.072 [info] > git rev-list --left-right --count main...origin/main [3ms]
2023-03-22 19:57:08.257 [info] > git show --textconv :vj9/Analyzer.cpp [18ms]
2023-03-22 19:57:08.265 [info] > git ls-files --stage -- /home/mmihovilovic/vj9/Analyzer.cpp [10ms]
2023-03-22 19:57:08.281 [info] > git cat-file -s 6d4d7ab2e72319a1b3f5009db66561d91112cf79 [2ms]
2023-03-22 19:57:11.038 [info] > git status -z -uall [3948ms]
2023-03-22 19:57:16.069 [warning] getRemotes() - ENOENT: no such file or directory, open '/home/mmihovilovic/--git-common-dir/config'
2023-03-22 19:57:16.087 [info] > git remote --verbose [18ms]
2023-03-22 19:57:16.088 [info] > git config --get commit.template [3ms]
2023-03-22 19:57:16.106 [info] > git for-each-ref --format=%(refname)%00%(upstream:short)%00%(objectname) refs/heads/main refs/remotes/main [3ms]
2023-03-22 19:57:16.125 [info] > git rev-list --left-right --count main...origin/main [3ms]
2023-03-22 19:57:20.087 [info] > git status -z -uall [3946ms]
2023-03-22 19:57:25.119 [warning] getRemotes() - ENOENT: no such file or directory, open '/home/mmihovilovic/--git-common-dir/config'
2023-03-22 19:57:25.137 [info] > git remote --verbose [18ms]
2023-03-22 19:57:25.138 [info] > git config --get commit.template [2ms]
2023-03-22 19:57:25.156 [info] > git for-each-ref --format=%(refname)%00%(upstream:short)%00%(objectname) refs/heads/main refs/remotes/main [2ms]
2023-03-22 19:57:25.175 [info] > git rev-list --left-right --count main...origin/main [3ms]
2023-03-22 19:57:29.138 [info] > git status -z -uall [3947ms]
2023-03-22 19:57:34.178 [warning] getRemotes() - ENOENT: no such file or directory, open '/home/mmihovilovic/--git-common-dir/config'
2023-03-22 19:57:34.197 [info] > git remote --verbose [19ms]
2023-03-22 19:57:34.198 [info] > git config --get commit.template [3ms]
2023-03-22 19:57:34.221 [info] > git for-each-ref --format=%(refname)%00%(upstream:short)%00%(objectname) refs/heads/main refs/remotes/main [2ms]
2023-03-22 19:57:34.240 [info] > git rev-list --left-right --count main...origin/main [3ms]
2023-03-22 19:57:38.201 [info] > git status -z -uall [3944ms]
2023-03-22 19:57:43.236 [warning] getRemotes() - ENOENT: no such file or directory, open '/home/mmihovilovic/--git-common-dir/config'
2023-03-22 19:57:43.254 [info] > git remote --verbose [18ms]
2023-03-22 19:57:43.255 [info] > git config --get commit.template [3ms]
2023-03-22 19:57:43.275 [info] > git for-each-ref --format=%(refname)%00%(upstream:short)%00%(objectname) refs/heads/main refs/remotes/main [2ms]
2023-03-22 19:57:43.294 [info] > git rev-list --left-right --count main...origin/main [2ms]
2023-03-22 19:57:47.277 [info] > git status -z -uall [3966ms]
2023-03-22 19:57:49.434 [info] > git ls-files --stage -- /home/mmihovilovic/vj9/Analyzer.h [9ms]
2023-03-22 19:57:49.451 [info] > git show --textconv :vj9/Analyzer.h [45ms]
2023-03-22 19:57:49.453 [info] > git cat-file -s 66e86c66a9fff15809d0383c74f5cf0eff4db243 [3ms]
2023-03-22 19:57:52.309 [warning] getRemotes() - ENOENT: no such file or directory, open '/home/mmihovilovic/--git-common-dir/config'
2023-03-22 19:57:52.327 [info] > git remote --verbose [17ms]
2023-03-22 19:57:52.327 [info] > git config --get commit.template [2ms]
2023-03-22 19:57:52.346 [info] > git for-each-ref --format=%(refname)%00%(upstream:short)%00%(objectname) refs/heads/main refs/remotes/main [2ms]
2023-03-22 19:57:52.364 [info] > git rev-list --left-right --count main...origin/main [3ms]
2023-03-22 19:57:52.782 [info] > git show --textconv :vj9/Analyzer.cpp [20ms]
2023-03-22 19:57:52.791 [info] > git ls-files --stage -- /home/mmihovilovic/vj9/Analyzer.cpp [10ms]
2023-03-22 19:57:52.808 [info] > git cat-file -s 6d4d7ab2e72319a1b3f5009db66561d91112cf79 [2ms]
2023-03-22 19:57:56.345 [info] > git status -z -uall [3965ms]
2023-03-22 19:58:01.381 [warning] getRemotes() - ENOENT: no such file or directory, open '/home/mmihovilovic/--git-common-dir/config'
2023-03-22 19:58:01.405 [info] > git remote --verbose [23ms]
2023-03-22 19:58:01.405 [info] > git config --get commit.template [2ms]
2023-03-22 19:58:01.426 [info] > git for-each-ref --format=%(refname)%00%(upstream:short)%00%(objectname) refs/heads/main refs/remotes/main [2ms]
2023-03-22 19:58:01.450 [info] > git rev-list --left-right --count main...origin/main [2ms]
2023-03-22 19:58:05.415 [info] > git status -z -uall [3943ms]
2023-03-22 19:58:10.446 [warning] getRemotes() - ENOENT: no such file or directory, open '/home/mmihovilovic/--git-common-dir/config'
2023-03-22 19:58:10.463 [info] > git remote --verbose [17ms]
2023-03-22 19:58:10.464 [info] > git config --get commit.template [2ms]
2023-03-22 19:58:10.482 [info] > git for-each-ref --format=%(refname)%00%(upstream:short)%00%(objectname) refs/heads/main refs/remotes/main [2ms]
2023-03-22 19:58:10.501 [info] > git rev-list --left-right --count main...origin/main [2ms]
2023-03-22 19:58:12.204 [info] > git check-ignore -v -z --stdin [1ms]
2023-03-22 19:58:14.030 [info] > git show --textconv :Analyzer.h [21ms]
2023-03-22 19:58:14.033 [info] > git ls-files --stage -- /home/mmihovilovic/vj6/Analyzer.h [6ms]
2023-03-22 19:58:14.052 [info] > git cat-file -s b834f9974bb87662c2b62fbb6da6a35e77089f8c [3ms]
2023-03-22 19:58:14.476 [info] > git status -z -uall [3960ms]
2023-03-22 19:58:15.883 [info] > git show --textconv :Analyzer.cpp [22ms]
2023-03-22 19:58:15.884 [info] > git ls-files --stage -- /home/mmihovilovic/vj6/Analyzer.cpp [4ms]
2023-03-22 19:58:15.905 [info] > git cat-file -s 3995a99a3690a0dca37cc1177636137c4947d857 [2ms]
2023-03-22 19:58:19.510 [warning] getRemotes() - ENOENT: no such file or directory, open '/home/mmihovilovic/--git-common-dir/config'
2023-03-22 19:58:19.528 [info] > git remote --verbose [18ms]
2023-03-22 19:58:19.529 [info] > git config --get commit.template [3ms]
2023-03-22 19:58:19.547 [info] > git for-each-ref --format=%(refname)%00%(upstream:short)%00%(objectname) refs/heads/main refs/remotes/main [2ms]
2023-03-22 19:58:19.566 [info] > git rev-list --left-right --count main...origin/main [3ms]
2023-03-22 19:58:20.591 [info] > git check-ignore -v -z --stdin [9ms]
2023-03-22 19:58:22.124 [info] > git show --textconv :vj5/Analyzer.C [18ms]
2023-03-22 19:58:22.131 [info] > git ls-files --stage -- /home/mmihovilovic/vj5/Analyzer.C [9ms]
2023-03-22 19:58:22.148 [info] > git cat-file -s 275b32884cf96aedd895a203abed6e6291f0b29f [2ms]
2023-03-22 19:58:22.997 [info] > git show --textconv :vj5/Analyzer.h [20ms]
2023-03-22 19:58:23.005 [info] > git ls-files --stage -- /home/mmihovilovic/vj5/Analyzer.h [9ms]
2023-03-22 19:58:23.022 [info] > git cat-file -s 2f4efe34e3a91178854fbb872ece83d10a1e6a36 [2ms]
2023-03-22 19:58:23.548 [info] > git status -z -uall [3962ms]
2023-03-22 19:58:24.291 [info] > git show --textconv :vj5/Analyzer.C [27ms]
2023-03-22 19:58:24.292 [info] > git ls-files --stage -- /home/mmihovilovic/vj5/Analyzer.C [11ms]
2023-03-22 19:58:24.309 [info] > git cat-file -s 275b32884cf96aedd895a203abed6e6291f0b29f [2ms]
2023-03-22 19:58:28.580 [warning] getRemotes() - ENOENT: no such file or directory, open '/home/mmihovilovic/--git-common-dir/config'
2023-03-22 19:58:28.598 [info] > git remote --verbose [17ms]
2023-03-22 19:58:28.598 [info] > git config --get commit.template [2ms]
2023-03-22 19:58:28.620 [info] > git for-each-ref --format=%(refname)%00%(upstream:short)%00%(objectname) refs/heads/main refs/remotes/main [2ms]
2023-03-22 19:58:28.652 [info] > git rev-list --left-right --count main...origin/main [12ms]
2023-03-22 19:58:31.280 [info] > git show --textconv :vj5/Analyzer.h [17ms]
2023-03-22 19:58:31.288 [info] > git ls-files --stage -- /home/mmihovilovic/vj5/Analyzer.h [9ms]
2023-03-22 19:58:31.304 [info] > git cat-file -s 2f4efe34e3a91178854fbb872ece83d10a1e6a36 [2ms]
2023-03-22 19:58:32.619 [info] > git status -z -uall [3946ms]
2023-03-22 19:58:37.652 [warning] getRemotes() - ENOENT: no such file or directory, open '/home/mmihovilovic/--git-common-dir/config'
2023-03-22 19:58:37.671 [info] > git remote --verbose [18ms]
2023-03-22 19:58:37.671 [info] > git config --get commit.template [2ms]
2023-03-22 19:58:37.690 [info] > git for-each-ref --format=%(refname)%00%(upstream:short)%00%(objectname) refs/heads/main refs/remotes/main [3ms]
2023-03-22 19:58:37.709 [info] > git rev-list --left-right --count main...origin/main [2ms]
2023-03-22 19:58:40.076 [info] > git show --textconv :vj5/Analyzer.C [20ms]
2023-03-22 19:58:40.081 [info] > git ls-files --stage -- /home/mmihovilovic/vj5/Analyzer.C [9ms]
2023-03-22 19:58:40.097 [info] > git cat-file -s 275b32884cf96aedd895a203abed6e6291f0b29f [2ms]
2023-03-22 19:58:41.690 [info] > git status -z -uall [3962ms]
2023-03-22 19:58:46.724 [warning] getRemotes() - ENOENT: no such file or directory, open '/home/mmihovilovic/--git-common-dir/config'
2023-03-22 19:58:46.742 [info] > git remote --verbose [18ms]
2023-03-22 19:58:46.743 [info] > git config --get commit.template [2ms]
2023-03-22 19:58:46.762 [info] > git for-each-ref --format=%(refname)%00%(upstream:short)%00%(objectname) refs/heads/main refs/remotes/main [3ms]
2023-03-22 19:58:46.784 [info] > git rev-list --left-right --count main...origin/main [2ms]
2023-03-22 19:58:50.762 [info] > git status -z -uall [3962ms]
2023-03-22 19:58:55.795 [warning] getRemotes() - ENOENT: no such file or directory, open '/home/mmihovilovic/--git-common-dir/config'
2023-03-22 19:58:55.815 [info] > git config --get commit.template [2ms]
2023-03-22 19:58:55.815 [info] > git remote --verbose [20ms]
2023-03-22 19:58:55.834 [info] > git for-each-ref --format=%(refname)%00%(upstream:short)%00%(objectname) refs/heads/main refs/remotes/main [2ms]
2023-03-22 19:58:55.853 [info] > git rev-list --left-right --count main...origin/main [3ms]
2023-03-22 19:58:59.810 [info] > git status -z -uall [3941ms]
2023-03-22 19:59:04.846 [warning] getRemotes() - ENOENT: no such file or directory, open '/home/mmihovilovic/--git-common-dir/config'
2023-03-22 19:59:04.866 [info] > git remote --verbose [20ms]
2023-03-22 19:59:04.866 [info] > git config --get commit.template [2ms]
2023-03-22 19:59:04.889 [info] > git for-each-ref --format=%(refname)%00%(upstream:short)%00%(objectname) refs/heads/main refs/remotes/main [5ms]
2023-03-22 19:59:04.912 [info] > git rev-list --left-right --count main...origin/main [3ms]
2023-03-22 19:59:06.167 [info] > git show --textconv :vj9/Analyzer.cpp [19ms]
2023-03-22 19:59:06.175 [info] > git ls-files --stage -- /home/mmihovilovic/vj9/Analyzer.cpp [9ms]
2023-03-22 19:59:06.192 [info] > git cat-file -s 6d4d7ab2e72319a1b3f5009db66561d91112cf79 [2ms]
2023-03-22 19:59:08.888 [info] > git status -z -uall [3956ms]
2023-03-22 19:59:13.924 [warning] getRemotes() - ENOENT: no such file or directory, open '/home/mmihovilovic/--git-common-dir/config'
2023-03-22 19:59:13.942 [info] > git remote --verbose [18ms]
2023-03-22 19:59:13.943 [info] > git config --get commit.template [2ms]
2023-03-22 19:59:13.962 [info] > git for-each-ref --format=%(refname)%00%(upstream:short)%00%(objectname) refs/heads/main refs/remotes/main [3ms]
2023-03-22 19:59:13.981 [info] > git rev-list --left-right --count main...origin/main [3ms]
2023-03-22 19:59:17.943 [info] > git status -z -uall [3945ms]
2023-03-22 19:59:22.986 [warning] getRemotes() - ENOENT: no such file or directory, open '/home/mmihovilovic/--git-common-dir/config'
2023-03-22 19:59:23.003 [info] > git remote --verbose [18ms]
2023-03-22 19:59:23.004 [info] > git config --get commit.template [2ms]
2023-03-22 19:59:23.023 [info] > git for-each-ref --format=%(refname)%00%(upstream:short)%00%(objectname) refs/heads/main refs/remotes/main [3ms]
2023-03-22 19:59:23.041 [info] > git rev-list --left-right --count main...origin/main [2ms]
2023-03-22 19:59:27.015 [info] > git status -z -uall [3957ms]
2023-03-22 19:59:29.095 [info] > git show --textconv :vj9/Analyzer.h [18ms]
2023-03-22 19:59:29.103 [info] > git ls-files --stage -- /home/mmihovilovic/vj9/Analyzer.h [9ms]
2023-03-22 19:59:29.122 [info] > git cat-file -s 66e86c66a9fff15809d0383c74f5cf0eff4db243 [2ms]
2023-03-22 19:59:32.050 [warning] getRemotes() - ENOENT: no such file or directory, open '/home/mmihovilovic/--git-common-dir/config'
2023-03-22 19:59:32.068 [info] > git remote --verbose [18ms]
2023-03-22 19:59:32.069 [info] > git config --get commit.template [2ms]
2023-03-22 19:59:32.090 [info] > git for-each-ref --format=%(refname)%00%(upstream:short)%00%(objectname) refs/heads/main refs/remotes/main [2ms]
2023-03-22 19:59:32.111 [info] > git rev-list --left-right --count main...origin/main [2ms]
2023-03-22 19:59:36.073 [info] > git status -z -uall [3945ms]
2023-03-22 19:59:41.105 [warning] getRemotes() - ENOENT: no such file or directory, open '/home/mmihovilovic/--git-common-dir/config'
2023-03-22 19:59:41.123 [info] > git remote --verbose [18ms]
2023-03-22 19:59:41.124 [info] > git config --get commit.template [3ms]
2023-03-22 19:59:41.142 [info] > git for-each-ref --format=%(refname)%00%(upstream:short)%00%(objectname) refs/heads/main refs/remotes/main [2ms]
2023-03-22 19:59:41.161 [info] > git rev-list --left-right --count main...origin/main [3ms]
2023-03-22 19:59:45.123 [info] > git status -z -uall [3946ms]
2023-03-22 19:59:50.158 [warning] getRemotes() - ENOENT: no such file or directory, open '/home/mmihovilovic/--git-common-dir/config'
2023-03-22 19:59:50.176 [info] > git remote --verbose [18ms]
2023-03-22 19:59:50.177 [info] > git config --get commit.template [2ms]
2023-03-22 19:59:50.195 [info] > git for-each-ref --format=%(refname)%00%(upstream:short)%00%(objectname) refs/heads/main refs/remotes/main [2ms]
2023-03-22 19:59:50.214 [info] > git rev-list --left-right --count main...origin/main [3ms]
2023-03-22 19:59:53.913 [info] > git show --textconv :vj5/Analyzer.C [18ms]
2023-03-22 19:59:53.920 [info] > git ls-files --stage -- /home/mmihovilovic/vj5/Analyzer.C [9ms]
2023-03-22 19:59:53.938 [info] > git cat-file -s 275b32884cf96aedd895a203abed6e6291f0b29f [2ms]
2023-03-22 19:59:54.187 [info] > git status -z -uall [3956ms]
2023-03-22 19:59:56.286 [info] > git show --textconv :vj5/Analyzer.h [18ms]
2023-03-22 19:59:56.294 [info] > git ls-files --stage -- /home/mmihovilovic/vj5/Analyzer.h [9ms]
2023-03-22 19:59:56.317 [info] > git cat-file -s 2f4efe34e3a91178854fbb872ece83d10a1e6a36 [4ms]
2023-03-22 19:59:59.221 [warning] getRemotes() - ENOENT: no such file or directory, open '/home/mmihovilovic/--git-common-dir/config'
2023-03-22 19:59:59.242 [info] > git remote --verbose [21ms]
2023-03-22 19:59:59.243 [info] > git config --get commit.template [3ms]
2023-03-22 19:59:59.264 [info] > git for-each-ref --format=%(refname)%00%(upstream:short)%00%(objectname) refs/heads/main refs/remotes/main [3ms]
2023-03-22 19:59:59.283 [info] > git rev-list --left-right --count main...origin/main [3ms]
2023-03-22 20:00:03.252 [info] > git status -z -uall [3950ms]
2023-03-22 20:00:08.284 [warning] getRemotes() - ENOENT: no such file or directory, open '/home/mmihovilovic/--git-common-dir/config'
2023-03-22 20:00:08.302 [info] > git remote --verbose [18ms]
2023-03-22 20:00:08.303 [info] > git config --get commit.template [2ms]
2023-03-22 20:00:08.322 [info] > git for-each-ref --format=%(refname)%00%(upstream:short)%00%(objectname) refs/heads/main refs/remotes/main [3ms]
2023-03-22 20:00:08.341 [info] > git rev-list --left-right --count main...origin/main [3ms]
2023-03-22 20:00:12.311 [info] > git status -z -uall [3954ms]
2023-03-22 20:00:44.309 [warning] getRemotes() - ENOENT: no such file or directory, open '/home/mmihovilovic/--git-common-dir/config'
2023-03-22 20:00:44.327 [info] > git remote --verbose [18ms]
2023-03-22 20:00:44.328 [info] > git config --get commit.template [2ms]
2023-03-22 20:00:44.346 [info] > git for-each-ref --format=%(refname)%00%(upstream:short)%00%(objectname) refs/heads/main refs/remotes/main [2ms]
2023-03-22 20:00:44.365 [info] > git rev-list --left-right --count main...origin/main [3ms]
2023-03-22 20:00:48.333 [info] > git status -z -uall [3952ms]
2023-03-22 20:00:53.371 [warning] getRemotes() - ENOENT: no such file or directory, open '/home/mmihovilovic/--git-common-dir/config'
2023-03-22 20:00:53.390 [info] > git remote --verbose [19ms]
2023-03-22 20:00:53.391 [info] > git config --get commit.template [3ms]
2023-03-22 20:00:53.410 [info] > git for-each-ref --format=%(refname)%00%(upstream:short)%00%(objectname) refs/heads/main refs/remotes/main [2ms]
2023-03-22 20:00:53.429 [info] > git rev-list --left-right --count main...origin/main [2ms]
2023-03-22 20:00:57.416 [info] > git status -z -uall [3966ms]
2023-03-22 20:01:02.456 [warning] getRemotes() - ENOENT: no such file or directory, open '/home/mmihovilovic/--git-common-dir/config'
2023-03-22 20:01:02.476 [info] > git remote --verbose [20ms]
2023-03-22 20:01:02.477 [info] > git config --get commit.template [2ms]
2023-03-22 20:01:02.496 [info] > git for-each-ref --format=%(refname)%00%(upstream:short)%00%(objectname) refs/heads/main refs/remotes/main [3ms]
2023-03-22 20:01:02.515 [info] > git rev-list --left-right --count main...origin/main [3ms]
2023-03-22 20:01:06.492 [info] > git status -z -uall [3957ms]
2023-03-22 20:01:11.530 [warning] getRemotes() - ENOENT: no such file or directory, open '/home/mmihovilovic/--git-common-dir/config'
2023-03-22 20:01:11.549 [info] > git remote --verbose [19ms]
2023-03-22 20:01:11.567 [info] > git config --get commit.template [19ms]
2023-03-22 20:01:11.568 [info] > git for-each-ref --format=%(refname)%00%(upstream:short)%00%(objectname) refs/heads/main refs/remotes/main [2ms]
2023-03-22 20:01:11.587 [info] > git rev-list --left-right --count main...origin/main [2ms]
2023-03-22 20:01:15.552 [info] > git status -z -uall [3945ms]
2023-03-22 20:01:20.587 [warning] getRemotes() - ENOENT: no such file or directory, open '/home/mmihovilovic/--git-common-dir/config'
2023-03-22 20:01:20.606 [info] > git remote --verbose [19ms]
2023-03-22 20:01:20.607 [info] > git config --get commit.template [3ms]
2023-03-22 20:01:20.626 [info] > git for-each-ref --format=%(refname)%00%(upstream:short)%00%(objectname) refs/heads/main refs/remotes/main [2ms]
2023-03-22 20:01:20.645 [info] > git rev-list --left-right --count main...origin/main [2ms]
2023-03-22 20:01:24.614 [info] > git status -z -uall [3949ms]
2023-03-22 20:01:29.647 [warning] getRemotes() - ENOENT: no such file or directory, open '/home/mmihovilovic/--git-common-dir/config'
2023-03-22 20:01:29.665 [info] > git remote --verbose [18ms]
2023-03-22 20:01:29.666 [info] > git config --get commit.template [2ms]
2023-03-22 20:01:29.685 [info] > git for-each-ref --format=%(refname)%00%(upstream:short)%00%(objectname) refs/heads/main refs/remotes/main [3ms]
2023-03-22 20:01:29.704 [info] > git rev-list --left-right --count main...origin/main [3ms]
2023-03-22 20:01:33.667 [info] > git status -z -uall [3946ms]
2023-03-22 20:01:38.700 [warning] getRemotes() - ENOENT: no such file or directory, open '/home/mmihovilovic/--git-common-dir/config'
2023-03-22 20:01:38.718 [info] > git remote --verbose [18ms]
2023-03-22 20:01:38.721 [info] > git config --get commit.template [4ms]
2023-03-22 20:01:38.740 [info] > git for-each-ref --format=%(refname)%00%(upstream:short)%00%(objectname) refs/heads/main refs/remotes/main [2ms]
2023-03-22 20:01:38.759 [info] > git rev-list --left-right --count main...origin/main [2ms]
2023-03-22 20:01:42.727 [info] > git status -z -uall [3951ms]
2023-03-22 20:01:47.781 [warning] getRemotes() - ENOENT: no such file or directory, open '/home/mmihovilovic/--git-common-dir/config'
2023-03-22 20:01:47.802 [info] > git remote --verbose [20ms]
2023-03-22 20:01:47.803 [info] > git config --get commit.template [2ms]
2023-03-22 20:01:47.825 [info] > git for-each-ref --format=%(refname)%00%(upstream:short)%00%(objectname) refs/heads/main refs/remotes/main [3ms]
2023-03-22 20:01:47.844 [info] > git rev-list --left-right --count main...origin/main [3ms]
2023-03-22 20:01:51.808 [info] > git status -z -uall [3946ms]
2023-03-22 20:01:52.367 [info] > git show --textconv :macbzvz/zadatak1ispit/Analyzer.cpp [18ms]
2023-03-22 20:01:52.375 [info] > git ls-files --stage -- /home/mmihovilovic/macbzvz/zadatak1ispit/Analyzer.cpp [9ms]
2023-03-22 20:01:52.396 [info] > git cat-file -s 5ed25d5bdc496c64bdadac889a593e516e19dde4 [2ms]
2023-03-22 20:01:56.842 [warning] getRemotes() - ENOENT: no such file or directory, open '/home/mmihovilovic/--git-common-dir/config'
2023-03-22 20:01:56.860 [info] > git remote --verbose [18ms]
2023-03-22 20:01:56.861 [info] > git config --get commit.template [3ms]
2023-03-22 20:01:56.880 [info] > git for-each-ref --format=%(refname)%00%(upstream:short)%00%(objectname) refs/heads/main refs/remotes/main [3ms]
2023-03-22 20:01:56.900 [info] > git rev-list --left-right --count main...origin/main [4ms]
2023-03-22 20:02:00.866 [info] > git status -z -uall [3945ms]
2023-03-22 20:02:05.902 [warning] getRemotes() - ENOENT: no such file or directory, open '/home/mmihovilovic/--git-common-dir/config'
2023-03-22 20:02:05.923 [info] > git remote --verbose [20ms]
2023-03-22 20:02:05.924 [info] > git config --get commit.template [2ms]
2023-03-22 20:02:05.943 [info] > git for-each-ref --format=%(refname)%00%(upstream:short)%00%(objectname) refs/heads/main refs/remotes/main [3ms]
2023-03-22 20:02:05.964 [info] > git rev-list --left-right --count main...origin/main [3ms]
2023-03-22 20:02:09.926 [info] > git status -z -uall [3943ms]
2023-03-22 20:02:14.968 [warning] getRemotes() - ENOENT: no such file or directory, open '/home/mmihovilovic/--git-common-dir/config'
2023-03-22 20:02:14.990 [info] > git config --get commit.template [3ms]
2023-03-22 20:02:14.990 [info] > git remote --verbose [22ms]
2023-03-22 20:02:15.024 [info] > git for-each-ref --format=%(refname)%00%(upstream:short)%00%(objectname) refs/heads/main refs/remotes/main [6ms]
2023-03-22 20:02:15.049 [info] > git rev-list --left-right --count main...origin/main [3ms]
2023-03-22 20:02:19.018 [info] > git status -z -uall [3952ms]
2023-03-22 20:02:24.049 [warning] getRemotes() - ENOENT: no such file or directory, open '/home/mmihovilovic/--git-common-dir/config'
2023-03-22 20:02:24.071 [info] > git config --get commit.template [3ms]
2023-03-22 20:02:24.072 [info] > git remote --verbose [22ms]
2023-03-22 20:02:24.091 [info] > git for-each-ref --format=%(refname)%00%(upstream:short)%00%(objectname) refs/heads/main refs/remotes/main [2ms]
2023-03-22 20:02:24.113 [info] > git rev-list --left-right --count main...origin/main [5ms]
2023-03-22 20:02:28.094 [info] > git status -z -uall [3963ms]
2023-03-22 20:02:33.127 [warning] getRemotes() - ENOENT: no such file or directory, open '/home/mmihovilovic/--git-common-dir/config'
2023-03-22 20:02:33.145 [info] > git remote --verbose [18ms]
2023-03-22 20:02:33.145 [info] > git config --get commit.template [2ms]
2023-03-22 20:02:33.164 [info] > git for-each-ref --format=%(refname)%00%(upstream:short)%00%(objectname) refs/heads/main refs/remotes/main [3ms]
2023-03-22 20:02:33.187 [info] > git rev-list --left-right --count main...origin/main [2ms]
2023-03-22 20:02:37.162 [info] > git status -z -uall [3957ms]
2023-03-22 20:02:42.200 [warning] getRemotes() - ENOENT: no such file or directory, open '/home/mmihovilovic/--git-common-dir/config'
2023-03-22 20:02:42.224 [info] > git remote --verbose [24ms]
2023-03-22 20:02:42.225 [info] > git config --get commit.template [3ms]
2023-03-22 20:02:42.247 [info] > git for-each-ref --format=%(refname)%00%(upstream:short)%00%(objectname) refs/heads/main refs/remotes/main [3ms]
2023-03-22 20:02:42.270 [info] > git rev-list --left-right --count main...origin/main [3ms]
2023-03-22 20:02:46.251 [info] > git status -z -uall [3961ms]
2023-03-22 20:02:51.283 [warning] getRemotes() - ENOENT: no such file or directory, open '/home/mmihovilovic/--git-common-dir/config'
2023-03-22 20:02:51.302 [info] > git remote --verbose [18ms]
2023-03-22 20:02:51.302 [info] > git config --get commit.template [2ms]
2023-03-22 20:02:51.325 [info] > git for-each-ref --format=%(refname)%00%(upstream:short)%00%(objectname) refs/heads/main refs/remotes/main [2ms]
2023-03-22 20:02:51.344 [info] > git rev-list --left-right --count main...origin/main [2ms]
2023-03-22 20:02:55.321 [info] > git status -z -uall [3958ms]
2023-03-22 20:03:00.355 [warning] getRemotes() - ENOENT: no such file or directory, open '/home/mmihovilovic/--git-common-dir/config'
2023-03-22 20:03:00.374 [info] > git remote --verbose [18ms]
2023-03-22 20:03:00.375 [info] > git config --get commit.template [3ms]
2023-03-22 20:03:00.394 [info] > git for-each-ref --format=%(refname)%00%(upstream:short)%00%(objectname) refs/heads/main refs/remotes/main [2ms]
2023-03-22 20:03:00.413 [info] > git rev-list --left-right --count main...origin/main [2ms]
2023-03-22 20:03:04.379 [info] > git status -z -uall [3949ms]
2023-03-22 20:03:09.417 [warning] getRemotes() - ENOENT: no such file or directory, open '/home/mmihovilovic/--git-common-dir/config'
2023-03-22 20:03:09.442 [info] > git remote --verbose [24ms]
2023-03-22 20:03:09.442 [info] > git config --get commit.template [2ms]
2023-03-22 20:03:09.468 [info] > git for-each-ref --format=%(refname)%00%(upstream:short)%00%(objectname) refs/heads/main refs/remotes/main [2ms]
2023-03-22 20:03:09.488 [info] > git rev-list --left-right --count main...origin/main [3ms]
2023-03-22 20:03:13.460 [info] > git status -z -uall [3950ms]
2023-03-22 20:03:18.494 [warning] getRemotes() - ENOENT: no such file or directory, open '/home/mmihovilovic/--git-common-dir/config'
2023-03-22 20:03:18.513 [info] > git remote --verbose [18ms]
2023-03-22 20:03:18.513 [info] > git config --get commit.template [2ms]
2023-03-22 20:03:18.532 [info] > git for-each-ref --format=%(refname)%00%(upstream:short)%00%(objectname) refs/heads/main refs/remotes/main [3ms]
2023-03-22 20:03:18.554 [info] > git rev-list --left-right --count main...origin/main [2ms]
2023-03-22 20:03:22.515 [info] > git status -z -uall [3944ms]
2023-03-22 20:03:27.549 [warning] getRemotes() - ENOENT: no such file or directory, open '/home/mmihovilovic/--git-common-dir/config'
2023-03-22 20:03:27.567 [info] > git remote --verbose [19ms]
2023-03-22 20:03:27.568 [info] > git config --get commit.template [2ms]
2023-03-22 20:03:27.587 [info] > git for-each-ref --format=%(refname)%00%(upstream:short)%00%(objectname) refs/heads/main refs/remotes/main [3ms]
2023-03-22 20:03:27.606 [info] > git rev-list --left-right --count main...origin/main [2ms]
2023-03-22 20:03:31.576 [info] > git status -z -uall [3950ms]
2023-03-22 20:03:36.609 [warning] getRemotes() - ENOENT: no such file or directory, open '/home/mmihovilovic/--git-common-dir/config'
2023-03-22 20:03:36.627 [info] > git remote --verbose [18ms]
2023-03-22 20:03:36.628 [info] > git config --get commit.template [2ms]
2023-03-22 20:03:36.652 [info] > git for-each-ref --format=%(refname)%00%(upstream:short)%00%(objectname) refs/heads/main refs/remotes/main [3ms]
2023-03-22 20:03:36.677 [info] > git rev-list --left-right --count main...origin/main [3ms]
2023-03-22 20:03:40.650 [info] > git status -z -uall [3954ms]
2023-03-22 20:03:45.684 [warning] getRemotes() - ENOENT: no such file or directory, open '/home/mmihovilovic/--git-common-dir/config'
2023-03-22 20:03:45.703 [info] > git remote --verbose [18ms]
2023-03-22 20:03:45.704 [info] > git config --get commit.template [2ms]
2023-03-22 20:03:45.722 [info] > git for-each-ref --format=%(refname)%00%(upstream:short)%00%(objectname) refs/heads/main refs/remotes/main [2ms]
2023-03-22 20:03:45.743 [info] > git rev-list --left-right --count main...origin/main [4ms]
2023-03-22 20:03:49.720 [info] > git status -z -uall [3956ms]
2023-03-22 20:03:54.752 [warning] getRemotes() - ENOENT: no such file or directory, open '/home/mmihovilovic/--git-common-dir/config'
2023-03-22 20:03:54.770 [info] > git remote --verbose [18ms]
2023-03-22 20:03:54.771 [info] > git config --get commit.template [3ms]
2023-03-22 20:03:54.790 [info] > git for-each-ref --format=%(refname)%00%(upstream:short)%00%(objectname) refs/heads/main refs/remotes/main [2ms]
2023-03-22 20:03:54.809 [info] > git rev-list --left-right --count main...origin/main [2ms]
2023-03-22 20:03:58.794 [info] > git status -z -uall [3968ms]
2023-03-22 20:04:03.827 [warning] getRemotes() - ENOENT: no such file or directory, open '/home/mmihovilovic/--git-common-dir/config'
2023-03-22 20:04:03.848 [info] > git remote --verbose [20ms]
2023-03-22 20:04:03.848 [info] > git config --get commit.template [2ms]
2023-03-22 20:04:03.868 [info] > git for-each-ref --format=%(refname)%00%(upstream:short)%00%(objectname) refs/heads/main refs/remotes/main [2ms]
2023-03-22 20:04:03.888 [info] > git rev-list --left-right --count main...origin/main [3ms]
2023-03-22 20:04:07.866 [info] > git status -z -uall [3952ms]
2023-03-22 20:04:12.899 [warning] getRemotes() - ENOENT: no such file or directory, open '/home/mmihovilovic/--git-common-dir/config'
2023-03-22 20:04:12.918 [info] > git remote --verbose [18ms]
2023-03-22 20:04:12.918 [info] > git config --get commit.template [2ms]
2023-03-22 20:04:12.937 [info] > git for-each-ref --format=%(refname)%00%(upstream:short)%00%(objectname) refs/heads/main refs/remotes/main [2ms]
2023-03-22 20:04:12.956 [info] > git rev-list --left-right --count main...origin/main [2ms]
2023-03-22 20:04:16.935 [info] > git status -z -uall [3959ms]
2023-03-22 20:04:21.973 [warning] getRemotes() - ENOENT: no such file or directory, open '/home/mmihovilovic/--git-common-dir/config'
2023-03-22 20:04:21.991 [info] > git remote --verbose [18ms]
2023-03-22 20:04:21.992 [info] > git config --get commit.template [2ms]
2023-03-22 20:04:22.011 [info] > git for-each-ref --format=%(refname)%00%(upstream:short)%00%(objectname) refs/heads/main refs/remotes/main [3ms]
2023-03-22 20:04:22.030 [info] > git rev-list --left-right --count main...origin/main [2ms]
2023-03-22 20:04:25.995 [info] > git status -z -uall [3949ms]
2023-03-22 20:04:31.030 [warning] getRemotes() - ENOENT: no such file or directory, open '/home/mmihovilovic/--git-common-dir/config'
2023-03-22 20:04:31.048 [info] > git remote --verbose [18ms]
2023-03-22 20:04:31.051 [info] > git config --get commit.template [4ms]
2023-03-22 20:04:31.070 [info] > git for-each-ref --format=%(refname)%00%(upstream:short)%00%(objectname) refs/heads/main refs/remotes/main [2ms]
2023-03-22 20:04:31.089 [info] > git rev-list --left-right --count main...origin/main [2ms]
2023-03-22 20:04:35.058 [info] > git status -z -uall [3952ms]
2023-03-22 20:04:40.112 [warning] getRemotes() - ENOENT: no such file or directory, open '/home/mmihovilovic/--git-common-dir/config'
2023-03-22 20:04:40.133 [info] > git config --get commit.template [1ms]
2023-03-22 20:04:40.134 [info] > git remote --verbose [21ms]
2023-03-22 20:04:40.154 [info] > git for-each-ref --format=%(refname)%00%(upstream:short)%00%(objectname) refs/heads/main refs/remotes/main [3ms]
2023-03-22 20:04:40.173 [info] > git rev-list --left-right --count main...origin/main [3ms]
2023-03-22 20:04:44.134 [info] > git status -z -uall [3944ms]
2023-03-22 20:04:49.169 [warning] getRemotes() - ENOENT: no such file or directory, open '/home/mmihovilovic/--git-common-dir/config'
2023-03-22 20:04:49.187 [info] > git remote --verbose [18ms]
2023-03-22 20:04:49.188 [info] > git config --get commit.template [3ms]
2023-03-22 20:04:49.207 [info] > git for-each-ref --format=%(refname)%00%(upstream:short)%00%(objectname) refs/heads/main refs/remotes/main [3ms]
2023-03-22 20:04:49.226 [info] > git rev-list --left-right --count main...origin/main [3ms]
2023-03-22 20:04:53.216 [info] > git status -z -uall [3974ms]
2023-03-22 20:04:58.250 [warning] getRemotes() - ENOENT: no such file or directory, open '/home/mmihovilovic/--git-common-dir/config'
2023-03-22 20:04:58.269 [info] > git remote --verbose [18ms]
2023-03-22 20:04:58.269 [info] > git config --get commit.template [2ms]
2023-03-22 20:04:58.288 [info] > git for-each-ref --format=%(refname)%00%(upstream:short)%00%(objectname) refs/heads/main refs/remotes/main [2ms]
2023-03-22 20:04:58.307 [info] > git rev-list --left-right --count main...origin/main [2ms]
2023-03-22 20:05:02.285 [info] > git status -z -uall [3958ms]
2023-03-22 20:05:07.321 [warning] getRemotes() - ENOENT: no such file or directory, open '/home/mmihovilovic/--git-common-dir/config'
2023-03-22 20:05:07.340 [info] > git config --get commit.template [3ms]
2023-03-22 20:05:07.341 [info] > git remote --verbose [21ms]
2023-03-22 20:05:07.360 [info] > git for-each-ref --format=%(refname)%00%(upstream:short)%00%(objectname) refs/heads/main refs/remotes/main [2ms]
2023-03-22 20:05:07.379 [info] > git rev-list --left-right --count main...origin/main [2ms]
2023-03-22 20:05:11.353 [info] > git status -z -uall [3956ms]
