2023-03-20 09:43:02.148 [info] Log level: Info
2023-03-20 09:43:02.148 [info] Validating found git in: "git"
2023-03-20 09:43:02.148 [info] Using git "1.8.3.1" from "git"
2023-03-20 09:43:02.148 [info] > git rev-parse --show-toplevel [9ms]
2023-03-20 09:43:02.148 [info] > git rev-parse --git-dir --git-common-dir [62ms]
2023-03-20 09:43:02.148 [info] Open repository: /home/mmihovilovic
2023-03-20 09:43:02.148 [warning] getRemotes() - ENOENT: no such file or directory, open '/home/mmihovilovic/--git-common-dir/config'
2023-03-20 09:43:02.148 [info] > git rev-parse --show-toplevel [22ms]
2023-03-20 09:43:02.148 [info] > git config --get commit.template [14ms]
2023-03-20 09:43:02.148 [info] > git remote --verbose [24ms]
2023-03-20 09:43:02.148 [info] > git rev-parse --show-toplevel [6ms]
2023-03-20 09:43:02.148 [info] > git rev-parse --show-toplevel [14ms]
2023-03-20 09:43:02.148 [info] > git for-each-ref --format=%(refname)%00%(upstream:short)%00%(objectname) refs/heads/main refs/remotes/main [13ms]
2023-03-20 09:43:02.148 [info] > git rev-parse --show-toplevel [14ms]
2023-03-20 09:43:02.148 [info] > git rev-list --left-right --count main...origin/main [14ms]
2023-03-20 09:43:02.148 [info] > git rev-parse --show-toplevel [33ms]
2023-03-20 09:43:02.148 [info] > git rev-parse --show-toplevel [14ms]
2023-03-20 09:43:02.148 [info] > git rev-parse --show-toplevel [4ms]
2023-03-20 09:43:02.148 [info] > git rev-parse --show-toplevel [49ms]
2023-03-20 09:43:02.150 [info] > git rev-parse --show-toplevel [2ms]
2023-03-20 09:43:02.163 [info] > git rev-parse --show-toplevel [1ms]
2023-03-20 09:43:02.174 [info] > git rev-parse --show-toplevel [1ms]
2023-03-20 09:43:02.186 [info] > git rev-parse --show-toplevel [2ms]
2023-03-20 09:43:02.199 [info] > git rev-parse --show-toplevel [1ms]
2023-03-20 09:43:02.212 [info] > git rev-parse --show-toplevel [3ms]
2023-03-20 09:43:02.224 [info] > git rev-parse --show-toplevel [2ms]
2023-03-20 09:43:02.240 [info] > git rev-parse --show-toplevel [5ms]
2023-03-20 09:43:02.253 [info] > git rev-parse --git-dir --git-common-dir [4ms]
2023-03-20 09:43:02.260 [info] Open repository: /home/mmihovilovic/vj11
2023-03-20 09:43:02.284 [warning] getRemotes() - ENOENT: no such file or directory, open '/home/mmihovilovic/vj11/--git-common-dir/config'
2023-03-20 09:43:02.295 [info] > git remote --verbose [12ms]
2023-03-20 09:43:02.295 [info] > git rev-parse --show-toplevel [23ms]
2023-03-20 09:43:02.308 [info] > git config --get commit.template [14ms]
2023-03-20 09:43:02.320 [info] > git rev-parse --show-toplevel [14ms]
2023-03-20 09:43:02.334 [info] > git for-each-ref --format=%(refname)%00%(upstream:short)%00%(objectname) refs/heads/master refs/remotes/master [14ms]
2023-03-20 09:43:02.344 [info] > git rev-parse --show-toplevel [14ms]
2023-03-20 09:43:02.353 [info] > git status -z -uall [11ms]
2023-03-20 09:43:02.408 [warning] getRemotes() - ENOENT: no such file or directory, open '/home/mmihovilovic/vj11/--git-common-dir/config'
2023-03-20 09:43:02.420 [info] > git rev-parse --show-toplevel [69ms]
2023-03-20 09:43:02.430 [info] > git config --get commit.template [11ms]
2023-03-20 09:43:02.431 [info] > git remote --verbose [24ms]
2023-03-20 09:43:02.432 [info] > git rev-parse --show-toplevel [3ms]
2023-03-20 09:43:02.451 [info] > git for-each-ref --format=%(refname)%00%(upstream:short)%00%(objectname) refs/heads/master refs/remotes/master [4ms]
2023-03-20 09:43:02.460 [info] > git rev-parse --show-toplevel [20ms]
2023-03-20 09:43:02.469 [info] > git status -z -uall [10ms]
2023-03-20 09:43:02.474 [info] > git rev-parse --show-toplevel [6ms]
2023-03-20 09:43:02.488 [info] > git rev-parse --show-toplevel [5ms]
2023-03-20 09:43:02.498 [info] > git status -z -uall [484ms]
2023-03-20 09:43:02.534 [warning] getRemotes() - ENOENT: no such file or directory, open '/home/mmihovilovic/--git-common-dir/config'
2023-03-20 09:43:02.553 [info] > git rev-parse --git-dir --git-common-dir [56ms]
2023-03-20 09:43:02.561 [info] Open repository: /home/mmihovilovic/vj6
2023-03-20 09:43:02.592 [warning] getRemotes() - ENOENT: no such file or directory, open '/home/mmihovilovic/vj6/--git-common-dir/config'
2023-03-20 09:43:02.604 [info] > git rev-parse --show-toplevel [32ms]
2023-03-20 09:43:02.615 [info] > git config --get commit.template [62ms]
2023-03-20 09:43:02.615 [info] > git remote --verbose [81ms]
2023-03-20 09:43:02.711 [info] > git rev-parse --show-toplevel [97ms]
2023-03-20 09:43:02.723 [info] > git config --get commit.template [120ms]
2023-03-20 09:43:02.723 [info] > git remote --verbose [132ms]
2023-03-20 09:43:02.736 [info] > git rev-parse --show-toplevel [14ms]
2023-03-20 09:43:02.764 [info] > git for-each-ref --format=%(refname)%00%(upstream:short)%00%(objectname) refs/heads/main refs/remotes/main [28ms]
2023-03-20 09:43:02.777 [info] > git for-each-ref --format=%(refname)%00%(upstream:short)%00%(objectname) refs/heads/master refs/remotes/master [15ms]
2023-03-20 09:43:02.789 [info] > git rev-parse --show-toplevel [37ms]
2023-03-20 09:43:02.798 [info] > git status -z -uall [9ms]
2023-03-20 09:43:02.804 [info] > git rev-list --left-right --count main...origin/main [29ms]
2023-03-20 09:43:03.276 [info] > git status -z -uall [462ms]
2023-03-20 09:43:03.479 [info] > git check-ignore -v -z --stdin [123ms]
2023-03-20 09:43:03.481 [info] > git check-ignore -v -z --stdin [113ms]
2023-03-20 09:43:03.482 [info] > git check-ignore -v -z --stdin [102ms]
2023-03-20 09:43:04.359 [info] > git check-ignore -v -z --stdin [8ms]
2023-03-20 09:43:04.796 [warning] getRemotes() - ENOENT: no such file or directory, open '/home/mmihovilovic/--git-common-dir/config'
2023-03-20 09:43:04.833 [info] > git config --get commit.template [25ms]
2023-03-20 09:43:04.833 [info] > git remote --verbose [37ms]
2023-03-20 09:43:04.853 [info] > git for-each-ref --format=%(refname)%00%(upstream:short)%00%(objectname) refs/heads/main refs/remotes/main [4ms]
2023-03-20 09:43:04.909 [info] > git rev-list --left-right --count main...origin/main [44ms]
2023-03-20 09:43:05.384 [info] > git status -z -uall [463ms]
2023-03-20 09:43:06.509 [info] > git check-ignore -v -z --stdin [9ms]
2023-03-20 09:43:08.894 [info] > git check-ignore -v -z --stdin [9ms]
2023-03-20 09:43:10.434 [warning] getRemotes() - ENOENT: no such file or directory, open '/home/mmihovilovic/--git-common-dir/config'
2023-03-20 09:43:10.470 [info] > git show --textconv :ispit/z2/analyze.cpp [81ms]
2023-03-20 09:43:10.472 [info] > git config --get commit.template [22ms]
2023-03-20 09:43:10.472 [info] > git remote --verbose [38ms]
2023-03-20 09:43:10.474 [info] > git ls-files --stage -- /home/mmihovilovic/ispit/z2/analyze.cpp [66ms]
2023-03-20 09:43:10.518 [info] > git cat-file -s 9309275fb31aa6061fc786abef0e4e242cf85a77 [29ms]
2023-03-20 09:43:10.523 [info] > git for-each-ref --format=%(refname)%00%(upstream:short)%00%(objectname) refs/heads/main refs/remotes/main [10ms]
2023-03-20 09:43:10.541 [info] > git rev-list --left-right --count main...origin/main [4ms]
2023-03-20 09:43:11.029 [info] > git status -z -uall [470ms]
2023-03-20 09:43:12.707 [info] > git show --textconv :ispit/z2/Analyzer.cpp [26ms]
2023-03-20 09:43:12.709 [info] > git ls-files --stage -- /home/mmihovilovic/ispit/z2/Analyzer.cpp [10ms]
2023-03-20 09:43:12.761 [info] > git cat-file -s 941da14d935cf6c5f14eae43d13c9fabb9d15fee [37ms]
2023-03-20 09:43:16.066 [warning] getRemotes() - ENOENT: no such file or directory, open '/home/mmihovilovic/--git-common-dir/config'
2023-03-20 09:43:16.083 [info] > git remote --verbose [16ms]
2023-03-20 09:43:16.085 [info] > git config --get commit.template [3ms]
2023-03-20 09:43:16.103 [info] > git for-each-ref --format=%(refname)%00%(upstream:short)%00%(objectname) refs/heads/main refs/remotes/main [3ms]
2023-03-20 09:43:16.125 [info] > git rev-list --left-right --count main...origin/main [2ms]
2023-03-20 09:43:16.605 [info] > git status -z -uall [462ms]
2023-03-20 09:43:21.633 [warning] getRemotes() - ENOENT: no such file or directory, open '/home/mmihovilovic/--git-common-dir/config'
2023-03-20 09:43:21.652 [info] > git remote --verbose [18ms]
2023-03-20 09:43:21.653 [info] > git config --get commit.template [3ms]
2023-03-20 09:43:21.673 [info] > git for-each-ref --format=%(refname)%00%(upstream:short)%00%(objectname) refs/heads/main refs/remotes/main [2ms]
2023-03-20 09:43:21.692 [info] > git rev-list --left-right --count main...origin/main [2ms]
2023-03-20 09:43:22.170 [info] > git status -z -uall [462ms]
2023-03-20 09:43:27.200 [warning] getRemotes() - ENOENT: no such file or directory, open '/home/mmihovilovic/--git-common-dir/config'
2023-03-20 09:43:27.218 [info] > git remote --verbose [18ms]
2023-03-20 09:43:27.220 [info] > git config --get commit.template [2ms]
2023-03-20 09:43:27.239 [info] > git for-each-ref --format=%(refname)%00%(upstream:short)%00%(objectname) refs/heads/main refs/remotes/main [2ms]
2023-03-20 09:43:27.258 [info] > git rev-list --left-right --count main...origin/main [2ms]
2023-03-20 09:43:27.742 [info] > git status -z -uall [463ms]
2023-03-20 09:43:32.779 [warning] getRemotes() - ENOENT: no such file or directory, open '/home/mmihovilovic/--git-common-dir/config'
2023-03-20 09:43:32.804 [info] > git remote --verbose [24ms]
2023-03-20 09:43:32.805 [info] > git config --get commit.template [3ms]
2023-03-20 09:43:32.826 [info] > git for-each-ref --format=%(refname)%00%(upstream:short)%00%(objectname) refs/heads/main refs/remotes/main [2ms]
2023-03-20 09:43:32.851 [info] > git rev-list --left-right --count main...origin/main [2ms]
2023-03-20 09:43:33.331 [info] > git status -z -uall [461ms]
2023-03-20 09:43:38.361 [warning] getRemotes() - ENOENT: no such file or directory, open '/home/mmihovilovic/--git-common-dir/config'
2023-03-20 09:43:38.380 [info] > git remote --verbose [18ms]
2023-03-20 09:43:38.381 [info] > git config --get commit.template [2ms]
2023-03-20 09:43:38.400 [info] > git for-each-ref --format=%(refname)%00%(upstream:short)%00%(objectname) refs/heads/main refs/remotes/main [2ms]
2023-03-20 09:43:38.419 [info] > git rev-list --left-right --count main...origin/main [3ms]
2023-03-20 09:43:38.902 [info] > git status -z -uall [462ms]
2023-03-20 09:43:43.934 [warning] getRemotes() - ENOENT: no such file or directory, open '/home/mmihovilovic/--git-common-dir/config'
2023-03-20 09:43:43.953 [info] > git remote --verbose [18ms]
2023-03-20 09:43:43.954 [info] > git config --get commit.template [2ms]
2023-03-20 09:43:43.973 [info] > git for-each-ref --format=%(refname)%00%(upstream:short)%00%(objectname) refs/heads/main refs/remotes/main [3ms]
2023-03-20 09:43:43.992 [info] > git rev-list --left-right --count main...origin/main [3ms]
2023-03-20 09:43:44.474 [info] > git status -z -uall [463ms]
2023-03-20 09:43:49.504 [warning] getRemotes() - ENOENT: no such file or directory, open '/home/mmihovilovic/--git-common-dir/config'
2023-03-20 09:43:49.526 [info] > git remote --verbose [22ms]
2023-03-20 09:43:49.527 [info] > git config --get commit.template [3ms]
2023-03-20 09:43:49.548 [info] > git for-each-ref --format=%(refname)%00%(upstream:short)%00%(objectname) refs/heads/main refs/remotes/main [3ms]
2023-03-20 09:43:49.574 [info] > git rev-list --left-right --count main...origin/main [3ms]
2023-03-20 09:43:50.059 [info] > git status -z -uall [463ms]
2023-03-20 09:43:55.087 [warning] getRemotes() - ENOENT: no such file or directory, open '/home/mmihovilovic/--git-common-dir/config'
2023-03-20 09:43:55.105 [info] > git remote --verbose [19ms]
2023-03-20 09:43:55.106 [info] > git config --get commit.template [2ms]
2023-03-20 09:43:55.126 [info] > git for-each-ref --format=%(refname)%00%(upstream:short)%00%(objectname) refs/heads/main refs/remotes/main [3ms]
2023-03-20 09:43:55.145 [info] > git rev-list --left-right --count main...origin/main [2ms]
2023-03-20 09:43:55.625 [info] > git status -z -uall [462ms]
2023-03-20 09:44:00.650 [warning] getRemotes() - ENOENT: no such file or directory, open '/home/mmihovilovic/--git-common-dir/config'
2023-03-20 09:44:00.668 [info] > git remote --verbose [17ms]
2023-03-20 09:44:00.669 [info] > git config --get commit.template [3ms]
2023-03-20 09:44:00.687 [info] > git for-each-ref --format=%(refname)%00%(upstream:short)%00%(objectname) refs/heads/main refs/remotes/main [2ms]
2023-03-20 09:44:00.706 [info] > git rev-list --left-right --count main...origin/main [2ms]
2023-03-20 09:44:01.203 [info] > git status -z -uall [481ms]
2023-03-20 09:44:06.233 [warning] getRemotes() - ENOENT: no such file or directory, open '/home/mmihovilovic/--git-common-dir/config'
2023-03-20 09:44:06.252 [info] > git remote --verbose [19ms]
2023-03-20 09:44:06.253 [info] > git config --get commit.template [3ms]
2023-03-20 09:44:06.285 [info] > git for-each-ref --format=%(refname)%00%(upstream:short)%00%(objectname) refs/heads/main refs/remotes/main [17ms]
2023-03-20 09:44:06.308 [info] > git rev-list --left-right --count main...origin/main [9ms]
2023-03-20 09:44:06.504 [info] > git show --textconv :ispit/z2/analyze1.cpp [19ms]
2023-03-20 09:44:06.512 [info] > git ls-files --stage -- /home/mmihovilovic/ispit/z2/analyze1.cpp [8ms]
2023-03-20 09:44:06.527 [info] > git cat-file -s 64fec67118de22746f30da5799fb8cbbc86ef795 [2ms]
2023-03-20 09:44:06.787 [info] > git status -z -uall [465ms]
2023-03-20 09:44:07.355 [info] > git show --textconv :ispit/z2/analyze.cpp [17ms]
2023-03-20 09:44:07.362 [info] > git ls-files --stage -- /home/mmihovilovic/ispit/z2/analyze.cpp [9ms]
2023-03-20 09:44:07.377 [info] > git cat-file -s 9309275fb31aa6061fc786abef0e4e242cf85a77 [2ms]
2023-03-20 09:44:08.493 [info] > git show --textconv :ispit/z2/Analyzer.cpp [18ms]
2023-03-20 09:44:08.504 [info] > git ls-files --stage -- /home/mmihovilovic/ispit/z2/Analyzer.cpp [11ms]
2023-03-20 09:44:08.520 [info] > git cat-file -s 941da14d935cf6c5f14eae43d13c9fabb9d15fee [2ms]
2023-03-20 09:44:11.814 [warning] getRemotes() - ENOENT: no such file or directory, open '/home/mmihovilovic/--git-common-dir/config'
2023-03-20 09:44:11.834 [info] > git remote --verbose [21ms]
2023-03-20 09:44:11.835 [info] > git config --get commit.template [3ms]
2023-03-20 09:44:11.854 [info] > git for-each-ref --format=%(refname)%00%(upstream:short)%00%(objectname) refs/heads/main refs/remotes/main [2ms]
2023-03-20 09:44:11.870 [info] > git rev-list --left-right --count main...origin/main [3ms]
2023-03-20 09:44:12.350 [info] > git status -z -uall [463ms]
2023-03-20 09:44:17.378 [warning] getRemotes() - ENOENT: no such file or directory, open '/home/mmihovilovic/--git-common-dir/config'
2023-03-20 09:44:17.394 [info] > git remote --verbose [17ms]
2023-03-20 09:44:17.395 [info] > git config --get commit.template [3ms]
2023-03-20 09:44:17.412 [info] > git for-each-ref --format=%(refname)%00%(upstream:short)%00%(objectname) refs/heads/main refs/remotes/main [2ms]
2023-03-20 09:44:17.429 [info] > git rev-list --left-right --count main...origin/main [2ms]
2023-03-20 09:44:17.916 [info] > git status -z -uall [472ms]
2023-03-20 09:44:22.944 [warning] getRemotes() - ENOENT: no such file or directory, open '/home/mmihovilovic/--git-common-dir/config'
2023-03-20 09:44:22.960 [info] > git remote --verbose [16ms]
2023-03-20 09:44:22.961 [info] > git config --get commit.template [3ms]
2023-03-20 09:44:22.978 [info] > git for-each-ref --format=%(refname)%00%(upstream:short)%00%(objectname) refs/heads/main refs/remotes/main [2ms]
2023-03-20 09:44:22.999 [info] > git rev-list --left-right --count main...origin/main [7ms]
2023-03-20 09:44:23.482 [info] > git status -z -uall [465ms]
2023-03-20 09:44:28.510 [warning] getRemotes() - ENOENT: no such file or directory, open '/home/mmihovilovic/--git-common-dir/config'
2023-03-20 09:44:28.527 [info] > git remote --verbose [17ms]
2023-03-20 09:44:28.528 [info] > git config --get commit.template [3ms]
2023-03-20 09:44:28.545 [info] > git for-each-ref --format=%(refname)%00%(upstream:short)%00%(objectname) refs/heads/main refs/remotes/main [2ms]
2023-03-20 09:44:28.566 [info] > git rev-list --left-right --count main...origin/main [7ms]
2023-03-20 09:44:29.045 [info] > git status -z -uall [463ms]
2023-03-20 09:44:34.077 [warning] getRemotes() - ENOENT: no such file or directory, open '/home/mmihovilovic/--git-common-dir/config'
2023-03-20 09:44:34.093 [info] > git remote --verbose [17ms]
2023-03-20 09:44:34.094 [info] > git config --get commit.template [2ms]
2023-03-20 09:44:34.111 [info] > git for-each-ref --format=%(refname)%00%(upstream:short)%00%(objectname) refs/heads/main refs/remotes/main [2ms]
2023-03-20 09:44:34.128 [info] > git rev-list --left-right --count main...origin/main [3ms]
2023-03-20 09:44:34.610 [info] > git status -z -uall [463ms]
2023-03-20 09:44:39.637 [warning] getRemotes() - ENOENT: no such file or directory, open '/home/mmihovilovic/--git-common-dir/config'
2023-03-20 09:44:39.653 [info] > git remote --verbose [16ms]
2023-03-20 09:44:39.656 [info] > git config --get commit.template [4ms]
2023-03-20 09:44:39.673 [info] > git for-each-ref --format=%(refname)%00%(upstream:short)%00%(objectname) refs/heads/main refs/remotes/main [3ms]
2023-03-20 09:44:39.690 [info] > git rev-list --left-right --count main...origin/main [2ms]
2023-03-20 09:44:40.173 [info] > git status -z -uall [466ms]
2023-03-20 09:44:45.198 [warning] getRemotes() - ENOENT: no such file or directory, open '/home/mmihovilovic/--git-common-dir/config'
2023-03-20 09:44:45.215 [info] > git remote --verbose [17ms]
2023-03-20 09:44:45.216 [info] > git config --get commit.template [3ms]
2023-03-20 09:44:45.233 [info] > git for-each-ref --format=%(refname)%00%(upstream:short)%00%(objectname) refs/heads/main refs/remotes/main [3ms]
2023-03-20 09:44:45.250 [info] > git rev-list --left-right --count main...origin/main [3ms]
2023-03-20 09:44:45.730 [info] > git status -z -uall [465ms]
2023-03-20 09:44:50.758 [warning] getRemotes() - ENOENT: no such file or directory, open '/home/mmihovilovic/--git-common-dir/config'
2023-03-20 09:44:50.774 [info] > git remote --verbose [16ms]
2023-03-20 09:44:50.775 [info] > git config --get commit.template [2ms]
2023-03-20 09:44:50.793 [info] > git for-each-ref --format=%(refname)%00%(upstream:short)%00%(objectname) refs/heads/main refs/remotes/main [2ms]
2023-03-20 09:44:50.810 [info] > git rev-list --left-right --count main...origin/main [2ms]
2023-03-20 09:44:51.290 [info] > git status -z -uall [464ms]
2023-03-20 09:46:10.908 [warning] getRemotes() - ENOENT: no such file or directory, open '/home/mmihovilovic/--git-common-dir/config'
2023-03-20 09:46:10.930 [info] > git remote --verbose [21ms]
2023-03-20 09:46:10.931 [info] > git config --get commit.template [3ms]
2023-03-20 09:46:10.949 [info] > git for-each-ref --format=%(refname)%00%(upstream:short)%00%(objectname) refs/heads/main refs/remotes/main [3ms]
2023-03-20 09:46:10.967 [info] > git rev-list --left-right --count main...origin/main [3ms]
2023-03-20 09:46:11.447 [info] > git status -z -uall [465ms]
2023-03-20 09:46:16.472 [warning] getRemotes() - ENOENT: no such file or directory, open '/home/mmihovilovic/--git-common-dir/config'
2023-03-20 09:46:16.489 [info] > git remote --verbose [16ms]
2023-03-20 09:46:16.490 [info] > git config --get commit.template [2ms]
2023-03-20 09:46:16.507 [info] > git for-each-ref --format=%(refname)%00%(upstream:short)%00%(objectname) refs/heads/main refs/remotes/main [3ms]
2023-03-20 09:46:16.524 [info] > git rev-list --left-right --count main...origin/main [2ms]
2023-03-20 09:46:17.003 [info] > git status -z -uall [463ms]
2023-03-20 09:46:29.149 [warning] getRemotes() - ENOENT: no such file or directory, open '/home/mmihovilovic/--git-common-dir/config'
2023-03-20 09:46:29.168 [info] > git remote --verbose [19ms]
2023-03-20 09:46:29.169 [info] > git config --get commit.template [3ms]
2023-03-20 09:46:29.186 [info] > git for-each-ref --format=%(refname)%00%(upstream:short)%00%(objectname) refs/heads/main refs/remotes/main [2ms]
2023-03-20 09:46:29.204 [info] > git rev-list --left-right --count main...origin/main [2ms]
2023-03-20 09:46:29.684 [info] > git status -z -uall [465ms]
2023-03-20 09:46:34.711 [warning] getRemotes() - ENOENT: no such file or directory, open '/home/mmihovilovic/--git-common-dir/config'
2023-03-20 09:46:34.728 [info] > git remote --verbose [16ms]
2023-03-20 09:46:34.729 [info] > git config --get commit.template [2ms]
2023-03-20 09:46:34.746 [info] > git for-each-ref --format=%(refname)%00%(upstream:short)%00%(objectname) refs/heads/main refs/remotes/main [3ms]
2023-03-20 09:46:34.763 [info] > git rev-list --left-right --count main...origin/main [2ms]
2023-03-20 09:46:35.248 [info] > git status -z -uall [466ms]
2023-03-20 09:46:40.274 [warning] getRemotes() - ENOENT: no such file or directory, open '/home/mmihovilovic/--git-common-dir/config'
2023-03-20 09:46:40.293 [info] > git remote --verbose [18ms]
2023-03-20 09:46:40.294 [info] > git config --get commit.template [3ms]
2023-03-20 09:46:40.311 [info] > git for-each-ref --format=%(refname)%00%(upstream:short)%00%(objectname) refs/heads/main refs/remotes/main [3ms]
2023-03-20 09:46:40.328 [info] > git rev-list --left-right --count main...origin/main [2ms]
2023-03-20 09:46:40.808 [info] > git status -z -uall [464ms]
2023-03-20 09:46:45.834 [warning] getRemotes() - ENOENT: no such file or directory, open '/home/mmihovilovic/--git-common-dir/config'
2023-03-20 09:46:45.852 [info] > git remote --verbose [18ms]
2023-03-20 09:46:45.853 [info] > git config --get commit.template [4ms]
2023-03-20 09:46:45.874 [info] > git for-each-ref --format=%(refname)%00%(upstream:short)%00%(objectname) refs/heads/main refs/remotes/main [4ms]
2023-03-20 09:46:45.892 [info] > git rev-list --left-right --count main...origin/main [3ms]
2023-03-20 09:46:46.373 [info] > git status -z -uall [466ms]
2023-03-20 09:46:51.399 [warning] getRemotes() - ENOENT: no such file or directory, open '/home/mmihovilovic/--git-common-dir/config'
2023-03-20 09:46:51.416 [info] > git remote --verbose [17ms]
2023-03-20 09:46:51.417 [info] > git config --get commit.template [2ms]
2023-03-20 09:46:51.435 [info] > git for-each-ref --format=%(refname)%00%(upstream:short)%00%(objectname) refs/heads/main refs/remotes/main [3ms]
2023-03-20 09:46:51.454 [info] > git rev-list --left-right --count main...origin/main [4ms]
2023-03-20 09:46:51.935 [info] > git status -z -uall [466ms]
2023-03-20 09:46:56.967 [warning] getRemotes() - ENOENT: no such file or directory, open '/home/mmihovilovic/--git-common-dir/config'
2023-03-20 09:46:56.985 [info] > git remote --verbose [19ms]
2023-03-20 09:46:56.986 [info] > git config --get commit.template [3ms]
2023-03-20 09:46:57.004 [info] > git for-each-ref --format=%(refname)%00%(upstream:short)%00%(objectname) refs/heads/main refs/remotes/main [2ms]
2023-03-20 09:46:57.023 [info] > git rev-list --left-right --count main...origin/main [4ms]
2023-03-20 09:46:57.508 [info] > git status -z -uall [465ms]
2023-03-20 09:47:02.535 [warning] getRemotes() - ENOENT: no such file or directory, open '/home/mmihovilovic/--git-common-dir/config'
2023-03-20 09:47:02.552 [info] > git remote --verbose [18ms]
2023-03-20 09:47:02.553 [info] > git config --get commit.template [3ms]
2023-03-20 09:47:02.570 [info] > git for-each-ref --format=%(refname)%00%(upstream:short)%00%(objectname) refs/heads/main refs/remotes/main [2ms]
2023-03-20 09:47:02.588 [info] > git rev-list --left-right --count main...origin/main [3ms]
2023-03-20 09:47:03.066 [info] > git status -z -uall [463ms]
2023-03-20 09:47:08.092 [warning] getRemotes() - ENOENT: no such file or directory, open '/home/mmihovilovic/--git-common-dir/config'
2023-03-20 09:47:08.111 [info] > git remote --verbose [19ms]
2023-03-20 09:47:08.112 [info] > git config --get commit.template [3ms]
2023-03-20 09:47:08.132 [info] > git for-each-ref --format=%(refname)%00%(upstream:short)%00%(objectname) refs/heads/main refs/remotes/main [3ms]
2023-03-20 09:47:08.149 [info] > git rev-list --left-right --count main...origin/main [2ms]
2023-03-20 09:47:08.632 [info] > git status -z -uall [465ms]
2023-03-20 09:47:13.664 [warning] getRemotes() - ENOENT: no such file or directory, open '/home/mmihovilovic/--git-common-dir/config'
2023-03-20 09:47:13.689 [info] > git config --get commit.template [2ms]
2023-03-20 09:47:13.689 [info] > git remote --verbose [25ms]
2023-03-20 09:47:13.709 [info] > git for-each-ref --format=%(refname)%00%(upstream:short)%00%(objectname) refs/heads/main refs/remotes/main [2ms]
2023-03-20 09:47:13.733 [info] > git rev-list --left-right --count main...origin/main [4ms]
2023-03-20 09:47:14.213 [info] > git status -z -uall [463ms]
2023-03-20 09:47:17.611 [info] > git show --textconv :ispit/z2/Analyzer.cpp [18ms]
2023-03-20 09:47:17.619 [info] > git ls-files --stage -- /home/mmihovilovic/ispit/z2/Analyzer.cpp [9ms]
2023-03-20 09:47:17.635 [info] > git cat-file -s 941da14d935cf6c5f14eae43d13c9fabb9d15fee [2ms]
2023-03-20 09:47:19.242 [warning] getRemotes() - ENOENT: no such file or directory, open '/home/mmihovilovic/--git-common-dir/config'
2023-03-20 09:47:19.261 [info] > git remote --verbose [19ms]
2023-03-20 09:47:19.279 [info] > git config --get commit.template [20ms]
2023-03-20 09:47:19.281 [info] > git for-each-ref --format=%(refname)%00%(upstream:short)%00%(objectname) refs/heads/main refs/remotes/main [2ms]
2023-03-20 09:47:19.297 [info] > git rev-list --left-right --count main...origin/main [2ms]
2023-03-20 09:47:19.779 [info] > git status -z -uall [465ms]
2023-03-20 09:47:24.805 [warning] getRemotes() - ENOENT: no such file or directory, open '/home/mmihovilovic/--git-common-dir/config'
2023-03-20 09:47:24.824 [info] > git remote --verbose [19ms]
2023-03-20 09:47:24.825 [info] > git config --get commit.template [3ms]
2023-03-20 09:47:24.843 [info] > git for-each-ref --format=%(refname)%00%(upstream:short)%00%(objectname) refs/heads/main refs/remotes/main [2ms]
2023-03-20 09:47:24.860 [info] > git rev-list --left-right --count main...origin/main [2ms]
2023-03-20 09:47:25.339 [info] > git status -z -uall [463ms]
2023-03-20 09:47:30.364 [warning] getRemotes() - ENOENT: no such file or directory, open '/home/mmihovilovic/--git-common-dir/config'
2023-03-20 09:47:30.381 [info] > git remote --verbose [17ms]
2023-03-20 09:47:30.382 [info] > git config --get commit.template [2ms]
2023-03-20 09:47:30.405 [info] > git for-each-ref --format=%(refname)%00%(upstream:short)%00%(objectname) refs/heads/main refs/remotes/main [2ms]
2023-03-20 09:47:30.425 [info] > git rev-list --left-right --count main...origin/main [2ms]
2023-03-20 09:47:30.912 [info] > git status -z -uall [467ms]
2023-03-20 09:47:35.937 [warning] getRemotes() - ENOENT: no such file or directory, open '/home/mmihovilovic/--git-common-dir/config'
2023-03-20 09:47:35.954 [info] > git remote --verbose [17ms]
2023-03-20 09:47:35.955 [info] > git config --get commit.template [2ms]
2023-03-20 09:47:35.973 [info] > git for-each-ref --format=%(refname)%00%(upstream:short)%00%(objectname) refs/heads/main refs/remotes/main [3ms]
2023-03-20 09:47:35.991 [info] > git rev-list --left-right --count main...origin/main [2ms]
2023-03-20 09:47:36.469 [info] > git status -z -uall [463ms]
2023-03-20 09:47:41.494 [warning] getRemotes() - ENOENT: no such file or directory, open '/home/mmihovilovic/--git-common-dir/config'
2023-03-20 09:47:41.511 [info] > git remote --verbose [17ms]
2023-03-20 09:47:41.512 [info] > git config --get commit.template [3ms]
2023-03-20 09:47:41.529 [info] > git for-each-ref --format=%(refname)%00%(upstream:short)%00%(objectname) refs/heads/main refs/remotes/main [2ms]
2023-03-20 09:47:41.547 [info] > git rev-list --left-right --count main...origin/main [2ms]
2023-03-20 09:47:42.033 [info] > git status -z -uall [468ms]
2023-03-20 09:47:47.060 [warning] getRemotes() - ENOENT: no such file or directory, open '/home/mmihovilovic/--git-common-dir/config'
2023-03-20 09:47:47.078 [info] > git config --get commit.template [1ms]
2023-03-20 09:47:47.078 [info] > git remote --verbose [19ms]
2023-03-20 09:47:47.096 [info] > git for-each-ref --format=%(refname)%00%(upstream:short)%00%(objectname) refs/heads/main refs/remotes/main [2ms]
2023-03-20 09:47:47.114 [info] > git rev-list --left-right --count main...origin/main [3ms]
2023-03-20 09:47:47.595 [info] > git status -z -uall [466ms]
2023-03-20 09:47:52.622 [warning] getRemotes() - ENOENT: no such file or directory, open '/home/mmihovilovic/--git-common-dir/config'
2023-03-20 09:47:52.643 [info] > git remote --verbose [20ms]
2023-03-20 09:47:52.644 [info] > git config --get commit.template [3ms]
2023-03-20 09:47:52.662 [info] > git for-each-ref --format=%(refname)%00%(upstream:short)%00%(objectname) refs/heads/main refs/remotes/main [3ms]
2023-03-20 09:47:52.680 [info] > git rev-list --left-right --count main...origin/main [3ms]
2023-03-20 09:47:53.160 [info] > git status -z -uall [464ms]
2023-03-20 09:47:58.187 [warning] getRemotes() - ENOENT: no such file or directory, open '/home/mmihovilovic/--git-common-dir/config'
2023-03-20 09:47:58.205 [info] > git remote --verbose [18ms]
2023-03-20 09:47:58.206 [info] > git config --get commit.template [3ms]
2023-03-20 09:47:58.226 [info] > git for-each-ref --format=%(refname)%00%(upstream:short)%00%(objectname) refs/heads/main refs/remotes/main [3ms]
2023-03-20 09:47:58.244 [info] > git rev-list --left-right --count main...origin/main [3ms]
2023-03-20 09:47:58.730 [info] > git status -z -uall [471ms]
2023-03-20 09:48:03.756 [warning] getRemotes() - ENOENT: no such file or directory, open '/home/mmihovilovic/--git-common-dir/config'
2023-03-20 09:48:03.773 [info] > git remote --verbose [17ms]
2023-03-20 09:48:03.774 [info] > git config --get commit.template [2ms]
2023-03-20 09:48:03.797 [info] > git for-each-ref --format=%(refname)%00%(upstream:short)%00%(objectname) refs/heads/main refs/remotes/main [7ms]
2023-03-20 09:48:03.818 [info] > git rev-list --left-right --count main...origin/main [3ms]
2023-03-20 09:48:04.299 [info] > git status -z -uall [465ms]
2023-03-20 09:48:09.323 [warning] getRemotes() - ENOENT: no such file or directory, open '/home/mmihovilovic/--git-common-dir/config'
2023-03-20 09:48:09.341 [info] > git remote --verbose [17ms]
2023-03-20 09:48:09.341 [info] > git config --get commit.template [2ms]
2023-03-20 09:48:09.360 [info] > git for-each-ref --format=%(refname)%00%(upstream:short)%00%(objectname) refs/heads/main refs/remotes/main [2ms]
2023-03-20 09:48:09.378 [info] > git rev-list --left-right --count main...origin/main [2ms]
2023-03-20 09:48:09.857 [info] > git status -z -uall [464ms]
2023-03-20 09:48:14.887 [warning] getRemotes() - ENOENT: no such file or directory, open '/home/mmihovilovic/--git-common-dir/config'
2023-03-20 09:48:14.905 [info] > git remote --verbose [18ms]
2023-03-20 09:48:14.906 [info] > git config --get commit.template [3ms]
2023-03-20 09:48:14.924 [info] > git for-each-ref --format=%(refname)%00%(upstream:short)%00%(objectname) refs/heads/main refs/remotes/main [3ms]
2023-03-20 09:48:14.943 [info] > git rev-list --left-right --count main...origin/main [2ms]
2023-03-20 09:48:15.427 [info] > git status -z -uall [465ms]
2023-03-20 09:48:20.457 [warning] getRemotes() - ENOENT: no such file or directory, open '/home/mmihovilovic/--git-common-dir/config'
2023-03-20 09:48:20.475 [info] > git remote --verbose [19ms]
2023-03-20 09:48:20.476 [info] > git config --get commit.template [4ms]
2023-03-20 09:48:20.494 [info] > git for-each-ref --format=%(refname)%00%(upstream:short)%00%(objectname) refs/heads/main refs/remotes/main [3ms]
2023-03-20 09:48:20.512 [info] > git rev-list --left-right --count main...origin/main [3ms]
2023-03-20 09:48:20.991 [info] > git status -z -uall [464ms]
2023-03-20 09:48:26.020 [warning] getRemotes() - ENOENT: no such file or directory, open '/home/mmihovilovic/--git-common-dir/config'
2023-03-20 09:48:26.039 [info] > git remote --verbose [19ms]
2023-03-20 09:48:26.040 [info] > git config --get commit.template [2ms]
2023-03-20 09:48:26.058 [info] > git for-each-ref --format=%(refname)%00%(upstream:short)%00%(objectname) refs/heads/main refs/remotes/main [2ms]
2023-03-20 09:48:26.079 [info] > git rev-list --left-right --count main...origin/main [3ms]
2023-03-20 09:48:26.562 [info] > git status -z -uall [465ms]
2023-03-20 09:48:31.591 [warning] getRemotes() - ENOENT: no such file or directory, open '/home/mmihovilovic/--git-common-dir/config'
2023-03-20 09:48:31.608 [info] > git remote --verbose [18ms]
2023-03-20 09:48:31.609 [info] > git config --get commit.template [3ms]
2023-03-20 09:48:31.627 [info] > git for-each-ref --format=%(refname)%00%(upstream:short)%00%(objectname) refs/heads/main refs/remotes/main [3ms]
2023-03-20 09:48:31.645 [info] > git rev-list --left-right --count main...origin/main [3ms]
2023-03-20 09:48:32.133 [info] > git status -z -uall [472ms]
2023-03-20 09:48:33.470 [info] > git ls-files --stage -- /home/mmihovilovic/ispit/z2/Analyzer.cpp [9ms]
2023-03-20 09:48:33.489 [info] > git cat-file -s 941da14d935cf6c5f14eae43d13c9fabb9d15fee [2ms]
2023-03-20 09:48:33.548 [info] > git show --textconv :ispit/z2/Analyzer.cpp [7ms]
2023-03-20 09:48:37.162 [warning] getRemotes() - ENOENT: no such file or directory, open '/home/mmihovilovic/--git-common-dir/config'
2023-03-20 09:48:37.180 [info] > git remote --verbose [19ms]
2023-03-20 09:48:37.181 [info] > git config --get commit.template [3ms]
2023-03-20 09:48:37.202 [info] > git for-each-ref --format=%(refname)%00%(upstream:short)%00%(objectname) refs/heads/main refs/remotes/main [3ms]
2023-03-20 09:48:37.223 [info] > git rev-list --left-right --count main...origin/main [3ms]
2023-03-20 09:48:37.707 [info] > git status -z -uall [468ms]
2023-03-20 09:48:42.733 [warning] getRemotes() - ENOENT: no such file or directory, open '/home/mmihovilovic/--git-common-dir/config'
2023-03-20 09:48:42.750 [info] > git remote --verbose [17ms]
2023-03-20 09:48:42.751 [info] > git config --get commit.template [2ms]
2023-03-20 09:48:42.769 [info] > git for-each-ref --format=%(refname)%00%(upstream:short)%00%(objectname) refs/heads/main refs/remotes/main [3ms]
2023-03-20 09:48:42.787 [info] > git rev-list --left-right --count main...origin/main [3ms]
2023-03-20 09:48:43.270 [info] > git status -z -uall [464ms]
2023-03-20 09:48:48.294 [warning] getRemotes() - ENOENT: no such file or directory, open '/home/mmihovilovic/--git-common-dir/config'
2023-03-20 09:48:48.311 [info] > git remote --verbose [17ms]
2023-03-20 09:48:48.312 [info] > git config --get commit.template [2ms]
2023-03-20 09:48:48.330 [info] > git for-each-ref --format=%(refname)%00%(upstream:short)%00%(objectname) refs/heads/main refs/remotes/main [3ms]
2023-03-20 09:48:48.347 [info] > git rev-list --left-right --count main...origin/main [2ms]
2023-03-20 09:48:48.828 [info] > git status -z -uall [464ms]
2023-03-20 09:48:53.854 [warning] getRemotes() - ENOENT: no such file or directory, open '/home/mmihovilovic/--git-common-dir/config'
2023-03-20 09:48:53.874 [info] > git remote --verbose [20ms]
2023-03-20 09:48:53.875 [info] > git config --get commit.template [3ms]
2023-03-20 09:48:53.893 [info] > git for-each-ref --format=%(refname)%00%(upstream:short)%00%(objectname) refs/heads/main refs/remotes/main [2ms]
2023-03-20 09:48:53.911 [info] > git rev-list --left-right --count main...origin/main [3ms]
2023-03-20 09:48:54.394 [info] > git status -z -uall [464ms]
2023-03-20 09:48:59.428 [warning] getRemotes() - ENOENT: no such file or directory, open '/home/mmihovilovic/--git-common-dir/config'
2023-03-20 09:48:59.452 [info] > git config --get commit.template [4ms]
2023-03-20 09:48:59.453 [info] > git remote --verbose [26ms]
2023-03-20 09:48:59.472 [info] > git for-each-ref --format=%(refname)%00%(upstream:short)%00%(objectname) refs/heads/main refs/remotes/main [3ms]
2023-03-20 09:48:59.490 [info] > git rev-list --left-right --count main...origin/main [2ms]
2023-03-20 09:48:59.968 [info] > git status -z -uall [462ms]
2023-03-20 09:49:04.995 [warning] getRemotes() - ENOENT: no such file or directory, open '/home/mmihovilovic/--git-common-dir/config'
2023-03-20 09:49:05.012 [info] > git remote --verbose [17ms]
2023-03-20 09:49:05.013 [info] > git config --get commit.template [2ms]
2023-03-20 09:49:05.031 [info] > git for-each-ref --format=%(refname)%00%(upstream:short)%00%(objectname) refs/heads/main refs/remotes/main [3ms]
2023-03-20 09:49:05.050 [info] > git rev-list --left-right --count main...origin/main [3ms]
2023-03-20 09:49:05.531 [info] > git status -z -uall [463ms]
2023-03-20 09:49:10.559 [warning] getRemotes() - ENOENT: no such file or directory, open '/home/mmihovilovic/--git-common-dir/config'
2023-03-20 09:49:10.576 [info] > git remote --verbose [17ms]
2023-03-20 09:49:10.577 [info] > git config --get commit.template [2ms]
2023-03-20 09:49:10.595 [info] > git for-each-ref --format=%(refname)%00%(upstream:short)%00%(objectname) refs/heads/main refs/remotes/main [2ms]
2023-03-20 09:49:10.613 [info] > git rev-list --left-right --count main...origin/main [3ms]
2023-03-20 09:49:11.093 [info] > git status -z -uall [464ms]
2023-03-20 09:49:16.128 [warning] getRemotes() - ENOENT: no such file or directory, open '/home/mmihovilovic/--git-common-dir/config'
2023-03-20 09:49:16.147 [info] > git remote --verbose [20ms]
2023-03-20 09:49:16.148 [info] > git config --get commit.template [3ms]
2023-03-20 09:49:16.172 [info] > git for-each-ref --format=%(refname)%00%(upstream:short)%00%(objectname) refs/heads/main refs/remotes/main [2ms]
2023-03-20 09:49:16.195 [info] > git rev-list --left-right --count main...origin/main [3ms]
2023-03-20 09:49:16.675 [info] > git status -z -uall [463ms]
2023-03-20 09:49:21.702 [warning] getRemotes() - ENOENT: no such file or directory, open '/home/mmihovilovic/--git-common-dir/config'
2023-03-20 09:49:21.719 [info] > git remote --verbose [17ms]
2023-03-20 09:49:21.720 [info] > git config --get commit.template [2ms]
2023-03-20 09:49:21.738 [info] > git for-each-ref --format=%(refname)%00%(upstream:short)%00%(objectname) refs/heads/main refs/remotes/main [3ms]
2023-03-20 09:49:21.756 [info] > git rev-list --left-right --count main...origin/main [2ms]
2023-03-20 09:49:22.238 [info] > git status -z -uall [463ms]
2023-03-20 09:49:27.265 [warning] getRemotes() - ENOENT: no such file or directory, open '/home/mmihovilovic/--git-common-dir/config'
2023-03-20 09:49:27.282 [info] > git remote --verbose [17ms]
2023-03-20 09:49:27.283 [info] > git config --get commit.template [2ms]
2023-03-20 09:49:27.301 [info] > git for-each-ref --format=%(refname)%00%(upstream:short)%00%(objectname) refs/heads/main refs/remotes/main [3ms]
2023-03-20 09:49:27.322 [info] > git rev-list --left-right --count main...origin/main [2ms]
2023-03-20 09:49:27.801 [info] > git status -z -uall [463ms]
2023-03-20 09:49:32.828 [warning] getRemotes() - ENOENT: no such file or directory, open '/home/mmihovilovic/--git-common-dir/config'
2023-03-20 09:49:32.846 [info] > git remote --verbose [19ms]
2023-03-20 09:49:32.847 [info] > git config --get commit.template [2ms]
2023-03-20 09:49:32.865 [info] > git for-each-ref --format=%(refname)%00%(upstream:short)%00%(objectname) refs/heads/main refs/remotes/main [3ms]
2023-03-20 09:49:32.888 [info] > git rev-list --left-right --count main...origin/main [3ms]
2023-03-20 09:49:33.374 [info] > git status -z -uall [465ms]
2023-03-20 09:49:38.400 [warning] getRemotes() - ENOENT: no such file or directory, open '/home/mmihovilovic/--git-common-dir/config'
2023-03-20 09:49:38.417 [info] > git remote --verbose [17ms]
2023-03-20 09:49:38.419 [info] > git config --get commit.template [2ms]
2023-03-20 09:49:38.440 [info] > git for-each-ref --format=%(refname)%00%(upstream:short)%00%(objectname) refs/heads/main refs/remotes/main [2ms]
2023-03-20 09:49:38.458 [info] > git rev-list --left-right --count main...origin/main [2ms]
2023-03-20 09:49:38.939 [info] > git status -z -uall [466ms]
2023-03-20 09:49:43.964 [warning] getRemotes() - ENOENT: no such file or directory, open '/home/mmihovilovic/--git-common-dir/config'
2023-03-20 09:49:43.981 [info] > git remote --verbose [17ms]
2023-03-20 09:49:43.982 [info] > git config --get commit.template [3ms]
2023-03-20 09:49:44.000 [info] > git for-each-ref --format=%(refname)%00%(upstream:short)%00%(objectname) refs/heads/main refs/remotes/main [2ms]
2023-03-20 09:49:44.017 [info] > git rev-list --left-right --count main...origin/main [2ms]
2023-03-20 09:49:44.502 [info] > git status -z -uall [466ms]
2023-03-20 09:49:49.529 [warning] getRemotes() - ENOENT: no such file or directory, open '/home/mmihovilovic/--git-common-dir/config'
2023-03-20 09:49:49.546 [info] > git remote --verbose [17ms]
2023-03-20 09:49:49.549 [info] > git config --get commit.template [2ms]
2023-03-20 09:49:49.567 [info] > git for-each-ref --format=%(refname)%00%(upstream:short)%00%(objectname) refs/heads/main refs/remotes/main [2ms]
2023-03-20 09:49:49.585 [info] > git rev-list --left-right --count main...origin/main [2ms]
2023-03-20 09:49:50.074 [info] > git status -z -uall [469ms]
2023-03-20 09:49:55.098 [warning] getRemotes() - ENOENT: no such file or directory, open '/home/mmihovilovic/--git-common-dir/config'
2023-03-20 09:49:55.116 [info] > git remote --verbose [17ms]
2023-03-20 09:49:55.117 [info] > git config --get commit.template [2ms]
2023-03-20 09:49:55.135 [info] > git for-each-ref --format=%(refname)%00%(upstream:short)%00%(objectname) refs/heads/main refs/remotes/main [2ms]
2023-03-20 09:49:55.153 [info] > git rev-list --left-right --count main...origin/main [3ms]
2023-03-20 09:49:55.632 [info] > git status -z -uall [463ms]
2023-03-20 09:50:00.661 [warning] getRemotes() - ENOENT: no such file or directory, open '/home/mmihovilovic/--git-common-dir/config'
2023-03-20 09:50:00.678 [info] > git remote --verbose [18ms]
2023-03-20 09:50:00.679 [info] > git config --get commit.template [3ms]
2023-03-20 09:50:00.697 [info] > git for-each-ref --format=%(refname)%00%(upstream:short)%00%(objectname) refs/heads/main refs/remotes/main [2ms]
2023-03-20 09:50:00.714 [info] > git rev-list --left-right --count main...origin/main [2ms]
2023-03-20 09:50:01.204 [info] > git status -z -uall [470ms]
2023-03-20 09:50:06.232 [warning] getRemotes() - ENOENT: no such file or directory, open '/home/mmihovilovic/--git-common-dir/config'
2023-03-20 09:50:06.250 [info] > git remote --verbose [18ms]
2023-03-20 09:50:06.251 [info] > git config --get commit.template [3ms]
2023-03-20 09:50:06.269 [info] > git for-each-ref --format=%(refname)%00%(upstream:short)%00%(objectname) refs/heads/main refs/remotes/main [2ms]
2023-03-20 09:50:06.286 [info] > git rev-list --left-right --count main...origin/main [2ms]
2023-03-20 09:50:06.769 [info] > git status -z -uall [467ms]
2023-03-20 09:50:11.796 [warning] getRemotes() - ENOENT: no such file or directory, open '/home/mmihovilovic/--git-common-dir/config'
2023-03-20 09:50:11.813 [info] > git remote --verbose [17ms]
2023-03-20 09:50:11.814 [info] > git config --get commit.template [2ms]
2023-03-20 09:50:11.831 [info] > git for-each-ref --format=%(refname)%00%(upstream:short)%00%(objectname) refs/heads/main refs/remotes/main [2ms]
2023-03-20 09:50:11.849 [info] > git rev-list --left-right --count main...origin/main [2ms]
2023-03-20 09:50:12.350 [info] > git status -z -uall [481ms]
2023-03-20 09:50:17.377 [warning] getRemotes() - ENOENT: no such file or directory, open '/home/mmihovilovic/--git-common-dir/config'
2023-03-20 09:50:17.394 [info] > git remote --verbose [17ms]
2023-03-20 09:50:17.395 [info] > git config --get commit.template [2ms]
2023-03-20 09:50:17.413 [info] > git for-each-ref --format=%(refname)%00%(upstream:short)%00%(objectname) refs/heads/main refs/remotes/main [3ms]
2023-03-20 09:50:17.435 [info] > git rev-list --left-right --count main...origin/main [3ms]
2023-03-20 09:50:17.920 [info] > git status -z -uall [469ms]
2023-03-20 09:50:22.952 [warning] getRemotes() - ENOENT: no such file or directory, open '/home/mmihovilovic/--git-common-dir/config'
2023-03-20 09:50:22.969 [info] > git remote --verbose [17ms]
2023-03-20 09:50:22.970 [info] > git config --get commit.template [2ms]
2023-03-20 09:50:22.988 [info] > git for-each-ref --format=%(refname)%00%(upstream:short)%00%(objectname) refs/heads/main refs/remotes/main [2ms]
2023-03-20 09:50:23.010 [info] > git rev-list --left-right --count main...origin/main [3ms]
2023-03-20 09:50:23.490 [info] > git status -z -uall [464ms]
2023-03-20 09:50:28.517 [warning] getRemotes() - ENOENT: no such file or directory, open '/home/mmihovilovic/--git-common-dir/config'
2023-03-20 09:50:28.535 [info] > git remote --verbose [18ms]
2023-03-20 09:50:28.536 [info] > git config --get commit.template [2ms]
2023-03-20 09:50:28.556 [info] > git for-each-ref --format=%(refname)%00%(upstream:short)%00%(objectname) refs/heads/main refs/remotes/main [2ms]
2023-03-20 09:50:28.574 [info] > git rev-list --left-right --count main...origin/main [3ms]
2023-03-20 09:50:29.053 [info] > git status -z -uall [463ms]
2023-03-20 09:50:34.079 [warning] getRemotes() - ENOENT: no such file or directory, open '/home/mmihovilovic/--git-common-dir/config'
2023-03-20 09:50:34.099 [info] > git remote --verbose [20ms]
2023-03-20 09:50:34.099 [info] > git config --get commit.template [2ms]
2023-03-20 09:50:34.120 [info] > git for-each-ref --format=%(refname)%00%(upstream:short)%00%(objectname) refs/heads/main refs/remotes/main [3ms]
2023-03-20 09:50:34.138 [info] > git rev-list --left-right --count main...origin/main [2ms]
2023-03-20 09:50:34.617 [info] > git status -z -uall [463ms]
