2023-03-22 12:52:32.698 [info] Log level: Info
2023-03-22 12:52:32.698 [info] Validating found git in: "git"
2023-03-22 12:52:32.698 [info] Using git "1.8.3.1" from "git"
2023-03-22 12:52:32.698 [info] > git rev-parse --show-toplevel [10ms]
2023-03-22 12:52:32.698 [info] > git rev-parse --git-dir --git-common-dir [7ms]
2023-03-22 12:52:32.698 [info] Open repository: /home/mmihovilovic
2023-03-22 12:52:32.698 [warning] getRemotes() - ENOENT: no such file or directory, open '/home/mmihovilovic/--git-common-dir/config'
2023-03-22 12:52:32.698 [info] > git rev-parse --show-toplevel [37ms]
2023-03-22 12:52:32.698 [info] > git config --get commit.template [25ms]
2023-03-22 12:52:32.698 [info] > git remote --verbose [40ms]
2023-03-22 12:52:32.698 [info] > git rev-parse --show-toplevel [22ms]
2023-03-22 12:52:32.698 [info] > git rev-parse --show-toplevel [17ms]
2023-03-22 12:52:32.698 [info] > git for-each-ref --format=%(refname)%00%(upstream:short)%00%(objectname) refs/heads/main refs/remotes/main [17ms]
2023-03-22 12:52:32.698 [info] > git rev-parse --show-toplevel [18ms]
2023-03-22 12:52:32.698 [info] > git rev-list --left-right --count main...origin/main [16ms]
2023-03-22 12:52:32.698 [info] > git rev-parse --show-toplevel [21ms]
2023-03-22 12:52:32.698 [info] > git rev-parse --show-toplevel [61ms]
2023-03-22 12:52:32.698 [info] > git rev-parse --show-toplevel [2ms]
2023-03-22 12:52:32.699 [info] > git rev-parse --show-toplevel [242ms]
2023-03-22 12:52:32.699 [info] > git rev-parse --show-toplevel [37ms]
2023-03-22 12:52:32.699 [info] > git rev-parse --show-toplevel [20ms]
2023-03-22 12:52:32.699 [info] > git rev-parse --show-toplevel [19ms]
2023-03-22 12:52:32.699 [info] > git status -z -uall [500ms]
2023-03-22 12:52:32.699 [warning] getRemotes() - ENOENT: no such file or directory, open '/home/mmihovilovic/--git-common-dir/config'
2023-03-22 12:52:32.699 [info] > git rev-parse --show-toplevel [248ms]
2023-03-22 12:52:32.708 [info] > git config --get commit.template [30ms]
2023-03-22 12:52:32.708 [info] > git remote --verbose [51ms]
2023-03-22 12:52:32.906 [info] > git rev-parse --show-toplevel [209ms]
2023-03-22 12:52:32.978 [info] > git rev-parse --show-toplevel [56ms]
2023-03-22 12:52:32.999 [info] > git check-ignore -v -z --stdin [56ms]
2023-03-22 12:52:33.002 [info] > git for-each-ref --format=%(refname)%00%(upstream:short)%00%(objectname) refs/heads/main refs/remotes/main [41ms]
2023-03-22 12:52:33.033 [info] > git rev-parse --show-toplevel [40ms]
2023-03-22 12:52:33.057 [info] > git rev-parse --show-toplevel [7ms]
2023-03-22 12:52:33.072 [info] > git rev-list --left-right --count main...origin/main [55ms]
2023-03-22 12:52:33.090 [info] > git rev-parse --show-toplevel [19ms]
2023-03-22 12:52:33.125 [info] > git rev-parse --git-dir --git-common-dir [13ms]
2023-03-22 12:52:33.136 [info] Open repository: /home/mmihovilovic/vj11
2023-03-22 12:52:33.170 [warning] getRemotes() - ENOENT: no such file or directory, open '/home/mmihovilovic/vj11/--git-common-dir/config'
2023-03-22 12:52:33.190 [info] > git config --get commit.template [7ms]
2023-03-22 12:52:33.191 [info] > git remote --verbose [22ms]
2023-03-22 12:52:33.191 [info] > git rev-parse --show-toplevel [38ms]
2023-03-22 12:52:33.233 [info] > git rev-parse --show-toplevel [29ms]
2023-03-22 12:52:33.252 [info] > git rev-parse --show-toplevel [6ms]
2023-03-22 12:52:33.266 [info] > git for-each-ref --format=%(refname)%00%(upstream:short)%00%(objectname) refs/heads/master refs/remotes/master [34ms]
2023-03-22 12:52:33.285 [info] > git status -z -uall [5ms]
2023-03-22 12:52:33.285 [info] > git rev-parse --show-toplevel [20ms]
2023-03-22 12:52:33.319 [info] > git rev-parse --show-toplevel [17ms]
2023-03-22 12:52:33.350 [info] > git rev-parse --show-toplevel [14ms]
2023-03-22 12:52:33.374 [info] > git rev-parse --show-toplevel [7ms]
2023-03-22 12:52:33.397 [info] > git rev-parse --show-toplevel [6ms]
2023-03-22 12:52:33.420 [info] > git rev-parse --git-dir --git-common-dir [11ms]
2023-03-22 12:52:33.427 [info] Open repository: /home/mmihovilovic/vj6
2023-03-22 12:52:33.457 [warning] getRemotes() - ENOENT: no such file or directory, open '/home/mmihovilovic/vj6/--git-common-dir/config'
2023-03-22 12:52:33.483 [info] > git remote --verbose [26ms]
2023-03-22 12:52:33.483 [info] > git rev-parse --show-toplevel [43ms]
2023-03-22 12:52:33.500 [info] > git config --get commit.template [27ms]
2023-03-22 12:52:33.517 [info] > git rev-parse --show-toplevel [21ms]
2023-03-22 12:52:33.535 [info] > git for-each-ref --format=%(refname)%00%(upstream:short)%00%(objectname) refs/heads/master refs/remotes/master [19ms]
2023-03-22 12:52:33.554 [info] > git rev-parse --show-toplevel [24ms]
2023-03-22 12:52:33.575 [info] > git status -z -uall [490ms]
2023-03-22 12:52:33.575 [info] > git status -z -uall [27ms]
2023-03-22 12:52:33.608 [info] > git rev-parse --show-toplevel [38ms]
2023-03-22 12:52:34.130 [info] > git show --textconv :vj13/Analyzer.cpp [25ms]
2023-03-22 12:52:34.138 [info] > git ls-files --stage -- /home/mmihovilovic/vj13/Analyzer.cpp [14ms]
2023-03-22 12:52:34.159 [info] > git cat-file -s e2a3af0531e2db53e6f99447d473e3736c5a7004 [6ms]
2023-03-22 12:52:34.584 [info] > git check-ignore -v -z --stdin [27ms]
2023-03-22 12:52:34.585 [info] > git check-ignore -v -z --stdin [10ms]
2023-03-22 12:52:34.590 [info] > git check-ignore -v -z --stdin [52ms]
2023-03-22 12:52:35.005 [info] > git ls-files --stage -- /home/mmihovilovic/vj13/Analyzer.cpp [9ms]
2023-03-22 12:52:35.025 [info] > git cat-file -s e2a3af0531e2db53e6f99447d473e3736c5a7004 [2ms]
2023-03-22 12:52:35.082 [info] > git show --textconv :vj13/Analyzer.cpp [9ms]
2023-03-22 12:52:35.432 [info] > git check-ignore -v -z --stdin [9ms]
2023-03-22 12:52:40.913 [info] > git check-ignore -v -z --stdin [9ms]
2023-03-22 12:52:41.812 [warning] getRemotes() - ENOENT: no such file or directory, open '/home/mmihovilovic/--git-common-dir/config'
2023-03-22 12:52:41.832 [info] > git remote --verbose [20ms]
2023-03-22 12:52:41.832 [info] > git config --get commit.template [2ms]
2023-03-22 12:52:41.853 [info] > git for-each-ref --format=%(refname)%00%(upstream:short)%00%(objectname) refs/heads/main refs/remotes/main [3ms]
2023-03-22 12:52:41.873 [info] > git rev-list --left-right --count main...origin/main [3ms]
2023-03-22 12:52:42.355 [info] > git status -z -uall [464ms]
2023-03-22 12:52:45.451 [info] > git show --textconv :macbzvz/zadatak2ispit/Analyzer.cpp [21ms]
2023-03-22 12:52:45.457 [info] > git ls-files --stage -- /home/mmihovilovic/macbzvz/zadatak2ispit/Analyzer.cpp [8ms]
2023-03-22 12:52:47.402 [warning] getRemotes() - ENOENT: no such file or directory, open '/home/mmihovilovic/--git-common-dir/config'
2023-03-22 12:52:47.425 [info] > git remote --verbose [22ms]
2023-03-22 12:52:47.425 [info] > git config --get commit.template [2ms]
2023-03-22 12:52:47.446 [info] > git for-each-ref --format=%(refname)%00%(upstream:short)%00%(objectname) refs/heads/main refs/remotes/main [2ms]
2023-03-22 12:52:47.469 [info] > git rev-list --left-right --count main...origin/main [2ms]
2023-03-22 12:52:47.955 [info] > git status -z -uall [465ms]
2023-03-22 12:52:52.994 [warning] getRemotes() - ENOENT: no such file or directory, open '/home/mmihovilovic/--git-common-dir/config'
2023-03-22 12:52:53.015 [info] > git remote --verbose [22ms]
2023-03-22 12:52:53.017 [info] > git config --get commit.template [3ms]
2023-03-22 12:52:53.038 [info] > git for-each-ref --format=%(refname)%00%(upstream:short)%00%(objectname) refs/heads/main refs/remotes/main [3ms]
2023-03-22 12:52:53.059 [info] > git rev-list --left-right --count main...origin/main [3ms]
2023-03-22 12:52:53.573 [info] > git status -z -uall [494ms]
2023-03-22 12:52:58.614 [warning] getRemotes() - ENOENT: no such file or directory, open '/home/mmihovilovic/--git-common-dir/config'
2023-03-22 12:52:58.635 [info] > git remote --verbose [21ms]
2023-03-22 12:52:58.636 [info] > git config --get commit.template [3ms]
2023-03-22 12:52:58.657 [info] > git for-each-ref --format=%(refname)%00%(upstream:short)%00%(objectname) refs/heads/main refs/remotes/main [3ms]
2023-03-22 12:52:58.679 [info] > git rev-list --left-right --count main...origin/main [2ms]
2023-03-22 12:52:59.161 [info] > git status -z -uall [463ms]
2023-03-22 12:53:04.203 [warning] getRemotes() - ENOENT: no such file or directory, open '/home/mmihovilovic/--git-common-dir/config'
2023-03-22 12:53:04.224 [info] > git remote --verbose [21ms]
2023-03-22 12:53:04.225 [info] > git config --get commit.template [3ms]
2023-03-22 12:53:04.247 [info] > git for-each-ref --format=%(refname)%00%(upstream:short)%00%(objectname) refs/heads/main refs/remotes/main [2ms]
2023-03-22 12:53:04.271 [info] > git rev-list --left-right --count main...origin/main [2ms]
2023-03-22 12:53:04.762 [info] > git status -z -uall [470ms]
2023-03-22 12:53:09.811 [warning] getRemotes() - ENOENT: no such file or directory, open '/home/mmihovilovic/--git-common-dir/config'
2023-03-22 12:53:09.833 [info] > git remote --verbose [22ms]
2023-03-22 12:53:09.837 [info] > git config --get commit.template [6ms]
2023-03-22 12:53:09.861 [info] > git for-each-ref --format=%(refname)%00%(upstream:short)%00%(objectname) refs/heads/main refs/remotes/main [2ms]
2023-03-22 12:53:09.886 [info] > git rev-list --left-right --count main...origin/main [2ms]
2023-03-22 12:53:10.372 [info] > git status -z -uall [464ms]
2023-03-22 12:53:13.390 [info] > git check-ignore -v -z --stdin [13ms]
2023-03-22 12:53:15.482 [warning] getRemotes() - ENOENT: no such file or directory, open '/home/mmihovilovic/--git-common-dir/config'
2023-03-22 12:53:15.506 [info] > git config --get commit.template [4ms]
2023-03-22 12:53:15.507 [info] > git remote --verbose [25ms]
2023-03-22 12:53:15.529 [info] > git for-each-ref --format=%(refname)%00%(upstream:short)%00%(objectname) refs/heads/main refs/remotes/main [2ms]
2023-03-22 12:53:15.650 [info] > git rev-list --left-right --count main...origin/main [100ms]
2023-03-22 12:53:16.135 [info] > git status -z -uall [464ms]
2023-03-22 12:53:16.429 [info] > git check-ignore -v -z --stdin [49ms]
2023-03-22 12:53:16.434 [info] > git check-ignore -v -z --stdin [8ms]
2023-03-22 12:53:16.437 [info] > git check-ignore -v -z --stdin [36ms]
2023-03-22 12:53:20.507 [info] > git check-ignore -v -z --stdin [23ms]
2023-03-22 12:53:21.176 [warning] getRemotes() - ENOENT: no such file or directory, open '/home/mmihovilovic/--git-common-dir/config'
2023-03-22 12:53:21.198 [info] > git remote --verbose [22ms]
2023-03-22 12:53:21.199 [info] > git config --get commit.template [2ms]
2023-03-22 12:53:21.222 [info] > git for-each-ref --format=%(refname)%00%(upstream:short)%00%(objectname) refs/heads/main refs/remotes/main [2ms]
2023-03-22 12:53:21.247 [info] > git rev-list --left-right --count main...origin/main [3ms]
2023-03-22 12:53:21.736 [info] > git status -z -uall [468ms]
2023-03-22 12:53:22.102 [info] > git check-ignore -v -z --stdin [9ms]
2023-03-22 12:53:26.780 [warning] getRemotes() - ENOENT: no such file or directory, open '/home/mmihovilovic/--git-common-dir/config'
2023-03-22 12:53:26.804 [info] > git remote --verbose [25ms]
2023-03-22 12:53:26.805 [info] > git config --get commit.template [3ms]
2023-03-22 12:53:26.828 [info] > git for-each-ref --format=%(refname)%00%(upstream:short)%00%(objectname) refs/heads/main refs/remotes/main [2ms]
2023-03-22 12:53:26.850 [info] > git rev-list --left-right --count main...origin/main [2ms]
2023-03-22 12:53:27.337 [info] > git status -z -uall [463ms]
2023-03-22 12:53:32.374 [warning] getRemotes() - ENOENT: no such file or directory, open '/home/mmihovilovic/--git-common-dir/config'
2023-03-22 12:53:32.397 [info] > git remote --verbose [22ms]
2023-03-22 12:53:32.398 [info] > git config --get commit.template [3ms]
2023-03-22 12:53:32.421 [info] > git for-each-ref --format=%(refname)%00%(upstream:short)%00%(objectname) refs/heads/main refs/remotes/main [3ms]
2023-03-22 12:53:32.444 [info] > git rev-list --left-right --count main...origin/main [3ms]
2023-03-22 12:53:32.928 [info] > git status -z -uall [463ms]
2023-03-22 12:53:37.965 [warning] getRemotes() - ENOENT: no such file or directory, open '/home/mmihovilovic/--git-common-dir/config'
2023-03-22 12:53:37.988 [info] > git remote --verbose [22ms]
2023-03-22 12:53:37.989 [info] > git config --get commit.template [3ms]
2023-03-22 12:53:38.013 [info] > git for-each-ref --format=%(refname)%00%(upstream:short)%00%(objectname) refs/heads/main refs/remotes/main [2ms]
2023-03-22 12:53:38.036 [info] > git rev-list --left-right --count main...origin/main [2ms]
2023-03-22 12:53:38.523 [info] > git status -z -uall [467ms]
2023-03-22 12:53:43.566 [warning] getRemotes() - ENOENT: no such file or directory, open '/home/mmihovilovic/--git-common-dir/config'
2023-03-22 12:53:43.588 [info] > git remote --verbose [23ms]
2023-03-22 12:53:43.589 [info] > git config --get commit.template [2ms]
2023-03-22 12:53:43.612 [info] > git for-each-ref --format=%(refname)%00%(upstream:short)%00%(objectname) refs/heads/main refs/remotes/main [2ms]
2023-03-22 12:53:43.639 [info] > git rev-list --left-right --count main...origin/main [2ms]
2023-03-22 12:53:44.124 [info] > git status -z -uall [465ms]
2023-03-22 12:53:49.167 [warning] getRemotes() - ENOENT: no such file or directory, open '/home/mmihovilovic/--git-common-dir/config'
2023-03-22 12:53:49.189 [info] > git remote --verbose [23ms]
2023-03-22 12:53:49.190 [info] > git config --get commit.template [2ms]
2023-03-22 12:53:49.213 [info] > git for-each-ref --format=%(refname)%00%(upstream:short)%00%(objectname) refs/heads/main refs/remotes/main [2ms]
2023-03-22 12:53:49.237 [info] > git rev-list --left-right --count main...origin/main [2ms]
2023-03-22 12:53:49.722 [info] > git status -z -uall [464ms]
2023-03-22 12:53:54.760 [warning] getRemotes() - ENOENT: no such file or directory, open '/home/mmihovilovic/--git-common-dir/config'
2023-03-22 12:53:54.783 [info] > git remote --verbose [23ms]
2023-03-22 12:53:54.784 [info] > git config --get commit.template [3ms]
2023-03-22 12:53:54.807 [info] > git for-each-ref --format=%(refname)%00%(upstream:short)%00%(objectname) refs/heads/main refs/remotes/main [3ms]
2023-03-22 12:53:54.835 [info] > git rev-list --left-right --count main...origin/main [2ms]
2023-03-22 12:53:55.323 [info] > git status -z -uall [465ms]
2023-03-22 12:54:00.360 [warning] getRemotes() - ENOENT: no such file or directory, open '/home/mmihovilovic/--git-common-dir/config'
2023-03-22 12:54:00.383 [info] > git remote --verbose [23ms]
2023-03-22 12:54:00.384 [info] > git config --get commit.template [2ms]
2023-03-22 12:54:00.407 [info] > git for-each-ref --format=%(refname)%00%(upstream:short)%00%(objectname) refs/heads/main refs/remotes/main [2ms]
2023-03-22 12:54:00.431 [info] > git rev-list --left-right --count main...origin/main [3ms]
2023-03-22 12:54:00.919 [info] > git status -z -uall [464ms]
2023-03-22 12:54:05.956 [warning] getRemotes() - ENOENT: no such file or directory, open '/home/mmihovilovic/--git-common-dir/config'
2023-03-22 12:54:05.980 [info] > git remote --verbose [23ms]
2023-03-22 12:54:05.981 [info] > git config --get commit.template [2ms]
2023-03-22 12:54:06.004 [info] > git for-each-ref --format=%(refname)%00%(upstream:short)%00%(objectname) refs/heads/main refs/remotes/main [3ms]
2023-03-22 12:54:06.028 [info] > git rev-list --left-right --count main...origin/main [3ms]
2023-03-22 12:54:06.517 [info] > git status -z -uall [468ms]
2023-03-22 12:54:11.557 [warning] getRemotes() - ENOENT: no such file or directory, open '/home/mmihovilovic/--git-common-dir/config'
2023-03-22 12:54:11.580 [info] > git remote --verbose [23ms]
2023-03-22 12:54:11.580 [info] > git config --get commit.template [2ms]
2023-03-22 12:54:11.604 [info] > git for-each-ref --format=%(refname)%00%(upstream:short)%00%(objectname) refs/heads/main refs/remotes/main [3ms]
2023-03-22 12:54:11.628 [info] > git rev-list --left-right --count main...origin/main [3ms]
2023-03-22 12:54:12.115 [info] > git status -z -uall [465ms]
2023-03-22 12:54:17.153 [warning] getRemotes() - ENOENT: no such file or directory, open '/home/mmihovilovic/--git-common-dir/config'
2023-03-22 12:54:17.171 [info] > git remote --verbose [19ms]
2023-03-22 12:54:17.172 [info] > git config --get commit.template [3ms]
2023-03-22 12:54:17.193 [info] > git for-each-ref --format=%(refname)%00%(upstream:short)%00%(objectname) refs/heads/main refs/remotes/main [2ms]
2023-03-22 12:54:17.213 [info] > git rev-list --left-right --count main...origin/main [2ms]
2023-03-22 12:54:17.695 [info] > git status -z -uall [465ms]
2023-03-22 12:54:22.735 [warning] getRemotes() - ENOENT: no such file or directory, open '/home/mmihovilovic/--git-common-dir/config'
2023-03-22 12:54:22.754 [info] > git remote --verbose [19ms]
2023-03-22 12:54:22.755 [info] > git config --get commit.template [3ms]
2023-03-22 12:54:22.774 [info] > git for-each-ref --format=%(refname)%00%(upstream:short)%00%(objectname) refs/heads/main refs/remotes/main [2ms]
2023-03-22 12:54:22.796 [info] > git rev-list --left-right --count main...origin/main [3ms]
2023-03-22 12:54:23.278 [info] > git status -z -uall [464ms]
2023-03-22 12:54:28.318 [warning] getRemotes() - ENOENT: no such file or directory, open '/home/mmihovilovic/--git-common-dir/config'
2023-03-22 12:54:28.336 [info] > git remote --verbose [19ms]
2023-03-22 12:54:28.337 [info] > git config --get commit.template [2ms]
2023-03-22 12:54:28.356 [info] > git for-each-ref --format=%(refname)%00%(upstream:short)%00%(objectname) refs/heads/main refs/remotes/main [2ms]
2023-03-22 12:54:28.376 [info] > git rev-list --left-right --count main...origin/main [2ms]
2023-03-22 12:54:28.859 [info] > git status -z -uall [464ms]
2023-03-22 12:54:33.901 [warning] getRemotes() - ENOENT: no such file or directory, open '/home/mmihovilovic/--git-common-dir/config'
2023-03-22 12:54:33.920 [info] > git remote --verbose [19ms]
2023-03-22 12:54:33.920 [info] > git config --get commit.template [2ms]
2023-03-22 12:54:33.940 [info] > git for-each-ref --format=%(refname)%00%(upstream:short)%00%(objectname) refs/heads/main refs/remotes/main [2ms]
2023-03-22 12:54:33.959 [info] > git rev-list --left-right --count main...origin/main [2ms]
2023-03-22 12:54:34.444 [info] > git status -z -uall [466ms]
2023-03-22 12:54:39.478 [warning] getRemotes() - ENOENT: no such file or directory, open '/home/mmihovilovic/--git-common-dir/config'
2023-03-22 12:54:39.499 [info] > git config --get commit.template [3ms]
2023-03-22 12:54:39.499 [info] > git remote --verbose [21ms]
2023-03-22 12:54:39.519 [info] > git for-each-ref --format=%(refname)%00%(upstream:short)%00%(objectname) refs/heads/main refs/remotes/main [2ms]
2023-03-22 12:54:39.539 [info] > git rev-list --left-right --count main...origin/main [2ms]
2023-03-22 12:54:40.031 [info] > git status -z -uall [475ms]
2023-03-22 12:54:49.484 [info] > git add -A -- . [9455ms]
2023-03-22 12:54:53.066 [info] > git -c user.useConfigOnly=true commit --quiet [3559ms]
2023-03-22 12:54:53.066 [info] Error: Bad status code: 500
    at ClientRequest.<anonymous> (/home/mmihovilovic/.vscode-server/bin/ee2b180d582a7f601fa6ecfdad8d9fd269ab1884/extensions/git/dist/git-editor-main.js:1:426)
    at Object.onceWrapper (node:events:646:26)
    at ClientRequest.emit (node:events:526:28)
    at HTTPParser.parserOnIncomingClient (node:_http_client:618:27)
    at HTTPParser.parserOnHeadersComplete (node:_http_common:128:17)
    at Socket.socketOnData (node:_http_client:482:22)
    at Socket.emit (node:events:526:28)
    at addChunk (node:internal/streams/readable:315:12)
    at readableAddChunk (node:internal/streams/readable:289:9)
    at Socket.Readable.push (node:internal/streams/readable:228:10)
error: There was a problem with the editor '"/home/mmihovilovic/.vscode-server/bin/ee2b180d582a7f601fa6ecfdad8d9fd269ab1884/extensions/git/dist/git-editor.sh"'.
Please supply the message using either -m or -F option.
2023-03-22 12:54:53.085 [info] > git config --get-all user.name [2ms]
2023-03-22 12:54:53.104 [info] > git config --get-all user.email [2ms]
2023-03-22 12:54:53.121 [warning] getRemotes() - ENOENT: no such file or directory, open '/home/mmihovilovic/--git-common-dir/config'
2023-03-22 12:54:53.141 [info] > git remote --verbose [20ms]
2023-03-22 12:54:53.142 [info] > git config --get commit.template [2ms]
2023-03-22 12:54:53.160 [info] > git for-each-ref --format=%(refname)%00%(upstream:short)%00%(objectname) refs/heads/main refs/remotes/main [2ms]
2023-03-22 12:54:53.179 [info] > git rev-list --left-right --count main...origin/main [2ms]
2023-03-22 12:54:56.501 [info] > git status -z -uall [3305ms]
2023-03-22 12:54:56.540 [warning] getRemotes() - ENOENT: no such file or directory, open '/home/mmihovilovic/--git-common-dir/config'
2023-03-22 12:54:56.558 [info] > git remote --verbose [17ms]
2023-03-22 12:54:56.559 [info] > git config --get commit.template [3ms]
2023-03-22 12:54:56.579 [info] > git for-each-ref --format=%(refname)%00%(upstream:short)%00%(objectname) refs/heads/main refs/remotes/main [2ms]
2023-03-22 12:54:56.597 [info] > git rev-list --left-right --count main...origin/main [2ms]
2023-03-22 12:54:59.923 [info] > git status -z -uall [3310ms]
2023-03-22 12:55:04.954 [warning] getRemotes() - ENOENT: no such file or directory, open '/home/mmihovilovic/--git-common-dir/config'
2023-03-22 12:55:04.972 [info] > git remote --verbose [18ms]
2023-03-22 12:55:04.973 [info] > git config --get commit.template [3ms]
2023-03-22 12:55:04.992 [info] > git for-each-ref --format=%(refname)%00%(upstream:short)%00%(objectname) refs/heads/main refs/remotes/main [2ms]
2023-03-22 12:55:05.012 [info] > git rev-list --left-right --count main...origin/main [2ms]
2023-03-22 12:55:08.341 [info] > git status -z -uall [3312ms]
2023-03-22 12:55:13.387 [warning] getRemotes() - ENOENT: no such file or directory, open '/home/mmihovilovic/--git-common-dir/config'
2023-03-22 12:55:13.405 [info] > git remote --verbose [17ms]
2023-03-22 12:55:13.406 [info] > git config --get commit.template [3ms]
2023-03-22 12:55:13.424 [info] > git for-each-ref --format=%(refname)%00%(upstream:short)%00%(objectname) refs/heads/main refs/remotes/main [3ms]
2023-03-22 12:55:13.442 [info] > git rev-list --left-right --count main...origin/main [2ms]
2023-03-22 12:55:16.759 [info] > git status -z -uall [3299ms]
2023-03-22 12:55:21.798 [warning] getRemotes() - ENOENT: no such file or directory, open '/home/mmihovilovic/--git-common-dir/config'
2023-03-22 12:55:21.816 [info] > git remote --verbose [18ms]
2023-03-22 12:55:21.817 [info] > git config --get commit.template [3ms]
2023-03-22 12:55:21.836 [info] > git for-each-ref --format=%(refname)%00%(upstream:short)%00%(objectname) refs/heads/main refs/remotes/main [2ms]
2023-03-22 12:55:21.854 [info] > git rev-list --left-right --count main...origin/main [3ms]
2023-03-22 12:55:25.171 [info] > git status -z -uall [3300ms]
2023-03-22 12:55:30.205 [warning] getRemotes() - ENOENT: no such file or directory, open '/home/mmihovilovic/--git-common-dir/config'
2023-03-22 12:55:30.224 [info] > git remote --verbose [18ms]
2023-03-22 12:55:30.224 [info] > git config --get commit.template [2ms]
2023-03-22 12:55:30.243 [info] > git for-each-ref --format=%(refname)%00%(upstream:short)%00%(objectname) refs/heads/main refs/remotes/main [2ms]
2023-03-22 12:55:30.263 [info] > git rev-list --left-right --count main...origin/main [3ms]
2023-03-22 12:55:33.580 [info] > git status -z -uall [3301ms]
2023-03-22 12:55:38.619 [warning] getRemotes() - ENOENT: no such file or directory, open '/home/mmihovilovic/--git-common-dir/config'
2023-03-22 12:55:38.637 [info] > git remote --verbose [18ms]
2023-03-22 12:55:38.638 [info] > git config --get commit.template [2ms]
2023-03-22 12:55:38.657 [info] > git for-each-ref --format=%(refname)%00%(upstream:short)%00%(objectname) refs/heads/main refs/remotes/main [3ms]
2023-03-22 12:55:38.675 [info] > git rev-list --left-right --count main...origin/main [2ms]
2023-03-22 12:55:42.013 [info] > git status -z -uall [3318ms]
2023-03-22 12:55:47.055 [warning] getRemotes() - ENOENT: no such file or directory, open '/home/mmihovilovic/--git-common-dir/config'
2023-03-22 12:55:47.073 [info] > git remote --verbose [18ms]
2023-03-22 12:55:47.074 [info] > git config --get commit.template [3ms]
2023-03-22 12:55:47.099 [info] > git for-each-ref --format=%(refname)%00%(upstream:short)%00%(objectname) refs/heads/main refs/remotes/main [3ms]
2023-03-22 12:55:47.124 [info] > git rev-list --left-right --count main...origin/main [3ms]
