2023-03-22 21:37:46.622 [info] Log level: Info
2023-03-22 21:37:46.622 [info] Validating found git in: "git"
2023-03-22 21:37:46.622 [info] Using git "1.8.3.1" from "git"
2023-03-22 21:37:46.622 [info] > git rev-parse --show-toplevel [28ms]
2023-03-22 21:37:46.622 [info] > git rev-parse --git-dir --git-common-dir [3ms]
2023-03-22 21:37:46.622 [info] Open repository: /home/mmihovilovic
2023-03-22 21:37:46.622 [warning] getRemotes() - ENOENT: no such file or directory, open '/home/mmihovilovic/--git-common-dir/config'
2023-03-22 21:37:46.622 [info] > git config --get commit.template [11ms]
2023-03-22 21:37:46.622 [info] > git remote --verbose [25ms]
2023-03-22 21:37:46.622 [info] > git rev-parse --show-toplevel [47ms]
2023-03-22 21:37:46.622 [info] > git rev-parse --show-toplevel [5ms]
2023-03-22 21:37:46.622 [info] > git rev-parse --show-toplevel [17ms]
2023-03-22 21:37:46.622 [info] > git for-each-ref --format=%(refname)%00%(upstream:short)%00%(objectname) refs/heads/main refs/remotes/main [28ms]
2023-03-22 21:37:46.622 [info] > git rev-parse --show-toplevel [30ms]
2023-03-22 21:37:46.622 [info] > git rev-list --left-right --count main...origin/main [79ms]
2023-03-22 21:37:46.622 [info] > git rev-parse --show-toplevel [79ms]
2023-03-22 21:37:46.622 [info] > git rev-parse --show-toplevel [2ms]
2023-03-22 21:37:46.622 [info] > git rev-parse --show-toplevel [2ms]
2023-03-22 21:37:46.622 [info] > git rev-parse --show-toplevel [13ms]
2023-03-22 21:37:46.623 [info] > git rev-parse --show-toplevel [223ms]
2023-03-22 21:37:46.623 [info] > git rev-parse --show-toplevel [37ms]
2023-03-22 21:37:46.623 [info] > git rev-parse --show-toplevel [12ms]
2023-03-22 21:37:46.642 [info] > git rev-parse --show-toplevel [21ms]
2023-03-22 21:37:46.848 [info] > git rev-parse --show-toplevel [189ms]
2023-03-22 21:37:46.879 [info] > git check-ignore -v -z --stdin [35ms]
2023-03-22 21:37:46.886 [info] > git rev-parse --show-toplevel [18ms]
2023-03-22 21:37:46.910 [info] > git rev-parse --show-toplevel [8ms]
2023-03-22 21:37:46.936 [info] > git rev-parse --show-toplevel [11ms]
2023-03-22 21:37:46.963 [info] > git rev-parse --show-toplevel [8ms]
2023-03-22 21:37:46.989 [info] > git rev-parse --git-dir --git-common-dir [7ms]
2023-03-22 21:37:46.997 [info] Open repository: /home/mmihovilovic/vj11
2023-03-22 21:37:47.030 [warning] getRemotes() - ENOENT: no such file or directory, open '/home/mmihovilovic/vj11/--git-common-dir/config'
2023-03-22 21:37:47.061 [info] > git rev-parse --show-toplevel [47ms]
2023-03-22 21:37:47.080 [info] > git config --get commit.template [34ms]
2023-03-22 21:37:47.081 [info] > git remote --verbose [51ms]
2023-03-22 21:37:47.089 [info] > git rev-parse --show-toplevel [15ms]
2023-03-22 21:37:47.131 [info] > git rev-parse --show-toplevel [28ms]
2023-03-22 21:37:47.152 [info] > git rev-parse --show-toplevel [7ms]
2023-03-22 21:37:47.167 [info] > git for-each-ref --format=%(refname)%00%(upstream:short)%00%(objectname) refs/heads/master refs/remotes/master [37ms]
2023-03-22 21:37:47.186 [info] > git status -z -uall [6ms]
2023-03-22 21:37:47.186 [info] > git rev-parse --show-toplevel [20ms]
2023-03-22 21:37:47.238 [warning] getRemotes() - ENOENT: no such file or directory, open '/home/mmihovilovic/vj11/--git-common-dir/config'
2023-03-22 21:37:47.253 [info] > git rev-parse --show-toplevel [53ms]
2023-03-22 21:37:47.274 [info] > git config --get commit.template [23ms]
2023-03-22 21:37:47.274 [info] > git remote --verbose [36ms]
2023-03-22 21:37:47.278 [info] > git rev-parse --show-toplevel [13ms]
2023-03-22 21:37:47.311 [info] > git for-each-ref --format=%(refname)%00%(upstream:short)%00%(objectname) refs/heads/master refs/remotes/master [8ms]
2023-03-22 21:37:47.325 [info] > git rev-parse --show-toplevel [35ms]
2023-03-22 21:37:47.385 [info] > git status -z -uall [60ms]
2023-03-22 21:37:47.386 [info] > git rev-parse --git-dir --git-common-dir [41ms]
2023-03-22 21:37:47.393 [info] Open repository: /home/mmihovilovic/vj6
2023-03-22 21:37:47.427 [warning] getRemotes() - ENOENT: no such file or directory, open '/home/mmihovilovic/vj6/--git-common-dir/config'
2023-03-22 21:37:47.452 [info] > git rev-parse --show-toplevel [46ms]
2023-03-22 21:37:47.485 [info] > git rev-parse --show-toplevel [20ms]
2023-03-22 21:37:47.501 [info] > git config --get commit.template [62ms]
2023-03-22 21:37:47.502 [info] > git remote --verbose [75ms]
2023-03-22 21:37:47.554 [info] > git check-ignore -v -z --stdin [75ms]
2023-03-22 21:37:47.556 [info] > git rev-parse --show-toplevel [56ms]
2023-03-22 21:37:47.594 [info] > git rev-parse --show-toplevel [25ms]
2023-03-22 21:37:47.606 [info] > git for-each-ref --format=%(refname)%00%(upstream:short)%00%(objectname) refs/heads/master refs/remotes/master [13ms]
2023-03-22 21:37:47.630 [info] > git status -z -uall [10ms]
2023-03-22 21:37:47.653 [warning] getRemotes() - ENOENT: no such file or directory, open '/home/mmihovilovic/vj6/--git-common-dir/config'
2023-03-22 21:37:47.671 [info] > git remote --verbose [19ms]
2023-03-22 21:37:47.674 [info] > git config --get commit.template [9ms]
2023-03-22 21:37:47.704 [info] > git for-each-ref --format=%(refname)%00%(upstream:short)%00%(objectname) refs/heads/master refs/remotes/master [15ms]
2023-03-22 21:37:47.727 [info] > git status -z -uall [10ms]
2023-03-22 21:37:48.043 [info] > git show --textconv :macbzvz/nesto.cpp [32ms]
2023-03-22 21:37:48.047 [info] > git ls-files --stage -- /home/mmihovilovic/macbzvz/nesto.cpp [21ms]
2023-03-22 21:37:48.069 [info] > git cat-file -s e69de29bb2d1d6434b8b29ae775ad8c2e48c5391 [7ms]
2023-03-22 21:37:48.758 [info] > git ls-files --stage -- /home/mmihovilovic/macbzvz/nesto.cpp [9ms]
2023-03-22 21:37:48.776 [info] > git cat-file -s e69de29bb2d1d6434b8b29ae775ad8c2e48c5391 [2ms]
2023-03-22 21:37:48.813 [info] > git show --textconv :macbzvz/nesto.cpp [10ms]
2023-03-22 21:37:49.008 [info] > git check-ignore -v -z --stdin [28ms]
2023-03-22 21:37:49.013 [info] > git check-ignore -v -z --stdin [12ms]
2023-03-22 21:37:49.018 [info] > git check-ignore -v -z --stdin [59ms]
2023-03-22 21:37:50.202 [info] > git status -z -uall [3981ms]
2023-03-22 21:37:50.263 [warning] getRemotes() - ENOENT: no such file or directory, open '/home/mmihovilovic/--git-common-dir/config'
2023-03-22 21:37:50.284 [info] > git remote --verbose [21ms]
2023-03-22 21:37:50.286 [info] > git config --get commit.template [2ms]
2023-03-22 21:37:50.306 [info] > git for-each-ref --format=%(refname)%00%(upstream:short)%00%(objectname) refs/heads/main refs/remotes/main [3ms]
2023-03-22 21:37:50.525 [info] > git rev-list --left-right --count main...origin/main [199ms]
2023-03-22 21:37:54.493 [info] > git status -z -uall [3951ms]
2023-03-22 21:38:00.585 [info] > git check-ignore -v -z --stdin [9ms]
2023-03-22 21:38:01.718 [info] > git check-ignore -v -z --stdin [9ms]
2023-03-22 21:38:03.606 [info] > git show --textconv :macbzvz/kol2/Analyzer.cpp [27ms]
2023-03-22 21:38:03.616 [info] > git ls-files --stage -- /home/mmihovilovic/macbzvz/kol2/Analyzer.cpp [11ms]
2023-03-22 21:38:03.640 [info] > git cat-file -s db1bcde1e6ff0752476ee91a651dc6e10b58b6b5 [3ms]
2023-03-22 21:38:04.870 [info] > git show --textconv :macbzvz/kol2/analyze.cpp [23ms]
2023-03-22 21:38:04.878 [info] > git ls-files --stage -- /home/mmihovilovic/macbzvz/kol2/analyze.cpp [9ms]
2023-03-22 21:38:04.901 [info] > git cat-file -s b28a7e3addbb6a713017a3be3e4acd590226c805 [2ms]
2023-03-22 21:38:10.823 [info] > git show --textconv :macbzvz/kol2/Analyzer.h [25ms]
2023-03-22 21:38:10.832 [info] > git ls-files --stage -- /home/mmihovilovic/macbzvz/kol2/Analyzer.h [11ms]
2023-03-22 21:38:10.852 [info] > git cat-file -s 60bf9a3e79a71fb93466f840be727f5022f0f4e3 [3ms]
2023-03-22 21:38:26.111 [info] > git show --textconv :macbzvz/kol2/Analyzer.cpp [18ms]
2023-03-22 21:38:26.119 [info] > git ls-files --stage -- /home/mmihovilovic/macbzvz/kol2/Analyzer.cpp [8ms]
2023-03-22 21:38:26.137 [info] > git cat-file -s db1bcde1e6ff0752476ee91a651dc6e10b58b6b5 [2ms]
2023-03-22 21:46:04.652 [warning] getRemotes() - ENOENT: no such file or directory, open '/home/mmihovilovic/--git-common-dir/config'
2023-03-22 21:46:04.675 [info] > git config --get commit.template [3ms]
2023-03-22 21:46:04.676 [info] > git remote --verbose [23ms]
2023-03-22 21:46:04.698 [info] > git for-each-ref --format=%(refname)%00%(upstream:short)%00%(objectname) refs/heads/main refs/remotes/main [3ms]
2023-03-22 21:46:04.722 [info] > git rev-list --left-right --count main...origin/main [3ms]
2023-03-22 21:46:05.247 [info] > git check-ignore -v -z --stdin [2ms]
