2023-03-23 15:40:42.341 [info] Log level: Info
2023-03-23 15:40:42.341 [info] Validating found git in: "git"
2023-03-23 15:40:42.341 [info] Using git "1.8.3.1" from "git"
2023-03-23 15:40:42.341 [info] > git rev-parse --show-toplevel [9ms]
2023-03-23 15:40:42.341 [info] > git rev-parse --git-dir --git-common-dir [10ms]
2023-03-23 15:40:42.341 [info] Open repository: /home/mmihovilovic
2023-03-23 15:40:42.341 [warning] getRemotes() - ENOENT: no such file or directory, open '/home/mmihovilovic/--git-common-dir/config'
2023-03-23 15:40:42.341 [info] > git rev-parse --show-toplevel [35ms]
2023-03-23 15:40:42.341 [info] > git config --get commit.template [17ms]
2023-03-23 15:40:42.341 [info] > git remote --verbose [31ms]
2023-03-23 15:40:42.341 [info] > git rev-parse --show-toplevel [5ms]
2023-03-23 15:40:42.341 [info] > git for-each-ref --format=%(refname)%00%(upstream:short)%00%(objectname) refs/heads/main refs/remotes/main [8ms]
2023-03-23 15:40:42.341 [info] > git rev-parse --show-toplevel [94ms]
2023-03-23 15:40:42.341 [info] > git rev-list --left-right --count main...origin/main [17ms]
2023-03-23 15:40:42.341 [info] > git rev-parse --show-toplevel [21ms]
2023-03-23 15:40:42.341 [info] > git rev-parse --show-toplevel [5ms]
2023-03-23 15:40:42.341 [info] > git rev-parse --show-toplevel [3ms]
2023-03-23 15:40:42.341 [info] > git rev-parse --show-toplevel [6ms]
2023-03-23 15:40:42.341 [info] > git rev-parse --show-toplevel [2ms]
2023-03-23 15:40:42.341 [info] > git rev-parse --show-toplevel [235ms]
2023-03-23 15:40:42.341 [info] > git rev-parse --show-toplevel [34ms]
2023-03-23 15:40:42.341 [info] > git rev-parse --show-toplevel [22ms]
2023-03-23 15:40:42.341 [info] > git rev-parse --show-toplevel [21ms]
2023-03-23 15:40:42.344 [info] > git rev-parse --show-toplevel [159ms]
2023-03-23 15:40:42.372 [info] > git rev-parse --show-toplevel [10ms]
2023-03-23 15:40:42.391 [info] > git rev-parse --show-toplevel [7ms]
2023-03-23 15:40:42.420 [info] > git rev-parse --show-toplevel [17ms]
2023-03-23 15:40:42.477 [info] > git rev-parse --show-toplevel [38ms]
2023-03-23 15:40:42.525 [info] > git rev-parse --git-dir --git-common-dir [34ms]
2023-03-23 15:40:42.533 [info] Open repository: /home/mmihovilovic/vj11
2023-03-23 15:40:42.568 [warning] getRemotes() - ENOENT: no such file or directory, open '/home/mmihovilovic/vj11/--git-common-dir/config'
2023-03-23 15:40:42.584 [info] > git rev-parse --show-toplevel [33ms]
2023-03-23 15:40:42.658 [info] > git config --get commit.template [75ms]
2023-03-23 15:40:42.658 [info] > git remote --verbose [90ms]
2023-03-23 15:40:42.683 [info] > git rev-parse --show-toplevel [84ms]
2023-03-23 15:40:42.713 [info] > git check-ignore -v -z --stdin [38ms]
2023-03-23 15:40:42.726 [info] > git for-each-ref --format=%(refname)%00%(upstream:short)%00%(objectname) refs/heads/master refs/remotes/master [14ms]
2023-03-23 15:40:42.739 [info] > git rev-parse --show-toplevel [42ms]
2023-03-23 15:40:42.755 [info] > git status -z -uall [18ms]
2023-03-23 15:40:42.799 [warning] getRemotes() - ENOENT: no such file or directory, open '/home/mmihovilovic/vj11/--git-common-dir/config'
2023-03-23 15:40:42.823 [info] > git rev-parse --show-toplevel [72ms]
2023-03-23 15:40:42.852 [info] > git rev-parse --show-toplevel [11ms]
2023-03-23 15:40:42.873 [info] > git config --get commit.template [52ms]
2023-03-23 15:40:42.873 [info] > git remote --verbose [75ms]
2023-03-23 15:40:42.915 [info] > git rev-parse --show-toplevel [44ms]
2023-03-23 15:40:42.946 [info] > git rev-parse --show-toplevel [19ms]
2023-03-23 15:40:42.963 [info] > git for-each-ref --format=%(refname)%00%(upstream:short)%00%(objectname) refs/heads/master refs/remotes/master [22ms]
2023-03-23 15:40:42.980 [info] > git status -z -uall [5ms]
2023-03-23 15:40:42.980 [info] > git rev-parse --show-toplevel [22ms]
2023-03-23 15:40:43.005 [info] > git rev-parse --git-dir --git-common-dir [13ms]
2023-03-23 15:40:43.012 [info] Open repository: /home/mmihovilovic/vj6
2023-03-23 15:40:43.041 [warning] getRemotes() - ENOENT: no such file or directory, open '/home/mmihovilovic/vj6/--git-common-dir/config'
2023-03-23 15:40:43.064 [info] > git remote --verbose [22ms]
2023-03-23 15:40:43.064 [info] > git rev-parse --show-toplevel [39ms]
2023-03-23 15:40:43.123 [info] > git rev-parse --show-toplevel [48ms]
2023-03-23 15:40:43.137 [info] > git config --get commit.template [85ms]
2023-03-23 15:40:43.160 [info] > git rev-parse --show-toplevel [23ms]
2023-03-23 15:40:43.178 [info] > git for-each-ref --format=%(refname)%00%(upstream:short)%00%(objectname) refs/heads/master refs/remotes/master [20ms]
2023-03-23 15:40:43.199 [info] > git rev-parse --show-toplevel [27ms]
2023-03-23 15:40:43.209 [info] > git status -z -uall [14ms]
2023-03-23 15:40:43.242 [warning] getRemotes() - ENOENT: no such file or directory, open '/home/mmihovilovic/vj6/--git-common-dir/config'
2023-03-23 15:40:43.258 [info] > git remote --verbose [17ms]
2023-03-23 15:40:43.260 [info] > git config --get commit.template [7ms]
2023-03-23 15:40:43.282 [info] > git for-each-ref --format=%(refname)%00%(upstream:short)%00%(objectname) refs/heads/master refs/remotes/master [7ms]
2023-03-23 15:40:43.302 [info] > git status -z -uall [7ms]
2023-03-23 15:40:43.582 [info] > git show --textconv :macbzvz/zadatak1ispit/Analyzer.cpp [21ms]
2023-03-23 15:40:43.591 [info] > git ls-files --stage -- /home/mmihovilovic/macbzvz/zadatak1ispit/Analyzer.cpp [14ms]
2023-03-23 15:40:43.635 [info] > git cat-file -s 5ed25d5bdc496c64bdadac889a593e516e19dde4 [30ms]
2023-03-23 15:40:43.967 [info] > git check-ignore -v -z --stdin [18ms]
2023-03-23 15:40:43.968 [info] > git check-ignore -v -z --stdin [4ms]
2023-03-23 15:40:43.977 [info] > git check-ignore -v -z --stdin [43ms]
2023-03-23 15:40:44.208 [info] > git ls-files --stage -- /home/mmihovilovic/macbzvz/zadatak1ispit/Analyzer.cpp [9ms]
2023-03-23 15:40:44.225 [info] > git cat-file -s 5ed25d5bdc496c64bdadac889a593e516e19dde4 [2ms]
2023-03-23 15:40:44.279 [info] > git show --textconv :macbzvz/zadatak1ispit/Analyzer.cpp [10ms]
2023-03-23 15:40:45.447 [info] > git show --textconv :macbzvz/nesto.cpp [19ms]
2023-03-23 15:40:45.454 [info] > git ls-files --stage -- /home/mmihovilovic/macbzvz/nesto.cpp [9ms]
2023-03-23 15:40:45.472 [info] > git cat-file -s e69de29bb2d1d6434b8b29ae775ad8c2e48c5391 [3ms]
2023-03-23 15:40:45.689 [info] > git check-ignore -v -z --stdin [10ms]
2023-03-23 15:40:45.721 [info] > git status -z -uall [3993ms]
2023-03-23 15:40:45.797 [warning] getRemotes() - ENOENT: no such file or directory, open '/home/mmihovilovic/--git-common-dir/config'
2023-03-23 15:40:45.833 [info] > git config --get commit.template [17ms]
2023-03-23 15:40:45.833 [info] > git remote --verbose [37ms]
2023-03-23 15:40:46.251 [info] > git for-each-ref --format=%(refname)%00%(upstream:short)%00%(objectname) refs/heads/main refs/remotes/main [397ms]
2023-03-23 15:40:46.279 [info] > git rev-list --left-right --count main...origin/main [7ms]
2023-03-23 15:40:46.847 [info] > git check-ignore -v -z --stdin [9ms]
2023-03-23 15:40:48.189 [info] > git check-ignore -v -z --stdin [9ms]
2023-03-23 15:40:50.275 [info] > git status -z -uall [3977ms]
2023-03-23 15:40:52.470 [warning] getRemotes() - ENOENT: no such file or directory, open '/home/mmihovilovic/--git-common-dir/config'
2023-03-23 15:40:52.491 [info] > git remote --verbose [21ms]
2023-03-23 15:40:52.493 [info] > git config --get commit.template [4ms]
2023-03-23 15:40:52.514 [info] > git for-each-ref --format=%(refname)%00%(upstream:short)%00%(objectname) refs/heads/main refs/remotes/main [3ms]
2023-03-23 15:40:52.538 [info] > git rev-list --left-right --count main...origin/main [3ms]
2023-03-23 15:40:56.541 [info] > git status -z -uall [3984ms]
2023-03-23 15:40:59.168 [info] > git check-ignore -v -z --stdin [9ms]
2023-03-23 15:41:01.604 [warning] getRemotes() - ENOENT: no such file or directory, open '/home/mmihovilovic/--git-common-dir/config'
2023-03-23 15:41:01.625 [info] > git remote --verbose [21ms]
2023-03-23 15:41:01.626 [info] > git config --get commit.template [3ms]
2023-03-23 15:41:01.648 [info] > git for-each-ref --format=%(refname)%00%(upstream:short)%00%(objectname) refs/heads/main refs/remotes/main [2ms]
2023-03-23 15:41:01.674 [info] > git rev-list --left-right --count main...origin/main [3ms]
2023-03-23 15:41:05.670 [info] > git status -z -uall [3972ms]
2023-03-23 15:41:10.719 [warning] getRemotes() - ENOENT: no such file or directory, open '/home/mmihovilovic/--git-common-dir/config'
2023-03-23 15:41:10.741 [info] > git remote --verbose [21ms]
2023-03-23 15:41:10.742 [info] > git config --get commit.template [2ms]
2023-03-23 15:41:10.764 [info] > git for-each-ref --format=%(refname)%00%(upstream:short)%00%(objectname) refs/heads/main refs/remotes/main [3ms]
2023-03-23 15:41:10.791 [info] > git rev-list --left-right --count main...origin/main [3ms]
2023-03-23 15:41:14.775 [info] > git status -z -uall [3962ms]
2023-03-23 15:41:19.832 [warning] getRemotes() - ENOENT: no such file or directory, open '/home/mmihovilovic/--git-common-dir/config'
2023-03-23 15:41:19.855 [info] > git remote --verbose [23ms]
2023-03-23 15:41:19.856 [info] > git config --get commit.template [4ms]
2023-03-23 15:41:19.879 [info] > git for-each-ref --format=%(refname)%00%(upstream:short)%00%(objectname) refs/heads/main refs/remotes/main [2ms]
2023-03-23 15:41:19.902 [info] > git rev-list --left-right --count main...origin/main [2ms]
2023-03-23 15:41:23.900 [info] > git status -z -uall [3974ms]
2023-03-23 15:41:28.462 [info] > git check-ignore -v -z --stdin [9ms]
2023-03-23 15:41:28.959 [warning] getRemotes() - ENOENT: no such file or directory, open '/home/mmihovilovic/--git-common-dir/config'
2023-03-23 15:41:28.989 [info] > git remote --verbose [30ms]
2023-03-23 15:41:28.990 [info] > git config --get commit.template [3ms]
2023-03-23 15:41:29.021 [info] > git for-each-ref --format=%(refname)%00%(upstream:short)%00%(objectname) refs/heads/main refs/remotes/main [2ms]
2023-03-23 15:41:29.044 [info] > git rev-list --left-right --count main...origin/main [2ms]
2023-03-23 15:41:33.037 [info] > git status -z -uall [3970ms]
2023-03-23 15:41:35.275 [info] > git check-ignore -v -z --stdin [9ms]
2023-03-23 15:41:38.093 [warning] getRemotes() - ENOENT: no such file or directory, open '/home/mmihovilovic/--git-common-dir/config'
2023-03-23 15:41:38.119 [info] > git remote --verbose [25ms]
2023-03-23 15:41:38.120 [info] > git config --get commit.template [3ms]
2023-03-23 15:41:38.144 [info] > git for-each-ref --format=%(refname)%00%(upstream:short)%00%(objectname) refs/heads/main refs/remotes/main [2ms]
2023-03-23 15:41:38.168 [info] > git rev-list --left-right --count main...origin/main [2ms]
2023-03-23 15:41:42.163 [info] > git status -z -uall [3973ms]
2023-03-23 15:41:43.959 [info] > git check-ignore -v -z --stdin [9ms]
2023-03-23 15:41:47.211 [warning] getRemotes() - ENOENT: no such file or directory, open '/home/mmihovilovic/--git-common-dir/config'
2023-03-23 15:41:47.235 [info] > git remote --verbose [23ms]
2023-03-23 15:41:47.235 [info] > git config --get commit.template [2ms]
2023-03-23 15:41:47.260 [info] > git for-each-ref --format=%(refname)%00%(upstream:short)%00%(objectname) refs/heads/main refs/remotes/main [2ms]
2023-03-23 15:41:47.284 [info] > git rev-list --left-right --count main...origin/main [3ms]
2023-03-23 15:41:51.334 [info] > git status -z -uall [4024ms]
2023-03-23 15:41:51.787 [info] > git check-ignore -v -z --stdin [10ms]
2023-03-23 15:41:51.918 [info] > git show --textconv :Ispit_2/Zadatak_1/Makefile [25ms]
2023-03-23 15:41:51.926 [info] > git ls-files --stage -- /home/mmihovilovic/Ispit_2/Zadatak_1/Makefile [9ms]
2023-03-23 15:41:56.388 [warning] getRemotes() - ENOENT: no such file or directory, open '/home/mmihovilovic/--git-common-dir/config'
2023-03-23 15:41:56.412 [info] > git remote --verbose [24ms]
2023-03-23 15:41:56.413 [info] > git config --get commit.template [2ms]
2023-03-23 15:41:56.438 [info] > git for-each-ref --format=%(refname)%00%(upstream:short)%00%(objectname) refs/heads/main refs/remotes/main [3ms]
2023-03-23 15:41:56.470 [info] > git rev-list --left-right --count main...origin/main [3ms]
2023-03-23 15:42:00.456 [info] > git status -z -uall [3963ms]
2023-03-23 15:42:05.508 [warning] getRemotes() - ENOENT: no such file or directory, open '/home/mmihovilovic/--git-common-dir/config'
2023-03-23 15:42:05.533 [info] > git remote --verbose [24ms]
2023-03-23 15:42:05.534 [info] > git config --get commit.template [3ms]
2023-03-23 15:42:05.559 [info] > git for-each-ref --format=%(refname)%00%(upstream:short)%00%(objectname) refs/heads/main refs/remotes/main [3ms]
2023-03-23 15:42:05.594 [info] > git rev-list --left-right --count main...origin/main [2ms]
2023-03-23 15:42:09.584 [info] > git status -z -uall [3960ms]
2023-03-23 15:42:14.635 [warning] getRemotes() - ENOENT: no such file or directory, open '/home/mmihovilovic/--git-common-dir/config'
2023-03-23 15:42:14.660 [info] > git remote --verbose [26ms]
2023-03-23 15:42:14.661 [info] > git config --get commit.template [3ms]
2023-03-23 15:42:14.688 [info] > git for-each-ref --format=%(refname)%00%(upstream:short)%00%(objectname) refs/heads/main refs/remotes/main [2ms]
2023-03-23 15:42:14.714 [info] > git rev-list --left-right --count main...origin/main [2ms]
