2023-03-16 20:58:53.259 [info] Extension host with pid 19796 started
2023-03-16 20:58:53.299 [info] Lock '/home/mmihovilovic/.vscode-server/data/User/workspaceStorage/0a7a0945d1fa5cc71b7545ccaee6a01e/vscode.lock': Lock acquired.
2023-03-16 20:58:53.367 [info] ExtensionService#_doActivateExtension vscode.emmet, startup: false, activationEvent: 'onLanguage'
2023-03-16 20:58:53.369 [info] ExtensionService#_doActivateExtension vscode.git-base, startup: true, activationEvent: '*', root cause: vscode.git
2023-03-16 20:58:54.193 [info] ExtensionService#_doActivateExtension vscode.git, startup: true, activationEvent: '*'
2023-03-16 20:58:54.194 [info] ExtensionService#_doActivateExtension vscode.github, startup: true, activationEvent: '*'
2023-03-16 20:58:54.574 [info] Eager extensions activated
2023-03-16 20:58:54.575 [info] ExtensionService#_doActivateExtension vscode.debug-auto-launch, startup: false, activationEvent: 'onStartupFinished'
2023-03-16 20:58:54.576 [info] ExtensionService#_doActivateExtension vscode.merge-conflict, startup: false, activationEvent: 'onStartupFinished'
2023-03-16 20:58:57.486 [error] {"message":"Git error","stdout":"","stderr":"fatal: Path 'vjezbaispit/kol1/z1/analyze' is in submodule 'vjezbaispit/kol1/z1'\n","exitCode":128,"gitErrorCode":"IsInSubmodule"}
2023-03-16 20:58:57.486 [error] {"message":"Git error","stdout":"","stderr":"fatal: Path 'vjezbaispit/kol1/z1/analyze' is in submodule 'vjezbaispit/kol1/z1'\n","exitCode":128,"gitErrorCode":"IsInSubmodule"}
2023-03-16 20:58:57.486 [error] {"message":"Git error","stdout":"","stderr":"fatal: Path 'vjezbaispit/kol1/z1/analyze' is in submodule 'vjezbaispit/kol1/z1'\n","exitCode":128,"gitErrorCode":"IsInSubmodule"}
2023-03-16 20:58:57.487 [error] {"message":"Git error","stdout":"","stderr":"fatal: Path 'vjezbaispit/kol1/z1/analyze' is in submodule 'vjezbaispit/kol1/z1'\n","exitCode":128,"gitErrorCode":"IsInSubmodule"}
2023-03-16 20:58:57.487 [error] {"message":"Git error","stdout":"","stderr":"fatal: Path 'vjezbaispit/kol1/z1/analyze' is in submodule 'vjezbaispit/kol1/z1'\n","exitCode":128,"gitErrorCode":"IsInSubmodule"}
2023-03-16 20:58:57.487 [error] {"message":"Git error","stdout":"","stderr":"fatal: Path 'vjezbaispit/kol1/z1/analyze' is in submodule 'vjezbaispit/kol1/z1'\n","exitCode":128,"gitErrorCode":"IsInSubmodule"}
2023-03-16 20:58:57.487 [error] {"message":"Git error","stdout":"","stderr":"fatal: Path 'vjezbaispit/kol1/z1/analyze' is in submodule 'vjezbaispit/kol1/z1'\n","exitCode":128,"gitErrorCode":"IsInSubmodule"}
2023-03-16 20:58:57.487 [error] {"message":"Git error","stdout":"","stderr":"fatal: Path 'vjezbaispit/kol1/z1/analyze' is in submodule 'vjezbaispit/kol1/z1'\n","exitCode":128,"gitErrorCode":"IsInSubmodule"}
2023-03-16 20:58:57.487 [error] {"message":"Git error","stdout":"","stderr":"fatal: Path 'vjezbaispit/kol1/z1/analyze' is in submodule 'vjezbaispit/kol1/z1'\n","exitCode":128,"gitErrorCode":"IsInSubmodule"}
2023-03-16 20:58:57.487 [error] {"message":"Git error","stdout":"","stderr":"fatal: Path 'vjezbaispit/kol1/z1/analyze' is in submodule 'vjezbaispit/kol1/z1'\n","exitCode":128,"gitErrorCode":"IsInSubmodule"}
2023-03-16 20:58:57.487 [error] {"message":"Git error","stdout":"","stderr":"fatal: Path 'vjezbaispit/kol1/z1/analyze' is in submodule 'vjezbaispit/kol1/z1'\n","exitCode":128,"gitErrorCode":"IsInSubmodule"}
2023-03-16 20:58:57.487 [error] {"message":"Git error","stdout":"","stderr":"fatal: Path 'vjezbaispit/kol1/z1/analyze' is in submodule 'vjezbaispit/kol1/z1'\n","exitCode":128,"gitErrorCode":"IsInSubmodule"}
2023-03-16 20:58:57.487 [error] {"message":"Git error","stdout":"","stderr":"fatal: Path 'vjezbaispit/kol1/z1/analyze' is in submodule 'vjezbaispit/kol1/z1'\n","exitCode":128,"gitErrorCode":"IsInSubmodule"}
2023-03-16 20:58:57.487 [error] {"message":"Git error","stdout":"","stderr":"fatal: Path 'vjezbaispit/kol1/z1/analyze' is in submodule 'vjezbaispit/kol1/z1'\n","exitCode":128,"gitErrorCode":"IsInSubmodule"}
2023-03-16 20:58:57.487 [error] {"message":"Git error","stdout":"","stderr":"fatal: Path 'vjezbaispit/kol1/z1/analyze' is in submodule 'vjezbaispit/kol1/z1'\n","exitCode":128,"gitErrorCode":"IsInSubmodule"}
2023-03-16 20:58:57.487 [error] {"message":"Git error","stdout":"","stderr":"fatal: Path 'vjezbaispit/kol1/z1/analyze' is in submodule 'vjezbaispit/kol1/z1'\n","exitCode":128,"gitErrorCode":"IsInSubmodule"}
2023-03-16 20:58:57.487 [error] {"message":"Git error","stdout":"","stderr":"fatal: Path 'vjezbaispit/kol1/z1/analyze' is in submodule 'vjezbaispit/kol1/z1'\n","exitCode":128,"gitErrorCode":"IsInSubmodule"}
2023-03-16 20:58:57.487 [error] {"message":"Git error","stdout":"","stderr":"fatal: Path 'vjezbaispit/kol1/z1/analyze' is in submodule 'vjezbaispit/kol1/z1'\n","exitCode":128,"gitErrorCode":"IsInSubmodule"}
2023-03-16 20:58:57.487 [error] {"message":"Git error","stdout":"","stderr":"fatal: Path 'vjezbaispit/kol1/z1/analyze' is in submodule 'vjezbaispit/kol1/z1'\n","exitCode":128,"gitErrorCode":"IsInSubmodule"}
2023-03-16 20:58:57.487 [error] {"message":"Git error","stdout":"","stderr":"fatal: Path 'vjezbaispit/kol1/z1/analyze' is in submodule 'vjezbaispit/kol1/z1'\n","exitCode":128,"gitErrorCode":"IsInSubmodule"}
2023-03-16 20:58:57.487 [error] {"message":"Git error","stdout":"","stderr":"fatal: Path 'vjezbaispit/kol1/z1/analyze' is in submodule 'vjezbaispit/kol1/z1'\n","exitCode":128,"gitErrorCode":"IsInSubmodule"}
2023-03-16 20:58:57.487 [error] {"message":"Git error","stdout":"","stderr":"fatal: Path 'vjezbaispit/kol1/z1/analyze' is in submodule 'vjezbaispit/kol1/z1'\n","exitCode":128,"gitErrorCode":"IsInSubmodule"}
2023-03-16 20:58:57.487 [error] {"message":"Git error","stdout":"","stderr":"fatal: Path 'vjezbaispit/kol1/z1/analyze' is in submodule 'vjezbaispit/kol1/z1'\n","exitCode":128,"gitErrorCode":"IsInSubmodule"}
2023-03-16 20:58:57.487 [error] {"message":"Git error","stdout":"","stderr":"fatal: Path 'vjezbaispit/kol1/z1/analyze' is in submodule 'vjezbaispit/kol1/z1'\n","exitCode":128,"gitErrorCode":"IsInSubmodule"}
2023-03-16 20:58:57.488 [error] {"message":"Git error","stdout":"","stderr":"fatal: Path 'vjezbaispit/kol1/z1/analyze' is in submodule 'vjezbaispit/kol1/z1'\n","exitCode":128,"gitErrorCode":"IsInSubmodule"}
2023-03-16 20:58:57.488 [error] {"message":"Git error","stdout":"","stderr":"fatal: Path 'vjezbaispit/kol1/z1/analyze' is in submodule 'vjezbaispit/kol1/z1'\n","exitCode":128,"gitErrorCode":"IsInSubmodule"}
2023-03-16 20:58:57.488 [error] {"message":"Git error","stdout":"","stderr":"fatal: Path 'vjezbaispit/kol1/z1/analyze' is in submodule 'vjezbaispit/kol1/z1'\n","exitCode":128,"gitErrorCode":"IsInSubmodule"}
2023-03-16 20:58:57.488 [error] {"message":"Git error","stdout":"","stderr":"fatal: Path 'vjezbaispit/kol1/z1/analyze' is in submodule 'vjezbaispit/kol1/z1'\n","exitCode":128,"gitErrorCode":"IsInSubmodule"}
2023-03-16 20:58:57.488 [error] {"message":"Git error","stdout":"","stderr":"fatal: Path 'vjezbaispit/kol1/z1/analyze' is in submodule 'vjezbaispit/kol1/z1'\n","exitCode":128,"gitErrorCode":"IsInSubmodule"}
2023-03-16 20:58:57.488 [error] {"message":"Git error","stdout":"","stderr":"fatal: Path 'vjezbaispit/kol1/z1/analyze' is in submodule 'vjezbaispit/kol1/z1'\n","exitCode":128,"gitErrorCode":"IsInSubmodule"}
2023-03-16 20:58:57.488 [error] {"message":"Git error","stdout":"","stderr":"fatal: Path 'vjezbaispit/kol1/z1/analyze' is in submodule 'vjezbaispit/kol1/z1'\n","exitCode":128,"gitErrorCode":"IsInSubmodule"}
2023-03-16 20:58:57.488 [error] {"message":"Git error","stdout":"","stderr":"fatal: Path 'vjezbaispit/kol1/z1/analyze' is in submodule 'vjezbaispit/kol1/z1'\n","exitCode":128,"gitErrorCode":"IsInSubmodule"}
2023-03-16 20:58:57.488 [error] {"message":"Git error","stdout":"","stderr":"fatal: Path 'vjezbaispit/kol1/z1/analyze' is in submodule 'vjezbaispit/kol1/z1'\n","exitCode":128,"gitErrorCode":"IsInSubmodule"}
2023-03-16 20:58:57.488 [error] {"message":"Git error","stdout":"","stderr":"fatal: Path 'vjezbaispit/kol1/z1/analyze' is in submodule 'vjezbaispit/kol1/z1'\n","exitCode":128,"gitErrorCode":"IsInSubmodule"}
2023-03-16 20:58:57.488 [error] {"message":"Git error","stdout":"","stderr":"fatal: Path 'vjezbaispit/kol1/z1/analyze' is in submodule 'vjezbaispit/kol1/z1'\n","exitCode":128,"gitErrorCode":"IsInSubmodule"}
2023-03-16 20:58:57.488 [error] {"message":"Git error","stdout":"","stderr":"fatal: Path 'vjezbaispit/kol1/z1/analyze' is in submodule 'vjezbaispit/kol1/z1'\n","exitCode":128,"gitErrorCode":"IsInSubmodule"}
2023-03-16 20:58:57.488 [error] {"message":"Git error","stdout":"","stderr":"fatal: Path 'vjezbaispit/kol1/z1/analyze' is in submodule 'vjezbaispit/kol1/z1'\n","exitCode":128,"gitErrorCode":"IsInSubmodule"}
2023-03-16 20:58:57.488 [error] {"message":"Git error","stdout":"","stderr":"fatal: Path 'vjezbaispit/kol1/z1/analyze' is in submodule 'vjezbaispit/kol1/z1'\n","exitCode":128,"gitErrorCode":"IsInSubmodule"}
2023-03-16 20:58:57.488 [error] {"message":"Git error","stdout":"","stderr":"fatal: Path 'vjezbaispit/kol1/z1/analyze' is in submodule 'vjezbaispit/kol1/z1'\n","exitCode":128,"gitErrorCode":"IsInSubmodule"}
2023-03-16 20:58:57.488 [error] {"message":"Git error","stdout":"","stderr":"fatal: Path 'vjezbaispit/kol1/z1/analyze' is in submodule 'vjezbaispit/kol1/z1'\n","exitCode":128,"gitErrorCode":"IsInSubmodule"}
2023-03-16 20:58:57.488 [error] {"message":"Git error","stdout":"","stderr":"fatal: Path 'vjezbaispit/kol1/z1/analyze' is in submodule 'vjezbaispit/kol1/z1'\n","exitCode":128,"gitErrorCode":"IsInSubmodule"}
2023-03-16 20:58:57.488 [error] {"message":"Git error","stdout":"","stderr":"fatal: Path 'vjezbaispit/kol1/z1/analyze' is in submodule 'vjezbaispit/kol1/z1'\n","exitCode":128,"gitErrorCode":"IsInSubmodule"}
2023-03-16 20:58:57.488 [error] {"message":"Git error","stdout":"","stderr":"fatal: Path 'vjezbaispit/kol1/z1/analyze' is in submodule 'vjezbaispit/kol1/z1'\n","exitCode":128,"gitErrorCode":"IsInSubmodule"}
2023-03-16 20:58:57.488 [error] {"message":"Git error","stdout":"","stderr":"fatal: Path 'vjezbaispit/kol1/z1/analyze' is in submodule 'vjezbaispit/kol1/z1'\n","exitCode":128,"gitErrorCode":"IsInSubmodule"}
2023-03-16 20:58:57.488 [error] {"message":"Git error","stdout":"","stderr":"fatal: Path 'vjezbaispit/kol1/z1/analyze' is in submodule 'vjezbaispit/kol1/z1'\n","exitCode":128,"gitErrorCode":"IsInSubmodule"}
2023-03-16 20:58:58.490 [error] {"message":"Git error","stdout":"","stderr":"fatal: Path 'vjezbaispit/kol1/z1/analyze' is in submodule 'vjezbaispit/kol1/z1'\n","exitCode":128,"gitErrorCode":"IsInSubmodule"}
2023-03-16 20:58:58.491 [error] {"message":"Git error","stdout":"","stderr":"fatal: Path 'vjezbaispit/kol1/z1/analyze' is in submodule 'vjezbaispit/kol1/z1'\n","exitCode":128,"gitErrorCode":"IsInSubmodule"}
2023-03-16 20:58:58.491 [error] {"message":"Git error","stdout":"","stderr":"fatal: Path 'vjezbaispit/kol1/z1/analyze' is in submodule 'vjezbaispit/kol1/z1'\n","exitCode":128,"gitErrorCode":"IsInSubmodule"}
2023-03-16 20:58:58.491 [error] {"message":"Git error","stdout":"","stderr":"fatal: Path 'vjezbaispit/kol1/z1/analyze' is in submodule 'vjezbaispit/kol1/z1'\n","exitCode":128,"gitErrorCode":"IsInSubmodule"}
2023-03-16 20:58:58.492 [error] {"message":"Git error","stdout":"","stderr":"fatal: Path 'vjezbaispit/kol1/z1/analyze' is in submodule 'vjezbaispit/kol1/z1'\n","exitCode":128,"gitErrorCode":"IsInSubmodule"}
2023-03-16 20:58:58.492 [error] {"message":"Git error","stdout":"","stderr":"fatal: Path 'vjezbaispit/kol1/z1/analyze' is in submodule 'vjezbaispit/kol1/z1'\n","exitCode":128,"gitErrorCode":"IsInSubmodule"}
2023-03-16 20:58:58.492 [error] {"message":"Git error","stdout":"","stderr":"fatal: Path 'vjezbaispit/kol1/z1/analyze' is in submodule 'vjezbaispit/kol1/z1'\n","exitCode":128,"gitErrorCode":"IsInSubmodule"}
2023-03-16 20:58:58.492 [error] {"message":"Git error","stdout":"","stderr":"fatal: Path 'vjezbaispit/kol1/z1/analyze' is in submodule 'vjezbaispit/kol1/z1'\n","exitCode":128,"gitErrorCode":"IsInSubmodule"}
2023-03-16 20:58:58.493 [error] {"message":"Git error","stdout":"","stderr":"fatal: Path 'vjezbaispit/kol1/z1/analyze' is in submodule 'vjezbaispit/kol1/z1'\n","exitCode":128,"gitErrorCode":"IsInSubmodule"}
2023-03-16 20:58:58.493 [error] {"message":"Git error","stdout":"","stderr":"fatal: Path 'vjezbaispit/kol1/z1/analyze' is in submodule 'vjezbaispit/kol1/z1'\n","exitCode":128,"gitErrorCode":"IsInSubmodule"}
2023-03-16 20:58:58.493 [error] {"message":"Git error","stdout":"","stderr":"fatal: Path 'vjezbaispit/kol1/z1/analyze' is in submodule 'vjezbaispit/kol1/z1'\n","exitCode":128,"gitErrorCode":"IsInSubmodule"}
2023-03-16 20:58:58.494 [error] {"message":"Git error","stdout":"","stderr":"fatal: Path 'vjezbaispit/kol1/z1/analyze' is in submodule 'vjezbaispit/kol1/z1'\n","exitCode":128,"gitErrorCode":"IsInSubmodule"}
2023-03-16 20:58:58.494 [error] {"message":"Git error","stdout":"","stderr":"fatal: Path 'vjezbaispit/kol1/z1/analyze' is in submodule 'vjezbaispit/kol1/z1'\n","exitCode":128,"gitErrorCode":"IsInSubmodule"}
2023-03-16 20:58:58.494 [error] {"message":"Git error","stdout":"","stderr":"fatal: Path 'vjezbaispit/kol1/z1/analyze' is in submodule 'vjezbaispit/kol1/z1'\n","exitCode":128,"gitErrorCode":"IsInSubmodule"}
2023-03-16 20:58:58.495 [error] {"message":"Git error","stdout":"","stderr":"fatal: Path 'vjezbaispit/kol1/z1/analyze' is in submodule 'vjezbaispit/kol1/z1'\n","exitCode":128,"gitErrorCode":"IsInSubmodule"}
2023-03-16 20:58:58.495 [error] {"message":"Git error","stdout":"","stderr":"fatal: Path 'vjezbaispit/kol1/z1/analyze' is in submodule 'vjezbaispit/kol1/z1'\n","exitCode":128,"gitErrorCode":"IsInSubmodule"}
2023-03-16 20:58:58.495 [error] {"message":"Git error","stdout":"","stderr":"fatal: Path 'vjezbaispit/kol1/z1/analyze' is in submodule 'vjezbaispit/kol1/z1'\n","exitCode":128,"gitErrorCode":"IsInSubmodule"}
2023-03-16 20:58:58.495 [error] {"message":"Git error","stdout":"","stderr":"fatal: Path 'vjezbaispit/kol1/z1/analyze' is in submodule 'vjezbaispit/kol1/z1'\n","exitCode":128,"gitErrorCode":"IsInSubmodule"}
2023-03-16 20:58:58.496 [error] {"message":"Git error","stdout":"","stderr":"fatal: Path 'vjezbaispit/kol1/z1/analyze' is in submodule 'vjezbaispit/kol1/z1'\n","exitCode":128,"gitErrorCode":"IsInSubmodule"}
2023-03-16 20:58:58.496 [error] {"message":"Git error","stdout":"","stderr":"fatal: Path 'vjezbaispit/kol1/z1/analyze' is in submodule 'vjezbaispit/kol1/z1'\n","exitCode":128,"gitErrorCode":"IsInSubmodule"}
2023-03-16 20:58:58.496 [error] {"message":"Git error","stdout":"","stderr":"fatal: Path 'vjezbaispit/kol1/z1/analyze' is in submodule 'vjezbaispit/kol1/z1'\n","exitCode":128,"gitErrorCode":"IsInSubmodule"}
2023-03-16 20:58:58.496 [error] {"message":"Git error","stdout":"","stderr":"fatal: Path 'vjezbaispit/kol1/z1/analyze' is in submodule 'vjezbaispit/kol1/z1'\n","exitCode":128,"gitErrorCode":"IsInSubmodule"}
2023-03-16 20:58:58.497 [error] {"message":"Git error","stdout":"","stderr":"fatal: Path 'vjezbaispit/kol1/z1/analyze' is in submodule 'vjezbaispit/kol1/z1'\n","exitCode":128,"gitErrorCode":"IsInSubmodule"}
2023-03-16 20:58:58.497 [error] {"message":"Git error","stdout":"","stderr":"fatal: Path 'vjezbaispit/kol1/z1/analyze' is in submodule 'vjezbaispit/kol1/z1'\n","exitCode":128,"gitErrorCode":"IsInSubmodule"}
2023-03-16 20:58:58.497 [error] {"message":"Git error","stdout":"","stderr":"fatal: Path 'vjezbaispit/kol1/z1/analyze' is in submodule 'vjezbaispit/kol1/z1'\n","exitCode":128,"gitErrorCode":"IsInSubmodule"}
2023-03-16 20:58:58.497 [error] {"message":"Git error","stdout":"","stderr":"fatal: Path 'vjezbaispit/kol1/z1/analyze' is in submodule 'vjezbaispit/kol1/z1'\n","exitCode":128,"gitErrorCode":"IsInSubmodule"}
2023-03-16 20:58:58.497 [error] {"message":"Git error","stdout":"","stderr":"fatal: Path 'vjezbaispit/kol1/z1/analyze' is in submodule 'vjezbaispit/kol1/z1'\n","exitCode":128,"gitErrorCode":"IsInSubmodule"}
2023-03-16 20:58:58.498 [error] {"message":"Git error","stdout":"","stderr":"fatal: Path 'vjezbaispit/kol1/z1/analyze' is in submodule 'vjezbaispit/kol1/z1'\n","exitCode":128,"gitErrorCode":"IsInSubmodule"}
2023-03-16 20:58:58.498 [error] {"message":"Git error","stdout":"","stderr":"fatal: Path 'vjezbaispit/kol1/z1/analyze' is in submodule 'vjezbaispit/kol1/z1'\n","exitCode":128,"gitErrorCode":"IsInSubmodule"}
2023-03-16 20:58:58.498 [error] {"message":"Git error","stdout":"","stderr":"fatal: Path 'vjezbaispit/kol1/z1/analyze' is in submodule 'vjezbaispit/kol1/z1'\n","exitCode":128,"gitErrorCode":"IsInSubmodule"}
2023-03-16 20:58:58.498 [error] {"message":"Git error","stdout":"","stderr":"fatal: Path 'vjezbaispit/kol1/z1/analyze' is in submodule 'vjezbaispit/kol1/z1'\n","exitCode":128,"gitErrorCode":"IsInSubmodule"}
2023-03-16 20:58:58.498 [error] {"message":"Git error","stdout":"","stderr":"fatal: Path 'vjezbaispit/kol1/z1/analyze' is in submodule 'vjezbaispit/kol1/z1'\n","exitCode":128,"gitErrorCode":"IsInSubmodule"}
2023-03-16 20:58:58.499 [error] {"message":"Git error","stdout":"","stderr":"fatal: Path 'vjezbaispit/kol1/z1/analyze' is in submodule 'vjezbaispit/kol1/z1'\n","exitCode":128,"gitErrorCode":"IsInSubmodule"}
2023-03-16 20:58:58.499 [error] {"message":"Git error","stdout":"","stderr":"fatal: Path 'vjezbaispit/kol1/z1/analyze' is in submodule 'vjezbaispit/kol1/z1'\n","exitCode":128,"gitErrorCode":"IsInSubmodule"}
2023-03-16 20:58:58.499 [error] {"message":"Git error","stdout":"","stderr":"fatal: Path 'vjezbaispit/kol1/z1/analyze' is in submodule 'vjezbaispit/kol1/z1'\n","exitCode":128,"gitErrorCode":"IsInSubmodule"}
2023-03-16 20:58:58.499 [error] {"message":"Git error","stdout":"","stderr":"fatal: Path 'vjezbaispit/kol1/z1/analyze' is in submodule 'vjezbaispit/kol1/z1'\n","exitCode":128,"gitErrorCode":"IsInSubmodule"}
2023-03-16 20:58:58.500 [error] {"message":"Git error","stdout":"","stderr":"fatal: Path 'vjezbaispit/kol1/z1/analyze' is in submodule 'vjezbaispit/kol1/z1'\n","exitCode":128,"gitErrorCode":"IsInSubmodule"}
2023-03-16 20:58:58.500 [error] {"message":"Git error","stdout":"","stderr":"fatal: Path 'vjezbaispit/kol1/z1/analyze' is in submodule 'vjezbaispit/kol1/z1'\n","exitCode":128,"gitErrorCode":"IsInSubmodule"}
2023-03-16 20:58:58.500 [error] {"message":"Git error","stdout":"","stderr":"fatal: Path 'vjezbaispit/kol1/z1/analyze' is in submodule 'vjezbaispit/kol1/z1'\n","exitCode":128,"gitErrorCode":"IsInSubmodule"}
2023-03-16 20:58:58.500 [error] {"message":"Git error","stdout":"","stderr":"fatal: Path 'vjezbaispit/kol1/z1/analyze' is in submodule 'vjezbaispit/kol1/z1'\n","exitCode":128,"gitErrorCode":"IsInSubmodule"}
2023-03-16 20:58:58.500 [error] {"message":"Git error","stdout":"","stderr":"fatal: Path 'vjezbaispit/kol1/z1/analyze' is in submodule 'vjezbaispit/kol1/z1'\n","exitCode":128,"gitErrorCode":"IsInSubmodule"}
2023-03-16 20:58:58.501 [error] {"message":"Git error","stdout":"","stderr":"fatal: Path 'vjezbaispit/kol1/z1/analyze' is in submodule 'vjezbaispit/kol1/z1'\n","exitCode":128,"gitErrorCode":"IsInSubmodule"}
2023-03-16 20:58:58.501 [error] {"message":"Git error","stdout":"","stderr":"fatal: Path 'vjezbaispit/kol1/z1/analyze' is in submodule 'vjezbaispit/kol1/z1'\n","exitCode":128,"gitErrorCode":"IsInSubmodule"}
2023-03-16 20:58:58.501 [error] {"message":"Git error","stdout":"","stderr":"fatal: Path 'vjezbaispit/kol1/z1/analyze' is in submodule 'vjezbaispit/kol1/z1'\n","exitCode":128,"gitErrorCode":"IsInSubmodule"}
2023-03-16 20:58:58.501 [error] {"message":"Git error","stdout":"","stderr":"fatal: Path 'vjezbaispit/kol1/z1/analyze' is in submodule 'vjezbaispit/kol1/z1'\n","exitCode":128,"gitErrorCode":"IsInSubmodule"}
2023-03-16 20:59:22.438 [info] Extension host terminating: received terminate message from renderer
2023-03-16 20:59:22.439 [info] Lock '/home/mmihovilovic/.vscode-server/data/User/workspaceStorage/0a7a0945d1fa5cc71b7545ccaee6a01e/vscode.lock': Marking the lockfile as scheduled to be released in 6000 ms.
2023-03-16 20:59:22.472 [error] Canceled: Canceled
	at new l (/home/mmihovilovic/.vscode-server/bin/ee2b180d582a7f601fa6ecfdad8d9fd269ab1884/out/vs/workbench/api/node/extensionHostProcess.js:96:88793)
	at a.O (/home/mmihovilovic/.vscode-server/bin/ee2b180d582a7f601fa6ecfdad8d9fd269ab1884/out/vs/workbench/api/node/extensionHostProcess.js:106:11260)
	at Proxy.V.<computed>.Q.charCodeAt.V.<computed> (/home/mmihovilovic/.vscode-server/bin/ee2b180d582a7f601fa6ecfdad8d9fd269ab1884/out/vs/workbench/api/node/extensionHostProcess.js:106:8550)
	at c.g (/home/mmihovilovic/.vscode-server/bin/ee2b180d582a7f601fa6ecfdad8d9fd269ab1884/out/vs/workbench/api/node/extensionHostProcess.js:96:108198)
	at c.executeCommand (/home/mmihovilovic/.vscode-server/bin/ee2b180d582a7f601fa6ecfdad8d9fd269ab1884/out/vs/workbench/api/node/extensionHostProcess.js:96:107574)
	at N.registerCommand.description (/home/mmihovilovic/.vscode-server/bin/ee2b180d582a7f601fa6ecfdad8d9fd269ab1884/out/vs/workbench/api/node/extensionHostProcess.js:96:106867)
	at c.h (/home/mmihovilovic/.vscode-server/bin/ee2b180d582a7f601fa6ecfdad8d9fd269ab1884/out/vs/workbench/api/node/extensionHostProcess.js:96:108784)
	at c.g (/home/mmihovilovic/.vscode-server/bin/ee2b180d582a7f601fa6ecfdad8d9fd269ab1884/out/vs/workbench/api/node/extensionHostProcess.js:96:107674)
	at c.executeCommand (/home/mmihovilovic/.vscode-server/bin/ee2b180d582a7f601fa6ecfdad8d9fd269ab1884/out/vs/workbench/api/node/extensionHostProcess.js:96:107574)
	at Object.executeCommand (/home/mmihovilovic/.vscode-server/bin/ee2b180d582a7f601fa6ecfdad8d9fd269ab1884/out/vs/workbench/api/node/extensionHostProcess.js:117:30781)
	at D (/home/mmihovilovic/.vscode-server/bin/ee2b180d582a7f601fa6ecfdad8d9fd269ab1884/extensions/git/dist/main.js:2:1467127)
	at f.invoke (/home/mmihovilovic/.vscode-server/bin/ee2b180d582a7f601fa6ecfdad8d9fd269ab1884/out/vs/workbench/api/node/extensionHostProcess.js:63:145)
	at m.deliver (/home/mmihovilovic/.vscode-server/bin/ee2b180d582a7f601fa6ecfdad8d9fd269ab1884/out/vs/workbench/api/node/extensionHostProcess.js:63:2066)
	at d.fire (/home/mmihovilovic/.vscode-server/bin/ee2b180d582a7f601fa6ecfdad8d9fd269ab1884/out/vs/workbench/api/node/extensionHostProcess.js:63:1704)
	at Object.m [as dispose] (/home/mmihovilovic/.vscode-server/bin/ee2b180d582a7f601fa6ecfdad8d9fd269ab1884/extensions/git/dist/main.js:2:1481856)
	at /home/mmihovilovic/.vscode-server/bin/ee2b180d582a7f601fa6ecfdad8d9fd269ab1884/extensions/git/dist/main.js:2:1485923
	at Array.forEach (<anonymous>)
	at g.dispose (/home/mmihovilovic/.vscode-server/bin/ee2b180d582a7f601fa6ecfdad8d9fd269ab1884/extensions/git/dist/main.js:2:1485909)
	at D.<anonymous> (/home/mmihovilovic/.vscode-server/bin/ee2b180d582a7f601fa6ecfdad8d9fd269ab1884/out/vs/workbench/api/node/extensionHostProcess.js:94:12431)
	at D.dispose (/home/mmihovilovic/.vscode-server/bin/ee2b180d582a7f601fa6ecfdad8d9fd269ab1884/out/vs/workbench/api/node/extensionHostProcess.js:94:12566)
	at D.<anonymous> (/home/mmihovilovic/.vscode-server/bin/ee2b180d582a7f601fa6ecfdad8d9fd269ab1884/extensions/git/dist/main.js:2:1469257)
	at D.dispose (/home/mmihovilovic/.vscode-server/bin/ee2b180d582a7f601fa6ecfdad8d9fd269ab1884/out/vs/workbench/api/node/extensionHostProcess.js:94:12566)
	at k (/home/mmihovilovic/.vscode-server/bin/ee2b180d582a7f601fa6ecfdad8d9fd269ab1884/out/vs/workbench/api/node/extensionHostProcess.js:10:12074)
	at f.X (/home/mmihovilovic/.vscode-server/bin/ee2b180d582a7f601fa6ecfdad8d9fd269ab1884/out/vs/workbench/api/node/extensionHostProcess.js:108:11284)
	at /home/mmihovilovic/.vscode-server/bin/ee2b180d582a7f601fa6ecfdad8d9fd269ab1884/out/vs/workbench/api/node/extensionHostProcess.js:108:9088
	at Array.map (<anonymous>)
	at f.Q (/home/mmihovilovic/.vscode-server/bin/ee2b180d582a7f601fa6ecfdad8d9fd269ab1884/out/vs/workbench/api/node/extensionHostProcess.js:108:9075)
	at f.terminate (/home/mmihovilovic/.vscode-server/bin/ee2b180d582a7f601fa6ecfdad8d9fd269ab1884/out/vs/workbench/api/node/extensionHostProcess.js:108:9347)
	at u.terminate (/home/mmihovilovic/.vscode-server/bin/ee2b180d582a7f601fa6ecfdad8d9fd269ab1884/out/vs/workbench/api/node/extensionHostProcess.js:112:1397)
	at p (/home/mmihovilovic/.vscode-server/bin/ee2b180d582a7f601fa6ecfdad8d9fd269ab1884/out/vs/workbench/api/node/extensionHostProcess.js:122:18592)
	at /home/mmihovilovic/.vscode-server/bin/ee2b180d582a7f601fa6ecfdad8d9fd269ab1884/out/vs/workbench/api/node/extensionHostProcess.js:122:16502
	at f.invoke (/home/mmihovilovic/.vscode-server/bin/ee2b180d582a7f601fa6ecfdad8d9fd269ab1884/out/vs/workbench/api/node/extensionHostProcess.js:63:145)
	at m.deliver (/home/mmihovilovic/.vscode-server/bin/ee2b180d582a7f601fa6ecfdad8d9fd269ab1884/out/vs/workbench/api/node/extensionHostProcess.js:63:2066)
	at d.fire (/home/mmihovilovic/.vscode-server/bin/ee2b180d582a7f601fa6ecfdad8d9fd269ab1884/out/vs/workbench/api/node/extensionHostProcess.js:63:1704)
	at p.fire (/home/mmihovilovic/.vscode-server/bin/ee2b180d582a7f601fa6ecfdad8d9fd269ab1884/out/vs/workbench/api/node/extensionHostProcess.js:72:14907)
	at t.E (/home/mmihovilovic/.vscode-server/bin/ee2b180d582a7f601fa6ecfdad8d9fd269ab1884/out/vs/workbench/api/node/extensionHostProcess.js:72:18973)
	at /home/mmihovilovic/.vscode-server/bin/ee2b180d582a7f601fa6ecfdad8d9fd269ab1884/out/vs/workbench/api/node/extensionHostProcess.js:72:16961
	at f.invoke (/home/mmihovilovic/.vscode-server/bin/ee2b180d582a7f601fa6ecfdad8d9fd269ab1884/out/vs/workbench/api/node/extensionHostProcess.js:63:145)
	at m.deliver (/home/mmihovilovic/.vscode-server/bin/ee2b180d582a7f601fa6ecfdad8d9fd269ab1884/out/vs/workbench/api/node/extensionHostProcess.js:63:2066)
	at d.fire (/home/mmihovilovic/.vscode-server/bin/ee2b180d582a7f601fa6ecfdad8d9fd269ab1884/out/vs/workbench/api/node/extensionHostProcess.js:63:1704)
	at u.acceptChunk (/home/mmihovilovic/.vscode-server/bin/ee2b180d582a7f601fa6ecfdad8d9fd269ab1884/out/vs/workbench/api/node/extensionHostProcess.js:72:12638)
	at /home/mmihovilovic/.vscode-server/bin/ee2b180d582a7f601fa6ecfdad8d9fd269ab1884/out/vs/workbench/api/node/extensionHostProcess.js:72:11925
	at f.invoke (/home/mmihovilovic/.vscode-server/bin/ee2b180d582a7f601fa6ecfdad8d9fd269ab1884/out/vs/workbench/api/node/extensionHostProcess.js:63:145)
	at m.deliver (/home/mmihovilovic/.vscode-server/bin/ee2b180d582a7f601fa6ecfdad8d9fd269ab1884/out/vs/workbench/api/node/extensionHostProcess.js:63:2066)
	at d.fire (/home/mmihovilovic/.vscode-server/bin/ee2b180d582a7f601fa6ecfdad8d9fd269ab1884/out/vs/workbench/api/node/extensionHostProcess.js:63:1704)
	at d.u (/home/mmihovilovic/.vscode-server/bin/ee2b180d582a7f601fa6ecfdad8d9fd269ab1884/out/vs/workbench/api/node/extensionHostProcess.js:72:28891) setContext undefined
2023-03-16 20:59:22.473 [error] Canceled: Canceled
	at new l (/home/mmihovilovic/.vscode-server/bin/ee2b180d582a7f601fa6ecfdad8d9fd269ab1884/out/vs/workbench/api/node/extensionHostProcess.js:96:88793)
	at a.O (/home/mmihovilovic/.vscode-server/bin/ee2b180d582a7f601fa6ecfdad8d9fd269ab1884/out/vs/workbench/api/node/extensionHostProcess.js:106:11260)
	at Proxy.V.<computed>.Q.charCodeAt.V.<computed> (/home/mmihovilovic/.vscode-server/bin/ee2b180d582a7f601fa6ecfdad8d9fd269ab1884/out/vs/workbench/api/node/extensionHostProcess.js:106:8550)
	at c.g (/home/mmihovilovic/.vscode-server/bin/ee2b180d582a7f601fa6ecfdad8d9fd269ab1884/out/vs/workbench/api/node/extensionHostProcess.js:96:108198)
	at c.executeCommand (/home/mmihovilovic/.vscode-server/bin/ee2b180d582a7f601fa6ecfdad8d9fd269ab1884/out/vs/workbench/api/node/extensionHostProcess.js:96:107574)
	at N.registerCommand.description (/home/mmihovilovic/.vscode-server/bin/ee2b180d582a7f601fa6ecfdad8d9fd269ab1884/out/vs/workbench/api/node/extensionHostProcess.js:96:106867)
	at c.h (/home/mmihovilovic/.vscode-server/bin/ee2b180d582a7f601fa6ecfdad8d9fd269ab1884/out/vs/workbench/api/node/extensionHostProcess.js:96:108784)
	at c.g (/home/mmihovilovic/.vscode-server/bin/ee2b180d582a7f601fa6ecfdad8d9fd269ab1884/out/vs/workbench/api/node/extensionHostProcess.js:96:107674)
	at c.executeCommand (/home/mmihovilovic/.vscode-server/bin/ee2b180d582a7f601fa6ecfdad8d9fd269ab1884/out/vs/workbench/api/node/extensionHostProcess.js:96:107574)
	at Object.executeCommand (/home/mmihovilovic/.vscode-server/bin/ee2b180d582a7f601fa6ecfdad8d9fd269ab1884/out/vs/workbench/api/node/extensionHostProcess.js:117:30781)
	at D (/home/mmihovilovic/.vscode-server/bin/ee2b180d582a7f601fa6ecfdad8d9fd269ab1884/extensions/git/dist/main.js:2:1467127)
	at f.invoke (/home/mmihovilovic/.vscode-server/bin/ee2b180d582a7f601fa6ecfdad8d9fd269ab1884/out/vs/workbench/api/node/extensionHostProcess.js:63:145)
	at m.deliver (/home/mmihovilovic/.vscode-server/bin/ee2b180d582a7f601fa6ecfdad8d9fd269ab1884/out/vs/workbench/api/node/extensionHostProcess.js:63:2066)
	at d.fire (/home/mmihovilovic/.vscode-server/bin/ee2b180d582a7f601fa6ecfdad8d9fd269ab1884/out/vs/workbench/api/node/extensionHostProcess.js:63:1704)
	at Object.m [as dispose] (/home/mmihovilovic/.vscode-server/bin/ee2b180d582a7f601fa6ecfdad8d9fd269ab1884/extensions/git/dist/main.js:2:1481856)
	at /home/mmihovilovic/.vscode-server/bin/ee2b180d582a7f601fa6ecfdad8d9fd269ab1884/extensions/git/dist/main.js:2:1485923
	at Array.forEach (<anonymous>)
	at g.dispose (/home/mmihovilovic/.vscode-server/bin/ee2b180d582a7f601fa6ecfdad8d9fd269ab1884/extensions/git/dist/main.js:2:1485909)
	at D.<anonymous> (/home/mmihovilovic/.vscode-server/bin/ee2b180d582a7f601fa6ecfdad8d9fd269ab1884/out/vs/workbench/api/node/extensionHostProcess.js:94:12431)
	at D.dispose (/home/mmihovilovic/.vscode-server/bin/ee2b180d582a7f601fa6ecfdad8d9fd269ab1884/out/vs/workbench/api/node/extensionHostProcess.js:94:12566)
	at D.<anonymous> (/home/mmihovilovic/.vscode-server/bin/ee2b180d582a7f601fa6ecfdad8d9fd269ab1884/extensions/git/dist/main.js:2:1469257)
	at D.dispose (/home/mmihovilovic/.vscode-server/bin/ee2b180d582a7f601fa6ecfdad8d9fd269ab1884/out/vs/workbench/api/node/extensionHostProcess.js:94:12566)
	at k (/home/mmihovilovic/.vscode-server/bin/ee2b180d582a7f601fa6ecfdad8d9fd269ab1884/out/vs/workbench/api/node/extensionHostProcess.js:10:12074)
	at f.X (/home/mmihovilovic/.vscode-server/bin/ee2b180d582a7f601fa6ecfdad8d9fd269ab1884/out/vs/workbench/api/node/extensionHostProcess.js:108:11284)
	at /home/mmihovilovic/.vscode-server/bin/ee2b180d582a7f601fa6ecfdad8d9fd269ab1884/out/vs/workbench/api/node/extensionHostProcess.js:108:9088
	at Array.map (<anonymous>)
	at f.Q (/home/mmihovilovic/.vscode-server/bin/ee2b180d582a7f601fa6ecfdad8d9fd269ab1884/out/vs/workbench/api/node/extensionHostProcess.js:108:9075)
	at f.terminate (/home/mmihovilovic/.vscode-server/bin/ee2b180d582a7f601fa6ecfdad8d9fd269ab1884/out/vs/workbench/api/node/extensionHostProcess.js:108:9347)
	at u.terminate (/home/mmihovilovic/.vscode-server/bin/ee2b180d582a7f601fa6ecfdad8d9fd269ab1884/out/vs/workbench/api/node/extensionHostProcess.js:112:1397)
	at p (/home/mmihovilovic/.vscode-server/bin/ee2b180d582a7f601fa6ecfdad8d9fd269ab1884/out/vs/workbench/api/node/extensionHostProcess.js:122:18592)
	at /home/mmihovilovic/.vscode-server/bin/ee2b180d582a7f601fa6ecfdad8d9fd269ab1884/out/vs/workbench/api/node/extensionHostProcess.js:122:16502
	at f.invoke (/home/mmihovilovic/.vscode-server/bin/ee2b180d582a7f601fa6ecfdad8d9fd269ab1884/out/vs/workbench/api/node/extensionHostProcess.js:63:145)
	at m.deliver (/home/mmihovilovic/.vscode-server/bin/ee2b180d582a7f601fa6ecfdad8d9fd269ab1884/out/vs/workbench/api/node/extensionHostProcess.js:63:2066)
	at d.fire (/home/mmihovilovic/.vscode-server/bin/ee2b180d582a7f601fa6ecfdad8d9fd269ab1884/out/vs/workbench/api/node/extensionHostProcess.js:63:1704)
	at p.fire (/home/mmihovilovic/.vscode-server/bin/ee2b180d582a7f601fa6ecfdad8d9fd269ab1884/out/vs/workbench/api/node/extensionHostProcess.js:72:14907)
	at t.E (/home/mmihovilovic/.vscode-server/bin/ee2b180d582a7f601fa6ecfdad8d9fd269ab1884/out/vs/workbench/api/node/extensionHostProcess.js:72:18973)
	at /home/mmihovilovic/.vscode-server/bin/ee2b180d582a7f601fa6ecfdad8d9fd269ab1884/out/vs/workbench/api/node/extensionHostProcess.js:72:16961
	at f.invoke (/home/mmihovilovic/.vscode-server/bin/ee2b180d582a7f601fa6ecfdad8d9fd269ab1884/out/vs/workbench/api/node/extensionHostProcess.js:63:145)
	at m.deliver (/home/mmihovilovic/.vscode-server/bin/ee2b180d582a7f601fa6ecfdad8d9fd269ab1884/out/vs/workbench/api/node/extensionHostProcess.js:63:2066)
	at d.fire (/home/mmihovilovic/.vscode-server/bin/ee2b180d582a7f601fa6ecfdad8d9fd269ab1884/out/vs/workbench/api/node/extensionHostProcess.js:63:1704)
	at u.acceptChunk (/home/mmihovilovic/.vscode-server/bin/ee2b180d582a7f601fa6ecfdad8d9fd269ab1884/out/vs/workbench/api/node/extensionHostProcess.js:72:12638)
	at /home/mmihovilovic/.vscode-server/bin/ee2b180d582a7f601fa6ecfdad8d9fd269ab1884/out/vs/workbench/api/node/extensionHostProcess.js:72:11925
	at f.invoke (/home/mmihovilovic/.vscode-server/bin/ee2b180d582a7f601fa6ecfdad8d9fd269ab1884/out/vs/workbench/api/node/extensionHostProcess.js:63:145)
	at m.deliver (/home/mmihovilovic/.vscode-server/bin/ee2b180d582a7f601fa6ecfdad8d9fd269ab1884/out/vs/workbench/api/node/extensionHostProcess.js:63:2066)
	at d.fire (/home/mmihovilovic/.vscode-server/bin/ee2b180d582a7f601fa6ecfdad8d9fd269ab1884/out/vs/workbench/api/node/extensionHostProcess.js:63:1704)
	at d.u (/home/mmihovilovic/.vscode-server/bin/ee2b180d582a7f601fa6ecfdad8d9fd269ab1884/out/vs/workbench/api/node/extensionHostProcess.js:72:28891) setContext undefined
2023-03-16 20:59:22.474 [error] Canceled: Canceled
	at new l (/home/mmihovilovic/.vscode-server/bin/ee2b180d582a7f601fa6ecfdad8d9fd269ab1884/out/vs/workbench/api/node/extensionHostProcess.js:96:88793)
	at a.O (/home/mmihovilovic/.vscode-server/bin/ee2b180d582a7f601fa6ecfdad8d9fd269ab1884/out/vs/workbench/api/node/extensionHostProcess.js:106:11260)
	at Proxy.V.<computed>.Q.charCodeAt.V.<computed> (/home/mmihovilovic/.vscode-server/bin/ee2b180d582a7f601fa6ecfdad8d9fd269ab1884/out/vs/workbench/api/node/extensionHostProcess.js:106:8550)
	at c.g (/home/mmihovilovic/.vscode-server/bin/ee2b180d582a7f601fa6ecfdad8d9fd269ab1884/out/vs/workbench/api/node/extensionHostProcess.js:96:108198)
	at c.executeCommand (/home/mmihovilovic/.vscode-server/bin/ee2b180d582a7f601fa6ecfdad8d9fd269ab1884/out/vs/workbench/api/node/extensionHostProcess.js:96:107574)
	at N.registerCommand.description (/home/mmihovilovic/.vscode-server/bin/ee2b180d582a7f601fa6ecfdad8d9fd269ab1884/out/vs/workbench/api/node/extensionHostProcess.js:96:106867)
	at c.h (/home/mmihovilovic/.vscode-server/bin/ee2b180d582a7f601fa6ecfdad8d9fd269ab1884/out/vs/workbench/api/node/extensionHostProcess.js:96:108784)
	at c.g (/home/mmihovilovic/.vscode-server/bin/ee2b180d582a7f601fa6ecfdad8d9fd269ab1884/out/vs/workbench/api/node/extensionHostProcess.js:96:107674)
	at c.executeCommand (/home/mmihovilovic/.vscode-server/bin/ee2b180d582a7f601fa6ecfdad8d9fd269ab1884/out/vs/workbench/api/node/extensionHostProcess.js:96:107574)
	at Object.executeCommand (/home/mmihovilovic/.vscode-server/bin/ee2b180d582a7f601fa6ecfdad8d9fd269ab1884/out/vs/workbench/api/node/extensionHostProcess.js:117:30781)
	at D (/home/mmihovilovic/.vscode-server/bin/ee2b180d582a7f601fa6ecfdad8d9fd269ab1884/extensions/git/dist/main.js:2:1467127)
	at f.invoke (/home/mmihovilovic/.vscode-server/bin/ee2b180d582a7f601fa6ecfdad8d9fd269ab1884/out/vs/workbench/api/node/extensionHostProcess.js:63:145)
	at m.deliver (/home/mmihovilovic/.vscode-server/bin/ee2b180d582a7f601fa6ecfdad8d9fd269ab1884/out/vs/workbench/api/node/extensionHostProcess.js:63:2066)
	at d.fire (/home/mmihovilovic/.vscode-server/bin/ee2b180d582a7f601fa6ecfdad8d9fd269ab1884/out/vs/workbench/api/node/extensionHostProcess.js:63:1704)
	at Object.m [as dispose] (/home/mmihovilovic/.vscode-server/bin/ee2b180d582a7f601fa6ecfdad8d9fd269ab1884/extensions/git/dist/main.js:2:1481856)
	at /home/mmihovilovic/.vscode-server/bin/ee2b180d582a7f601fa6ecfdad8d9fd269ab1884/extensions/git/dist/main.js:2:1485923
	at Array.forEach (<anonymous>)
	at g.dispose (/home/mmihovilovic/.vscode-server/bin/ee2b180d582a7f601fa6ecfdad8d9fd269ab1884/extensions/git/dist/main.js:2:1485909)
	at D.<anonymous> (/home/mmihovilovic/.vscode-server/bin/ee2b180d582a7f601fa6ecfdad8d9fd269ab1884/out/vs/workbench/api/node/extensionHostProcess.js:94:12431)
	at D.dispose (/home/mmihovilovic/.vscode-server/bin/ee2b180d582a7f601fa6ecfdad8d9fd269ab1884/out/vs/workbench/api/node/extensionHostProcess.js:94:12566)
	at D.<anonymous> (/home/mmihovilovic/.vscode-server/bin/ee2b180d582a7f601fa6ecfdad8d9fd269ab1884/extensions/git/dist/main.js:2:1469257)
	at D.dispose (/home/mmihovilovic/.vscode-server/bin/ee2b180d582a7f601fa6ecfdad8d9fd269ab1884/out/vs/workbench/api/node/extensionHostProcess.js:94:12566)
	at k (/home/mmihovilovic/.vscode-server/bin/ee2b180d582a7f601fa6ecfdad8d9fd269ab1884/out/vs/workbench/api/node/extensionHostProcess.js:10:12074)
	at f.X (/home/mmihovilovic/.vscode-server/bin/ee2b180d582a7f601fa6ecfdad8d9fd269ab1884/out/vs/workbench/api/node/extensionHostProcess.js:108:11284)
	at /home/mmihovilovic/.vscode-server/bin/ee2b180d582a7f601fa6ecfdad8d9fd269ab1884/out/vs/workbench/api/node/extensionHostProcess.js:108:9088
	at Array.map (<anonymous>)
	at f.Q (/home/mmihovilovic/.vscode-server/bin/ee2b180d582a7f601fa6ecfdad8d9fd269ab1884/out/vs/workbench/api/node/extensionHostProcess.js:108:9075)
	at f.terminate (/home/mmihovilovic/.vscode-server/bin/ee2b180d582a7f601fa6ecfdad8d9fd269ab1884/out/vs/workbench/api/node/extensionHostProcess.js:108:9347)
	at u.terminate (/home/mmihovilovic/.vscode-server/bin/ee2b180d582a7f601fa6ecfdad8d9fd269ab1884/out/vs/workbench/api/node/extensionHostProcess.js:112:1397)
	at p (/home/mmihovilovic/.vscode-server/bin/ee2b180d582a7f601fa6ecfdad8d9fd269ab1884/out/vs/workbench/api/node/extensionHostProcess.js:122:18592)
	at /home/mmihovilovic/.vscode-server/bin/ee2b180d582a7f601fa6ecfdad8d9fd269ab1884/out/vs/workbench/api/node/extensionHostProcess.js:122:16502
	at f.invoke (/home/mmihovilovic/.vscode-server/bin/ee2b180d582a7f601fa6ecfdad8d9fd269ab1884/out/vs/workbench/api/node/extensionHostProcess.js:63:145)
	at m.deliver (/home/mmihovilovic/.vscode-server/bin/ee2b180d582a7f601fa6ecfdad8d9fd269ab1884/out/vs/workbench/api/node/extensionHostProcess.js:63:2066)
	at d.fire (/home/mmihovilovic/.vscode-server/bin/ee2b180d582a7f601fa6ecfdad8d9fd269ab1884/out/vs/workbench/api/node/extensionHostProcess.js:63:1704)
	at p.fire (/home/mmihovilovic/.vscode-server/bin/ee2b180d582a7f601fa6ecfdad8d9fd269ab1884/out/vs/workbench/api/node/extensionHostProcess.js:72:14907)
	at t.E (/home/mmihovilovic/.vscode-server/bin/ee2b180d582a7f601fa6ecfdad8d9fd269ab1884/out/vs/workbench/api/node/extensionHostProcess.js:72:18973)
	at /home/mmihovilovic/.vscode-server/bin/ee2b180d582a7f601fa6ecfdad8d9fd269ab1884/out/vs/workbench/api/node/extensionHostProcess.js:72:16961
	at f.invoke (/home/mmihovilovic/.vscode-server/bin/ee2b180d582a7f601fa6ecfdad8d9fd269ab1884/out/vs/workbench/api/node/extensionHostProcess.js:63:145)
	at m.deliver (/home/mmihovilovic/.vscode-server/bin/ee2b180d582a7f601fa6ecfdad8d9fd269ab1884/out/vs/workbench/api/node/extensionHostProcess.js:63:2066)
	at d.fire (/home/mmihovilovic/.vscode-server/bin/ee2b180d582a7f601fa6ecfdad8d9fd269ab1884/out/vs/workbench/api/node/extensionHostProcess.js:63:1704)
	at u.acceptChunk (/home/mmihovilovic/.vscode-server/bin/ee2b180d582a7f601fa6ecfdad8d9fd269ab1884/out/vs/workbench/api/node/extensionHostProcess.js:72:12638)
	at /home/mmihovilovic/.vscode-server/bin/ee2b180d582a7f601fa6ecfdad8d9fd269ab1884/out/vs/workbench/api/node/extensionHostProcess.js:72:11925
	at f.invoke (/home/mmihovilovic/.vscode-server/bin/ee2b180d582a7f601fa6ecfdad8d9fd269ab1884/out/vs/workbench/api/node/extensionHostProcess.js:63:145)
	at m.deliver (/home/mmihovilovic/.vscode-server/bin/ee2b180d582a7f601fa6ecfdad8d9fd269ab1884/out/vs/workbench/api/node/extensionHostProcess.js:63:2066)
	at d.fire (/home/mmihovilovic/.vscode-server/bin/ee2b180d582a7f601fa6ecfdad8d9fd269ab1884/out/vs/workbench/api/node/extensionHostProcess.js:63:1704)
	at d.u (/home/mmihovilovic/.vscode-server/bin/ee2b180d582a7f601fa6ecfdad8d9fd269ab1884/out/vs/workbench/api/node/extensionHostProcess.js:72:28891) setContext undefined
2023-03-16 20:59:22.474 [info] Extension host with pid 19796 exiting with code 0
