2023-03-22 12:37:31.439 [info] Log level: Info
2023-03-22 12:37:31.439 [info] Validating found git in: "git"
2023-03-22 12:37:31.439 [info] Using git "1.8.3.1" from "git"
2023-03-22 12:37:31.439 [info] > git rev-parse --show-toplevel [19ms]
2023-03-22 12:37:31.439 [info] > git rev-parse --git-dir --git-common-dir [7ms]
2023-03-22 12:37:31.439 [info] Open repository: /home/mmihovilovic
2023-03-22 12:37:31.439 [warning] getRemotes() - ENOENT: no such file or directory, open '/home/mmihovilovic/--git-common-dir/config'
2023-03-22 12:37:31.439 [info] > git rev-parse --show-toplevel [112ms]
2023-03-22 12:37:31.439 [info] > git config --get commit.template [30ms]
2023-03-22 12:37:31.439 [info] > git remote --verbose [48ms]
2023-03-22 12:37:31.439 [info] > git rev-parse --show-toplevel [5ms]
2023-03-22 12:37:31.439 [info] > git rev-parse --show-toplevel [19ms]
2023-03-22 12:37:31.439 [info] > git for-each-ref --format=%(refname)%00%(upstream:short)%00%(objectname) refs/heads/main refs/remotes/main [20ms]
2023-03-22 12:37:31.439 [info] > git rev-parse --show-toplevel [17ms]
2023-03-22 12:37:31.439 [info] > git rev-list --left-right --count main...origin/main [16ms]
2023-03-22 12:37:31.439 [info] > git rev-parse --show-toplevel [19ms]
2023-03-22 12:37:31.439 [info] > git rev-parse --show-toplevel [12ms]
2023-03-22 12:37:31.439 [info] > git rev-parse --show-toplevel [231ms]
2023-03-22 12:37:31.439 [info] > git rev-parse --show-toplevel [36ms]
2023-03-22 12:37:31.439 [info] > git rev-parse --show-toplevel [12ms]
2023-03-22 12:37:31.442 [info] > git rev-parse --show-toplevel [19ms]
2023-03-22 12:37:31.637 [info] > git status -z -uall [582ms]
2023-03-22 12:37:31.681 [info] > git rev-parse --show-toplevel [222ms]
2023-03-22 12:37:31.719 [warning] getRemotes() - ENOENT: no such file or directory, open '/home/mmihovilovic/--git-common-dir/config'
2023-03-22 12:37:31.741 [info] > git check-ignore -v -z --stdin [107ms]
2023-03-22 12:37:31.744 [info] > git rev-parse --show-toplevel [48ms]
2023-03-22 12:37:31.935 [info] > git rev-parse --show-toplevel [176ms]
2023-03-22 12:37:31.953 [info] > git config --get commit.template [216ms]
2023-03-22 12:37:31.953 [info] > git remote --verbose [235ms]
2023-03-22 12:37:31.983 [info] > git rev-parse --show-toplevel [33ms]
2023-03-22 12:37:32.050 [info] > git for-each-ref --format=%(refname)%00%(upstream:short)%00%(objectname) refs/heads/main refs/remotes/main [11ms]
2023-03-22 12:37:32.067 [info] > git rev-parse --show-toplevel [67ms]
2023-03-22 12:37:32.090 [info] > git rev-parse --show-toplevel [6ms]
2023-03-22 12:37:32.105 [info] > git rev-list --left-right --count main...origin/main [38ms]
2023-03-22 12:37:32.127 [info] > git rev-parse --show-toplevel [22ms]
2023-03-22 12:37:32.160 [info] > git rev-parse --git-dir --git-common-dir [16ms]
2023-03-22 12:37:32.168 [info] Open repository: /home/mmihovilovic/vj11
2023-03-22 12:37:32.199 [warning] getRemotes() - ENOENT: no such file or directory, open '/home/mmihovilovic/vj11/--git-common-dir/config'
2023-03-22 12:37:32.215 [info] > git rev-parse --show-toplevel [32ms]
2023-03-22 12:37:32.233 [info] > git config --get commit.template [22ms]
2023-03-22 12:37:32.233 [info] > git remote --verbose [35ms]
2023-03-22 12:37:32.241 [info] > git rev-parse --show-toplevel [14ms]
2023-03-22 12:37:32.276 [info] > git for-each-ref --format=%(refname)%00%(upstream:short)%00%(objectname) refs/heads/master refs/remotes/master [6ms]
2023-03-22 12:37:32.291 [info] > git rev-parse --show-toplevel [36ms]
2023-03-22 12:37:32.356 [info] > git status -z -uall [67ms]
2023-03-22 12:37:32.366 [info] > git rev-parse --show-toplevel [62ms]
2023-03-22 12:37:32.385 [info] > git rev-parse --show-toplevel [6ms]
2023-03-22 12:37:32.410 [info] > git rev-parse --show-toplevel [11ms]
2023-03-22 12:37:32.429 [info] > git rev-parse --show-toplevel [6ms]
2023-03-22 12:37:32.449 [info] > git rev-parse --show-toplevel [7ms]
2023-03-22 12:37:32.471 [info] > git rev-parse --git-dir --git-common-dir [8ms]
2023-03-22 12:37:32.478 [info] Open repository: /home/mmihovilovic/vj6
2023-03-22 12:37:32.508 [warning] getRemotes() - ENOENT: no such file or directory, open '/home/mmihovilovic/vj6/--git-common-dir/config'
2023-03-22 12:37:32.530 [info] > git remote --verbose [22ms]
2023-03-22 12:37:32.530 [info] > git rev-parse --show-toplevel [38ms]
2023-03-22 12:37:32.549 [info] > git config --get commit.template [27ms]
2023-03-22 12:37:32.567 [info] > git rev-parse --show-toplevel [22ms]
2023-03-22 12:37:32.584 [info] > git for-each-ref --format=%(refname)%00%(upstream:short)%00%(objectname) refs/heads/master refs/remotes/master [20ms]
2023-03-22 12:37:32.606 [info] > git status -z -uall [486ms]
2023-03-22 12:37:32.606 [info] > git status -z -uall [5ms]
2023-03-22 12:37:32.630 [info] > git rev-parse --show-toplevel [50ms]
2023-03-22 12:37:32.660 [info] > git rev-parse --show-toplevel [12ms]
2023-03-22 12:37:32.935 [info] > git check-ignore -v -z --stdin [15ms]
2023-03-22 12:37:32.945 [info] > git check-ignore -v -z --stdin [42ms]
2023-03-22 12:37:33.202 [info] > git show --textconv :vjezbaispit/kol/Analyzer.cpp [22ms]
2023-03-22 12:37:33.210 [info] > git ls-files --stage -- /home/mmihovilovic/vjezbaispit/kol/Analyzer.cpp [14ms]
2023-03-22 12:37:33.233 [info] > git cat-file -s 634edd78f7f3d09c614aa9a9437740384ac26e13 [8ms]
2023-03-22 12:37:33.655 [info] > git check-ignore -v -z --stdin [20ms]
2023-03-22 12:37:33.656 [info] > git check-ignore -v -z --stdin [3ms]
2023-03-22 12:37:33.665 [info] > git check-ignore -v -z --stdin [51ms]
2023-03-22 12:37:33.853 [info] > git ls-files --stage -- /home/mmihovilovic/vjezbaispit/kol/Analyzer.cpp [9ms]
2023-03-22 12:37:33.875 [info] > git cat-file -s 634edd78f7f3d09c614aa9a9437740384ac26e13 [3ms]
2023-03-22 12:37:33.965 [info] > git show --textconv :vjezbaispit/kol/Analyzer.cpp [9ms]
2023-03-22 12:37:34.244 [info] > git ls-files --stage -- /home/mmihovilovic/vj13/Analyzer.cpp [8ms]
2023-03-22 12:37:34.265 [info] > git show --textconv :vj13/Analyzer.cpp [46ms]
2023-03-22 12:37:34.267 [info] > git cat-file -s e2a3af0531e2db53e6f99447d473e3736c5a7004 [3ms]
2023-03-22 12:37:34.894 [warning] getRemotes() - ENOENT: no such file or directory, open '/home/mmihovilovic/--git-common-dir/config'
2023-03-22 12:37:34.916 [info] > git remote --verbose [21ms]
2023-03-22 12:37:34.917 [info] > git config --get commit.template [3ms]
2023-03-22 12:37:34.939 [info] > git for-each-ref --format=%(refname)%00%(upstream:short)%00%(objectname) refs/heads/main refs/remotes/main [3ms]
2023-03-22 12:37:34.959 [info] > git rev-list --left-right --count main...origin/main [2ms]
2023-03-22 12:37:35.442 [info] > git status -z -uall [464ms]
2023-03-22 12:37:40.485 [warning] getRemotes() - ENOENT: no such file or directory, open '/home/mmihovilovic/--git-common-dir/config'
2023-03-22 12:37:40.507 [info] > git remote --verbose [22ms]
2023-03-22 12:37:40.508 [info] > git config --get commit.template [2ms]
2023-03-22 12:37:40.529 [info] > git for-each-ref --format=%(refname)%00%(upstream:short)%00%(objectname) refs/heads/main refs/remotes/main [3ms]
2023-03-22 12:37:40.552 [info] > git rev-list --left-right --count main...origin/main [3ms]
2023-03-22 12:37:41.036 [info] > git status -z -uall [466ms]
2023-03-22 12:37:46.076 [warning] getRemotes() - ENOENT: no such file or directory, open '/home/mmihovilovic/--git-common-dir/config'
2023-03-22 12:37:46.096 [info] > git remote --verbose [20ms]
2023-03-22 12:37:46.097 [info] > git config --get commit.template [2ms]
2023-03-22 12:37:46.118 [info] > git for-each-ref --format=%(refname)%00%(upstream:short)%00%(objectname) refs/heads/main refs/remotes/main [2ms]
2023-03-22 12:37:46.139 [info] > git rev-list --left-right --count main...origin/main [2ms]
2023-03-22 12:37:46.631 [info] > git status -z -uall [473ms]
2023-03-22 12:37:51.667 [warning] getRemotes() - ENOENT: no such file or directory, open '/home/mmihovilovic/--git-common-dir/config'
2023-03-22 12:37:51.688 [info] > git remote --verbose [20ms]
2023-03-22 12:37:51.689 [info] > git config --get commit.template [3ms]
2023-03-22 12:37:51.710 [info] > git for-each-ref --format=%(refname)%00%(upstream:short)%00%(objectname) refs/heads/main refs/remotes/main [3ms]
2023-03-22 12:37:51.732 [info] > git rev-list --left-right --count main...origin/main [2ms]
2023-03-22 12:37:52.213 [info] > git status -z -uall [463ms]
2023-03-22 12:37:57.250 [warning] getRemotes() - ENOENT: no such file or directory, open '/home/mmihovilovic/--git-common-dir/config'
2023-03-22 12:37:57.271 [info] > git remote --verbose [21ms]
2023-03-22 12:37:57.272 [info] > git config --get commit.template [3ms]
2023-03-22 12:37:57.294 [info] > git for-each-ref --format=%(refname)%00%(upstream:short)%00%(objectname) refs/heads/main refs/remotes/main [2ms]
2023-03-22 12:37:57.315 [info] > git rev-list --left-right --count main...origin/main [2ms]
2023-03-22 12:37:57.798 [info] > git status -z -uall [464ms]
2023-03-22 12:37:59.728 [info] > git check-ignore -v -z --stdin [9ms]
2023-03-22 12:43:18.256 [warning] getRemotes() - ENOENT: no such file or directory, open '/home/mmihovilovic/--git-common-dir/config'
2023-03-22 12:43:18.276 [info] > git remote --verbose [20ms]
2023-03-22 12:43:18.279 [info] > git config --get commit.template [3ms]
2023-03-22 12:43:18.298 [info] > git for-each-ref --format=%(refname)%00%(upstream:short)%00%(objectname) refs/heads/main refs/remotes/main [2ms]
2023-03-22 12:43:18.316 [info] > git rev-list --left-right --count main...origin/main [2ms]
2023-03-22 12:43:18.802 [info] > git status -z -uall [469ms]
2023-03-22 12:43:23.837 [warning] getRemotes() - ENOENT: no such file or directory, open '/home/mmihovilovic/--git-common-dir/config'
2023-03-22 12:43:23.856 [info] > git remote --verbose [18ms]
2023-03-22 12:43:23.857 [info] > git config --get commit.template [3ms]
2023-03-22 12:43:23.876 [info] > git for-each-ref --format=%(refname)%00%(upstream:short)%00%(objectname) refs/heads/main refs/remotes/main [2ms]
2023-03-22 12:43:23.895 [info] > git rev-list --left-right --count main...origin/main [3ms]
2023-03-22 12:43:24.376 [info] > git status -z -uall [465ms]
2023-03-22 12:43:42.828 [warning] getRemotes() - ENOENT: no such file or directory, open '/home/mmihovilovic/--git-common-dir/config'
2023-03-22 12:43:42.850 [info] > git remote --verbose [21ms]
2023-03-22 12:43:42.851 [info] > git config --get commit.template [2ms]
2023-03-22 12:43:42.869 [info] > git for-each-ref --format=%(refname)%00%(upstream:short)%00%(objectname) refs/heads/main refs/remotes/main [2ms]
2023-03-22 12:43:42.888 [info] > git rev-list --left-right --count main...origin/main [3ms]
