2023-03-16 20:32:01.470 [info] Log level: Info
2023-03-16 20:32:01.470 [info] Validating found git in: "git"
2023-03-16 20:32:01.470 [info] Using git "1.8.3.1" from "git"
2023-03-16 20:32:01.470 [info] > git rev-parse --show-toplevel [8ms]
2023-03-16 20:32:01.470 [info] > git rev-parse --git-dir --git-common-dir [2ms]
2023-03-16 20:32:01.470 [info] Open repository: /home/mmihovilovic
2023-03-16 20:32:01.470 [warning] getRemotes() - ENOENT: no such file or directory, open '/home/mmihovilovic/--git-common-dir/config'
2023-03-16 20:32:01.470 [info] > git remote --verbose [13ms]
2023-03-16 20:32:01.470 [info] > git config --get commit.template [4ms]
2023-03-16 20:32:01.470 [info] > git for-each-ref --format=%(refname)%00%(upstream:short)%00%(objectname) refs/heads/main refs/remotes/main [64ms]
2023-03-16 20:32:01.470 [info] > git rev-list --left-right --count main...origin/main [2ms]
2023-03-16 20:32:01.473 [info] > git status -z -uall [79ms]
2023-03-16 20:32:01.499 [warning] getRemotes() - ENOENT: no such file or directory, open '/home/mmihovilovic/--git-common-dir/config'
2023-03-16 20:32:01.511 [info] > git remote --verbose [12ms]
2023-03-16 20:32:01.513 [info] > git config --get commit.template [3ms]
2023-03-16 20:32:01.527 [info] > git for-each-ref --format=%(refname)%00%(upstream:short)%00%(objectname) refs/heads/main refs/remotes/main [4ms]
2023-03-16 20:32:01.540 [info] > git rev-list --left-right --count main...origin/main [3ms]
2023-03-16 20:32:01.619 [info] > git status -z -uall [70ms]
2023-03-16 20:32:02.653 [warning] getRemotes() - ENOENT: no such file or directory, open '/home/mmihovilovic/--git-common-dir/config'
2023-03-16 20:32:02.667 [info] > git remote --verbose [13ms]
2023-03-16 20:32:02.668 [info] > git config --get commit.template [3ms]
2023-03-16 20:32:02.682 [info] > git for-each-ref --format=%(refname)%00%(upstream:short)%00%(objectname) refs/heads/main refs/remotes/main [3ms]
2023-03-16 20:32:02.695 [info] > git rev-list --left-right --count main...origin/main [3ms]
2023-03-16 20:32:02.775 [info] > git status -z -uall [68ms]
2023-03-16 20:32:07.795 [warning] getRemotes() - ENOENT: no such file or directory, open '/home/mmihovilovic/--git-common-dir/config'
2023-03-16 20:32:07.812 [info] > git remote --verbose [16ms]
2023-03-16 20:32:07.813 [info] > git config --get commit.template [3ms]
2023-03-16 20:32:07.829 [info] > git for-each-ref --format=%(refname)%00%(upstream:short)%00%(objectname) refs/heads/main refs/remotes/main [3ms]
2023-03-16 20:32:07.843 [info] > git rev-list --left-right --count main...origin/main [3ms]
2023-03-16 20:32:07.930 [info] > git status -z -uall [73ms]
2023-03-16 20:32:12.953 [warning] getRemotes() - ENOENT: no such file or directory, open '/home/mmihovilovic/--git-common-dir/config'
2023-03-16 20:32:12.967 [info] > git remote --verbose [14ms]
2023-03-16 20:32:12.968 [info] > git config --get commit.template [3ms]
2023-03-16 20:32:12.982 [info] > git for-each-ref --format=%(refname)%00%(upstream:short)%00%(objectname) refs/heads/main refs/remotes/main [2ms]
2023-03-16 20:32:12.995 [info] > git rev-list --left-right --count main...origin/main [3ms]
2023-03-16 20:32:13.078 [info] > git status -z -uall [71ms]
2023-03-16 20:32:18.096 [warning] getRemotes() - ENOENT: no such file or directory, open '/home/mmihovilovic/--git-common-dir/config'
2023-03-16 20:32:18.108 [info] > git remote --verbose [12ms]
2023-03-16 20:32:18.109 [info] > git config --get commit.template [2ms]
2023-03-16 20:32:18.123 [info] > git for-each-ref --format=%(refname)%00%(upstream:short)%00%(objectname) refs/heads/main refs/remotes/main [2ms]
2023-03-16 20:32:18.136 [info] > git rev-list --left-right --count main...origin/main [2ms]
2023-03-16 20:32:18.216 [info] > git status -z -uall [70ms]
2023-03-16 20:32:23.233 [warning] getRemotes() - ENOENT: no such file or directory, open '/home/mmihovilovic/--git-common-dir/config'
2023-03-16 20:32:23.245 [info] > git remote --verbose [12ms]
2023-03-16 20:32:23.247 [info] > git config --get commit.template [3ms]
2023-03-16 20:32:23.260 [info] > git for-each-ref --format=%(refname)%00%(upstream:short)%00%(objectname) refs/heads/main refs/remotes/main [3ms]
2023-03-16 20:32:23.274 [info] > git rev-list --left-right --count main...origin/main [4ms]
2023-03-16 20:32:23.355 [info] > git status -z -uall [69ms]
2023-03-16 20:32:28.373 [warning] getRemotes() - ENOENT: no such file or directory, open '/home/mmihovilovic/--git-common-dir/config'
2023-03-16 20:32:28.386 [info] > git remote --verbose [12ms]
2023-03-16 20:32:28.388 [info] > git config --get commit.template [3ms]
2023-03-16 20:32:28.401 [info] > git for-each-ref --format=%(refname)%00%(upstream:short)%00%(objectname) refs/heads/main refs/remotes/main [3ms]
2023-03-16 20:32:28.412 [info] > git rev-list --left-right --count main...origin/main [2ms]
2023-03-16 20:32:28.492 [info] > git status -z -uall [69ms]
