2023-03-22 20:50:02.629 [info] Log level: Info
2023-03-22 20:50:02.629 [info] Validating found git in: "git"
2023-03-22 20:50:02.629 [info] Using git "1.8.3.1" from "git"
2023-03-22 20:50:02.629 [info] > git rev-parse --show-toplevel [66ms]
2023-03-22 20:50:02.629 [info] > git rev-parse --git-dir --git-common-dir [2ms]
2023-03-22 20:50:02.629 [info] Open repository: /home/mmihovilovic
2023-03-22 20:50:02.629 [warning] getRemotes() - ENOENT: no such file or directory, open '/home/mmihovilovic/--git-common-dir/config'
2023-03-22 20:50:02.629 [info] > git rev-parse --show-toplevel [26ms]
2023-03-22 20:50:02.629 [info] > git config --get commit.template [15ms]
2023-03-22 20:50:02.629 [info] > git remote --verbose [28ms]
2023-03-22 20:50:02.629 [info] > git rev-parse --show-toplevel [6ms]
2023-03-22 20:50:02.629 [info] > git rev-parse --show-toplevel [24ms]
2023-03-22 20:50:02.629 [info] > git rev-parse --show-toplevel [3ms]
2023-03-22 20:50:02.629 [info] > git for-each-ref --format=%(refname)%00%(upstream:short)%00%(objectname) refs/heads/main refs/remotes/main [39ms]
2023-03-22 20:50:02.629 [info] > git rev-parse --show-toplevel [15ms]
2023-03-22 20:50:02.629 [info] > git rev-list --left-right --count main...origin/main [30ms]
2023-03-22 20:50:02.629 [info] > git rev-parse --show-toplevel [28ms]
2023-03-22 20:50:02.629 [info] > git rev-parse --show-toplevel [3ms]
2023-03-22 20:50:02.629 [info] > git rev-parse --show-toplevel [5ms]
2023-03-22 20:50:02.631 [info] > git rev-parse --show-toplevel [3ms]
2023-03-22 20:50:02.685 [info] > git rev-parse --show-toplevel [46ms]
2023-03-22 20:50:02.696 [info] > git rev-parse --show-toplevel [3ms]
2023-03-22 20:50:02.709 [info] > git rev-parse --show-toplevel [5ms]
2023-03-22 20:50:02.719 [info] > git rev-parse --show-toplevel [2ms]
2023-03-22 20:50:02.731 [info] > git rev-parse --show-toplevel [2ms]
2023-03-22 20:50:02.743 [info] > git rev-parse --show-toplevel [5ms]
2023-03-22 20:50:02.752 [info] > git rev-parse --show-toplevel [2ms]
2023-03-22 20:50:02.761 [info] > git rev-parse --git-dir --git-common-dir [2ms]
2023-03-22 20:50:02.770 [info] Open repository: /home/mmihovilovic/vj11
2023-03-22 20:50:02.788 [warning] getRemotes() - ENOENT: no such file or directory, open '/home/mmihovilovic/vj11/--git-common-dir/config'
2023-03-22 20:50:02.797 [info] > git remote --verbose [10ms]
2023-03-22 20:50:02.797 [info] > git rev-parse --show-toplevel [17ms]
2023-03-22 20:50:02.806 [info] > git config --get commit.template [10ms]
2023-03-22 20:50:02.815 [info] > git rev-parse --show-toplevel [11ms]
2023-03-22 20:50:02.824 [info] > git for-each-ref --format=%(refname)%00%(upstream:short)%00%(objectname) refs/heads/master refs/remotes/master [10ms]
2023-03-22 20:50:02.836 [info] > git rev-parse --show-toplevel [14ms]
2023-03-22 20:50:02.849 [info] > git status -z -uall [15ms]
2023-03-22 20:50:02.875 [warning] getRemotes() - ENOENT: no such file or directory, open '/home/mmihovilovic/vj11/--git-common-dir/config'
2023-03-22 20:50:02.887 [info] > git rev-parse --show-toplevel [39ms]
2023-03-22 20:50:02.934 [info] > git rev-parse --show-toplevel [35ms]
2023-03-22 20:50:02.948 [info] > git config --get commit.template [62ms]
2023-03-22 20:50:02.949 [info] > git remote --verbose [74ms]
2023-03-22 20:50:02.950 [info] > git rev-parse --show-toplevel [3ms]
2023-03-22 20:50:02.976 [info] > git rev-parse --show-toplevel [17ms]
2023-03-22 20:50:02.990 [info] > git for-each-ref --format=%(refname)%00%(upstream:short)%00%(objectname) refs/heads/master refs/remotes/master [18ms]
2023-03-22 20:50:03.001 [info] > git rev-parse --show-toplevel [13ms]
2023-03-22 20:50:03.014 [info] > git status -z -uall [15ms]
2023-03-22 20:50:03.019 [info] > git rev-parse --git-dir --git-common-dir [6ms]
2023-03-22 20:50:03.026 [info] Open repository: /home/mmihovilovic/vj6
2023-03-22 20:50:03.048 [warning] getRemotes() - ENOENT: no such file or directory, open '/home/mmihovilovic/vj6/--git-common-dir/config'
2023-03-22 20:50:03.068 [info] > git config --get commit.template [9ms]
2023-03-22 20:50:03.068 [info] > git remote --verbose [20ms]
2023-03-22 20:50:03.069 [info] > git rev-parse --show-toplevel [31ms]
2023-03-22 20:50:03.097 [info] > git rev-parse --show-toplevel [16ms]
2023-03-22 20:50:03.121 [info] > git check-ignore -v -z --stdin [26ms]
2023-03-22 20:50:03.132 [info] > git for-each-ref --format=%(refname)%00%(upstream:short)%00%(objectname) refs/heads/master refs/remotes/master [13ms]
2023-03-22 20:50:03.145 [info] > git rev-parse --show-toplevel [35ms]
2023-03-22 20:50:03.158 [info] > git status -z -uall [14ms]
2023-03-22 20:50:03.178 [warning] getRemotes() - ENOENT: no such file or directory, open '/home/mmihovilovic/vj6/--git-common-dir/config'
2023-03-22 20:50:03.191 [info] > git rev-parse --show-toplevel [35ms]
2023-03-22 20:50:03.202 [info] > git config --get commit.template [11ms]
2023-03-22 20:50:03.202 [info] > git remote --verbose [24ms]
2023-03-22 20:50:03.216 [info] > git for-each-ref --format=%(refname)%00%(upstream:short)%00%(objectname) refs/heads/master refs/remotes/master [2ms]
2023-03-22 20:50:03.232 [info] > git status -z -uall [4ms]
2023-03-22 20:50:03.786 [info] > git check-ignore -v -z --stdin [3ms]
2023-03-22 20:50:03.796 [info] > git check-ignore -v -z --stdin [22ms]
2023-03-22 20:50:06.578 [info] > git status -z -uall [3990ms]
2023-03-22 20:50:06.634 [warning] getRemotes() - ENOENT: no such file or directory, open '/home/mmihovilovic/--git-common-dir/config'
2023-03-22 20:50:06.646 [info] > git remote --verbose [13ms]
2023-03-22 20:50:06.647 [info] > git config --get commit.template [2ms]
2023-03-22 20:50:06.662 [info] > git for-each-ref --format=%(refname)%00%(upstream:short)%00%(objectname) refs/heads/main refs/remotes/main [3ms]
2023-03-22 20:50:06.676 [info] > git rev-list --left-right --count main...origin/main [2ms]
2023-03-22 20:50:10.702 [info] > git status -z -uall [4013ms]
2023-03-22 20:50:12.729 [warning] getRemotes() - ENOENT: no such file or directory, open '/home/mmihovilovic/--git-common-dir/config'
2023-03-22 20:50:12.742 [info] > git remote --verbose [13ms]
2023-03-22 20:50:12.743 [info] > git config --get commit.template [3ms]
2023-03-22 20:50:12.760 [info] > git for-each-ref --format=%(refname)%00%(upstream:short)%00%(objectname) refs/heads/main refs/remotes/main [2ms]
2023-03-22 20:50:12.775 [info] > git rev-list --left-right --count main...origin/main [3ms]
2023-03-22 20:50:16.743 [info] > git status -z -uall [3955ms]
2023-03-22 20:50:21.779 [warning] getRemotes() - ENOENT: no such file or directory, open '/home/mmihovilovic/--git-common-dir/config'
2023-03-22 20:50:21.794 [info] > git remote --verbose [16ms]
2023-03-22 20:50:21.796 [info] > git config --get commit.template [3ms]
2023-03-22 20:50:21.814 [info] > git for-each-ref --format=%(refname)%00%(upstream:short)%00%(objectname) refs/heads/main refs/remotes/main [3ms]
2023-03-22 20:50:21.830 [info] > git rev-list --left-right --count main...origin/main [2ms]
2023-03-22 20:50:25.817 [info] > git status -z -uall [3973ms]
2023-03-22 20:50:30.857 [warning] getRemotes() - ENOENT: no such file or directory, open '/home/mmihovilovic/--git-common-dir/config'
2023-03-22 20:50:30.873 [info] > git remote --verbose [15ms]
2023-03-22 20:50:30.875 [info] > git config --get commit.template [3ms]
2023-03-22 20:50:30.889 [info] > git for-each-ref --format=%(refname)%00%(upstream:short)%00%(objectname) refs/heads/main refs/remotes/main [3ms]
2023-03-22 20:50:30.906 [info] > git rev-list --left-right --count main...origin/main [4ms]
2023-03-22 20:50:34.878 [info] > git status -z -uall [3958ms]
2023-03-22 20:50:39.915 [warning] getRemotes() - ENOENT: no such file or directory, open '/home/mmihovilovic/--git-common-dir/config'
2023-03-22 20:50:39.927 [info] > git remote --verbose [12ms]
2023-03-22 20:50:39.929 [info] > git config --get commit.template [3ms]
2023-03-22 20:50:39.942 [info] > git for-each-ref --format=%(refname)%00%(upstream:short)%00%(objectname) refs/heads/main refs/remotes/main [3ms]
2023-03-22 20:50:39.955 [info] > git rev-list --left-right --count main...origin/main [3ms]
2023-03-22 20:50:43.924 [info] > git status -z -uall [3959ms]
2023-03-22 20:50:48.960 [warning] getRemotes() - ENOENT: no such file or directory, open '/home/mmihovilovic/--git-common-dir/config'
2023-03-22 20:50:48.973 [info] > git remote --verbose [13ms]
2023-03-22 20:50:48.975 [info] > git config --get commit.template [3ms]
2023-03-22 20:50:48.988 [info] > git for-each-ref --format=%(refname)%00%(upstream:short)%00%(objectname) refs/heads/main refs/remotes/main [2ms]
2023-03-22 20:50:49.001 [info] > git rev-list --left-right --count main...origin/main [3ms]
2023-03-22 20:50:52.996 [info] > git status -z -uall [3984ms]
2023-03-22 20:50:58.025 [warning] getRemotes() - ENOENT: no such file or directory, open '/home/mmihovilovic/--git-common-dir/config'
2023-03-22 20:50:58.040 [info] > git remote --verbose [15ms]
2023-03-22 20:50:58.042 [info] > git config --get commit.template [3ms]
2023-03-22 20:50:58.056 [info] > git for-each-ref --format=%(refname)%00%(upstream:short)%00%(objectname) refs/heads/main refs/remotes/main [2ms]
2023-03-22 20:50:58.071 [info] > git rev-list --left-right --count main...origin/main [3ms]
2023-03-22 20:51:02.048 [info] > git status -z -uall [3967ms]
2023-03-22 20:51:07.081 [warning] getRemotes() - ENOENT: no such file or directory, open '/home/mmihovilovic/--git-common-dir/config'
2023-03-22 20:51:07.096 [info] > git remote --verbose [15ms]
2023-03-22 20:51:07.097 [info] > git config --get commit.template [3ms]
2023-03-22 20:51:07.113 [info] > git for-each-ref --format=%(refname)%00%(upstream:short)%00%(objectname) refs/heads/main refs/remotes/main [2ms]
2023-03-22 20:51:07.126 [info] > git rev-list --left-right --count main...origin/main [2ms]
2023-03-22 20:51:09.028 [info] > git show --textconv :macbzvz/nesto.cpp [22ms]
2023-03-22 20:51:09.033 [info] > git ls-files --stage -- /home/mmihovilovic/macbzvz/nesto.cpp [11ms]
2023-03-22 20:51:09.059 [info] > git cat-file -s e69de29bb2d1d6434b8b29ae775ad8c2e48c5391 [11ms]
2023-03-22 20:51:11.122 [info] > git status -z -uall [3983ms]
2023-03-22 20:51:16.168 [warning] getRemotes() - ENOENT: no such file or directory, open '/home/mmihovilovic/--git-common-dir/config'
2023-03-22 20:51:16.196 [info] > git remote --verbose [27ms]
2023-03-22 20:51:16.197 [info] > git config --get commit.template [2ms]
2023-03-22 20:51:16.220 [info] > git for-each-ref --format=%(refname)%00%(upstream:short)%00%(objectname) refs/heads/main refs/remotes/main [3ms]
2023-03-22 20:51:16.240 [info] > git rev-list --left-right --count main...origin/main [4ms]
2023-03-22 20:51:20.208 [info] > git status -z -uall [3951ms]
2023-03-22 20:51:25.246 [warning] getRemotes() - ENOENT: no such file or directory, open '/home/mmihovilovic/--git-common-dir/config'
2023-03-22 20:51:25.268 [info] > git remote --verbose [22ms]
2023-03-22 20:51:25.269 [info] > git config --get commit.template [2ms]
2023-03-22 20:51:25.291 [info] > git for-each-ref --format=%(refname)%00%(upstream:short)%00%(objectname) refs/heads/main refs/remotes/main [3ms]
2023-03-22 20:51:25.314 [info] > git rev-list --left-right --count main...origin/main [3ms]
2023-03-22 20:51:29.311 [info] > git status -z -uall [3976ms]
2023-03-22 20:51:34.351 [warning] getRemotes() - ENOENT: no such file or directory, open '/home/mmihovilovic/--git-common-dir/config'
2023-03-22 20:51:34.371 [info] > git remote --verbose [20ms]
2023-03-22 20:51:34.372 [info] > git config --get commit.template [3ms]
2023-03-22 20:51:34.392 [info] > git for-each-ref --format=%(refname)%00%(upstream:short)%00%(objectname) refs/heads/main refs/remotes/main [2ms]
2023-03-22 20:51:34.413 [info] > git rev-list --left-right --count main...origin/main [2ms]
2023-03-22 20:51:38.382 [info] > git status -z -uall [3952ms]
2023-03-22 20:51:43.415 [warning] getRemotes() - ENOENT: no such file or directory, open '/home/mmihovilovic/--git-common-dir/config'
2023-03-22 20:51:43.435 [info] > git remote --verbose [19ms]
2023-03-22 20:51:43.436 [info] > git config --get commit.template [3ms]
2023-03-22 20:51:43.456 [info] > git for-each-ref --format=%(refname)%00%(upstream:short)%00%(objectname) refs/heads/main refs/remotes/main [3ms]
2023-03-22 20:51:43.481 [info] > git rev-list --left-right --count main...origin/main [2ms]
2023-03-22 20:51:47.454 [info] > git status -z -uall [3952ms]
2023-03-22 20:51:52.490 [warning] getRemotes() - ENOENT: no such file or directory, open '/home/mmihovilovic/--git-common-dir/config'
2023-03-22 20:51:52.510 [info] > git remote --verbose [20ms]
2023-03-22 20:51:52.511 [info] > git config --get commit.template [2ms]
2023-03-22 20:51:52.531 [info] > git for-each-ref --format=%(refname)%00%(upstream:short)%00%(objectname) refs/heads/main refs/remotes/main [2ms]
2023-03-22 20:51:52.552 [info] > git rev-list --left-right --count main...origin/main [3ms]
2023-03-22 20:51:56.523 [info] > git status -z -uall [3953ms]
2023-03-22 20:52:01.556 [warning] getRemotes() - ENOENT: no such file or directory, open '/home/mmihovilovic/--git-common-dir/config'
2023-03-22 20:52:01.576 [info] > git remote --verbose [20ms]
2023-03-22 20:52:01.577 [info] > git config --get commit.template [2ms]
2023-03-22 20:52:01.598 [info] > git for-each-ref --format=%(refname)%00%(upstream:short)%00%(objectname) refs/heads/main refs/remotes/main [3ms]
2023-03-22 20:52:01.619 [info] > git rev-list --left-right --count main...origin/main [2ms]
2023-03-22 20:52:05.595 [info] > git status -z -uall [3958ms]
2023-03-22 20:52:10.630 [warning] getRemotes() - ENOENT: no such file or directory, open '/home/mmihovilovic/--git-common-dir/config'
2023-03-22 20:52:10.647 [info] > git remote --verbose [17ms]
2023-03-22 20:52:10.648 [info] > git config --get commit.template [3ms]
2023-03-22 20:52:10.666 [info] > git for-each-ref --format=%(refname)%00%(upstream:short)%00%(objectname) refs/heads/main refs/remotes/main [2ms]
2023-03-22 20:52:10.684 [info] > git rev-list --left-right --count main...origin/main [2ms]
2023-03-22 20:52:14.655 [info] > git status -z -uall [3955ms]
2023-03-22 20:52:19.697 [warning] getRemotes() - ENOENT: no such file or directory, open '/home/mmihovilovic/--git-common-dir/config'
2023-03-22 20:52:19.714 [info] > git remote --verbose [17ms]
2023-03-22 20:52:19.715 [info] > git config --get commit.template [3ms]
2023-03-22 20:52:19.733 [info] > git for-each-ref --format=%(refname)%00%(upstream:short)%00%(objectname) refs/heads/main refs/remotes/main [2ms]
2023-03-22 20:52:19.754 [info] > git rev-list --left-right --count main...origin/main [3ms]
2023-03-22 20:52:23.724 [info] > git status -z -uall [3955ms]
2023-03-22 20:52:28.760 [warning] getRemotes() - ENOENT: no such file or directory, open '/home/mmihovilovic/--git-common-dir/config'
2023-03-22 20:52:28.776 [info] > git remote --verbose [17ms]
2023-03-22 20:52:28.779 [info] > git config --get commit.template [2ms]
2023-03-22 20:52:28.797 [info] > git for-each-ref --format=%(refname)%00%(upstream:short)%00%(objectname) refs/heads/main refs/remotes/main [2ms]
2023-03-22 20:52:28.819 [info] > git rev-list --left-right --count main...origin/main [7ms]
2023-03-22 20:52:32.824 [info] > git status -z -uall [3987ms]
2023-03-22 20:52:37.857 [warning] getRemotes() - ENOENT: no such file or directory, open '/home/mmihovilovic/--git-common-dir/config'
2023-03-22 20:52:37.874 [info] > git remote --verbose [17ms]
2023-03-22 20:52:37.874 [info] > git config --get commit.template [2ms]
2023-03-22 20:52:37.894 [info] > git for-each-ref --format=%(refname)%00%(upstream:short)%00%(objectname) refs/heads/main refs/remotes/main [3ms]
2023-03-22 20:52:37.915 [info] > git rev-list --left-right --count main...origin/main [3ms]
2023-03-22 20:52:41.885 [info] > git status -z -uall [3956ms]
2023-03-22 20:52:46.919 [warning] getRemotes() - ENOENT: no such file or directory, open '/home/mmihovilovic/--git-common-dir/config'
2023-03-22 20:52:46.936 [info] > git remote --verbose [17ms]
2023-03-22 20:52:46.937 [info] > git config --get commit.template [2ms]
2023-03-22 20:52:46.955 [info] > git for-each-ref --format=%(refname)%00%(upstream:short)%00%(objectname) refs/heads/main refs/remotes/main [3ms]
2023-03-22 20:52:46.973 [info] > git rev-list --left-right --count main...origin/main [2ms]
2023-03-22 20:52:50.942 [info] > git status -z -uall [3951ms]
2023-03-22 20:52:55.975 [warning] getRemotes() - ENOENT: no such file or directory, open '/home/mmihovilovic/--git-common-dir/config'
2023-03-22 20:52:55.992 [info] > git remote --verbose [17ms]
2023-03-22 20:52:55.993 [info] > git config --get commit.template [3ms]
2023-03-22 20:52:56.010 [info] > git for-each-ref --format=%(refname)%00%(upstream:short)%00%(objectname) refs/heads/main refs/remotes/main [2ms]
2023-03-22 20:52:56.028 [info] > git rev-list --left-right --count main...origin/main [3ms]
2023-03-22 20:53:00.002 [info] > git status -z -uall [3958ms]
2023-03-22 20:53:05.039 [warning] getRemotes() - ENOENT: no such file or directory, open '/home/mmihovilovic/--git-common-dir/config'
2023-03-22 20:53:05.056 [info] > git remote --verbose [17ms]
2023-03-22 20:53:05.073 [info] > git config --get commit.template [17ms]
2023-03-22 20:53:05.074 [info] > git for-each-ref --format=%(refname)%00%(upstream:short)%00%(objectname) refs/heads/main refs/remotes/main [3ms]
2023-03-22 20:53:05.092 [info] > git rev-list --left-right --count main...origin/main [2ms]
2023-03-22 20:53:09.058 [info] > git status -z -uall [3951ms]
2023-03-22 20:53:14.089 [warning] getRemotes() - ENOENT: no such file or directory, open '/home/mmihovilovic/--git-common-dir/config'
2023-03-22 20:53:14.106 [info] > git remote --verbose [17ms]
2023-03-22 20:53:14.107 [info] > git config --get commit.template [3ms]
2023-03-22 20:53:14.125 [info] > git for-each-ref --format=%(refname)%00%(upstream:short)%00%(objectname) refs/heads/main refs/remotes/main [2ms]
2023-03-22 20:53:14.143 [info] > git rev-list --left-right --count main...origin/main [3ms]
2023-03-22 20:53:18.103 [info] > git status -z -uall [3942ms]
2023-03-22 20:53:23.137 [warning] getRemotes() - ENOENT: no such file or directory, open '/home/mmihovilovic/--git-common-dir/config'
2023-03-22 20:53:23.155 [info] > git remote --verbose [17ms]
2023-03-22 20:53:23.155 [info] > git config --get commit.template [2ms]
2023-03-22 20:53:23.173 [info] > git for-each-ref --format=%(refname)%00%(upstream:short)%00%(objectname) refs/heads/main refs/remotes/main [2ms]
2023-03-22 20:53:23.191 [info] > git rev-list --left-right --count main...origin/main [3ms]
2023-03-22 20:53:27.160 [info] > git status -z -uall [3953ms]
2023-03-22 20:53:32.193 [warning] getRemotes() - ENOENT: no such file or directory, open '/home/mmihovilovic/--git-common-dir/config'
2023-03-22 20:53:32.215 [info] > git remote --verbose [23ms]
2023-03-22 20:53:32.216 [info] > git config --get commit.template [3ms]
2023-03-22 20:53:32.241 [info] > git for-each-ref --format=%(refname)%00%(upstream:short)%00%(objectname) refs/heads/main refs/remotes/main [3ms]
2023-03-22 20:53:32.260 [info] > git rev-list --left-right --count main...origin/main [3ms]
2023-03-22 20:53:36.219 [info] > git status -z -uall [3941ms]
