2023-03-16 20:20:39.410 [info] Log level: Info
2023-03-16 20:20:39.410 [info] Validating found git in: "git"
2023-03-16 20:20:39.410 [info] Using git "1.8.3.1" from "git"
2023-03-16 20:20:56.712 [info] > git rev-parse --show-toplevel [4ms]
2023-03-16 20:20:56.728 [info] > git rev-parse --git-dir --git-common-dir [6ms]
2023-03-16 20:20:56.750 [info] Open repository: /home/mmihovilovic
2023-03-16 20:20:56.763 [warning] getRemotes() - ENOENT: no such file or directory, open '/home/mmihovilovic/--git-common-dir/config'
2023-03-16 20:20:56.789 [info] > git config --get commit.template [15ms]
2023-03-16 20:20:56.790 [info] > git remote --verbose [28ms]
2023-03-16 20:20:56.805 [info] > git for-each-ref --format=%(refname)%00%(upstream:short)%00%(objectname) refs/heads/main refs/remotes/main [2ms]
2023-03-16 20:20:56.817 [info] > git rev-list --left-right --count main...origin/main [2ms]
2023-03-16 20:20:56.963 [info] > git status -z -uall [133ms]
2023-03-16 20:20:58.422 [warning] getRemotes() - ENOENT: no such file or directory, open '/home/mmihovilovic/--git-common-dir/config'
2023-03-16 20:20:58.479 [info] > git config --get commit.template [37ms]
2023-03-16 20:20:58.480 [info] > git remote --verbose [59ms]
2023-03-16 20:20:58.481 [info] > git check-ignore -v -z --stdin [15ms]
2023-03-16 20:20:58.519 [info] > git for-each-ref --format=%(refname)%00%(upstream:short)%00%(objectname) refs/heads/main refs/remotes/main [20ms]
2023-03-16 20:20:58.538 [info] > git rev-list --left-right --count main...origin/main [5ms]
2023-03-16 20:20:58.677 [info] > git status -z -uall [126ms]
2023-03-16 20:21:00.290 [info] > git show --textconv :testfolder [24ms]
2023-03-16 20:21:00.292 [info] > git ls-files --stage -- /home/mmihovilovic/testfolder [5ms]
2023-03-16 20:21:02.026 [warning] getRemotes() - ENOENT: no such file or directory, open '/home/mmihovilovic/--git-common-dir/config'
2023-03-16 20:21:02.047 [info] > git remote --verbose [20ms]
2023-03-16 20:21:02.048 [info] > git config --get commit.template [3ms]
2023-03-16 20:21:02.069 [info] > git for-each-ref --format=%(refname)%00%(upstream:short)%00%(objectname) refs/heads/main refs/remotes/main [2ms]
2023-03-16 20:21:02.090 [info] > git rev-list --left-right --count main...origin/main [2ms]
2023-03-16 20:21:02.241 [info] > git status -z -uall [133ms]
2023-03-16 20:21:07.404 [warning] getRemotes() - ENOENT: no such file or directory, open '/home/mmihovilovic/--git-common-dir/config'
2023-03-16 20:21:07.427 [info] > git remote --verbose [23ms]
2023-03-16 20:21:07.428 [info] > git config --get commit.template [3ms]
2023-03-16 20:21:07.451 [info] > git for-each-ref --format=%(refname)%00%(upstream:short)%00%(objectname) refs/heads/main refs/remotes/main [3ms]
2023-03-16 20:21:07.474 [info] > git rev-list --left-right --count main...origin/main [3ms]
2023-03-16 20:21:07.619 [info] > git status -z -uall [124ms]
2023-03-16 20:21:12.761 [warning] getRemotes() - ENOENT: no such file or directory, open '/home/mmihovilovic/--git-common-dir/config'
2023-03-16 20:21:12.786 [info] > git remote --verbose [24ms]
2023-03-16 20:21:12.787 [info] > git config --get commit.template [2ms]
2023-03-16 20:21:12.812 [info] > git for-each-ref --format=%(refname)%00%(upstream:short)%00%(objectname) refs/heads/main refs/remotes/main [3ms]
2023-03-16 20:21:12.837 [info] > git rev-list --left-right --count main...origin/main [3ms]
2023-03-16 20:21:12.983 [info] > git status -z -uall [123ms]
2023-03-16 20:21:18.117 [warning] getRemotes() - ENOENT: no such file or directory, open '/home/mmihovilovic/--git-common-dir/config'
2023-03-16 20:21:18.144 [info] > git remote --verbose [27ms]
2023-03-16 20:21:18.145 [info] > git config --get commit.template [3ms]
2023-03-16 20:21:18.172 [info] > git for-each-ref --format=%(refname)%00%(upstream:short)%00%(objectname) refs/heads/main refs/remotes/main [3ms]
2023-03-16 20:21:18.199 [info] > git rev-list --left-right --count main...origin/main [3ms]
2023-03-16 20:21:18.348 [info] > git status -z -uall [124ms]
2023-03-16 20:21:23.502 [warning] getRemotes() - ENOENT: no such file or directory, open '/home/mmihovilovic/--git-common-dir/config'
2023-03-16 20:21:23.535 [info] > git remote --verbose [32ms]
2023-03-16 20:21:23.536 [info] > git config --get commit.template [4ms]
